pigz: not found
>>> ruby: Building main/ruby 3.4.3-r1 (using abuild 3.14.1-r4) started Fri, 23 May 2025 15:54:18 +0000
>>> ruby: Validating /home/packager/aports/main/ruby/APKBUILD...
>>> ruby: Analyzing dependencies...
>>> ruby: Installing for build: build-base ca-certificates gmp-dev libucontext-dev autoconf cargo gdbm-dev libffi-dev linux-headers openssl-dev>3 readline-dev yaml-dev zlib-dev
(1/16) Installing ca-certificates (20241121-r2)
(2/16) Installing libffi (3.4.7-r0)
(3/16) Installing xz-libs (5.6.3-r1)
(4/16) Installing libxml2 (2.13.4-r6)
(5/16) Installing llvm19-libs (19.1.4-r1)
(6/16) Installing scudo-malloc (20.1.3-r0)
(7/16) Installing rust (1.83.0-r0)
(8/16) Installing cargo (1.83.0-r0)
(9/16) Installing gdbm (1.24-r0)
(10/16) Installing gdbm-tools (1.24-r0)
(11/16) Installing gdbm-dev (1.24-r0)
(12/16) Installing libffi-dev (3.4.7-r0)
(13/16) Installing openssl-dev (3.5.0-r0)
(14/16) Installing yaml (0.2.5-r2)
(15/16) Installing yaml-dev (0.2.5-r2)
(16/16) Installing .makedepends-ruby (20250523.155420)
Executing ca-certificates-20241121-r2.trigger
Executing busybox-1.37.0-r12.trigger
OK: 933 MiB in 148 packages
>>> ruby: Cleaning up srcdir
>>> ruby: Cleaning up pkgdir
>>> ruby: Cleaning up tmpdir
>>> ruby: Fetching https://cache.ruby-lang.org/pub/ruby/3.4/ruby-3.4.3.tar.gz
Connecting to cache.ruby-lang.org (146.75.121.178:443)
saving to '/var/cache/distfiles/ruby-3.4.3.tar.gz.part'
ruby-3.4.3.tar.gz.pa 100% |********************************| 22.1M  0:00:00 ETA
'/var/cache/distfiles/ruby-3.4.3.tar.gz.part' saved
>>> ruby: Fetching https://cache.ruby-lang.org/pub/ruby/3.4/ruby-3.4.3.tar.gz
>>> ruby: Checking sha512sums...
ruby-3.4.3.tar.gz: OK
test_insns-lower-recursion-depth.patch: OK
fix-get_main_stack.patch: OK
dont-install-bundled-gems.patch: OK
fix-riscv64-build.patch: OK
>>> ruby: Unpacking /var/cache/distfiles/ruby-3.4.3.tar.gz...
>>> ruby: test_insns-lower-recursion-depth.patch
patching file bootstraptest/test_insns.rb
Hunk #1 succeeded at 331 (offset 57 lines).
>>> ruby: fix-get_main_stack.patch
patching file thread_pthread.c
Hunk #1 succeeded at 1813 (offset 955 lines).
Hunk #2 succeeded at 1894 (offset 955 lines).
>>> ruby: dont-install-bundled-gems.patch
patching file tool/rbinstall.rb
Hunk #1 succeeded at 1094 with fuzz 1 (offset 104 lines).
Hunk #2 succeeded at 1196 with fuzz 1 (offset 138 lines).
>>> ruby: fix-riscv64-build.patch
patching file vm_dump.c
Hunk #1 succeeded at 40 (offset 1 line).
>>> WARNING: ruby: bump package ruby-minitest to version 5.25.4
>>> WARNING: ruby: bump package ruby-power_assert to version 2.0.5
>>> WARNING: ruby: bump package ruby-test-unit to version 3.6.7
>>> WARNING: ruby: bump package ruby-rexml to version 3.4.0
>>> WARNING: ruby: bump package ruby-net-imap to version 0.5.6
>>> WARNING: ruby: bump package ruby-prime to version 0.1.3
>>> WARNING: ruby: bump package ruby-rbs to version 3.8.0
>>> WARNING: ruby: bump package ruby-typeprof to version 0.30.1
>>> WARNING: ruby: bump package ruby-debug to version 1.10.0
>>> WARNING: ruby: bump package ruby-racc to version 1.8.1
>>> WARNING: ruby: bump package ruby-mutex_m to version 0.3.0
>>> WARNING: ruby: bump package ruby-getoptlong to version 0.2.1
>>> WARNING: ruby: bump package ruby-base64 to version 0.2.0
>>> WARNING: ruby: bump package ruby-observer to version 0.1.2
>>> WARNING: ruby: bump package ruby-abbrev to version 0.1.2
>>> WARNING: ruby: bump package ruby-rinda to version 0.2.0
>>> WARNING: ruby: bump package ruby-drb to version 2.2.1
>>> WARNING: ruby: bump package ruby-nkf to version 0.2.0
>>> WARNING: ruby: bump package ruby-syslog to version 0.2.0
>>> WARNING: ruby: bump package ruby-csv to version 3.3.2
>>> WARNING: ruby: bump package ruby-repl_type_completor to version 0.1.9
checking for ruby... false
checking build system type... x86_64-alpine-linux-musl
checking host system type... x86_64-alpine-linux-musl
checking target system type... x86_64-alpine-linux-musl
checking for x86_64-alpine-linux-musl-gcc... gcc
checking for ld... ld
checking for gcc-ar... gcc-ar
checking for g++... g++
checking for gcc-nm... gcc-nm
checking for gcc-ranlib... gcc-ranlib
checking for x86_64-alpine-linux-musl-gcc... (cached) gcc
checking whether the C compiler works... no
configure: error: in '/home/packager/aports/main/ruby/src/ruby-3.4.3':
configure: error: C compiler cannot create executables
See 'config.log' for more details
>>> ERROR: ruby: build failed
>>> ruby: Uninstalling dependencies...
(1/16) Purging .makedepends-ruby (20250523.155420)
(2/16) Purging ca-certificates (20241121-r2)
Executing ca-certificates-20241121-r2.post-deinstall
(3/16) Purging cargo (1.83.0-r0)
(4/16) Purging rust (1.83.0-r0)
(5/16) Purging gdbm-dev (1.24-r0)
(6/16) Purging gdbm-tools (1.24-r0)
(7/16) Purging gdbm (1.24-r0)
(8/16) Purging libffi-dev (3.4.7-r0)
(9/16) Purging openssl-dev (3.5.0-r0)
(10/16) Purging yaml-dev (0.2.5-r2)
(11/16) Purging yaml (0.2.5-r2)
(12/16) Purging llvm19-libs (19.1.4-r1)
(13/16) Purging scudo-malloc (20.1.3-r0)
(14/16) Purging libffi (3.4.7-r0)
(15/16) Purging libxml2 (2.13.4-r6)
(16/16) Purging xz-libs (5.6.3-r1)
Executing busybox-1.37.0-r12.trigger
OK: 564 MiB in 132 packages
