pigz: not found
>>> cyrus-sasl: Building main/cyrus-sasl 2.1.28-r8 (using abuild 3.14.1-r4) started Fri, 23 May 2025 16:02:14 +0000
>>> cyrus-sasl: Validating /home/packager/aports/main/cyrus-sasl/APKBUILD...
>>> cyrus-sasl: Analyzing dependencies...
>>> cyrus-sasl: Installing for build: build-base gdbm-dev openssl-dev>3 heimdal-dev linux-pam-dev py3-sphinx sqlite-dev automake autoconf libtool
(1/83) Installing gdbm (1.24-r0)
(2/83) Installing gdbm-tools (1.24-r0)
(3/83) Installing gdbm-dev (1.24-r0)
(4/83) Installing openssl-dev (3.5.0-r0)
(5/83) Installing libeconf (0.6.3-r0)
(6/83) Installing libblkid (2.40.4-r1)
(7/83) Installing libuuid (2.40.4-r1)
(8/83) Installing libfdisk (2.40.4-r1)
(9/83) Installing sqlite-libs (3.49.2-r0)
(10/83) Installing liblastlog2 (2.40.4-r1)
(11/83) Installing libmount (2.40.4-r1)
(12/83) Installing libsmartcols (2.40.4-r1)
(13/83) Installing sqlite (3.49.2-r0)
(14/83) Installing sqlite-dev (3.49.2-r0)
(15/83) Installing util-linux-dev (2.40.4-r1)
(16/83) Installing libcom_err (1.47.1-r1)
(17/83) Installing e2fsprogs-libs (1.47.1-r1)
(18/83) Installing e2fsprogs-dev (1.47.1-r1)
(19/83) Installing krb5-conf (1.0-r2)
(20/83) Installing heimdal-libs (7.8.0-r4)
(21/83) Installing heimdal-dev (7.8.0-r4)
(22/83) Installing linux-pam (1.7.0-r3)
(23/83) Installing linux-pam-dev (1.7.0-r3)
(24/83) Installing libffi (3.4.7-r0)
(25/83) Installing xz-libs (5.6.3-r1)
(26/83) Installing mpdecimal (4.0.0-r0)
(27/83) Installing python3 (3.12.10-r1)
(28/83) Installing python3-pycache-pyc0 (3.12.10-r1)
(29/83) Installing pyc (3.12.10-r1)
(30/83) Installing py3-docutils (0.21.2-r0)
(31/83) Installing py3-docutils-pyc (0.21.2-r0)
(32/83) Installing py3-imagesize (1.4.1-r4)
(33/83) Installing py3-imagesize-pyc (1.4.1-r4)
(34/83) Installing py3-markupsafe (3.0.2-r0)
(35/83) Installing py3-markupsafe-pyc (3.0.2-r0)
(36/83) Installing py3-jinja2 (3.1.6-r0)
(37/83) Installing py3-jinja2-pyc (3.1.6-r0)
(38/83) Installing py3-parsing (3.2.3-r0)
(39/83) Installing py3-parsing-pyc (3.2.3-r0)
(40/83) Installing py3-packaging (25.0-r0)
(41/83) Installing py3-packaging-pyc (25.0-r0)
(42/83) Installing py3-pygments (2.19.1-r1)
(43/83) Installing py3-pygments-pyc (2.19.1-r1)
(44/83) Installing py3-certifi (2025.4.26-r0)
(45/83) Installing py3-certifi-pyc (2025.4.26-r0)
(46/83) Installing py3-charset-normalizer (3.4.2-r0)
(47/83) Installing py3-charset-normalizer-pyc (3.4.2-r0)
(48/83) Installing py3-idna (3.10-r0)
(49/83) Installing py3-idna-pyc (3.10-r0)
(50/83) Installing py3-urllib3 (1.26.20-r0)
(51/83) Installing py3-urllib3-pyc (1.26.20-r0)
(52/83) Installing py3-requests (2.32.3-r0)
(53/83) Installing py3-requests-pyc (2.32.3-r0)
(54/83) Installing py3-snowballstemmer (2.2.0-r5)
(55/83) Installing py3-snowballstemmer-pyc (2.2.0-r5)
(56/83) Installing py3-alabaster (1.0.0-r0)
(57/83) Installing py3-alabaster-pyc (1.0.0-r0)
(58/83) Installing py3-roman-numerals (3.1.0-r0)
(59/83) Installing py3-roman-numerals-pyc (3.1.0-r0)
(60/83) Installing py3-sphinxcontrib-applehelp (1.0.4-r3)
(61/83) Installing py3-sphinxcontrib-applehelp-pyc (1.0.4-r3)
(62/83) Installing py3-sphinxcontrib-devhelp (1.0.5-r2)
(63/83) Installing py3-sphinxcontrib-devhelp-pyc (1.0.5-r2)
(64/83) Installing py3-sphinxcontrib-htmlhelp (2.0.1-r3)
(65/83) Installing py3-sphinxcontrib-htmlhelp-pyc (2.0.1-r3)
(66/83) Installing py3-sphinxcontrib-jsmath (1.0.1-r8)
(67/83) Installing py3-sphinxcontrib-jsmath-pyc (1.0.1-r8)
(68/83) Installing py3-sphinxcontrib-serializinghtml (1.1.9-r2)
(69/83) Installing py3-sphinxcontrib-serializinghtml-pyc (1.1.9-r2)
(70/83) Installing py3-sphinxcontrib-qthelp (2.0.0-r0)
(71/83) Installing py3-sphinxcontrib-qthelp-pyc (2.0.0-r0)
(72/83) Installing py3-sphinx-pyc (8.2.3-r1)
(73/83) Installing py3-setuptools (80.3.1-r0)
(74/83) Installing py3-setuptools-pyc (80.3.1-r0)
(75/83) Installing py3-babel-pyc (2.17.0-r0)
(76/83) Installing py3-tz-pyc (2025.2-r0)
(77/83) Installing python3-pyc (3.12.10-r1)
(78/83) Installing py3-tz (2025.2-r0)
(79/83) Installing py3-babel (2.17.0-r0)
(80/83) Installing py3-sphinx (8.2.3-r1)
(81/83) Installing libltdl (2.4.7-r3)
(82/83) Installing libtool (2.4.7-r3)
(83/83) Installing .makedepends-cyrus-sasl (20250523.160217)
Executing busybox-1.37.0-r12.trigger
OK: 691 MiB in 215 packages
>>> cyrus-sasl: Cleaning up srcdir
>>> cyrus-sasl: Cleaning up pkgdir
>>> cyrus-sasl: Cleaning up tmpdir
>>> cyrus-sasl: Fetching https://github.com/cyrusimap/cyrus-sasl/releases/download/cyrus-sasl-2.1.28/cyrus-sasl-2.1.28.tar.gz
Connecting to github.com (140.82.121.3:443)
Connecting to objects.githubusercontent.com (185.199.111.133:443)
saving to '/var/cache/distfiles/cyrus-sasl-2.1.28.tar.gz.part'
cyrus-sasl-2.1.28.ta 100% |********************************| 3940k  0:00:00 ETA
'/var/cache/distfiles/cyrus-sasl-2.1.28.tar.gz.part' saved
>>> cyrus-sasl: Fetching https://github.com/cyrusimap/cyrus-sasl/releases/download/cyrus-sasl-2.1.28/cyrus-sasl-2.1.28.tar.gz
>>> cyrus-sasl: Checking sha512sums...
cyrus-sasl-2.1.28.tar.gz: OK
sasl2-m4.patch: OK
time-h-gcc14.patch: OK
saslauthd.initd: OK
>>> cyrus-sasl: Unpacking /var/cache/distfiles/cyrus-sasl-2.1.28.tar.gz...
>>> cyrus-sasl: sasl2-m4.patch
patching file m4/sasl2.m4
>>> cyrus-sasl: time-h-gcc14.patch
patching file lib/saslutil.c
patching file plugins/cram.c
aclocal: overwriting 'm4/libtool.m4' with '/usr/share/aclocal/libtool.m4'
aclocal: overwriting 'm4/ltversion.m4' with '/usr/share/aclocal/ltversion.m4'
autoreconf: export WARNINGS=no-portability
autoreconf: Entering directory '.'
autoreconf: configure.ac: not using Gettext
autoreconf: running: aclocal --force -I m4
autoreconf: configure.ac: tracing
autoreconf: running: libtoolize --copy --force
libtoolize: putting auxiliary files in AC_CONFIG_AUX_DIR, 'config'.
libtoolize: copying file 'config/ltmain.sh'
libtoolize: putting macros in AC_CONFIG_MACRO_DIRS, 'm4'.
libtoolize: copying file 'm4/libtool.m4'
libtoolize: copying file 'm4/ltoptions.m4'
libtoolize: copying file 'm4/ltsugar.m4'
libtoolize: copying file 'm4/ltversion.m4'
libtoolize: copying file 'm4/lt~obsolete.m4'
autoreconf: configure.ac: not using Intltool
autoreconf: configure.ac: not using Gtkdoc
autoreconf: running: aclocal --force -I m4
autoreconf: running: /usr/bin/autoconf --force
configure.ac:100: warning: The macro 'AC_TRY_LINK' is obsolete.
configure.ac:100: You should run autoupdate.
./lib/autoconf/general.m4:2918: AC_TRY_LINK is expanded from...
lib/m4sugar/m4sh.m4:690: _AS_IF_ELSE is expanded from...
lib/m4sugar/m4sh.m4:697: AS_IF is expanded from...
./lib/autoconf/general.m4:2249: AC_CACHE_VAL is expanded from...
./lib/autoconf/general.m4:2270: AC_CACHE_CHECK is expanded from...
m4/cyrus.m4:32: CMU_GUESS_RUNPATH_SWITCH is expanded from...
configure.ac:100: the top level
configure.ac:100: warning: The macro 'AC_TRY_LINK' is obsolete.
configure.ac:100: You should run autoupdate.
./lib/autoconf/general.m4:2918: AC_TRY_LINK is expanded from...
lib/m4sugar/m4sh.m4:690: _AS_IF_ELSE is expanded from...
lib/m4sugar/m4sh.m4:697: AS_IF is expanded from...
./lib/autoconf/general.m4:2892: _AC_LINK_IFELSE is expanded from...
./lib/autoconf/general.m4:2909: AC_LINK_IFELSE is expanded from...
./lib/autoconf/general.m4:2918: AC_TRY_LINK is expanded from...
lib/m4sugar/m4sh.m4:690: _AS_IF_ELSE is expanded from...
lib/m4sugar/m4sh.m4:697: AS_IF is expanded from...
./lib/autoconf/general.m4:2249: AC_CACHE_VAL is expanded from...
./lib/autoconf/general.m4:2270: AC_CACHE_CHECK is expanded from...
m4/cyrus.m4:32: CMU_GUESS_RUNPATH_SWITCH is expanded from...
configure.ac:100: the top level
configure.ac:152: warning: The macro 'AC_TRY_LINK' is obsolete.
configure.ac:152: You should run autoupdate.
./lib/autoconf/general.m4:2918: AC_TRY_LINK is expanded from...
lib/m4sugar/m4sh.m4:690: _AS_IF_ELSE is expanded from...
lib/m4sugar/m4sh.m4:697: AS_IF is expanded from...
./lib/autoconf/functions.m4:66: AC_CHECK_FUNC is expanded from...
m4/bsd_sockets.m4:8: CMU_SOCKETS is expanded from...
configure.ac:152: the top level
configure.ac:156: warning: The macro 'AC_HELP_STRING' is obsolete.
configure.ac:156: You should run autoupdate.
./lib/autoconf/general.m4:204: AC_HELP_STRING is expanded from...
./lib/autoconf/general.m4:1553: AC_ARG_WITH is expanded from...
m4/sasldb.m4:6: SASL_DB_CHECK is expanded from...
configure.ac:156: the top level
configure.ac:156: warning: The macro 'AC_TRY_LINK' is obsolete.
configure.ac:156: You should run autoupdate.
./lib/autoconf/general.m4:2918: AC_TRY_LINK is expanded from...
m4/berkdb.m4:204: CYRUS_BERKELEY_DB_CHK_LIB is expanded from...
lib/m4sugar/m4sh.m4:697: AS_IF is expanded from...
./lib/autoconf/headers.m4:89: _AC_CHECK_HEADER_COMPILE is expanded from...
./lib/autoconf/headers.m4:56: AC_CHECK_HEADER is expanded from...
m4/berkdb.m4:268: CYRUS_BERKELEY_DB_CHK is expanded from...
m4/sasldb.m4:6: SASL_DB_CHECK is expanded from...
configure.ac:156: the top level
configure.ac:156: warning: The macro 'AC_ERROR' is obsolete.
configure.ac:156: You should run autoupdate.
./lib/autoconf/oldnames.m4:34: AC_ERROR is expanded from...
m4/sasldb.m4:6: SASL_DB_CHECK is expanded from...
configure.ac:156: the top level
configure.ac:156: warning: back quotes and double quotes must not be escaped in: Use either \"berkeley\", \"gdbm\", \"lmdb\", \"ndbm\" or \"none\"
./lib/autoconf/oldnames.m4:34: AC_ERROR is expanded from...
m4/sasldb.m4:6: SASL_DB_CHECK is expanded from...
configure.ac:156: the top level
configure.ac:333: warning: The macro 'AC_HELP_STRING' is obsolete.
configure.ac:333: You should run autoupdate.
./lib/autoconf/general.m4:204: AC_HELP_STRING is expanded from...
m4/common.m4:40: CMU_FIND_LIB_SUBDIR is expanded from...
m4/openssl.m4:5: CMU_HAVE_OPENSSL is expanded from...
configure.ac:333: the top level
configure.ac:496: warning: The macro 'AC_WARN' is obsolete.
configure.ac:496: You should run autoupdate.
./lib/autoconf/oldnames.m4:33: AC_WARN is expanded from...
m4/kerberos_v4.m4:78: SASL_KERBEROS_V4_CHK is expanded from...
configure.ac:496: the top level
configure.ac:497: warning: The macro 'AC_HELP_STRING' is obsolete.
configure.ac:497: You should run autoupdate.
./lib/autoconf/general.m4:204: AC_HELP_STRING is expanded from...
./lib/autoconf/general.m4:1534: AC_ARG_ENABLE is expanded from...
m4/sasl2.m4:6: SASL_GSSAPI_CHK is expanded from...
configure.ac:497: the top level
configure.ac:497: warning: The macro 'AC_HELP_STRING' is obsolete.
configure.ac:497: You should run autoupdate.
./lib/autoconf/general.m4:204: AC_HELP_STRING is expanded from...
./lib/autoconf/general.m4:1553: AC_ARG_WITH is expanded from...
m4/sasl2.m4:6: SASL_GSSAPI_CHK is expanded from...
configure.ac:497: the top level
configure.ac:497: warning: The macro 'AC_WARN' is obsolete.
configure.ac:497: You should run autoupdate.
./lib/autoconf/oldnames.m4:33: AC_WARN is expanded from...
m4/sasl2.m4:6: SASL_GSSAPI_CHK is expanded from...
configure.ac:497: the top level
configure.ac:497: warning: The macro 'AC_WARN' is obsolete.
configure.ac:497: You should run autoupdate.
./lib/autoconf/oldnames.m4:33: AC_WARN is expanded from...
lib/m4sugar/m4sh.m4:690: _AS_IF_ELSE is expanded from...
lib/m4sugar/m4sh.m4:697: AS_IF is expanded from...
./lib/autoconf/general.m4:2769: AC_EGREP_CPP is expanded from...
m4/sasl2.m4:6: SASL_GSSAPI_CHK is expanded from...
configure.ac:497: the top level
configure.ac:497: warning: The macro 'AC_TRY_RUN' is obsolete.
configure.ac:497: You should run autoupdate.
./lib/autoconf/general.m4:2995: AC_TRY_RUN is expanded from...
lib/m4sugar/m4sh.m4:690: _AS_IF_ELSE is expanded from...
lib/m4sugar/m4sh.m4:697: AS_IF is expanded from...
./lib/autoconf/general.m4:2249: AC_CACHE_VAL is expanded from...
./lib/autoconf/general.m4:2270: AC_CACHE_CHECK is expanded from...
m4/sasl2.m4:6: SASL_GSSAPI_CHK is expanded from...
configure.ac:497: the top level
configure.ac:542: warning: The macro 'AC_TRY_LINK' is obsolete.
configure.ac:542: You should run autoupdate.
./lib/autoconf/general.m4:2918: AC_TRY_LINK is expanded from...
m4/berkdb.m4:204: CYRUS_BERKELEY_DB_CHK_LIB is expanded from...
lib/m4sugar/m4sh.m4:697: AS_IF is expanded from...
./lib/autoconf/headers.m4:89: _AC_CHECK_HEADER_COMPILE is expanded from...
./lib/autoconf/headers.m4:56: AC_CHECK_HEADER is expanded from...
m4/berkdb.m4:268: CYRUS_BERKELEY_DB_CHK is expanded from...
m4/sasldb.m4:6: SASL_DB_CHECK is expanded from...
configure.ac:542: the top level
configure.ac:542: warning: The macro 'AC_ERROR' is obsolete.
configure.ac:542: You should run autoupdate.
./lib/autoconf/oldnames.m4:34: AC_ERROR is expanded from...
m4/sasldb.m4:6: SASL_DB_CHECK is expanded from...
configure.ac:542: the top level
configure.ac:542: warning: back quotes and double quotes must not be escaped in: Use either \"berkeley\", \"gdbm\", \"lmdb\", \"ndbm\" or \"none\"
./lib/autoconf/oldnames.m4:34: AC_ERROR is expanded from...
m4/sasldb.m4:6: SASL_DB_CHECK is expanded from...
configure.ac:542: the top level
configure.ac:1236: warning: The macro 'AC_TRY_COMPILE' is obsolete.
configure.ac:1236: You should run autoupdate.
./lib/autoconf/general.m4:2845: AC_TRY_COMPILE is expanded from...
lib/m4sugar/m4sh.m4:690: _AS_IF_ELSE is expanded from...
lib/m4sugar/m4sh.m4:697: AS_IF is expanded from...
./lib/autoconf/general.m4:2249: AC_CACHE_VAL is expanded from...
m4/ipv6.m4:66: IPv6_CHECK_SS_FAMILY is expanded from...
configure.ac:1236: the top level
configure.ac:1237: warning: The macro 'AC_TRY_COMPILE' is obsolete.
configure.ac:1237: You should run autoupdate.
./lib/autoconf/general.m4:2845: AC_TRY_COMPILE is expanded from...
lib/m4sugar/m4sh.m4:690: _AS_IF_ELSE is expanded from...
lib/m4sugar/m4sh.m4:697: AS_IF is expanded from...
./lib/autoconf/general.m4:2249: AC_CACHE_VAL is expanded from...
m4/ipv6.m4:82: IPv6_CHECK_SA_LEN is expanded from...
configure.ac:1237: the top level
configure.ac:1238: warning: The macro 'AC_TRY_LINK' is obsolete.
configure.ac:1238: You should run autoupdate.
./lib/autoconf/general.m4:2918: AC_TRY_LINK is expanded from...
lib/m4sugar/m4sh.m4:690: _AS_IF_ELSE is expanded from...
lib/m4sugar/m4sh.m4:697: AS_IF is expanded from...
./lib/autoconf/general.m4:2249: AC_CACHE_VAL is expanded from...
m4/ipv6.m4:98: IPv6_CHECK_SOCKLEN_T is expanded from...
configure.ac:1238: the top level
autoreconf: running: /usr/bin/autoheader --force
autoreconf: running: automake --add-missing --copy --force-missing
configure.ac:90: installing 'config/compile'
configure.ac:66: installing 'config/missing'
common/Makefile.am: installing 'config/depcomp'
autoreconf: Leaving directory '.'
configure: creating cache ./config.cache
checking build system type... x86_64-alpine-linux-musl
checking host system type... x86_64-alpine-linux-musl
checking target system type... x86_64-alpine-linux-musl
checking for a BSD-compatible install... /usr/bin/install -c
checking whether sleep supports fractional seconds... yes
checking filesystem timestamp resolution... 0.01
checking whether build environment is sane... yes
checking for a race-free mkdir -p... /bin/mkdir -p
checking for gawk... gawk
checking whether make sets $(MAKE)... yes
checking whether make supports nested variables... yes
checking xargs -n works... yes
checking whether UID '1000' is supported by ustar format... yes
checking whether GID '1000' is supported by ustar format... yes
checking how to create a ustar tar archive... gnutar
checking for x86_64-alpine-linux-musl-gcc... gcc
checking whether the C compiler works... no
configure: error: in '/home/packager/aports/main/cyrus-sasl/src/cyrus-sasl-2.1.28':
configure: error: C compiler cannot create executables
See 'config.log' for more details
>>> ERROR: cyrus-sasl: build failed
>>> cyrus-sasl: Uninstalling dependencies...
(1/83) Purging .makedepends-cyrus-sasl (20250523.160217)
(2/83) Purging gdbm-dev (1.24-r0)
(3/83) Purging gdbm-tools (1.24-r0)
(4/83) Purging heimdal-dev (7.8.0-r4)
(5/83) Purging openssl-dev (3.5.0-r0)
(6/83) Purging e2fsprogs-dev (1.47.1-r1)
(7/83) Purging util-linux-dev (2.40.4-r1)
(8/83) Purging libfdisk (2.40.4-r1)
(9/83) Purging liblastlog2 (2.40.4-r1)
(10/83) Purging libmount (2.40.4-r1)
(11/83) Purging libsmartcols (2.40.4-r1)
(12/83) Purging libuuid (2.40.4-r1)
(13/83) Purging e2fsprogs-libs (1.47.1-r1)
(14/83) Purging heimdal-libs (7.8.0-r4)
(15/83) Purging krb5-conf (1.0-r2)
(16/83) Purging linux-pam-dev (1.7.0-r3)
(17/83) Purging linux-pam (1.7.0-r3)
(18/83) Purging py3-sphinx-pyc (8.2.3-r1)
(19/83) Purging py3-sphinx (8.2.3-r1)
(20/83) Purging py3-babel-pyc (2.17.0-r0)
(21/83) Purging py3-babel (2.17.0-r0)
(22/83) Purging py3-tz-pyc (2025.2-r0)
(23/83) Purging py3-tz (2025.2-r0)
(24/83) Purging py3-setuptools-pyc (80.3.1-r0)
(25/83) Purging py3-setuptools (80.3.1-r0)
(26/83) Purging py3-docutils-pyc (0.21.2-r0)
(27/83) Purging py3-docutils (0.21.2-r0)
(28/83) Purging py3-imagesize-pyc (1.4.1-r4)
(29/83) Purging py3-imagesize (1.4.1-r4)
(30/83) Purging py3-jinja2-pyc (3.1.6-r0)
(31/83) Purging py3-jinja2 (3.1.6-r0)
(32/83) Purging py3-markupsafe-pyc (3.0.2-r0)
(33/83) Purging py3-markupsafe (3.0.2-r0)
(34/83) Purging py3-packaging-pyc (25.0-r0)
(35/83) Purging py3-packaging (25.0-r0)
(36/83) Purging py3-parsing-pyc (3.2.3-r0)
(37/83) Purging py3-parsing (3.2.3-r0)
(38/83) Purging py3-pygments-pyc (2.19.1-r1)
(39/83) Purging py3-pygments (2.19.1-r1)
(40/83) Purging py3-requests-pyc (2.32.3-r0)
(41/83) Purging py3-requests (2.32.3-r0)
(42/83) Purging py3-certifi-pyc (2025.4.26-r0)
(43/83) Purging py3-certifi (2025.4.26-r0)
(44/83) Purging py3-charset-normalizer-pyc (3.4.2-r0)
(45/83) Purging py3-charset-normalizer (3.4.2-r0)
(46/83) Purging py3-idna-pyc (3.10-r0)
(47/83) Purging py3-idna (3.10-r0)
(48/83) Purging py3-urllib3-pyc (1.26.20-r0)
(49/83) Purging py3-urllib3 (1.26.20-r0)
(50/83) Purging py3-snowballstemmer-pyc (2.2.0-r5)
(51/83) Purging py3-snowballstemmer (2.2.0-r5)
(52/83) Purging py3-alabaster-pyc (1.0.0-r0)
(53/83) Purging py3-alabaster (1.0.0-r0)
(54/83) Purging py3-roman-numerals-pyc (3.1.0-r0)
(55/83) Purging py3-roman-numerals (3.1.0-r0)
(56/83) Purging py3-sphinxcontrib-applehelp-pyc (1.0.4-r3)
(57/83) Purging py3-sphinxcontrib-applehelp (1.0.4-r3)
(58/83) Purging py3-sphinxcontrib-devhelp-pyc (1.0.5-r2)
(59/83) Purging py3-sphinxcontrib-devhelp (1.0.5-r2)
(60/83) Purging py3-sphinxcontrib-htmlhelp-pyc (2.0.1-r3)
(61/83) Purging py3-sphinxcontrib-htmlhelp (2.0.1-r3)
(62/83) Purging py3-sphinxcontrib-jsmath-pyc (1.0.1-r8)
(63/83) Purging py3-sphinxcontrib-jsmath (1.0.1-r8)
(64/83) Purging py3-sphinxcontrib-serializinghtml-pyc (1.1.9-r2)
(65/83) Purging py3-sphinxcontrib-serializinghtml (1.1.9-r2)
(66/83) Purging py3-sphinxcontrib-qthelp-pyc (2.0.0-r0)
(67/83) Purging py3-sphinxcontrib-qthelp (2.0.0-r0)
(68/83) Purging python3-pyc (3.12.10-r1)
(69/83) Purging python3-pycache-pyc0 (3.12.10-r1)
(70/83) Purging pyc (3.12.10-r1)
(71/83) Purging python3 (3.12.10-r1)
(72/83) Purging sqlite-dev (3.49.2-r0)
(73/83) Purging sqlite (3.49.2-r0)
(74/83) Purging sqlite-libs (3.49.2-r0)
(75/83) Purging libtool (2.4.7-r3)
(76/83) Purging libltdl (2.4.7-r3)
(77/83) Purging gdbm (1.24-r0)
(78/83) Purging libblkid (2.40.4-r1)
(79/83) Purging libcom_err (1.47.1-r1)
(80/83) Purging libeconf (0.6.3-r0)
(81/83) Purging libffi (3.4.7-r0)
(82/83) Purging mpdecimal (4.0.0-r0)
(83/83) Purging xz-libs (5.6.3-r1)
Executing busybox-1.37.0-r12.trigger
OK: 564 MiB in 132 packages
