pigz: not found
>>> llvm20: Building main/llvm20 20.1.3-r2 (using abuild 3.14.1-r4) started Fri, 23 May 2025 15:53:11 +0000
>>> llvm20: Validating /home/packager/aports/main/llvm20/APKBUILD...
>>> llvm20: Analyzing dependencies...
>>> llvm20: Installing for build: build-base chrpath cmake python3 py3-setuptools samurai libffi-dev zlib-dev zstd-dev binutils-dev curl-dev libxml2-dev cmd:bash coreutils diffutils
(1/48) Upgrading zstd-libs (1.5.6-r2 -> 1.5.7-r0)
(2/48) Upgrading binutils (2.43.1-r2 -> 2.44-r0)
(3/48) Upgrading libcrypto3 (3.3.3-r0 -> 3.5.0-r0)
(4/48) Installing chrpath (0.16-r4)
(5/48) Installing lz4-libs (1.10.0-r0)
(6/48) Installing xz-libs (5.6.3-r1)
(7/48) Installing libarchive (3.7.9-r0)
(8/48) Installing rhash-libs (1.4.5-r0)
(9/48) Upgrading libssl3 (3.3.3-r0 -> 3.5.0-r0)
(10/48) Installing libuv (1.49.2-r0)
(11/48) Installing cmake (3.31.7-r0)
(12/48) Installing libffi (3.4.7-r0)
(13/48) Installing gdbm (1.24-r0)
(14/48) Installing mpdecimal (4.0.0-r0)
(15/48) Installing sqlite-libs (3.49.2-r0)
(16/48) Installing python3 (3.12.10-r1)
(17/48) Installing python3-pycache-pyc0 (3.12.10-r1)
(18/48) Installing pyc (3.12.10-r1)
(19/48) Installing python3-pyc (3.12.10-r1)
(20/48) Installing py3-parsing (3.2.3-r0)
(21/48) Installing py3-parsing-pyc (3.2.3-r0)
(22/48) Installing py3-packaging (25.0-r0)
(23/48) Installing py3-packaging-pyc (25.0-r0)
(24/48) Installing py3-setuptools (80.3.1-r0)
(25/48) Installing py3-setuptools-pyc (80.3.1-r0)
(26/48) Installing samurai (1.2-r6)
(27/48) Installing libffi-dev (3.4.7-r0)
(28/48) Installing zstd (1.5.7-r0)
(29/48) Installing zstd-dev (1.5.7-r0)
(30/48) Installing binutils-dev (2.44-r0)
(31/48) Installing brotli (1.1.0-r2)
(32/48) Installing brotli-dev (1.1.0-r2)
(33/48) Installing c-ares-dev (1.34.5-r0)
(34/48) Installing libidn2-dev (2.3.7-r0)
(35/48) Installing libpsl-utils (0.21.5-r3)
(36/48) Installing libpsl-dev (0.21.5-r3)
(37/48) Upgrading nghttp2-libs (1.64.0-r0 -> 1.65.0-r0)
(38/48) Installing nghttp2-dev (1.65.0-r0)
(39/48) Installing openssl-dev (3.5.0-r0)
(40/48) Upgrading libcurl (8.12.1-r1 -> 8.13.0-r1)
(41/48) Installing curl-dev (8.13.0-r1)
(42/48) Installing xz (5.6.3-r1)
(43/48) Installing xz-dev (5.6.3-r1)
(44/48) Installing libxml2 (2.13.4-r6)
(45/48) Installing libxml2-utils (2.13.4-r6)
(46/48) Installing libxml2-dev (2.13.4-r6)
(47/48) Installing .makedepends-llvm20 (20250523.155313)
(48/48) Upgrading openssl (3.3.3-r0 -> 3.5.0-r0)
Executing busybox-1.37.0-r12.trigger
OK: 674 MiB in 173 packages
>>> llvm20: Cleaning up srcdir
>>> llvm20: Cleaning up pkgdir
>>> llvm20: Cleaning up tmpdir
>>> llvm20: Fetching https://github.com/llvm/llvm-project/releases/download/llvmorg-20.1.3/llvm-project-20.1.3.src.tar.xz
Connecting to github.com (140.82.121.4:443)
Connecting to objects.githubusercontent.com (185.199.111.133:443)
saving to '/var/cache/distfiles/llvm-project-20.1.3.src.tar.xz.part'
llvm-project-20.1.3.   0% |                                |  508k  0:04:41 ETA
llvm-project-20.1.3.  24% |*******                         | 34.0M  0:00:06 ETA
llvm-project-20.1.3.  66% |*********************           | 93.9M  0:00:01 ETA
llvm-project-20.1.3. 100% |********************************|  140M  0:00:00 ETA
'/var/cache/distfiles/llvm-project-20.1.3.src.tar.xz.part' saved
>>> llvm20: Fetching https://github.com/llvm/llvm-project/releases/download/llvmorg-20.1.3/llvm-project-20.1.3.src.tar.xz
>>> llvm20: Checking sha512sums...
llvm-project-20.1.3.src.tar.xz: OK
0001-Disable-dynamic-lib-tests-for-musl-s-dlclose-is-noop.patch: OK
fix-memory-mf_exec-on-aarch64.patch: OK
install-prefix.patch: OK
llvm-stack-size.patch: OK
ppc-dont-merge-globals.patch: OK
fix-macho-invalid-test.patch: OK
reopt-arm.patch: OK
>>> llvm20: Unpacking /var/cache/distfiles/llvm-project-20.1.3.src.tar.xz...
>>> llvm20: 0001-Disable-dynamic-lib-tests-for-musl-s-dlclose-is-noop.patch
patching file llvm/unittests/Support/CMakeLists.txt
Hunk #1 succeeded at 140 (offset 3 lines).
>>> llvm20: fix-memory-mf_exec-on-aarch64.patch
patching file llvm/lib/Support/Unix/Memory.inc
>>> llvm20: install-prefix.patch
patching file llvm/cmake/modules/CMakeLists.txt
Hunk #1 succeeded at 45 (offset 3 lines).
Hunk #2 succeeded at 120 (offset 3 lines).
>>> llvm20: llvm-stack-size.patch
patching file llvm/lib/Support/Threading.cpp
Hunk #1 succeeded at 75 (offset -2 lines).
>>> llvm20: ppc-dont-merge-globals.patch
patching file llvm/lib/CodeGen/GlobalMerge.cpp
patching file llvm/test/CodeGen/PowerPC/global-merge-llvm-metadata.ll
>>> llvm20: fix-macho-invalid-test.patch
patching file llvm/lib/Object/MachOObjectFile.cpp
>>> llvm20: reopt-arm.patch
patching file llvm/unittests/ExecutionEngine/Orc/ReOptimizeLayerTest.cpp
removed 'test/CodeGen/AArch64/wineh4.mir'
removed 'test/ExecutionEngine/Interpreter/intrinsics.ll'
-- The C compiler identification is GNU 14.2.0
-- The CXX compiler identification is GNU 14.2.0
-- The ASM compiler identification is GNU
-- Found assembler: /usr/bin/gcc
-- Detecting C compiler ABI info
-- Detecting C compiler ABI info - failed
-- Check for working C compiler: /usr/bin/gcc
-- Check for working C compiler: /usr/bin/gcc - broken
CMake Error at /usr/share/cmake/Modules/CMakeTestCCompiler.cmake:67 (message):
  The C compiler

    "/usr/bin/gcc"

  is not able to compile a simple test program.

  It fails with the following output:

    Change Dir: '/home/packager/aports/main/llvm20/src/llvm-project-20.1.3.src/build/CMakeFiles/CMakeScratch/TryCompile-PapcKE'
    
    Run Build Command(s): /usr/bin/ninja -v cmTC_5cd82
    [1/2] /usr/bin/gcc   -Os -fstack-clash-protection -Wformat -Werror=format-security -fno-plt -o CMakeFiles/cmTC_5cd82.dir/testCCompiler.c.o -c /home/packager/aports/main/llvm20/src/llvm-project-20.1.3.src/build/CMakeFiles/CMakeScratch/TryCompile-PapcKE/testCCompiler.c
    [2/2] : && /usr/bin/gcc -Os -fstack-clash-protection -Wformat -Werror=format-security -fno-plt -Wl,--as-needed,-O1,--sort-common -Wl,-z,pack-relative-relocs CMakeFiles/cmTC_5cd82.dir/testCCompiler.c.o -o cmTC_5cd82   && :
    ninja: job failed: : && /usr/bin/gcc -Os -fstack-clash-protection -Wformat -Werror=format-security -fno-plt -Wl,--as-needed,-O1,--sort-common -Wl,-z,pack-relative-relocs CMakeFiles/cmTC_5cd82.dir/testCCompiler.c.o -o cmTC_5cd82   && :
    /usr/lib/gcc/x86_64-alpine-linux-musl/14.2.0/../../../../x86_64-alpine-linux-musl/bin/ld: cmTC_5cd82: error: PHDR segment not covered by LOAD segment
    /usr/lib/gcc/x86_64-alpine-linux-musl/14.2.0/../../../../x86_64-alpine-linux-musl/bin/ld: warning: cmTC_5cd82 has a LOAD segment with RWX permissions
    collect2: error: ld returned 1 exit status
    ninja: subcommand failed
    
    

  

  CMake will not be able to correctly generate this project.
Call Stack (most recent call first):
  CMakeLists.txt:47 (project)


-- Configuring incomplete, errors occurred!
>>> ERROR: llvm20: build failed
>>> llvm20: Uninstalling dependencies...
(1/41) Purging .makedepends-llvm20 (20250523.155313)
(2/41) Purging chrpath (0.16-r4)
(3/41) Purging cmake (3.31.7-r0)
(4/41) Purging py3-setuptools-pyc (80.3.1-r0)
(5/41) Purging py3-setuptools (80.3.1-r0)
(6/41) Purging py3-packaging-pyc (25.0-r0)
(7/41) Purging py3-packaging (25.0-r0)
(8/41) Purging py3-parsing-pyc (3.2.3-r0)
(9/41) Purging py3-parsing (3.2.3-r0)
(10/41) Purging python3-pyc (3.12.10-r1)
(11/41) Purging python3-pycache-pyc0 (3.12.10-r1)
(12/41) Purging pyc (3.12.10-r1)
(13/41) Purging python3 (3.12.10-r1)
(14/41) Purging samurai (1.2-r6)
(15/41) Purging libffi-dev (3.4.7-r0)
(16/41) Purging libffi (3.4.7-r0)
(17/41) Purging binutils-dev (2.44-r0)
(18/41) Purging curl-dev (8.13.0-r1)
(19/41) Purging libxml2-dev (2.13.4-r6)
(20/41) Purging libxml2-utils (2.13.4-r6)
(21/41) Purging libxml2 (2.13.4-r6)
(22/41) Purging brotli-dev (1.1.0-r2)
(23/41) Purging brotli (1.1.0-r2)
(24/41) Purging c-ares-dev (1.34.5-r0)
(25/41) Purging gdbm (1.24-r0)
(26/41) Purging libarchive (3.7.9-r0)
(27/41) Purging libpsl-dev (0.21.5-r3)
(28/41) Purging libpsl-utils (0.21.5-r3)
(29/41) Purging libuv (1.49.2-r0)
(30/41) Purging lz4-libs (1.10.0-r0)
(31/41) Purging mpdecimal (4.0.0-r0)
(32/41) Purging nghttp2-dev (1.65.0-r0)
(33/41) Purging openssl-dev (3.5.0-r0)
(34/41) Purging rhash-libs (1.4.5-r0)
(35/41) Purging sqlite-libs (3.49.2-r0)
(36/41) Purging xz-dev (5.6.3-r1)
(37/41) Purging xz (5.6.3-r1)
(38/41) Purging xz-libs (5.6.3-r1)
(39/41) Purging zstd-dev (1.5.7-r0)
(40/41) Purging zstd (1.5.7-r0)
(41/41) Purging libidn2-dev (2.3.7-r0)
Executing busybox-1.37.0-r12.trigger
OK: 564 MiB in 132 packages
