pigz: not found
>>> libcap: Building main/libcap 2.73-r0 (using abuild 3.14.1-r4) started Fri, 23 May 2025 16:00:08 +0000
>>> libcap: Validating /home/packager/aports/main/libcap/APKBUILD...
>>> libcap: Analyzing dependencies...
>>> libcap: Installing for build: build-base linux-headers perl cmd:bash
(1/1) Installing .makedepends-libcap (20250523.160009)
OK: 564 MiB in 133 packages
>>> libcap: Cleaning up srcdir
>>> libcap: Cleaning up pkgdir
>>> libcap: Cleaning up tmpdir
>>> libcap: Fetching https://kernel.org/pub/linux/libs/security/linux-privs/libcap2/libcap-2.73.tar.xz
Connecting to kernel.org (139.178.84.217:443)
Connecting to mirrors.edge.kernel.org (147.75.80.249:443)
saving to '/var/cache/distfiles/libcap-2.73.tar.xz.part'
libcap-2.73.tar.xz.p 100% |********************************|  190k  0:00:00 ETA
'/var/cache/distfiles/libcap-2.73.tar.xz.part' saved
>>> libcap: Fetching https://kernel.org/pub/linux/libs/security/linux-privs/libcap2/libcap-2.73.tar.xz
>>> libcap: Checking sha512sums...
libcap-2.73.tar.xz: OK
>>> libcap: Unpacking /var/cache/distfiles/libcap-2.73.tar.xz...
make -C libcap all
make[1]: Entering directory '/home/packager/aports/main/libcap/src/libcap-2.73/libcap'
sed -e 's,@prefix@,/usr,' \
	-e 's,@exec_prefix@,/usr,' \
	-e 's,@libdir@,/usr/lib,' \
	-e 's,@includedir@,/usr/include,' \
	-e 's,@VERSION@,2.73,' \
	-e 's,@deps@,,' \
	libcap.pc.in >libcap.pc
make libpsx.pc
=> making cap_names.list.h from /home/packager/aports/main/libcap/src/libcap-2.73/libcap/../libcap/include/uapi/linux/capability.h
make[2]: Entering directory '/home/packager/aports/main/libcap/src/libcap-2.73/libcap'
grep -E '^#define\s+CAP_([^\s]+)\s+[0-9]+\s*$' include/uapi/linux/capability.h | sed -e 's/^#define\s\+/{"/' -e 's/\s*$/},/' -e 's/\s\+/",/' -e 'y/ABCDEFGHIJKLMNOPQRSTUVWXYZ/abcdefghijklmnopqrstuvwxyz/' > cap_names.list.h
gcc -O2 -Dlinux -Wall -Wwrite-strings -Wpointer-arith -Wcast-qual -Wcast-align -Wstrict-prototypes -Wmissing-prototypes -Wnested-externs -Winline -Wshadow -Wunreachable-code  -D_LARGEFILE64_SOURCE -D_FILE_OFFSET_BITS=64 -I/home/packager/aports/main/libcap/src/libcap-2.73/libcap/../libcap/include/uapi -I/home/packager/aports/main/libcap/src/libcap-2.73/libcap/../libcap/include _makenames.c -o _makenames
sed -e 's,@prefix@,/usr,' \
	-e 's,@exec_prefix@,/usr,' \
	-e 's,@libdir@,/usr/lib,' \
	-e 's,@includedir@,/usr/include,' \
	-e 's,@VERSION@,2.73,' \
	-e 's,@deps@,,' \
	libpsx.pc.in >libpsx.pc
make[2]: Leaving directory '/home/packager/aports/main/libcap/src/libcap-2.73/libcap'
/usr/lib/gcc/x86_64-alpine-linux-musl/14.2.0/../../../../x86_64-alpine-linux-musl/bin/ld: _makenames: error: PHDR segment not covered by LOAD segment
/usr/lib/gcc/x86_64-alpine-linux-musl/14.2.0/../../../../x86_64-alpine-linux-musl/bin/ld: warning: _makenames has a LOAD segment with RWX permissions
collect2: error: ld returned 1 exit status
make[1]: *** [Makefile:83: _makenames] Error 1
make[1]: Leaving directory '/home/packager/aports/main/libcap/src/libcap-2.73/libcap'
make: *** [Makefile:12: all] Error 2
>>> ERROR: libcap: build failed
>>> libcap: Uninstalling dependencies...
(1/1) Purging .makedepends-libcap (20250523.160009)
OK: 564 MiB in 132 packages
