pigz: not found
>>> unionfs-fuse: Building main/unionfs-fuse 3.4-r0 (using abuild 3.14.1-r4) started Fri, 23 May 2025 18:01:45 +0000
>>> unionfs-fuse: Validating /home/packager/aports/main/unionfs-fuse/APKBUILD...
>>> unionfs-fuse: Analyzing dependencies...
>>> unionfs-fuse: Installing for build: build-base fuse3 fuse3-dev linux-headers
(1/5) Installing fuse-common (3.16.2-r1)
(2/5) Installing fuse3-libs (3.16.2-r1)
(3/5) Installing fuse3 (3.16.2-r1)
(4/5) Installing fuse3-dev (3.16.2-r1)
(5/5) Installing .makedepends-unionfs-fuse (20250523.180150)
Executing busybox-1.37.0-r12.trigger
OK: 565 MiB in 137 packages
>>> unionfs-fuse: Cleaning up srcdir
>>> unionfs-fuse: Cleaning up pkgdir
>>> unionfs-fuse: Cleaning up tmpdir
>>> unionfs-fuse: Fetching unionfs-fuse-3.4.tar.gz::https://github.com/rpodgorny/unionfs-fuse/archive/v3.4.tar.gz
Connecting to github.com (140.82.121.4:443)
Connecting to codeload.github.com (140.82.121.10:443)
saving to '/var/cache/distfiles/unionfs-fuse-3.4.tar.gz.part'
unionfs-fuse-3.4.tar 100% |********************************| 54122  0:00:00 ETA
'/var/cache/distfiles/unionfs-fuse-3.4.tar.gz.part' saved
>>> unionfs-fuse: Fetching unionfs-fuse-3.4.tar.gz::https://github.com/rpodgorny/unionfs-fuse/archive/v3.4.tar.gz
>>> unionfs-fuse: Checking sha512sums...
unionfs-fuse-3.4.tar.gz: OK
0001-include-asm-ioctl.h-for-_IOC_SIZE.patch: OK
test-exepath.patch: OK
>>> unionfs-fuse: Unpacking /var/cache/distfiles/unionfs-fuse-3.4.tar.gz...
>>> unionfs-fuse: 0001-include-asm-ioctl.h-for-_IOC_SIZE.patch
patching file src/unionfs.c
Hunk #1 succeeded at 15 with fuzz 2 (offset -18 lines).
>>> unionfs-fuse: test-exepath.patch
patching file test_all.py
patching file Makefile
make -C src/
make[1]: Entering directory '/home/packager/aports/main/unionfs-fuse/src/unionfs-fuse-3.4/src'
gcc -Os -fstack-clash-protection -Wformat -Werror=format-security -fno-plt -W -Wall -fPIC -I/usr/include/fuse3 -DFUSE_USE_VERSION=35 -DLIBC_XATTR   -c -o unionfs.o unionfs.c
gcc -Os -fstack-clash-protection -Wformat -Werror=format-security -fno-plt -W -Wall -fPIC -I/usr/include/fuse3 -DFUSE_USE_VERSION=35 -DLIBC_XATTR   -c -o fuse_ops.o fuse_ops.c
gcc -Os -fstack-clash-protection -Wformat -Werror=format-security -fno-plt -W -Wall -fPIC -I/usr/include/fuse3 -DFUSE_USE_VERSION=35 -DLIBC_XATTR   -c -o opts.o opts.c
gcc -Os -fstack-clash-protection -Wformat -Werror=format-security -fno-plt -W -Wall -fPIC -I/usr/include/fuse3 -DFUSE_USE_VERSION=35 -DLIBC_XATTR   -c -o debug.o debug.c
gcc -Os -fstack-clash-protection -Wformat -Werror=format-security -fno-plt -W -Wall -fPIC -I/usr/include/fuse3 -DFUSE_USE_VERSION=35 -DLIBC_XATTR   -c -o findbranch.o findbranch.c
gcc -Os -fstack-clash-protection -Wformat -Werror=format-security -fno-plt -W -Wall -fPIC -I/usr/include/fuse3 -DFUSE_USE_VERSION=35 -DLIBC_XATTR   -c -o readdir.o readdir.c
gcc -Os -fstack-clash-protection -Wformat -Werror=format-security -fno-plt -W -Wall -fPIC -I/usr/include/fuse3 -DFUSE_USE_VERSION=35 -DLIBC_XATTR   -c -o general.o general.c
gcc -Os -fstack-clash-protection -Wformat -Werror=format-security -fno-plt -W -Wall -fPIC -I/usr/include/fuse3 -DFUSE_USE_VERSION=35 -DLIBC_XATTR   -c -o unlink.o unlink.c
gcc -Os -fstack-clash-protection -Wformat -Werror=format-security -fno-plt -W -Wall -fPIC -I/usr/include/fuse3 -DFUSE_USE_VERSION=35 -DLIBC_XATTR   -c -o rmdir.o rmdir.c
gcc -Os -fstack-clash-protection -Wformat -Werror=format-security -fno-plt -W -Wall -fPIC -I/usr/include/fuse3 -DFUSE_USE_VERSION=35 -DLIBC_XATTR   -c -o cow.o cow.c
gcc -Os -fstack-clash-protection -Wformat -Werror=format-security -fno-plt -W -Wall -fPIC -I/usr/include/fuse3 -DFUSE_USE_VERSION=35 -DLIBC_XATTR   -c -o cow_utils.o cow_utils.c
gcc -Os -fstack-clash-protection -Wformat -Werror=format-security -fno-plt -W -Wall -fPIC -I/usr/include/fuse3 -DFUSE_USE_VERSION=35 -DLIBC_XATTR   -c -o string.o string.c
gcc -Os -fstack-clash-protection -Wformat -Werror=format-security -fno-plt -W -Wall -fPIC -I/usr/include/fuse3 -DFUSE_USE_VERSION=35 -DLIBC_XATTR   -c -o usyslog.o usyslog.c
gcc -Os -fstack-clash-protection -Wformat -Werror=format-security -fno-plt -W -Wall -fPIC -I/usr/include/fuse3 -DFUSE_USE_VERSION=35 -DLIBC_XATTR   -c -o hashtable.o hashtable.c
gcc -Os -fstack-clash-protection -Wformat -Werror=format-security -fno-plt -W -Wall -fPIC -I/usr/include/fuse3 -DFUSE_USE_VERSION=35 -DLIBC_XATTR   -c -o hashtable_itr.o hashtable_itr.c
gcc -Os -fstack-clash-protection -Wformat -Werror=format-security -fno-plt -W -Wall -fPIC -I/usr/include/fuse3 -DFUSE_USE_VERSION=35 -DLIBC_XATTR   -c -o unionfsctl.o unionfsctl.c
gcc -Wl,--as-needed,-O1,--sort-common -Wl,-z,pack-relative-relocs -o unionfsctl unionfsctl.o
/usr/lib/gcc/x86_64-alpine-linux-musl/14.2.0/../../../../x86_64-alpine-linux-musl/bin/ld: unionfsctl: error: PHDR segment not covered by LOAD segment
/usr/lib/gcc/x86_64-alpine-linux-musl/14.2.0/../../../../x86_64-alpine-linux-musl/bin/ld: warning: unionfsctl has a LOAD segment with RWX permissions
collect2: error: ld returned 1 exit status
make[1]: *** [Makefile:34: unionfsctl] Error 1
make[1]: *** Waiting for unfinished jobs....
make[1]: Leaving directory '/home/packager/aports/main/unionfs-fuse/src/unionfs-fuse-3.4/src'
make: *** [Makefile:6: build] Error 2
>>> ERROR: unionfs-fuse: build failed
>>> unionfs-fuse: Uninstalling dependencies...
(1/5) Purging .makedepends-unionfs-fuse (20250523.180150)
(2/5) Purging fuse3 (3.16.2-r1)
(3/5) Purging fuse-common (3.16.2-r1)
(4/5) Purging fuse3-dev (3.16.2-r1)
(5/5) Purging fuse3-libs (3.16.2-r1)
Executing busybox-1.37.0-r12.trigger
OK: 564 MiB in 132 packages
