pigz: not found
>>> dtc: Building main/dtc 1.7.2-r0 (using abuild 3.14.1-r4) started Fri, 23 May 2025 18:13:22 +0000
>>> dtc: Validating /home/packager/aports/main/dtc/APKBUILD...
>>> dtc: Analyzing dependencies...
>>> dtc: Installing for build: build-base bison flex py3-setuptools python3-dev swig coreutils
(1/21) Installing libffi (3.4.7-r0)
(2/21) Installing gdbm (1.24-r0)
(3/21) Installing xz-libs (5.6.3-r1)
(4/21) Installing mpdecimal (4.0.0-r0)
(5/21) Installing sqlite-libs (3.49.2-r0)
(6/21) Installing python3 (3.12.10-r1)
(7/21) Installing python3-pycache-pyc0 (3.12.10-r1)
(8/21) Installing pyc (3.12.10-r1)
(9/21) Installing py3-setuptools-pyc (80.3.1-r0)
(10/21) Installing py3-parsing (3.2.3-r0)
(11/21) Installing py3-parsing-pyc (3.2.3-r0)
(12/21) Installing py3-packaging-pyc (25.0-r0)
(13/21) Installing python3-pyc (3.12.10-r1)
(14/21) Installing py3-packaging (25.0-r0)
(15/21) Installing py3-setuptools (80.3.1-r0)
(16/21) Installing python3-dev (3.12.10-r1)
(17/21) Installing gc (8.2.8-r0)
(18/21) Installing guile-libs (3.0.9-r1)
(19/21) Installing guile (3.0.9-r1)
(20/21) Installing swig (4.3.0-r0)
(21/21) Installing .makedepends-dtc (20250523.181324)
Executing busybox-1.37.0-r12.trigger
OK: 757 MiB in 153 packages
>>> dtc: Cleaning up srcdir
>>> dtc: Cleaning up pkgdir
>>> dtc: Cleaning up tmpdir
>>> dtc: Fetching https://kernel.org/pub/software/utils/dtc/dtc-1.7.2.tar.xz
Connecting to kernel.org (139.178.84.217:443)
Connecting to mirrors.edge.kernel.org (147.75.80.249:443)
saving to '/var/cache/distfiles/dtc-1.7.2.tar.xz.part'
dtc-1.7.2.tar.xz.par 100% |********************************|  165k  0:00:00 ETA
'/var/cache/distfiles/dtc-1.7.2.tar.xz.part' saved
>>> dtc: Fetching https://kernel.org/pub/software/utils/dtc/dtc-1.7.2.tar.xz
>>> dtc: Checking sha512sums...
dtc-1.7.2.tar.xz: OK
install-pylibfdt-to-destdir.patch: OK
swig-4.3.patch: OK
>>> dtc: Unpacking /var/cache/distfiles/dtc-1.7.2.tar.xz...
>>> dtc: install-pylibfdt-to-destdir.patch
patching file pylibfdt/Makefile.pylibfdt
>>> dtc: swig-4.3.patch
patching file pylibfdt/libfdt.i
	 DEP checks.c
	 DEP data.c
	 DEP dtc.c
	 DEP flattree.c
	 DEP fstree.c
	 DEP livetree.c
	 DEP srcpos.c
	 DEP treesource.c
	 DEP util.c
	 LEX dtc-lexer.lex.c
	 DEP dtc-lexer.lex.c
	 BISON dtc-parser.tab.c
	 DEP dtc-parser.tab.c
	 LEX convert-dtsv0-lexer.lex.c
	 DEP convert-dtsv0-lexer.lex.c
	 DEP fdtdump.c
	 DEP fdtget.c
	 DEP fdtput.c
	 DEP fdtoverlay.c
	 DEP libfdt/fdt.c
	 DEP libfdt/fdt_ro.c
	 DEP libfdt/fdt_wip.c
	 DEP libfdt/fdt_sw.c
	 DEP libfdt/fdt_rw.c
	 DEP libfdt/fdt_strerror.c
	 DEP libfdt/fdt_empty_tree.c
	 DEP libfdt/fdt_addresses.c
	 DEP libfdt/fdt_overlay.c
	 DEP libfdt/fdt_check.c
	 DEP tests/get_mem_rsv.c
	 DEP tests/root_node.c
	 DEP tests/find_property.c
	 DEP tests/subnode_offset.c
	 DEP tests/path_offset.c
	 DEP tests/get_name.c
	 DEP tests/getprop.c
	 DEP tests/get_prop_offset.c
	 DEP tests/get_phandle.c
	 DEP tests/get_path.c
	 DEP tests/supernode_atdepth_offset.c
	 DEP tests/parent_offset.c
	 DEP tests/node_offset_by_prop_value.c
	 DEP tests/node_offset_by_phandle.c
	 DEP tests/node_check_compatible.c
	 DEP tests/node_offset_by_compatible.c
	 DEP tests/get_alias.c
	 DEP tests/get_next_tag_invalid_prop_len.c
	 DEP tests/char_literal.c
	 DEP tests/sized_cells.c
	 DEP tests/notfound.c
	 DEP tests/addr_size_cells.c
	 DEP tests/addr_size_cells2.c
	 DEP tests/appendprop_addrrange.c
	 DEP tests/stringlist.c
	 DEP tests/setprop_inplace.c
	 DEP tests/nop_property.c
	 DEP tests/nop_node.c
	 DEP tests/sw_tree1.c
	 DEP tests/sw_states.c
	 DEP tests/move_and_save.c
	 DEP tests/mangle-layout.c
	 DEP tests/nopulate.c
	 DEP tests/open_pack.c
	 DEP tests/rw_tree1.c
	 DEP tests/rw_oom.c
	 DEP tests/set_name.c
	 DEP tests/setprop.c
	 DEP tests/del_property.c
	 DEP tests/del_node.c
	 DEP tests/appendprop1.c
	 DEP tests/appendprop2.c
	 DEP tests/propname_escapes.c
	 DEP tests/string_escapes.c
	 DEP tests/references.c
	 DEP tests/path-references.c
	 DEP tests/phandle_format.c
	 DEP tests/boot-cpuid.c
	 DEP tests/incbin.c
	 DEP tests/relref_merge.c
	 DEP tests/extra-terminating-null.c
	 DEP tests/dtbs_equal_ordered.c
	 DEP tests/dtb_reverse.c
	 DEP tests/dtbs_equal_unordered.c
	 DEP tests/add_subnode_with_nops.c
	 DEP tests/path_offset_aliases.c
	 DEP tests/utilfdt_test.c
	 DEP tests/integer-expressions.c
	 DEP tests/property_iterate.c
	 DEP tests/subnode_iterate.c
	 DEP tests/overlay.c
	 DEP tests/overlay_bad_fixup.c
	 DEP tests/check_path.c
	 DEP tests/check_header.c
	 DEP tests/check_full.c
	 DEP tests/fs_tree1.c
	 DEP tests/truncated_property.c
	 DEP tests/truncated_string.c
	 DEP tests/truncated_memrsv.c
	 DEP tests/asm_tree_dump.c
	 DEP tests/value-labels.c
	 DEP tests/testutils.c
	 DEP tests/trees.S
	 DEP tests/dumptrees.c
	CHK version_gen.h
	UPD version_gen.h
	 DEP util.c
	 DEP dtc-lexer.lex.c
	CHK version_gen.h
	 CC srcpos.o
	 CC util.o
	 CC convert-dtsv0-lexer.lex.o
	 LD convert-dtsv0
/usr/lib/gcc/x86_64-alpine-linux-musl/14.2.0/../../../../x86_64-alpine-linux-musl/bin/ld: convert-dtsv0: error: PHDR segment not covered by LOAD segment
/usr/lib/gcc/x86_64-alpine-linux-musl/14.2.0/../../../../x86_64-alpine-linux-musl/bin/ld: warning: convert-dtsv0 has a LOAD segment with RWX permissions
collect2: error: ld returned 1 exit status
make: *** [Makefile:269: convert-dtsv0] Error 1
>>> ERROR: dtc: build failed
>>> dtc: Uninstalling dependencies...
(1/21) Purging .makedepends-dtc (20250523.181324)
(2/21) Purging py3-setuptools-pyc (80.3.1-r0)
(3/21) Purging py3-setuptools (80.3.1-r0)
(4/21) Purging py3-packaging-pyc (25.0-r0)
(5/21) Purging py3-packaging (25.0-r0)
(6/21) Purging py3-parsing-pyc (3.2.3-r0)
(7/21) Purging py3-parsing (3.2.3-r0)
(8/21) Purging python3-dev (3.12.10-r1)
(9/21) Purging python3-pyc (3.12.10-r1)
(10/21) Purging python3-pycache-pyc0 (3.12.10-r1)
(11/21) Purging pyc (3.12.10-r1)
(12/21) Purging python3 (3.12.10-r1)
(13/21) Purging swig (4.3.0-r0)
(14/21) Purging guile (3.0.9-r1)
(15/21) Purging gdbm (1.24-r0)
(16/21) Purging guile-libs (3.0.9-r1)
(17/21) Purging libffi (3.4.7-r0)
(18/21) Purging mpdecimal (4.0.0-r0)
(19/21) Purging sqlite-libs (3.49.2-r0)
(20/21) Purging xz-libs (5.6.3-r1)
(21/21) Purging gc (8.2.8-r0)
Executing busybox-1.37.0-r12.trigger
OK: 564 MiB in 132 packages
