pigz: not found
>>> freetdm: Building main/freetdm 0_git20210830-r5 (using abuild 3.14.1-r4) started Fri, 23 May 2025 18:30:36 +0000
>>> freetdm: Validating /home/packager/aports/main/freetdm/APKBUILD...
>>> freetdm: Analyzing dependencies...
>>> freetdm: Installing for build: build-base libtool automake autoconf freeswitch-dev gsm-dev libpcap-dev zlib-dev python3-dev gzip
(1/52) Installing libltdl (2.4.7-r3)
(2/52) Installing libtool (2.4.7-r3)
(3/52) Installing libffi (3.4.7-r0)
(4/52) Installing gdbm (1.24-r0)
(5/52) Installing xz-libs (5.6.3-r1)
(6/52) Installing mpdecimal (4.0.0-r0)
(7/52) Installing sqlite-libs (3.49.2-r0)
(8/52) Installing python3 (3.12.10-r1)
(9/52) Installing python3-pycache-pyc0 (3.12.10-r1)
(10/52) Installing pyc (3.12.10-r1)
(11/52) Installing python3-pyc (3.12.10-r1)
(12/52) Installing libuuid (2.40.4-r1)
(13/52) Installing libks (1.8.2-r1)
(14/52) Installing ldns (1.8.4-r0)
(15/52) Installing lua5.3-libs (5.3.6-r6)
(16/52) Installing lame-libs (3.100-r5)
(17/52) Installing mpg123-libs (1.32.10-r0)
(18/52) Installing unixodbc (2.3.12-r0)
(19/52) Installing opus (1.5.2-r1)
(20/52) Installing pcre (8.45-r3)
(21/52) Installing alsa-lib (1.2.12-r0)
(22/52) Installing dbus-libs (1.14.10-r4)
(23/52) Installing libsamplerate (0.2.2-r3)
(24/52) Installing jack (1.9.22-r4)
(25/52) Installing portaudio (19.7.0-r2)
(26/52) Installing libpq (17.5-r0)
(27/52) Installing libogg (1.3.5-r5)
(28/52) Installing speex (1.2.1-r2)
(29/52) Installing libtheora (1.1.1-r18)
(30/52) Installing libvorbis (1.3.7-r2)
(31/52) Installing libshout (2.4.6-r3)
(32/52) Installing libflac (1.4.3-r1)
(33/52) Installing libsndfile (1.2.2-r2)
(34/52) Installing libeconf (0.6.3-r0)
(35/52) Installing libblkid (2.40.4-r1)
(36/52) Installing libmount (2.40.4-r1)
(37/52) Installing glib (2.82.5-r0)
(38/52) Installing sofia-sip (1.13.17-r1)
(39/52) Installing libjpeg-turbo (3.1.0-r0)
(40/52) Installing libsharpyuv (1.4.0-r0)
(41/52) Installing libwebp (1.4.0-r0)
(42/52) Installing tiff (4.7.0-r0)
(43/52) Installing spandsp3 (0_git20201102-r3)
(44/52) Installing speexdsp (1.2.1-r2)
(45/52) Installing freeswitch (1.10.11-r1)
Executing freeswitch-1.10.11-r1.pre-install
(46/52) Installing freeswitch-dev (1.10.11-r1)
(47/52) Installing gsm (1.0.22-r3)
(48/52) Installing gsm-dev (1.0.22-r3)
(49/52) Installing libpcap (1.10.5-r0)
(50/52) Installing libpcap-dev (1.10.5-r0)
(51/52) Installing python3-dev (3.12.10-r1)
(52/52) Installing .makedepends-freetdm (20250523.183039)
Executing glib-2.82.5-r0.trigger
Executing busybox-1.37.0-r12.trigger
OK: 737 MiB in 184 packages
>>> freetdm: Cleaning up srcdir
>>> freetdm: Cleaning up pkgdir
>>> freetdm: Cleaning up tmpdir
>>> freetdm: Fetching freetdm-0_git20210830.tar.gz::https://github.com/freeswitch/freetdm/archive/8918ee1c3637cad0f9d41a402d26d3aa076fc202.tar.gz
Connecting to github.com (140.82.121.3:443)
Connecting to codeload.github.com (140.82.121.9:443)
saving to '/var/cache/distfiles/freetdm-0_git20210830.tar.gz.part'
freetdm-0_git2021083 100% |********************************| 1069k  0:00:00 ETA
'/var/cache/distfiles/freetdm-0_git20210830.tar.gz.part' saved
>>> freetdm: Fetching freetdm-0_git20210830.tar.gz::https://github.com/freeswitch/freetdm/archive/8918ee1c3637cad0f9d41a402d26d3aa076fc202.tar.gz
>>> freetdm: Checking sha512sums...
freetdm-0_git20210830.tar.gz: OK
remove-werr.patch: OK
>>> freetdm: Unpacking /var/cache/distfiles/freetdm-0_git20210830.tar.gz...
>>> freetdm: remove-werr.patch
patching file configure.ac
patching file mod_freetdm/CMakeLists.txt
autoheader: error: error: AC_CONFIG_HEADERS not found in configure.ac
libtoolize: putting auxiliary files in AC_CONFIG_AUX_DIR, 'build'.
libtoolize: copying file 'build/ltmain.sh'
libtoolize: putting macros in AC_CONFIG_MACRO_DIRS, 'build'.
libtoolize: copying file 'build/libtool.m4'
libtoolize: copying file 'build/ltoptions.m4'
libtoolize: copying file 'build/ltsugar.m4'
libtoolize: copying file 'build/ltversion.m4'
libtoolize: copying file 'build/lt~obsolete.m4'
configure.ac:22: installing 'build/compile'
configure.ac:25: installing 'build/config.guess'
configure.ac:25: installing 'build/config.sub'
configure.ac:10: installing 'build/install-sh'
configure.ac:10: installing 'build/missing'
Makefile.am: installing 'build/depcomp'
configure.ac:25: warning: The macro 'AC_PROG_LIBTOOL' is obsolete.
configure.ac:25: You should run autoupdate.
build/libtool.m4:100: AC_PROG_LIBTOOL is expanded from...
configure.ac:25: the top level
configure.ac:61: warning: back quotes and double quotes must not be escaped in: Invalid value \"${withval}\", option requires a valid path
lib/m4sugar/m4sh.m4:697: AS_IF is expanded from...
./lib/autoconf/general.m4:1553: AC_ARG_WITH is expanded from...
configure.ac:61: the top level
configure.ac:109: warning: The macro 'AC_HELP_STRING' is obsolete.
configure.ac:109: You should run autoupdate.
./lib/autoconf/general.m4:204: AC_HELP_STRING is expanded from...
./lib/autoconf/general.m4:1534: AC_ARG_ENABLE is expanded from...
configure.ac:109: the top level
configure.ac:138: warning: The macro 'AC_TRY_COMPILE' is obsolete.
configure.ac:138: You should run autoupdate.
./lib/autoconf/general.m4:2845: AC_TRY_COMPILE is expanded from...
configure.ac:138: the top level
configure.ac:192: warning: back quotes and double quotes must not be escaped in: Invalid argument for --with-libpri, \"${withval}\" is not a directory
lib/m4sugar/m4sh.m4:690: _AS_IF_ELSE is expanded from...
lib/m4sugar/m4sh.m4:697: AS_IF is expanded from...
lib/m4sugar/m4sh.m4:697: AS_IF is expanded from...
./lib/autoconf/general.m4:1553: AC_ARG_WITH is expanded from...
configure.ac:192: the top level
configure.ac:379: warning: The macro 'AC_HELP_STRING' is obsolete.
configure.ac:379: You should run autoupdate.
./lib/autoconf/general.m4:204: AC_HELP_STRING is expanded from...
build/libpcap.m4:68: FIND_LIB_SUBDIR is expanded from...
build/libpcap.m4:91: AX_LIB_PCAP is expanded from...
configure.ac:379: the top level
configure.ac:379: warning: The macro 'AC_TRY_LINK' is obsolete.
configure.ac:379: You should run autoupdate.
./lib/autoconf/general.m4:2918: AC_TRY_LINK is expanded from...
build/libpcap.m4:31: PCAP_LIB_WHERE1 is expanded from...
build/libpcap.m4:53: PCAP_LIB_WHERE is expanded from...
build/libpcap.m4:91: AX_LIB_PCAP is expanded from...
configure.ac:379: the top level
configure.ac:425: warning: back quotes and double quotes must not be escaped in: Invalid value \"${with_misdn}\" for --with-misdn option
lib/m4sugar/m4sh.m4:697: AS_IF is expanded from...
./lib/autoconf/general.m4:1553: AC_ARG_WITH is expanded from...
configure.ac:425: the top level
checking for a BSD-compatible install... /usr/bin/install -c
checking whether sleep supports fractional seconds... yes
checking filesystem timestamp resolution... 0.01
checking whether build environment is sane... yes
checking for a race-free mkdir -p... /bin/mkdir -p
checking for gawk... gawk
checking whether make sets $(MAKE)... yes
checking whether make supports nested variables... yes
checking xargs -n works... yes
checking for gcc... gcc
checking whether the C compiler works... no
configure: error: in '/home/packager/aports/main/freetdm/src/freetdm-8918ee1c3637cad0f9d41a402d26d3aa076fc202':
configure: error: C compiler cannot create executables
See 'config.log' for more details
>>> ERROR: freetdm: build failed
>>> freetdm: Uninstalling dependencies...
(1/52) Purging .makedepends-freetdm (20250523.183039)
(2/52) Purging libtool (2.4.7-r3)
(3/52) Purging libltdl (2.4.7-r3)
(4/52) Purging freeswitch-dev (1.10.11-r1)
(5/52) Purging freeswitch (1.10.11-r1)
(6/52) Purging gsm-dev (1.0.22-r3)
(7/52) Purging gsm (1.0.22-r3)
(8/52) Purging libpcap-dev (1.10.5-r0)
(9/52) Purging libpcap (1.10.5-r0)
(10/52) Purging python3-dev (3.12.10-r1)
(11/52) Purging python3-pyc (3.12.10-r1)
(12/52) Purging python3-pycache-pyc0 (3.12.10-r1)
(13/52) Purging pyc (3.12.10-r1)
(14/52) Purging python3 (3.12.10-r1)
(15/52) Purging gdbm (1.24-r0)
(16/52) Purging ldns (1.8.4-r0)
(17/52) Purging libks (1.8.2-r1)
(18/52) Purging libpq (17.5-r0)
(19/52) Purging libshout (2.4.6-r3)
(20/52) Purging libsndfile (1.2.2-r2)
(21/52) Purging libtheora (1.1.1-r18)
(22/52) Purging libuuid (2.40.4-r1)
(23/52) Purging libvorbis (1.3.7-r2)
(24/52) Purging lua5.3-libs (5.3.6-r6)
(25/52) Purging mpdecimal (4.0.0-r0)
(26/52) Purging mpg123-libs (1.32.10-r0)
(27/52) Purging pcre (8.45-r3)
(28/52) Purging portaudio (19.7.0-r2)
(29/52) Purging sofia-sip (1.13.17-r1)
(30/52) Purging spandsp3 (0_git20201102-r3)
(31/52) Purging speex (1.2.1-r2)
(32/52) Purging speexdsp (1.2.1-r2)
(33/52) Purging sqlite-libs (3.49.2-r0)
(34/52) Purging tiff (4.7.0-r0)
(35/52) Purging unixodbc (2.3.12-r0)
(36/52) Purging xz-libs (5.6.3-r1)
(37/52) Purging jack (1.9.22-r4)
(38/52) Purging alsa-lib (1.2.12-r0)
(39/52) Purging dbus-libs (1.14.10-r4)
(40/52) Purging glib (2.82.5-r0)
(41/52) Purging lame-libs (3.100-r5)
(42/52) Purging libmount (2.40.4-r1)
(43/52) Purging libblkid (2.40.4-r1)
(44/52) Purging libeconf (0.6.3-r0)
(45/52) Purging libffi (3.4.7-r0)
(46/52) Purging libflac (1.4.3-r1)
(47/52) Purging libjpeg-turbo (3.1.0-r0)
(48/52) Purging libogg (1.3.5-r5)
(49/52) Purging libsamplerate (0.2.2-r3)
(50/52) Purging libwebp (1.4.0-r0)
(51/52) Purging libsharpyuv (1.4.0-r0)
(52/52) Purging opus (1.5.2-r1)
Executing busybox-1.37.0-r12.trigger
OK: 564 MiB in 132 packages
