pigz: not found
>>> zeromq: Building main/zeromq 4.3.5-r2 (using abuild 3.14.1-r4) started Fri, 23 May 2025 17:58:06 +0000
>>> zeromq: Validating /home/packager/aports/main/zeromq/APKBUILD...
>>> zeromq: Analyzing dependencies...
>>> zeromq: Installing for build: build-base asciidoc cmake libsodium-dev perl samurai util-linux-dev xmlto
(1/41) Installing libffi (3.4.7-r0)
(2/41) Installing gdbm (1.24-r0)
(3/41) Installing xz-libs (5.6.3-r1)
(4/41) Installing mpdecimal (4.0.0-r0)
(5/41) Installing sqlite-libs (3.49.2-r0)
(6/41) Installing python3 (3.12.10-r1)
(7/41) Installing python3-pycache-pyc0 (3.12.10-r1)
(8/41) Installing pyc (3.12.10-r1)
(9/41) Installing libxml2 (2.13.4-r6)
(10/41) Installing libxml2-utils (2.13.4-r6)
(11/41) Installing docbook-xml (4.5-r10)
Executing docbook-xml-4.5-r10.post-install
(12/41) Installing libgcrypt (1.10.3-r1)
(13/41) Installing libxslt (1.1.42-r2)
(14/41) Installing docbook-xsl-ns (1.79.2-r11)
Executing docbook-xsl-ns-1.79.2-r11.post-install
(15/41) Installing docbook-xsl-nons (1.79.2-r11)
Executing docbook-xsl-nons-1.79.2-r11.post-install
(16/41) Installing docbook-xsl (1.79.2-r11)
(17/41) Installing asciidoc-pyc (10.2.1-r0)
(18/41) Installing python3-pyc (3.12.10-r1)
(19/41) Installing asciidoc (10.2.1-r0)
(20/41) Installing lz4-libs (1.10.0-r0)
(21/41) Installing libarchive (3.7.9-r0)
(22/41) Installing rhash-libs (1.4.5-r0)
(23/41) Installing libuv (1.49.2-r0)
(24/41) Installing cmake (3.31.7-r0)
(25/41) Installing libsodium (1.0.20-r0)
(26/41) Installing libsodium-dev (1.0.20-r0)
(27/41) Installing samurai (1.2-r6)
(28/41) Installing libeconf (0.6.3-r0)
(29/41) Installing libblkid (2.40.4-r1)
(30/41) Installing libuuid (2.40.4-r1)
(31/41) Installing libfdisk (2.40.4-r1)
(32/41) Installing liblastlog2 (2.40.4-r1)
(33/41) Installing libmount (2.40.4-r1)
(34/41) Installing libsmartcols (2.40.4-r1)
(35/41) Installing sqlite (3.49.2-r0)
(36/41) Installing sqlite-dev (3.49.2-r0)
(37/41) Installing util-linux-dev (2.40.4-r1)
(38/41) Installing perl-yaml-syck (1.34-r5)
(39/41) Installing perl-test-pod (1.52-r4)
(40/41) Installing xmlto (0.0.29-r0)
(41/41) Installing .makedepends-zeromq (20250523.175808)
Executing busybox-1.37.0-r12.trigger
OK: 688 MiB in 173 packages
>>> zeromq: Cleaning up srcdir
>>> zeromq: Cleaning up pkgdir
>>> zeromq: Cleaning up tmpdir
>>> zeromq: Fetching https://github.com/zeromq/libzmq/releases/download/v4.3.5/zeromq-4.3.5.tar.gz
Connecting to github.com (140.82.121.3:443)
Connecting to objects.githubusercontent.com (185.199.110.133:443)
saving to '/var/cache/distfiles/zeromq-4.3.5.tar.gz.part'
zeromq-4.3.5.tar.gz. 100% |********************************| 2470k  0:00:00 ETA
'/var/cache/distfiles/zeromq-4.3.5.tar.gz.part' saved
>>> zeromq: Fetching https://github.com/zeromq/libzmq/releases/download/v4.3.5/zeromq-4.3.5.tar.gz
>>> zeromq: Checking sha512sums...
zeromq-4.3.5.tar.gz: OK
>>> zeromq: Unpacking /var/cache/distfiles/zeromq-4.3.5.tar.gz...
CMake Warning (dev) at CMakeLists.txt:2 (project):
  cmake_minimum_required() should be called prior to this top-level project()
  call.  Please see the cmake-commands(7) manual for usage documentation of
  both commands.
This warning is for project developers.  Use -Wno-dev to suppress it.

-- The C compiler identification is GNU 14.2.0
-- The CXX compiler identification is GNU 14.2.0
-- Detecting C compiler ABI info
-- Detecting C compiler ABI info - failed
-- Check for working C compiler: /usr/bin/gcc
-- Check for working C compiler: /usr/bin/gcc - broken
CMake Error at /usr/share/cmake/Modules/CMakeTestCCompiler.cmake:67 (message):
  The C compiler

    "/usr/bin/gcc"

  is not able to compile a simple test program.

  It fails with the following output:

    Change Dir: '/home/packager/aports/main/zeromq/src/zeromq-4.3.5/build/CMakeFiles/CMakeScratch/TryCompile-DOoGAM'
    
    Run Build Command(s): /usr/bin/ninja -v cmTC_de715
    [1/2] /usr/bin/gcc   -Os -fstack-clash-protection -Wformat -Werror=format-security -fno-plt -o CMakeFiles/cmTC_de715.dir/testCCompiler.c.o -c /home/packager/aports/main/zeromq/src/zeromq-4.3.5/build/CMakeFiles/CMakeScratch/TryCompile-DOoGAM/testCCompiler.c
    [2/2] : && /usr/bin/gcc -Os -fstack-clash-protection -Wformat -Werror=format-security -fno-plt -Wl,--as-needed,-O1,--sort-common -Wl,-z,pack-relative-relocs   -rdynamic CMakeFiles/cmTC_de715.dir/testCCompiler.c.o -o cmTC_de715   && :
    ninja: job failed: : && /usr/bin/gcc -Os -fstack-clash-protection -Wformat -Werror=format-security -fno-plt -Wl,--as-needed,-O1,--sort-common -Wl,-z,pack-relative-relocs   -rdynamic CMakeFiles/cmTC_de715.dir/testCCompiler.c.o -o cmTC_de715   && :
    /usr/lib/gcc/x86_64-alpine-linux-musl/14.2.0/../../../../x86_64-alpine-linux-musl/bin/ld: cmTC_de715: error: PHDR segment not covered by LOAD segment
    /usr/lib/gcc/x86_64-alpine-linux-musl/14.2.0/../../../../x86_64-alpine-linux-musl/bin/ld: warning: cmTC_de715 has a LOAD segment with RWX permissions
    collect2: error: ld returned 1 exit status
    ninja: subcommand failed
    
    

  

  CMake will not be able to correctly generate this project.
Call Stack (most recent call first):
  CMakeLists.txt:2 (project)


-- Configuring incomplete, errors occurred!
>>> ERROR: zeromq: build failed
>>> zeromq: Uninstalling dependencies...
(1/41) Purging .makedepends-zeromq (20250523.175808)
(2/41) Purging asciidoc-pyc (10.2.1-r0)
(3/41) Purging asciidoc (10.2.1-r0)
(4/41) Purging python3-pyc (3.12.10-r1)
(5/41) Purging python3-pycache-pyc0 (3.12.10-r1)
(6/41) Purging pyc (3.12.10-r1)
(7/41) Purging python3 (3.12.10-r1)
(8/41) Purging cmake (3.31.7-r0)
(9/41) Purging libsodium-dev (1.0.20-r0)
(10/41) Purging libsodium (1.0.20-r0)
(11/41) Purging samurai (1.2-r6)
(12/41) Purging util-linux-dev (2.40.4-r1)
(13/41) Purging libfdisk (2.40.4-r1)
(14/41) Purging liblastlog2 (2.40.4-r1)
(15/41) Purging libmount (2.40.4-r1)
(16/41) Purging libsmartcols (2.40.4-r1)
(17/41) Purging libuuid (2.40.4-r1)
(18/41) Purging xmlto (0.0.29-r0)
(19/41) Purging perl-yaml-syck (1.34-r5)
(20/41) Purging perl-test-pod (1.52-r4)
(21/41) Purging docbook-xsl (1.79.2-r11)
(22/41) Purging docbook-xsl-ns (1.79.2-r11)
Executing docbook-xsl-ns-1.79.2-r11.pre-deinstall
(23/41) Purging docbook-xsl-nons (1.79.2-r11)
Executing docbook-xsl-nons-1.79.2-r11.pre-deinstall
(24/41) Purging docbook-xml (4.5-r10)
Executing docbook-xml-4.5-r10.pre-deinstall
(25/41) Purging libxml2-utils (2.13.4-r6)
(26/41) Purging libxslt (1.1.42-r2)
(27/41) Purging gdbm (1.24-r0)
(28/41) Purging libarchive (3.7.9-r0)
(29/41) Purging libblkid (2.40.4-r1)
(30/41) Purging libeconf (0.6.3-r0)
(31/41) Purging libffi (3.4.7-r0)
(32/41) Purging libgcrypt (1.10.3-r1)
(33/41) Purging libuv (1.49.2-r0)
(34/41) Purging libxml2 (2.13.4-r6)
(35/41) Purging lz4-libs (1.10.0-r0)
(36/41) Purging mpdecimal (4.0.0-r0)
(37/41) Purging rhash-libs (1.4.5-r0)
(38/41) Purging sqlite-dev (3.49.2-r0)
(39/41) Purging sqlite (3.49.2-r0)
(40/41) Purging sqlite-libs (3.49.2-r0)
(41/41) Purging xz-libs (5.6.3-r1)
Executing busybox-1.37.0-r12.trigger
OK: 564 MiB in 132 packages
