pigz: not found
>>> json-c: Building main/json-c 0.18-r0 (using abuild 3.14.1-r4) started Fri, 23 May 2025 15:57:07 +0000
>>> json-c: Validating /home/packager/aports/main/json-c/APKBUILD...
>>> json-c: Analyzing dependencies...
>>> json-c: Installing for build: build-base cmake doxygen samurai
(1/9) Installing lz4-libs (1.10.0-r0)
(2/9) Installing xz-libs (5.6.3-r1)
(3/9) Installing libarchive (3.7.9-r0)
(4/9) Installing rhash-libs (1.4.5-r0)
(5/9) Installing libuv (1.49.2-r0)
(6/9) Installing cmake (3.31.7-r0)
(7/9) Installing doxygen (1.12.0-r0)
(8/9) Installing samurai (1.2-r6)
(9/9) Installing .makedepends-json-c (20250523.155710)
Executing busybox-1.37.0-r12.trigger
OK: 634 MiB in 141 packages
>>> json-c: Cleaning up srcdir
>>> json-c: Cleaning up pkgdir
>>> json-c: Cleaning up tmpdir
>>> json-c: Fetching https://s3.amazonaws.com/json-c_releases/releases/json-c-0.18.tar.gz
Connecting to s3.amazonaws.com (16.15.192.92:443)
saving to '/var/cache/distfiles/json-c-0.18.tar.gz.part'
json-c-0.18.tar.gz.p   4% |*                               | 16951  0:00:22 ETA
json-c-0.18.tar.gz.p 100% |********************************|  392k  0:00:00 ETA
'/var/cache/distfiles/json-c-0.18.tar.gz.part' saved
>>> json-c: Fetching https://s3.amazonaws.com/json-c_releases/releases/json-c-0.18.tar.gz
>>> json-c: Checking sha512sums...
json-c-0.18.tar.gz: OK
>>> json-c: Unpacking /var/cache/distfiles/json-c-0.18.tar.gz...
-- The C compiler identification is GNU 14.2.0
-- Detecting C compiler ABI info
-- Detecting C compiler ABI info - failed
-- Check for working C compiler: /usr/bin/gcc
-- Check for working C compiler: /usr/bin/gcc - broken
CMake Error at /usr/share/cmake/Modules/CMakeTestCCompiler.cmake:67 (message):
  The C compiler

    "/usr/bin/gcc"

  is not able to compile a simple test program.

  It fails with the following output:

    Change Dir: '/home/packager/aports/main/json-c/src/json-c-0.18/build/CMakeFiles/CMakeScratch/TryCompile-miAbcd'
    
    Run Build Command(s): /usr/bin/ninja -v cmTC_ba541
    [1/2] /usr/bin/gcc   -Os -fstack-clash-protection -Wformat -Werror=format-security -fno-plt -o CMakeFiles/cmTC_ba541.dir/testCCompiler.c.o -c /home/packager/aports/main/json-c/src/json-c-0.18/build/CMakeFiles/CMakeScratch/TryCompile-miAbcd/testCCompiler.c
    [2/2] : && /usr/bin/gcc -Os -fstack-clash-protection -Wformat -Werror=format-security -fno-plt -Wl,--as-needed,-O1,--sort-common -Wl,-z,pack-relative-relocs CMakeFiles/cmTC_ba541.dir/testCCompiler.c.o -o cmTC_ba541   && :
    ninja: job failed: : && /usr/bin/gcc -Os -fstack-clash-protection -Wformat -Werror=format-security -fno-plt -Wl,--as-needed,-O1,--sort-common -Wl,-z,pack-relative-relocs CMakeFiles/cmTC_ba541.dir/testCCompiler.c.o -o cmTC_ba541   && :
    /usr/lib/gcc/x86_64-alpine-linux-musl/14.2.0/../../../../x86_64-alpine-linux-musl/bin/ld: cmTC_ba541: error: PHDR segment not covered by LOAD segment
    /usr/lib/gcc/x86_64-alpine-linux-musl/14.2.0/../../../../x86_64-alpine-linux-musl/bin/ld: warning: cmTC_ba541 has a LOAD segment with RWX permissions
    collect2: error: ld returned 1 exit status
    ninja: subcommand failed
    
    

  

  CMake will not be able to correctly generate this project.
Call Stack (most recent call first):
  CMakeLists.txt:10 (project)


-- Configuring incomplete, errors occurred!
>>> ERROR: json-c: build failed
>>> json-c: Uninstalling dependencies...
(1/9) Purging .makedepends-json-c (20250523.155710)
(2/9) Purging cmake (3.31.7-r0)
(3/9) Purging doxygen (1.12.0-r0)
(4/9) Purging samurai (1.2-r6)
(5/9) Purging libarchive (3.7.9-r0)
(6/9) Purging libuv (1.49.2-r0)
(7/9) Purging lz4-libs (1.10.0-r0)
(8/9) Purging rhash-libs (1.4.5-r0)
(9/9) Purging xz-libs (5.6.3-r1)
Executing busybox-1.37.0-r12.trigger
OK: 564 MiB in 132 packages
