pigz: not found
>>> ccache: Building main/ccache 4.11.3-r0 (using abuild 3.14.1-r4) started Fri, 23 May 2025 16:57:30 +0000
>>> ccache: Validating /home/packager/aports/main/ccache/APKBUILD...
>>> ccache: Analyzing dependencies...
>>> ccache: Installing for build: build-base asciidoctor cmake doctest-dev hiredis-dev linux-headers perl samurai xxhash-dev zstd-dev cmd:bash util-linux-misc python3
(1/37) Installing ca-certificates (20241121-r2)
(2/37) Installing libffi (3.4.7-r0)
(3/37) Installing yaml (0.2.5-r2)
(4/37) Installing ruby-libs (3.3.8-r0)
(5/37) Installing ruby (3.3.8-r0)
(6/37) Installing asciidoctor (2.0.23-r1)
(7/37) Installing lz4-libs (1.10.0-r0)
(8/37) Installing xz-libs (5.6.3-r1)
(9/37) Installing libarchive (3.7.9-r0)
(10/37) Installing rhash-libs (1.4.5-r0)
(11/37) Installing libuv (1.49.2-r0)
(12/37) Installing cmake (3.31.7-r0)
(13/37) Installing doctest-dev (2.4.11-r0)
(14/37) Installing hiredis (1.2.0-r0)
(15/37) Installing hiredis-dev (1.2.0-r0)
(16/37) Installing samurai (1.2-r6)
(17/37) Installing libxxhash (0.8.3-r0)
(18/37) Installing xxhash-dev (0.8.3-r0)
(19/37) Installing zstd (1.5.7-r0)
(20/37) Installing zstd-dev (1.5.7-r0)
(21/37) Installing setarch (2.40.4-r1)
(22/37) Installing libeconf (0.6.3-r0)
(23/37) Installing libblkid (2.40.4-r1)
(24/37) Installing libuuid (2.40.4-r1)
(25/37) Installing libfdisk (2.40.4-r1)
(26/37) Installing sqlite-libs (3.49.2-r0)
(27/37) Installing liblastlog2 (2.40.4-r1)
(28/37) Installing libmount (2.40.4-r1)
(29/37) Installing libsmartcols (2.40.4-r1)
(30/37) Installing util-linux-misc (2.40.4-r1)
(31/37) Installing gdbm (1.24-r0)
(32/37) Installing mpdecimal (4.0.0-r0)
(33/37) Installing python3 (3.12.10-r1)
(34/37) Installing python3-pycache-pyc0 (3.12.10-r1)
(35/37) Installing pyc (3.12.10-r1)
(36/37) Installing python3-pyc (3.12.10-r1)
(37/37) Installing .makedepends-ccache (20250523.165732)
Executing ca-certificates-20241121-r2.trigger
Executing busybox-1.37.0-r12.trigger
OK: 674 MiB in 169 packages
>>> ccache: Cleaning up srcdir
>>> ccache: Cleaning up pkgdir
>>> ccache: Cleaning up tmpdir
>>> ccache: Fetching https://github.com/ccache/ccache/releases/download/v4.11.3/ccache-4.11.3.tar.xz
Connecting to github.com (140.82.121.3:443)
Connecting to objects.githubusercontent.com (185.199.109.133:443)
saving to '/var/cache/distfiles/ccache-4.11.3.tar.xz.part'
ccache-4.11.3.tar.xz 100% |********************************|  488k  0:00:00 ETA
'/var/cache/distfiles/ccache-4.11.3.tar.xz.part' saved
>>> ccache: Fetching https://github.com/ccache/ccache/releases/download/v4.11.3/ccache-4.11.3.tar.xz
>>> ccache: Checking sha512sums...
ccache-4.11.3.tar.xz: OK
>>> ccache: Unpacking /var/cache/distfiles/ccache-4.11.3.tar.xz...
mode of '.' retained as 0755 (rwxr-xr-x)
-- The C compiler identification is GNU 14.2.0
-- The CXX compiler identification is GNU 14.2.0
-- The ASM compiler identification is GNU
-- Found assembler: /usr/bin/gcc
-- The ASM_MASM compiler identification is unknown
-- Found assembler: ml
-- Detecting C compiler ABI info
-- Detecting C compiler ABI info - failed
-- Check for working C compiler: /usr/bin/gcc
-- Check for working C compiler: /usr/bin/gcc - broken
CMake Error at /usr/share/cmake/Modules/CMakeTestCCompiler.cmake:67 (message):
  The C compiler

    "/usr/bin/gcc"

  is not able to compile a simple test program.

  It fails with the following output:

    Change Dir: '/home/packager/aports/main/ccache/src/ccache-4.11.3/build/CMakeFiles/CMakeScratch/TryCompile-mOKANk'
    
    Run Build Command(s): /usr/bin/ninja -v cmTC_ff7c6
    [1/2] /usr/bin/gcc   -Os -fstack-clash-protection -Wformat -Werror=format-security -fno-plt -o CMakeFiles/cmTC_ff7c6.dir/testCCompiler.c.o -c /home/packager/aports/main/ccache/src/ccache-4.11.3/build/CMakeFiles/CMakeScratch/TryCompile-mOKANk/testCCompiler.c
    [2/2] : && /usr/bin/gcc -Os -fstack-clash-protection -Wformat -Werror=format-security -fno-plt -Wl,--as-needed,-O1,--sort-common -Wl,-z,pack-relative-relocs CMakeFiles/cmTC_ff7c6.dir/testCCompiler.c.o -o cmTC_ff7c6   && :
    ninja: job failed: : && /usr/bin/gcc -Os -fstack-clash-protection -Wformat -Werror=format-security -fno-plt -Wl,--as-needed,-O1,--sort-common -Wl,-z,pack-relative-relocs CMakeFiles/cmTC_ff7c6.dir/testCCompiler.c.o -o cmTC_ff7c6   && :
    /usr/lib/gcc/x86_64-alpine-linux-musl/14.2.0/../../../../x86_64-alpine-linux-musl/bin/ld: cmTC_ff7c6: error: PHDR segment not covered by LOAD segment
    /usr/lib/gcc/x86_64-alpine-linux-musl/14.2.0/../../../../x86_64-alpine-linux-musl/bin/ld: warning: cmTC_ff7c6 has a LOAD segment with RWX permissions
    collect2: error: ld returned 1 exit status
    ninja: subcommand failed
    
    

  

  CMake will not be able to correctly generate this project.
Call Stack (most recent call first):
  CMakeLists.txt:3 (project)


-- Configuring incomplete, errors occurred!
>>> ERROR: ccache: build failed
>>> ccache: Uninstalling dependencies...
(1/37) Purging .makedepends-ccache (20250523.165732)
(2/37) Purging asciidoctor (2.0.23-r1)
(3/37) Purging ruby (3.3.8-r0)
(4/37) Purging ca-certificates (20241121-r2)
Executing ca-certificates-20241121-r2.post-deinstall
(5/37) Purging cmake (3.31.7-r0)
(6/37) Purging doctest-dev (2.4.11-r0)
(7/37) Purging hiredis-dev (1.2.0-r0)
(8/37) Purging hiredis (1.2.0-r0)
(9/37) Purging samurai (1.2-r6)
(10/37) Purging xxhash-dev (0.8.3-r0)
(11/37) Purging libxxhash (0.8.3-r0)
(12/37) Purging zstd-dev (1.5.7-r0)
(13/37) Purging zstd (1.5.7-r0)
(14/37) Purging util-linux-misc (2.40.4-r1)
(15/37) Purging setarch (2.40.4-r1)
(16/37) Purging python3-pyc (3.12.10-r1)
(17/37) Purging python3-pycache-pyc0 (3.12.10-r1)
(18/37) Purging pyc (3.12.10-r1)
(19/37) Purging python3 (3.12.10-r1)
(20/37) Purging gdbm (1.24-r0)
(21/37) Purging libarchive (3.7.9-r0)
(22/37) Purging libfdisk (2.40.4-r1)
(23/37) Purging liblastlog2 (2.40.4-r1)
(24/37) Purging libmount (2.40.4-r1)
(25/37) Purging libsmartcols (2.40.4-r1)
(26/37) Purging libuuid (2.40.4-r1)
(27/37) Purging libuv (1.49.2-r0)
(28/37) Purging lz4-libs (1.10.0-r0)
(29/37) Purging mpdecimal (4.0.0-r0)
(30/37) Purging rhash-libs (1.4.5-r0)
(31/37) Purging ruby-libs (3.3.8-r0)
(32/37) Purging sqlite-libs (3.49.2-r0)
(33/37) Purging xz-libs (5.6.3-r1)
(34/37) Purging yaml (0.2.5-r2)
(35/37) Purging libblkid (2.40.4-r1)
(36/37) Purging libeconf (0.6.3-r0)
(37/37) Purging libffi (3.4.7-r0)
Executing busybox-1.37.0-r12.trigger
OK: 564 MiB in 132 packages
