pigz: not found
>>> iniparser: Building main/iniparser 4.2.6-r0 (using abuild 3.14.1-r4) started Fri, 23 May 2025 17:49:33 +0000
>>> iniparser: Validating /home/packager/aports/main/iniparser/APKBUILD...
>>> iniparser: Analyzing dependencies...
>>> iniparser: Installing for build: build-base cmd:bash cmake samurai
(1/8) Installing lz4-libs (1.10.0-r0)
(2/8) Installing xz-libs (5.6.3-r1)
(3/8) Installing libarchive (3.7.9-r0)
(4/8) Installing rhash-libs (1.4.5-r0)
(5/8) Installing libuv (1.49.2-r0)
(6/8) Installing cmake (3.31.7-r0)
(7/8) Installing samurai (1.2-r6)
(8/8) Installing .makedepends-iniparser (20250523.174934)
Executing busybox-1.37.0-r12.trigger
OK: 618 MiB in 140 packages
>>> iniparser: Cleaning up srcdir
>>> iniparser: Cleaning up pkgdir
>>> iniparser: Cleaning up tmpdir
>>> iniparser: Fetching iniparser-4.2.6.tar.gz::https://github.com/ndevilla/iniparser/archive/v4.2.6.tar.gz
Connecting to github.com (140.82.121.3:443)
Connecting to codeload.github.com (140.82.121.10:443)
saving to '/var/cache/distfiles/iniparser-4.2.6.tar.gz.part'
iniparser-4.2.6.tar. 100% |********************************| 39062  0:00:00 ETA
'/var/cache/distfiles/iniparser-4.2.6.tar.gz.part' saved
>>> iniparser: Fetching iniparser-4.2.6.tar.gz::https://github.com/ndevilla/iniparser/archive/v4.2.6.tar.gz
>>> iniparser: Checking sha512sums...
iniparser-4.2.6.tar.gz: OK
>>> iniparser: Unpacking /var/cache/distfiles/iniparser-4.2.6.tar.gz...
-- The C compiler identification is GNU 14.2.0
-- Detecting C compiler ABI info
-- Detecting C compiler ABI info - failed
-- Check for working C compiler: /usr/bin/gcc
-- Check for working C compiler: /usr/bin/gcc - broken
CMake Error at /usr/share/cmake/Modules/CMakeTestCCompiler.cmake:67 (message):
  The C compiler

    "/usr/bin/gcc"

  is not able to compile a simple test program.

  It fails with the following output:

    Change Dir: '/home/packager/aports/main/iniparser/src/iniparser-4.2.6/build/CMakeFiles/CMakeScratch/TryCompile-PjaHcD'
    
    Run Build Command(s): /usr/bin/ninja -v cmTC_02841
    [1/2] /usr/bin/gcc   -Os -fstack-clash-protection -Wformat -Werror=format-security -fno-plt -o CMakeFiles/cmTC_02841.dir/testCCompiler.c.o -c /home/packager/aports/main/iniparser/src/iniparser-4.2.6/build/CMakeFiles/CMakeScratch/TryCompile-PjaHcD/testCCompiler.c
    [2/2] : && /usr/bin/gcc -Os -fstack-clash-protection -Wformat -Werror=format-security -fno-plt -Wl,--as-needed,-O1,--sort-common -Wl,-z,pack-relative-relocs CMakeFiles/cmTC_02841.dir/testCCompiler.c.o -o cmTC_02841   && :
    ninja: job failed: : && /usr/bin/gcc -Os -fstack-clash-protection -Wformat -Werror=format-security -fno-plt -Wl,--as-needed,-O1,--sort-common -Wl,-z,pack-relative-relocs CMakeFiles/cmTC_02841.dir/testCCompiler.c.o -o cmTC_02841   && :
    /usr/lib/gcc/x86_64-alpine-linux-musl/14.2.0/../../../../x86_64-alpine-linux-musl/bin/ld: cmTC_02841: error: PHDR segment not covered by LOAD segment
    /usr/lib/gcc/x86_64-alpine-linux-musl/14.2.0/../../../../x86_64-alpine-linux-musl/bin/ld: warning: cmTC_02841 has a LOAD segment with RWX permissions
    collect2: error: ld returned 1 exit status
    ninja: subcommand failed
    
    

  

  CMake will not be able to correctly generate this project.
Call Stack (most recent call first):
  CMakeLists.txt:3 (project)


-- Configuring incomplete, errors occurred!
>>> ERROR: iniparser: build failed
>>> iniparser: Uninstalling dependencies...
(1/8) Purging .makedepends-iniparser (20250523.174934)
(2/8) Purging cmake (3.31.7-r0)
(3/8) Purging samurai (1.2-r6)
(4/8) Purging libarchive (3.7.9-r0)
(5/8) Purging libuv (1.49.2-r0)
(6/8) Purging lz4-libs (1.10.0-r0)
(7/8) Purging rhash-libs (1.4.5-r0)
(8/8) Purging xz-libs (5.6.3-r1)
Executing busybox-1.37.0-r12.trigger
OK: 564 MiB in 132 packages
