pigz: not found
>>> rabbitmq-c: Building main/rabbitmq-c 0.14.0-r0 (using abuild 3.14.1-r4) started Fri, 23 May 2025 17:54:01 +0000
>>> rabbitmq-c: Validating /home/packager/aports/main/rabbitmq-c/APKBUILD...
>>> rabbitmq-c: Analyzing dependencies...
>>> rabbitmq-c: Installing for build: build-base popt-dev openssl-dev>3 cmake xmlto doxygen samurai
(1/23) Installing popt (1.19-r4)
(2/23) Installing popt-dev (1.19-r4)
(3/23) Installing openssl-dev (3.5.0-r0)
(4/23) Installing lz4-libs (1.10.0-r0)
(5/23) Installing xz-libs (5.6.3-r1)
(6/23) Installing libarchive (3.7.9-r0)
(7/23) Installing rhash-libs (1.4.5-r0)
(8/23) Installing libuv (1.49.2-r0)
(9/23) Installing cmake (3.31.7-r0)
(10/23) Installing libgcrypt (1.10.3-r1)
(11/23) Installing libxml2 (2.13.4-r6)
(12/23) Installing libxslt (1.1.42-r2)
(13/23) Installing perl-yaml-syck (1.34-r5)
(14/23) Installing perl-test-pod (1.52-r4)
(15/23) Installing libxml2-utils (2.13.4-r6)
(16/23) Installing docbook-xml (4.5-r10)
Executing docbook-xml-4.5-r10.post-install
(17/23) Installing docbook-xsl-ns (1.79.2-r11)
Executing docbook-xsl-ns-1.79.2-r11.post-install
(18/23) Installing docbook-xsl-nons (1.79.2-r11)
Executing docbook-xsl-nons-1.79.2-r11.post-install
(19/23) Installing docbook-xsl (1.79.2-r11)
(20/23) Installing xmlto (0.0.29-r0)
(21/23) Installing doxygen (1.12.0-r0)
(22/23) Installing samurai (1.2-r6)
(23/23) Installing .makedepends-rabbitmq-c (20250523.175405)
Executing busybox-1.37.0-r12.trigger
OK: 667 MiB in 155 packages
>>> rabbitmq-c: Cleaning up srcdir
>>> rabbitmq-c: Cleaning up pkgdir
>>> rabbitmq-c: Cleaning up tmpdir
>>> rabbitmq-c: Fetching rabbitmq-c-0.14.0.tar.gz::https://github.com/alanxz/rabbitmq-c/archive/v0.14.0.tar.gz
Connecting to github.com (140.82.121.3:443)
Connecting to codeload.github.com (140.82.121.9:443)
saving to '/var/cache/distfiles/rabbitmq-c-0.14.0.tar.gz.part'
rabbitmq-c-0.14.0.ta 100% |********************************|  127k  0:00:00 ETA
'/var/cache/distfiles/rabbitmq-c-0.14.0.tar.gz.part' saved
>>> rabbitmq-c: Fetching rabbitmq-c-0.14.0.tar.gz::https://github.com/alanxz/rabbitmq-c/archive/v0.14.0.tar.gz
>>> rabbitmq-c: Checking sha512sums...
rabbitmq-c-0.14.0.tar.gz: OK
>>> rabbitmq-c: Unpacking /var/cache/distfiles/rabbitmq-c-0.14.0.tar.gz...
-- The C compiler identification is GNU 14.2.0
-- Detecting C compiler ABI info
-- Detecting C compiler ABI info - failed
-- Check for working C compiler: /usr/bin/gcc
-- Check for working C compiler: /usr/bin/gcc - broken
CMake Error at /usr/share/cmake/Modules/CMakeTestCCompiler.cmake:67 (message):
  The C compiler

    "/usr/bin/gcc"

  is not able to compile a simple test program.

  It fails with the following output:

    Change Dir: '/home/packager/aports/main/rabbitmq-c/src/rabbitmq-c-0.14.0/build/CMakeFiles/CMakeScratch/TryCompile-PhFKcP'
    
    Run Build Command(s): /usr/bin/ninja -v cmTC_706d8
    [1/2] /usr/bin/gcc   -Os -fstack-clash-protection -Wformat -Werror=format-security -fno-plt -o CMakeFiles/cmTC_706d8.dir/testCCompiler.c.o -c /home/packager/aports/main/rabbitmq-c/src/rabbitmq-c-0.14.0/build/CMakeFiles/CMakeScratch/TryCompile-PhFKcP/testCCompiler.c
    [2/2] : && /usr/bin/gcc -Os -fstack-clash-protection -Wformat -Werror=format-security -fno-plt -Wl,--as-needed,-O1,--sort-common -Wl,-z,pack-relative-relocs CMakeFiles/cmTC_706d8.dir/testCCompiler.c.o -o cmTC_706d8   && :
    ninja: job failed: : && /usr/bin/gcc -Os -fstack-clash-protection -Wformat -Werror=format-security -fno-plt -Wl,--as-needed,-O1,--sort-common -Wl,-z,pack-relative-relocs CMakeFiles/cmTC_706d8.dir/testCCompiler.c.o -o cmTC_706d8   && :
    /usr/lib/gcc/x86_64-alpine-linux-musl/14.2.0/../../../../x86_64-alpine-linux-musl/bin/ld: cmTC_706d8: error: PHDR segment not covered by LOAD segment
    /usr/lib/gcc/x86_64-alpine-linux-musl/14.2.0/../../../../x86_64-alpine-linux-musl/bin/ld: warning: cmTC_706d8 has a LOAD segment with RWX permissions
    collect2: error: ld returned 1 exit status
    ninja: subcommand failed
    
    

  

  CMake will not be able to correctly generate this project.
Call Stack (most recent call first):
  CMakeLists.txt:24 (project)


-- Configuring incomplete, errors occurred!
>>> ERROR: rabbitmq-c: build failed
>>> rabbitmq-c: Uninstalling dependencies...
(1/23) Purging .makedepends-rabbitmq-c (20250523.175405)
(2/23) Purging popt-dev (1.19-r4)
(3/23) Purging popt (1.19-r4)
(4/23) Purging openssl-dev (3.5.0-r0)
(5/23) Purging cmake (3.31.7-r0)
(6/23) Purging xmlto (0.0.29-r0)
(7/23) Purging perl-yaml-syck (1.34-r5)
(8/23) Purging perl-test-pod (1.52-r4)
(9/23) Purging docbook-xsl (1.79.2-r11)
(10/23) Purging docbook-xsl-ns (1.79.2-r11)
Executing docbook-xsl-ns-1.79.2-r11.pre-deinstall
(11/23) Purging docbook-xsl-nons (1.79.2-r11)
Executing docbook-xsl-nons-1.79.2-r11.pre-deinstall
(12/23) Purging docbook-xml (4.5-r10)
Executing docbook-xml-4.5-r10.pre-deinstall
(13/23) Purging libxml2-utils (2.13.4-r6)
(14/23) Purging libxslt (1.1.42-r2)
(15/23) Purging doxygen (1.12.0-r0)
(16/23) Purging samurai (1.2-r6)
(17/23) Purging libarchive (3.7.9-r0)
(18/23) Purging libgcrypt (1.10.3-r1)
(19/23) Purging libuv (1.49.2-r0)
(20/23) Purging libxml2 (2.13.4-r6)
(21/23) Purging lz4-libs (1.10.0-r0)
(22/23) Purging rhash-libs (1.4.5-r0)
(23/23) Purging xz-libs (5.6.3-r1)
Executing busybox-1.37.0-r12.trigger
OK: 564 MiB in 132 packages
