pigz: not found
>>> rtapd: Building main/rtapd 1.7-r10 (using abuild 3.14.1-r4) started Fri, 23 May 2025 19:08:55 +0000
>>> rtapd: Validating /home/packager/aports/main/rtapd/APKBUILD...
>>> rtapd: Analyzing dependencies...
>>> rtapd: Installing for build: build-base rtnppd libpq-dev
(1/5) Installing rtnppd (1.7b-r12)
Executing rtnppd-1.7b-r12.pre-install
(2/5) Installing libpq (17.5-r0)
(3/5) Installing openssl-dev (3.5.0-r0)
(4/5) Installing libpq-dev (17.5-r0)
(5/5) Installing .makedepends-rtapd (20250523.190858)
Executing busybox-1.37.0-r12.trigger
OK: 569 MiB in 137 packages
>>> rtapd: Cleaning up srcdir
>>> rtapd: Cleaning up pkgdir
>>> rtapd: Cleaning up tmpdir
>>> rtapd: Fetching https://downloads.sourceforge.net/rtnppd/rtapd-1.7.tar.gz
Connecting to downloads.sourceforge.net (104.18.12.149:443)
Connecting to downloads.sourceforge.net (104.18.12.149:443)
Connecting to master.dl.sourceforge.net (216.105.38.12:443)
saving to '/var/cache/distfiles/rtapd-1.7.tar.gz.part'
rtapd-1.7.tar.gz.par 100% |********************************| 42560  0:00:00 ETA
'/var/cache/distfiles/rtapd-1.7.tar.gz.part' saved
>>> rtapd: Fetching https://downloads.sourceforge.net/rtnppd/rtapd-1.7.tar.gz
>>> rtapd: Checking sha512sums...
rtapd-1.7.tar.gz: OK
musl-strtoq.patch: OK
Makefile.patch: OK
gcc14.patch: OK
rtapd.initd: OK
rtapd.confd: OK
>>> rtapd: Unpacking /var/cache/distfiles/rtapd-1.7.tar.gz...
>>> rtapd: musl-strtoq.patch
patching file rtapd.c
>>> rtapd: Makefile.patch
patching file Makefile
>>> rtapd: gcc14.patch
patching file rtapd.c
patching file vsnppd.c
gcc -c -DUSE_POSTGRESQL -I/usr/include/postgresql -O2 -pipe -g -I./ -o rtapd.o rtapd.c
gcc -c -DUSE_POSTGRESQL -I/usr/include/postgresql -O2 -pipe -g -I./ -o readcfg.o readcfg.c
gcc -c -DUSE_POSTGRESQL -I/usr/include/postgresql -O2 -pipe -g -I./ -o crc.o crc.c
gcc -c -DUSE_POSTGRESQL -I/usr/include/postgresql -O2 -pipe -g -I./ -o vsnppd.o vsnppd.c
readcfg.c: In function 'read_config':
readcfg.c:210:43: warning: cast to pointer from integer of different size [-Wint-to-pointer-cast]
  210 |                                           (void *) atoi(temp + match[0].rm_so))) {
      |                                           ^
readcfg.c: In function 'std_DIGITS':
readcfg.c:282:21: warning: cast from pointer to integer of different size [-Wpointer-to-int-cast]
  282 |   *((int *) addr) = (int) value;
      |                     ^
readcfg.c: In function 'std_BOOL':
readcfg.c:288:21: warning: cast from pointer to integer of different size [-Wpointer-to-int-cast]
  288 |   *((int *) addr) = (int) value;
      |                     ^
vsnppd.c: In function 'main':
vsnppd.c:343:35: warning: ' ' flag used with '%s' gnu_printf format [-Wformat=]
  343 |           sprintf(bufid, "B%c%- 10s", page_func, id);
      |                                   ^
rtapd.c: In function 'route_pack':
rtapd.c:2271:38: warning: ' ' flag used with '%s' gnu_printf format [-Wformat=]
 2271 |               sprintf(pbuf, "B%c%- 10s", page_func, pagerid);
      |                                      ^
rtapd.c:2273:38: warning: ' ' flag used with '%s' gnu_printf format [-Wformat=]
 2273 |               sprintf(pbuf, "B%c%- 10s", p_func, pagerid);
      |                                      ^
gcc -o vsnppd vsnppd.o readcfg.o crc.o
/usr/lib/gcc/x86_64-alpine-linux-musl/14.2.0/../../../../x86_64-alpine-linux-musl/bin/ld: vsnppd: error: PHDR segment not covered by LOAD segment
/usr/lib/gcc/x86_64-alpine-linux-musl/14.2.0/../../../../x86_64-alpine-linux-musl/bin/ld: warning: vsnppd has a LOAD segment with RWX permissions
collect2: error: ld returned 1 exit status
make: *** [Makefile:40: vsnppd] Error 1
make: *** Waiting for unfinished jobs....
>>> ERROR: rtapd: build failed
>>> rtapd: Uninstalling dependencies...
(1/5) Purging .makedepends-rtapd (20250523.190858)
(2/5) Purging rtnppd (1.7b-r12)
(3/5) Purging libpq-dev (17.5-r0)
(4/5) Purging libpq (17.5-r0)
(5/5) Purging openssl-dev (3.5.0-r0)
Executing busybox-1.37.0-r12.trigger
OK: 564 MiB in 132 packages
