pigz: not found
>>> libks: Building main/libks 2.0.6-r1 (using abuild 3.14.1-r4) started Fri, 23 May 2025 18:30:27 +0000
>>> libks: Validating /home/packager/aports/main/libks/APKBUILD...
>>> libks: Analyzing dependencies...
>>> libks: Installing for build: build-base cmake samurai util-linux-dev openssl-dev>3
(1/20) Installing lz4-libs (1.10.0-r0)
(2/20) Installing xz-libs (5.6.3-r1)
(3/20) Installing libarchive (3.7.9-r0)
(4/20) Installing rhash-libs (1.4.5-r0)
(5/20) Installing libuv (1.49.2-r0)
(6/20) Installing cmake (3.31.7-r0)
(7/20) Installing samurai (1.2-r6)
(8/20) Installing libeconf (0.6.3-r0)
(9/20) Installing libblkid (2.40.4-r1)
(10/20) Installing libuuid (2.40.4-r1)
(11/20) Installing libfdisk (2.40.4-r1)
(12/20) Installing sqlite-libs (3.49.2-r0)
(13/20) Installing liblastlog2 (2.40.4-r1)
(14/20) Installing libmount (2.40.4-r1)
(15/20) Installing libsmartcols (2.40.4-r1)
(16/20) Installing sqlite (3.49.2-r0)
(17/20) Installing sqlite-dev (3.49.2-r0)
(18/20) Installing util-linux-dev (2.40.4-r1)
(19/20) Installing openssl-dev (3.5.0-r0)
(20/20) Installing .makedepends-libks (20250523.183029)
Executing busybox-1.37.0-r12.trigger
OK: 625 MiB in 152 packages
>>> libks: Cleaning up srcdir
>>> libks: Cleaning up pkgdir
>>> libks: Cleaning up tmpdir
>>> libks: Fetching libks-2.0.6.tar.gz::https://github.com/signalwire/libks/archive/refs/tags/v2.0.6.tar.gz
Connecting to github.com (140.82.121.3:443)
Connecting to codeload.github.com (140.82.121.9:443)
saving to '/var/cache/distfiles/libks-2.0.6.tar.gz.part'
libks-2.0.6.tar.gz.p 100% |********************************|  233k  0:00:00 ETA
'/var/cache/distfiles/libks-2.0.6.tar.gz.part' saved
>>> libks: Fetching libks-2.0.6.tar.gz::https://github.com/signalwire/libks/archive/refs/tags/v2.0.6.tar.gz
>>> libks: Checking sha512sums...
libks-2.0.6.tar.gz: OK
disable-failing-tests.patch: OK
fix-deadlock.patch: OK
>>> libks: Unpacking /var/cache/distfiles/libks-2.0.6.tar.gz...
>>> libks: disable-failing-tests.patch
patching file tests/CMakeLists.txt
>>> libks: fix-deadlock.patch
patching file src/ks_log.c
CMake Deprecation Warning at CMakeLists.txt:1 (cmake_minimum_required):
  Compatibility with CMake < 3.10 will be removed from a future version of
  CMake.

  Update the VERSION argument <min> value.  Or, use the <min>...<max> syntax
  to tell CMake that the project requires at least <min> but has been updated
  to work with policies introduced by <max> or earlier.


Platform is linux
Build type: MinSizeRel CXX Flags: 
Install prefix: /usr
-- Found Git: /usr/bin/git (found version "2.47.2")
-- The C compiler identification is GNU 14.2.0
-- The CXX compiler identification is GNU 14.2.0
-- Detecting C compiler ABI info
-- Detecting C compiler ABI info - failed
-- Check for working C compiler: /usr/bin/gcc
-- Check for working C compiler: /usr/bin/gcc - broken
CMake Error at /usr/share/cmake/Modules/CMakeTestCCompiler.cmake:67 (message):
  The C compiler

    "/usr/bin/gcc"

  is not able to compile a simple test program.

  It fails with the following output:

    Change Dir: '/home/packager/aports/main/libks/src/libks-2.0.6/CMakeFiles/CMakeScratch/TryCompile-ipgGgN'
    
    Run Build Command(s): /usr/bin/ninja -v cmTC_e7ffc
    [1/2] /usr/bin/gcc   -std=c11  -fPIE -o CMakeFiles/cmTC_e7ffc.dir/testCCompiler.c.o -c /home/packager/aports/main/libks/src/libks-2.0.6/CMakeFiles/CMakeScratch/TryCompile-ipgGgN/testCCompiler.c
    [2/2] : && /usr/bin/gcc -std=c11 -Wl,--as-needed,-O1,--sort-common -Wl,-z,pack-relative-relocs CMakeFiles/cmTC_e7ffc.dir/testCCompiler.c.o -o cmTC_e7ffc   && :
    ninja: job failed: : && /usr/bin/gcc -std=c11 -Wl,--as-needed,-O1,--sort-common -Wl,-z,pack-relative-relocs CMakeFiles/cmTC_e7ffc.dir/testCCompiler.c.o -o cmTC_e7ffc   && :
    /usr/lib/gcc/x86_64-alpine-linux-musl/14.2.0/../../../../x86_64-alpine-linux-musl/bin/ld: cmTC_e7ffc: error: PHDR segment not covered by LOAD segment
    /usr/lib/gcc/x86_64-alpine-linux-musl/14.2.0/../../../../x86_64-alpine-linux-musl/bin/ld: warning: cmTC_e7ffc has a LOAD segment with RWX permissions
    collect2: error: ld returned 1 exit status
    ninja: subcommand failed
    
    

  

  CMake will not be able to correctly generate this project.
Call Stack (most recent call first):
  CMakeLists.txt:43 (project)


-- Configuring incomplete, errors occurred!
>>> ERROR: libks: build failed
>>> libks: Uninstalling dependencies...
(1/20) Purging .makedepends-libks (20250523.183029)
(2/20) Purging cmake (3.31.7-r0)
(3/20) Purging samurai (1.2-r6)
(4/20) Purging util-linux-dev (2.40.4-r1)
(5/20) Purging libfdisk (2.40.4-r1)
(6/20) Purging liblastlog2 (2.40.4-r1)
(7/20) Purging libmount (2.40.4-r1)
(8/20) Purging libsmartcols (2.40.4-r1)
(9/20) Purging libuuid (2.40.4-r1)
(10/20) Purging openssl-dev (3.5.0-r0)
(11/20) Purging libarchive (3.7.9-r0)
(12/20) Purging libblkid (2.40.4-r1)
(13/20) Purging libeconf (0.6.3-r0)
(14/20) Purging libuv (1.49.2-r0)
(15/20) Purging lz4-libs (1.10.0-r0)
(16/20) Purging rhash-libs (1.4.5-r0)
(17/20) Purging sqlite-dev (3.49.2-r0)
(18/20) Purging sqlite (3.49.2-r0)
(19/20) Purging sqlite-libs (3.49.2-r0)
(20/20) Purging xz-libs (5.6.3-r1)
Executing busybox-1.37.0-r12.trigger
OK: 564 MiB in 132 packages
