pigz: not found
>>> spandsp3: Building main/spandsp3 0_git20201102-r3 (using abuild 3.14.1-r4) started Fri, 23 May 2025 17:05:44 +0000
>>> spandsp3: Validating /home/packager/aports/main/spandsp3/APKBUILD...
>>> spandsp3: Analyzing dependencies...
>>> spandsp3: Installing for build: build-base autoconf automake libtool m4 util-linux tiff-dev jpeg-dev libxslt-dev
(1/61) Installing libltdl (2.4.7-r3)
(2/61) Installing libtool (2.4.7-r3)
(3/61) Installing util-linux (2.40.4-r1)
(4/61) Installing dmesg (2.40.4-r1)
(5/61) Installing setarch (2.40.4-r1)
(6/61) Installing libeconf (0.6.3-r0)
(7/61) Installing libblkid (2.40.4-r1)
(8/61) Installing libuuid (2.40.4-r1)
(9/61) Installing libfdisk (2.40.4-r1)
(10/61) Installing sqlite-libs (3.49.2-r0)
(11/61) Installing liblastlog2 (2.40.4-r1)
(12/61) Installing libmount (2.40.4-r1)
(13/61) Installing libsmartcols (2.40.4-r1)
(14/61) Installing util-linux-misc (2.40.4-r1)
(15/61) Installing linux-pam (1.7.0-r3)
(16/61) Installing runuser (2.40.4-r1)
(17/61) Installing mount (2.40.4-r1)
(18/61) Installing losetup (2.40.4-r1)
(19/61) Installing hexdump (2.40.4-r1)
(20/61) Installing uuidgen (2.40.4-r1)
(21/61) Installing blkid (2.40.4-r1)
(22/61) Installing sfdisk (2.40.4-r1)
(23/61) Installing mcookie (2.40.4-r1)
(24/61) Installing agetty (2.40.4-r1)
(25/61) Installing wipefs (2.40.4-r1)
(26/61) Installing cfdisk (2.40.4-r1)
(27/61) Installing umount (2.40.4-r1)
(28/61) Installing flock (2.40.4-r1)
(29/61) Installing lsblk (2.40.4-r1)
(30/61) Installing libcap-ng (0.8.5-r0)
(31/61) Installing setpriv (2.40.4-r1)
(32/61) Installing lscpu (2.40.4-r1)
(33/61) Installing logger (2.40.4-r1)
(34/61) Installing partx (2.40.4-r1)
(35/61) Installing fstrim (2.40.4-r1)
(36/61) Installing findmnt (2.40.4-r1)
(37/61) Installing libjpeg-turbo (3.1.0-r0)
(38/61) Installing libsharpyuv (1.4.0-r0)
(39/61) Installing libwebp (1.4.0-r0)
(40/61) Installing tiff (4.7.0-r0)
(41/61) Installing libtiffxx (4.7.0-r0)
(42/61) Installing libturbojpeg (3.1.0-r0)
(43/61) Installing libjpeg-turbo-dev (3.1.0-r0)
(44/61) Installing libwebpdecoder (1.4.0-r0)
(45/61) Installing libwebpdemux (1.4.0-r0)
(46/61) Installing libwebpmux (1.4.0-r0)
(47/61) Installing libwebp-dev (1.4.0-r0)
(48/61) Installing zstd (1.5.7-r0)
(49/61) Installing zstd-dev (1.5.7-r0)
(50/61) Installing tiff-dev (4.7.0-r0)
(51/61) Installing jpeg-dev (9f-r0)
(52/61) Installing libgcrypt (1.10.3-r1)
(53/61) Installing xz-libs (5.6.3-r1)
(54/61) Installing libxml2 (2.13.4-r6)
(55/61) Installing libxslt (1.1.42-r2)
(56/61) Installing xz (5.6.3-r1)
(57/61) Installing xz-dev (5.6.3-r1)
(58/61) Installing libxml2-utils (2.13.4-r6)
(59/61) Installing libxml2-dev (2.13.4-r6)
(60/61) Installing libxslt-dev (1.1.42-r2)
(61/61) Installing .makedepends-spandsp3 (20250523.170551)
Executing busybox-1.37.0-r12.trigger
OK: 580 MiB in 193 packages
>>> spandsp3: Cleaning up srcdir
>>> spandsp3: Cleaning up pkgdir
>>> spandsp3: Cleaning up tmpdir
>>> spandsp3: Fetching spandsp3-0_git20201102.tar.gz::https://github.com/freeswitch/spandsp/archive/6ec23e5a7e411a22d59e5678d12c4d2942c4a4b6.tar.gz
Connecting to github.com (140.82.121.3:443)
Connecting to codeload.github.com (140.82.121.10:443)
saving to '/var/cache/distfiles/spandsp3-0_git20201102.tar.gz.part'
spandsp3-0_git202011 100% |********************************| 3501k  0:00:00 ETA
'/var/cache/distfiles/spandsp3-0_git20201102.tar.gz.part' saved
>>> spandsp3: Fetching spandsp3-0_git20201102.tar.gz::https://github.com/freeswitch/spandsp/archive/6ec23e5a7e411a22d59e5678d12c4d2942c4a4b6.tar.gz
>>> spandsp3: Checking sha512sums...
spandsp3-0_git20201102.tar.gz: OK
>>> spandsp3: Unpacking /var/cache/distfiles/spandsp3-0_git20201102.tar.gz...
mkdir: cannot create directory ‘config’: File exists
libtoolize: putting auxiliary files in AC_CONFIG_AUX_DIR, 'config'.
libtoolize: copying file 'config/ltmain.sh'
libtoolize: putting macros in AC_CONFIG_MACRO_DIRS, 'm4'.
libtoolize: copying file 'm4/libtool.m4'
libtoolize: copying file 'm4/ltoptions.m4'
libtoolize: copying file 'm4/ltsugar.m4'
libtoolize: copying file 'm4/ltversion.m4'
libtoolize: copying file 'm4/lt~obsolete.m4'
configure.ac:52: warning: The macro 'AC_PROG_GCC_TRADITIONAL' is obsolete.
configure.ac:52: You should run autoupdate.
./lib/autoconf/c.m4:1676: AC_PROG_GCC_TRADITIONAL is expanded from...
configure.ac:52: the top level
configure.ac:53: warning: The macro 'AC_PROG_LIBTOOL' is obsolete.
configure.ac:53: You should run autoupdate.
m4/libtool.m4:100: AC_PROG_LIBTOOL is expanded from...
configure.ac:53: the top level
configure.ac:130: warning: The macro 'AC_TYPE_SIGNAL' is obsolete.
configure.ac:130: You should run autoupdate.
./lib/autoconf/types.m4:805: AC_TYPE_SIGNAL is expanded from...
configure.ac:130: the top level
configure.ac:149: warning: The macro 'AC_HELP_STRING' is obsolete.
configure.ac:149: You should run autoupdate.
./lib/autoconf/general.m4:204: AC_HELP_STRING is expanded from...
./lib/autoconf/general.m4:1534: AC_ARG_ENABLE is expanded from...
configure.ac:149: the top level
configure.ac:155: warning: The macro 'AC_TRY_RUN' is obsolete.
configure.ac:155: You should run autoupdate.
./lib/autoconf/general.m4:2995: AC_TRY_RUN is expanded from...
lib/m4sugar/m4sh.m4:690: _AS_IF_ELSE is expanded from...
lib/m4sugar/m4sh.m4:697: AS_IF is expanded from...
./lib/autoconf/general.m4:2249: AC_CACHE_VAL is expanded from...
m4/ac_func_memmove.m4:1: AC_FUNC_MEMMOVE is expanded from...
configure.ac:155: the top level
configure.ac:159: warning: The macro 'AC_TRY_LINK' is obsolete.
configure.ac:159: You should run autoupdate.
./lib/autoconf/general.m4:2918: AC_TRY_LINK is expanded from...
lib/m4sugar/m4sh.m4:690: _AS_IF_ELSE is expanded from...
lib/m4sugar/m4sh.m4:697: AS_IF is expanded from...
./lib/autoconf/general.m4:2249: AC_CACHE_VAL is expanded from...
./lib/autoconf/general.m4:2270: AC_CACHE_CHECK is expanded from...
m4/ax_c99_features.m4:46: AX_C99_FUNC_LRINT is expanded from...
configure.ac:159: the top level
configure.ac:160: warning: The macro 'AC_TRY_LINK' is obsolete.
configure.ac:160: You should run autoupdate.
./lib/autoconf/general.m4:2918: AC_TRY_LINK is expanded from...
lib/m4sugar/m4sh.m4:690: _AS_IF_ELSE is expanded from...
lib/m4sugar/m4sh.m4:697: AS_IF is expanded from...
./lib/autoconf/general.m4:2249: AC_CACHE_VAL is expanded from...
./lib/autoconf/general.m4:2270: AC_CACHE_CHECK is expanded from...
m4/ax_c99_features.m4:83: AX_C99_FUNC_LRINTF is expanded from...
configure.ac:160: the top level
configure.ac:161: warning: The macro 'AC_TRY_LINK' is obsolete.
configure.ac:161: You should run autoupdate.
./lib/autoconf/general.m4:2918: AC_TRY_LINK is expanded from...
lib/m4sugar/m4sh.m4:690: _AS_IF_ELSE is expanded from...
lib/m4sugar/m4sh.m4:697: AS_IF is expanded from...
./lib/autoconf/general.m4:2249: AC_CACHE_VAL is expanded from...
./lib/autoconf/general.m4:2270: AC_CACHE_CHECK is expanded from...
m4/ax_c99_features.m4:120: AX_C99_FUNC_LLRINT is expanded from...
configure.ac:161: the top level
configure.ac:162: warning: The macro 'AC_TRY_LINK' is obsolete.
configure.ac:162: You should run autoupdate.
./lib/autoconf/general.m4:2918: AC_TRY_LINK is expanded from...
lib/m4sugar/m4sh.m4:690: _AS_IF_ELSE is expanded from...
lib/m4sugar/m4sh.m4:697: AS_IF is expanded from...
./lib/autoconf/general.m4:2249: AC_CACHE_VAL is expanded from...
./lib/autoconf/general.m4:2270: AC_CACHE_CHECK is expanded from...
m4/ax_c99_features.m4:158: AX_C99_FUNC_LLRINTF is expanded from...
configure.ac:162: the top level
configure.ac:171: warning: The macro 'AC_TRY_LINK' is obsolete.
configure.ac:171: You should run autoupdate.
./lib/autoconf/general.m4:2918: AC_TRY_LINK is expanded from...
m4/ax_c99_features.m4:13: AX_C99_FLEXIBLE_ARRAY is expanded from...
configure.ac:171: the top level
configure.ac:188: warning: The macro 'AC_HEADER_STDC' is obsolete.
configure.ac:188: You should run autoupdate.
./lib/autoconf/headers.m4:663: AC_HEADER_STDC is expanded from...
configure.ac:188: the top level
configure.ac:190: warning: The macro 'AC_HEADER_TIME' is obsolete.
configure.ac:190: You should run autoupdate.
./lib/autoconf/headers.m4:702: AC_HEADER_TIME is expanded from...
configure.ac:190: the top level
configure.ac:238: warning: The macro 'AC_TRY_COMPILE' is obsolete.
configure.ac:238: You should run autoupdate.
./lib/autoconf/general.m4:2845: AC_TRY_COMPILE is expanded from...
configure.ac:238: the top level
configure.ac:248: warning: The macro 'AC_TRY_COMPILE' is obsolete.
configure.ac:248: You should run autoupdate.
./lib/autoconf/general.m4:2845: AC_TRY_COMPILE is expanded from...
configure.ac:248: the top level
configure.ac:338: warning: The macro 'AC_TRY_COMPILE' is obsolete.
configure.ac:338: You should run autoupdate.
./lib/autoconf/general.m4:2845: AC_TRY_COMPILE is expanded from...
lib/m4sugar/m4sh.m4:690: _AS_IF_ELSE is expanded from...
lib/m4sugar/m4sh.m4:697: AS_IF is expanded from...
./lib/autoconf/general.m4:2249: AC_CACHE_VAL is expanded from...
./lib/autoconf/general.m4:2270: AC_CACHE_CHECK is expanded from...
configure.ac:338: the top level
configure.ac:50: installing 'config/compile'
configure.ac:48: installing 'config/config.guess'
configure.ac:48: installing 'config/config.sub'
configure.ac:46: installing 'config/install-sh'
configure.ac:46: installing 'config/missing'
Makefile.am: installing './INSTALL'
spandsp-sim/Makefile.am: installing 'config/depcomp'
checking for a BSD-compatible install... /usr/bin/install -c
checking whether sleep supports fractional seconds... yes
checking filesystem timestamp resolution... 0.01
checking whether build environment is sane... yes
checking for a race-free mkdir -p... /bin/mkdir -p
checking for gawk... gawk
checking whether make sets $(MAKE)... yes
checking whether make supports nested variables... yes
checking xargs -n works... yes
checking build system type... x86_64-alpine-linux-musl
checking host system type... x86_64-alpine-linux-musl
checking for x86_64-alpine-linux-musl-gcc... gcc
checking whether the C compiler works... no
configure: error: in '/home/packager/aports/main/spandsp3/src/spandsp-6ec23e5a7e411a22d59e5678d12c4d2942c4a4b6':
configure: error: C compiler cannot create executables
See 'config.log' for more details
>>> ERROR: spandsp3: build failed
>>> spandsp3: Uninstalling dependencies...
(1/61) Purging .makedepends-spandsp3 (20250523.170551)
(2/61) Purging libtool (2.4.7-r3)
(3/61) Purging libltdl (2.4.7-r3)
(4/61) Purging dmesg (2.40.4-r1)
(5/61) Purging runuser (2.40.4-r1)
(6/61) Purging uuidgen (2.40.4-r1)
(7/61) Purging blkid (2.40.4-r1)
(8/61) Purging mcookie (2.40.4-r1)
(9/61) Purging hexdump (2.40.4-r1)
(10/61) Purging sfdisk (2.40.4-r1)
(11/61) Purging mount (2.40.4-r1)
(12/61) Purging cfdisk (2.40.4-r1)
(13/61) Purging losetup (2.40.4-r1)
(14/61) Purging flock (2.40.4-r1)
(15/61) Purging setpriv (2.40.4-r1)
(16/61) Purging lscpu (2.40.4-r1)
(17/61) Purging logger (2.40.4-r1)
(18/61) Purging partx (2.40.4-r1)
(19/61) Purging fstrim (2.40.4-r1)
(20/61) Purging lsblk (2.40.4-r1)
(21/61) Purging umount (2.40.4-r1)
(22/61) Purging agetty (2.40.4-r1)
(23/61) Purging findmnt (2.40.4-r1)
(24/61) Purging util-linux-misc (2.40.4-r1)
(25/61) Purging setarch (2.40.4-r1)
(26/61) Purging wipefs (2.40.4-r1)
(27/61) Purging util-linux (2.40.4-r1)
(28/61) Purging tiff-dev (4.7.0-r0)
(29/61) Purging libtiffxx (4.7.0-r0)
(30/61) Purging tiff (4.7.0-r0)
(31/61) Purging jpeg-dev (9f-r0)
(32/61) Purging libjpeg-turbo-dev (3.1.0-r0)
(33/61) Purging libjpeg-turbo (3.1.0-r0)
(34/61) Purging libturbojpeg (3.1.0-r0)
(35/61) Purging libxslt-dev (1.1.42-r2)
(36/61) Purging libxslt (1.1.42-r2)
(37/61) Purging libcap-ng (0.8.5-r0)
(38/61) Purging libfdisk (2.40.4-r1)
(39/61) Purging libgcrypt (1.10.3-r1)
(40/61) Purging liblastlog2 (2.40.4-r1)
(41/61) Purging libmount (2.40.4-r1)
(42/61) Purging libsmartcols (2.40.4-r1)
(43/61) Purging libuuid (2.40.4-r1)
(44/61) Purging libwebp-dev (1.4.0-r0)
(45/61) Purging libwebpdecoder (1.4.0-r0)
(46/61) Purging libwebpdemux (1.4.0-r0)
(47/61) Purging libwebpmux (1.4.0-r0)
(48/61) Purging libxml2-dev (2.13.4-r6)
(49/61) Purging libxml2-utils (2.13.4-r6)
(50/61) Purging libxml2 (2.13.4-r6)
(51/61) Purging linux-pam (1.7.0-r3)
(52/61) Purging sqlite-libs (3.49.2-r0)
(53/61) Purging xz-dev (5.6.3-r1)
(54/61) Purging xz (5.6.3-r1)
(55/61) Purging xz-libs (5.6.3-r1)
(56/61) Purging zstd-dev (1.5.7-r0)
(57/61) Purging zstd (1.5.7-r0)
(58/61) Purging libblkid (2.40.4-r1)
(59/61) Purging libeconf (0.6.3-r0)
(60/61) Purging libwebp (1.4.0-r0)
(61/61) Purging libsharpyuv (1.4.0-r0)
Executing busybox-1.37.0-r12.trigger
OK: 564 MiB in 132 packages
