>>> abuild: Validating /home/packager/oily-pine/main/abuild/APKBUILD...
>>> abuild: Cleaning up srcdir
>>> abuild: Cleaning up pkgdir
>>> abuild: Cleaning up tmpdir
>>> abuild: Fetching https://gitlab.alpinelinux.org/alpine/abuild/-/archive/3.15.0_rc3/abuild-3.15.0_rc3.tar.gz
>>> abuild: Fetching https://gitlab.alpinelinux.org/alpine/abuild/-/archive/3.15.0_rc3/abuild-3.15.0_rc3.tar.gz
>>> abuild: Checking sha512sums...
abuild-3.15.0_rc3.tar.gz: OK
>>> abuild: Preparing build chroot...
installing oils!
fetch http://dl-cdn.alpinelinux.org/alpine/edge/main/x86_64/APKINDEX.tar.gz
WARNING: opening /home/packager/packages//# for oils: No such file or directory
(1/81) Installing musl (1.2.5-r13)
(2/81) Installing libcrypto3 (3.5.1-r0)
(3/81) Installing libssl3 (3.5.1-r0)
(4/81) Installing zlib (1.3.1-r2)
(5/81) Installing zstd-libs (1.5.7-r1)
(6/81) Installing libapk (3.0.0_rc5_git20250613-r0)
(7/81) Installing ca-certificates-bundle (20241121-r2)
(8/81) Installing apk-tools (3.0.0_rc5_git20250613-r0)
(9/81) Installing libcap2 (2.76-r0)
(10/81) Installing libcap-getcap (2.76-r0)
(11/81) Installing fakeroot (1.37.1.2-r0)
(12/81) Installing scanelf (1.3.8-r1)
(13/81) Installing musl-utils (1.2.5-r13)
(14/81) Installing libgcc (14.3.0-r5)
(15/81) Installing libstdc++ (14.3.0-r5)
(16/81) Installing lzip (1.25-r0)
(17/81) Installing openssl (3.5.1-r0)
(18/81) Installing patch (2.8-r0)
(19/81) Installing pkgconf (2.5.1-r0)
(20/81) Installing acl-libs (2.3.2-r1)
(21/81) Installing tar (1.35-r4)
(22/81) Installing alpine-baselayout-data (3.7.0-r0)
(23/81) Installing busybox (1.37.0-r18)
Executing busybox-1.37.0-r18.post-install
(24/81) Installing ssl_client (1.37.0-r18)
(25/81) Installing ncurses-terminfo-base (6.5_p20250705-r0)
(26/81) Installing libncursesw (6.5_p20250705-r0)
(27/81) Installing readline (8.3.0-r1)
(28/81) Installing oils-for-unix (0.28.0-r0)
(29/81) Installing oils-for-unix-binsh (0.28.0-r0)
(30/81) Installing abuild (3.15.0-r2)
Executing abuild-3.15.0-r2.pre-install
(31/81) Installing abuild-sudo (3.15.0-r2)
(32/81) Installing alpine-baselayout (3.7.0-r0)
Executing alpine-baselayout-3.7.0-r0.pre-install
Executing alpine-baselayout-3.7.0-r0.post-install
(33/81) Installing bridge (1.5-r5)
(34/81) Installing ifupdown-ng (0.12.1-r7)
(35/81) Installing openrc-user (0.62.5-r0)
(36/81) Installing openrc (0.62.5-r0)
Executing openrc-0.62.5-r0.post-install
(37/81) Installing mdev-conf (4.8-r0)
(38/81) Installing busybox-mdev-openrc (1.37.0-r18)
(39/81) Installing alpine-conf (3.20.0-r0)
(40/81) Installing alpine-keys (2.5-r0)
(41/81) Installing alpine-release (3.23.0_alpha20250612-r0)
(42/81) Installing busybox-openrc (1.37.0-r18)
(43/81) Installing busybox-suid (1.37.0-r18)
(44/81) Installing alpine-base (3.23.0_alpha20250612-r0)
(45/81) Installing jansson (2.14.1-r0)
(46/81) Installing binutils (2.44-r0)
(47/81) Installing libmagic (5.46-r2)
(48/81) Installing file (5.46-r2)
(49/81) Installing libgomp (14.3.0-r5)
(50/81) Installing libatomic (14.3.0-r5)
(51/81) Installing gmp (6.3.0-r4)
(52/81) Installing isl26 (0.26-r1)
(53/81) Installing mpfr4 (4.2.2-r0)
(54/81) Installing mpc1 (1.3.1-r1)
(55/81) Installing gcc (14.3.0-r5)
(56/81) Installing libstdc++-dev (14.3.0-r5)
(57/81) Installing musl-dev (1.2.5-r13)
(58/81) Installing g++ (14.3.0-r5)
(59/81) Installing make (4.4.1-r3)
(60/81) Installing fortify-headers (1.1-r5)
(61/81) Installing build-base (0.5-r3)
(62/81) Installing libcap-setcap (2.76-r0)
(63/81) Installing brotli-libs (1.1.0-r2)
(64/81) Installing c-ares (1.34.5-r0)
(65/81) Installing libunistring (1.3-r0)
(66/81) Installing libidn2 (2.3.8-r0)
(67/81) Installing nghttp2-libs (1.66.0-r0)
(68/81) Installing libpsl (0.21.5-r3)
(69/81) Installing libcurl (8.14.1-r2)
(70/81) Installing libexpat (2.7.1-r0)
(71/81) Installing pcre2 (10.43-r1)
(72/81) Installing git (2.50.1-r0)
(73/81) Installing git-init-template (2.50.1-r0)
(74/81) Installing atf (0.23-r0)
(75/81) Installing lua5.4-libs (5.4.8-r0)
(76/81) Installing lutok (0.6.1-r0)
(77/81) Installing sqlite-libs (3.50.2-r0)
(78/81) Installing kyua (0.13-r8)
(79/81) Installing openssl-dev (3.5.1-r0)
(80/81) Installing scdoc (1.11.3-r0)
(81/81) Installing zlib-dev (1.3.1-r2)
Executing busybox-1.37.0-r18.trigger
OK: 303 MiB in 81 packages
>>> abuild: Fetching https://gitlab.alpinelinux.org/alpine/abuild/-/archive/3.15.0_rc3/abuild-3.15.0_rc3.tar.gz
>>> abuild: Checking sha512sums...
abuild-3.15.0_rc3.tar.gz: OK
>>> abuild: Unpacking /var/cache/distfiles/abuild-3.15.0_rc3.tar.gz...
sed -e 's:@VERSION@:3.15.0_rc3-r1:g' -e 's:@prefix@:/usr:g' -e 's:@sysconfdir@:/etc:g' -e 's:@sharedir@:/usr/share/abuild:g'   abuild.in > abuild
sed -e 's:@VERSION@:3.15.0_rc3-r1:g' -e 's:@prefix@:/usr:g' -e 's:@sysconfdir@:/etc:g' -e 's:@sharedir@:/usr/share/abuild:g'   abuild-keygen.in > abuild-keygen
sed -e 's:@VERSION@:3.15.0_rc3-r1:g' -e 's:@prefix@:/usr:g' -e 's:@sysconfdir@:/etc:g' -e 's:@sharedir@:/usr/share/abuild:g'   abuild-sign.in > abuild-sign
sed -e 's:@VERSION@:3.15.0_rc3-r1:g' -e 's:@prefix@:/usr:g' -e 's:@sysconfdir@:/etc:g' -e 's:@sharedir@:/usr/share/abuild:g'   newapkbuild.in > newapkbuild
sed -e 's:@VERSION@:3.15.0_rc3-r1:g' -e 's:@prefix@:/usr:g' -e 's:@sysconfdir@:/etc:g' -e 's:@sharedir@:/usr/share/abuild:g'   abump.in > abump
sed -e 's:@VERSION@:3.15.0_rc3-r1:g' -e 's:@prefix@:/usr:g' -e 's:@sysconfdir@:/etc:g' -e 's:@sharedir@:/usr/share/abuild:g'   apkgrel.in > apkgrel
sed -e 's:@VERSION@:3.15.0_rc3-r1:g' -e 's:@prefix@:/usr:g' -e 's:@sysconfdir@:/etc:g' -e 's:@sharedir@:/usr/share/abuild:g'   buildlab.in > buildlab
sed -e 's:@VERSION@:3.15.0_rc3-r1:g' -e 's:@prefix@:/usr:g' -e 's:@sysconfdir@:/etc:g' -e 's:@sharedir@:/usr/share/abuild:g'   apkbuild-cpan.in > apkbuild-cpan
sed -e 's:@VERSION@:3.15.0_rc3-r1:g' -e 's:@prefix@:/usr:g' -e 's:@sysconfdir@:/etc:g' -e 's:@sharedir@:/usr/share/abuild:g'   apkbuild-pypi.in > apkbuild-pypi
sed -e 's:@VERSION@:3.15.0_rc3-r1:g' -e 's:@prefix@:/usr:g' -e 's:@sysconfdir@:/etc:g' -e 's:@sharedir@:/usr/share/abuild:g'   checkapk.in > checkapk
sed -e 's:@VERSION@:3.15.0_rc3-r1:g' -e 's:@prefix@:/usr:g' -e 's:@sysconfdir@:/etc:g' -e 's:@sharedir@:/usr/share/abuild:g'   apkbuild-gem-resolver.in > apkbuild-gem-resolver
cc  -Os -fstack-clash-protection -Wformat -Werror=format-security -fno-plt  -o abuild-tar.o -c abuild-tar.c
cc  -Os -fstack-clash-protection -Wformat -Werror=format-security -fno-plt  -o abuild-gzsplit.o -c abuild-gzsplit.c
chmod +x apkgrel
cc  -Os -fstack-clash-protection -Wformat -Werror=format-security -fno-plt  -o abuild-sudo.o -c abuild-sudo.c
cc  -Os -fstack-clash-protection -Wformat -Werror=format-security -fno-plt  -o abuild-fetch.o -c abuild-fetch.c
chmod +x abump
cc -Os -fstack-clash-protection -Wformat -Werror=format-security -fno-plt  -Wl,--as-needed,-O1,--sort-common -Wl,-z,pack-relative-relocs  abuild-rmtemp.c   -o abuild-rmtemp
chmod +x abuild-sign
chmod +x abuild-keygen
chmod +x buildlab
scdoc < newapkbuild.1.scd > newapkbuild.1
chmod +x newapkbuild
scdoc < abuild.1.scd > abuild.1
chmod +x apkbuild-pypi
chmod +x checkapk
chmod +x apkbuild-gem-resolver
scdoc < abump.1.scd > abump.1
scdoc < APKBUILD.5.scd > APKBUILD.5
scdoc < abuild.conf.5.scd > abuild.conf.5
sed -e 's:@VERSION@:3.15.0_rc3-r1:g' -e 's:@prefix@:/usr:g' -e 's:@sysconfdir@:/etc:g' -e 's:@sharedir@:/usr/share/abuild:g'   functions.sh.in > functions.sh
sed -e 's:@VERSION@:3.15.0_rc3-r1:g' -e 's:@prefix@:/usr:g' -e 's:@sysconfdir@:/etc:g' -e 's:@sharedir@:/usr/share/abuild:g'   abuild.conf.in > abuild.conf
chmod +x apkbuild-cpan
chmod +x functions.sh
chmod +x abuild
cc abuild-gzsplit.o -o abuild-gzsplit -Wl,--as-needed,-O1,--sort-common -Wl,-z,pack-relative-relocs -lz 
cc abuild-sudo.o -o abuild-sudo -Wl,--as-needed,-O1,--sort-common -Wl,-z,pack-relative-relocs  
cc abuild-fetch.o -o abuild-fetch -Wl,--as-needed,-O1,--sort-common -Wl,-z,pack-relative-relocs  
cc abuild-tar.o -o abuild-tar -Wl,--as-needed,-O1,--sort-common -Wl,-z,pack-relative-relocs  -lssl -lcrypto
echo "syntax(2)" > tests/Kyuafile
openssl genrsa -out "tests/testdata/abuild.key" 4096
echo "test_suite('abuild')" >> tests/Kyuafile
for i in abuild_fetch_test abuild_gzsplit_test abuild_keygen_test abuild_sign_test abuild_tar_test abuild_test abump_test apkgrel_test checkapk_test functions_test; do \
	echo "atf_test_program{name='$i',timeout=60}" >> tests/Kyuafile ; \
done
echo "syntax(2)" > Kyuafile
echo "test_suite('abuild')" >> Kyuafile
echo "include('tests/Kyuafile')" >> Kyuafile
openssl rsa -in "tests/testdata/abuild.key" -pubout -out "tests/testdata/abuild.key.pub"
writing RSA key
kyua --variable parallelism=16 test || (kyua report --verbose && exit 1)
tests/abuild_fetch_test:abuild_fetch_curl_failure  ->  broken: Premature exit; test case exited with code 1  [0.038s]
tests/abuild_fetch_test:abuild_fetch_curl_http  ->  broken: Premature exit; test case exited with code 1  [0.039s]
tests/abuild_fetch_test:abuild_fetch_curl_invocation  ->  broken: Premature exit; test case exited with code 1  [0.039s]
tests/abuild_fetch_test:abuild_fetch_help  ->  broken: Premature exit; test case exited with code 1  [0.040s]
tests/abuild_fetch_test:abuild_fetch_locking  ->  broken: Premature exit; test case exited with code 1  [0.040s]
tests/abuild_fetch_test:abuild_fetch_wget_failure  ->  broken: Premature exit; test case exited with code 1  [0.068s]
tests/abuild_fetch_test:abuild_fetch_wget_fallback  ->  broken: Premature exit; test case exited with code 1  [0.068s]
tests/abuild_fetch_test:abuild_fetch_wget_http  ->  broken: Premature exit; test case exited with code 1  [0.068s]
tests/abuild_gzsplit_test:abuild_gzsplit_3_11_package  ->  broken: Premature exit; test case exited with code 1  [0.055s]
tests/abuild_gzsplit_test:abuild_gzsplit_3_12_package  ->  broken: Premature exit; test case exited with code 1  [0.055s]
tests/abuild_keygen_test:abuild_keygen_append  ->  broken: Premature exit; test case exited with code 1  [0.035s]
tests/abuild_keygen_test:abuild_keygen_help  ->  broken: Premature exit; test case exited with code 1  [0.035s]
tests/abuild_keygen_test:abuild_keygen_install_doas  ->  broken: Premature exit; test case exited with code 1  [0.036s]
tests/abuild_keygen_test:abuild_keygen_install_interactive  ->  broken: Premature exit; test case exited with code 1  [0.036s]
tests/abuild_keygen_test:abuild_keygen_install_non_interactive  ->  broken: Premature exit; test case exited with code 1  [0.036s]
tests/abuild_keygen_test:abuild_keygen_install_without_sudo  ->  broken: Premature exit; test case exited with code 1  [0.036s]
tests/abuild_keygen_test:abuild_keygen_invalid_arg  ->  broken: Premature exit; test case exited with code 1  [0.051s]
tests/abuild_keygen_test:abuild_keygen_invalid_opts  ->  broken: Premature exit; test case exited with code 1  [0.051s]
tests/abuild_keygen_test:abuild_keygen_kernel  ->  broken: Premature exit; test case exited with code 1  [0.051s]
tests/abuild_keygen_test:abuild_keygen_non_interactive  ->  broken: Premature exit; test case exited with code 1  [0.051s]
tests/abuild_sign_test:abuild_sign_help  ->  broken: Premature exit; test case exited with code 1  [0.104s]
tests/abuild_sign_test:abuild_sign_installed  ->  broken: Premature exit; test case exited with code 1  [0.104s]
tests/abuild_sign_test:abuild_sign_installed_missing  ->  broken: Premature exit; test case exited with code 1  [0.105s]
tests/abuild_sign_test:abuild_sign_installed_missing_priv  ->  broken: Premature exit; test case exited with code 1  [0.105s]
tests/abuild_sign_test:abuild_sign_installed_missing_pub  ->  broken: Premature exit; test case exited with code 1  [0.105s]
tests/abuild_sign_test:abuild_sign_invalid_opt  ->  broken: Premature exit; test case exited with code 1  [0.105s]
tests/abuild_sign_test:abuild_sign_missing_arg  ->  broken: Premature exit; test case exited with code 1  [0.105s]
tests/abuild_sign_test:abuild_sign_owner_type_default  ->  broken: Premature exit; test case exited with code 1  [0.105s]
tests/abuild_sign_test:abuild_sign_owner_type_invalid  ->  broken: Premature exit; test case exited with code 1  [0.105s]
tests/abuild_sign_test:abuild_sign_owner_type_rsa  ->  broken: Premature exit; test case exited with code 1  [0.105s]
tests/abuild_sign_test:abuild_sign_owner_type_rsa256  ->  broken: Premature exit; test case exited with code 1  [0.105s]
tests/abuild_tar_test:abuild_tar_cut  ->  broken: Premature exit; test case exited with code 1  [0.090s]
tests/abuild_tar_test:abuild_tar_hash  ->  broken: Premature exit; test case exited with code 1  [0.091s]
tests/abuild_tar_test:abuild_tar_help  ->  broken: Premature exit; test case exited with code 1  [0.091s]
tests/abuild_tar_test:abuild_tar_invalid_opt  ->  broken: Premature exit; test case exited with code 1  [0.091s]
tests/abuild_test:abuild_amove  ->  broken: Premature exit; test case exited with code 1  [0.017s]
tests/abuild_test:abuild_cargo_home_dir  ->  broken: Premature exit; test case exited with code 1  [0.016s]
tests/abuild_test:abuild_checksum_duplicates  ->  broken: Premature exit; test case exited with code 1  [0.016s]
tests/abuild_test:abuild_bigdocs  ->  broken: Premature exit; test case exited with code 1  [0.019s]
tests/abuild_test:abuild_cleanoldpkg  ->  broken: Premature exit; test case exited with code 1  [0.016s]
tests/abuild_test:abuild_build_fail  ->  broken: Premature exit; test case exited with code 1  [0.020s]
tests/abuild_test:abuild_dbg_subpackage  ->  broken: Premature exit; test case exited with code 1  [0.016s]
tests/abuild_test:abuild_command_provides  ->  broken: Premature exit; test case exited with code 1  [0.017s]
tests/abuild_test:abuild_check_maintainer  ->  broken: Premature exit; test case exited with code 1  [0.021s]
tests/abuild_test:abuild_duplicate_subpkgname  ->  broken: Premature exit; test case exited with code 1  [0.014s]
tests/abuild_test:abuild_devhelp_warn  ->  broken: Premature exit; test case exited with code 1  [0.017s]
tests/abuild_test:abuild_checksum_generation  ->  broken: Premature exit; test case exited with code 1  [0.022s]
tests/abuild_test:abuild_doc  ->  broken: Premature exit; test case exited with code 1  [0.018s]
tests/abuild_test:abuild_dev  ->  broken: Premature exit; test case exited with code 1  [0.021s]
tests/abuild_test:abuild_deps  ->  broken: Premature exit; test case exited with code 1  [0.023s]
tests/abuild_test:abuild_devhelp  ->  broken: Premature exit; test case exited with code 1  [0.022s]
tests/abuild_test:abuild_help  ->  broken: Premature exit; test case exited with code 1  [0.012s]
tests/abuild_test:abuild_fish_comp_split  ->  broken: Premature exit; test case exited with code 1  [0.017s]
tests/abuild_test:abuild_invalid_subpkg_version  ->  broken: Premature exit; test case exited with code 1  [0.015s]
tests/abuild_test:abuild_git_ceiling  ->  broken: Premature exit; test case exited with code 1  [0.020s]
tests/abuild_test:abuild_gocache_dir  ->  broken: Premature exit; test case exited with code 1  [0.021s]
tests/abuild_test:abuild_invalid_pkgnames  ->  broken: Premature exit; test case exited with code 1  [0.019s]
tests/abuild_test:abuild_invalid_subpkgnames  ->  broken: Premature exit; test case exited with code 1  [0.019s]
tests/abuild_test:abuild_invalid_filename  ->  broken: Premature exit; test case exited with code 1  [0.023s]
tests/abuild_test:abuild_invalid_opt  ->  broken: Premature exit; test case exited with code 1  [0.024s]
tests/abuild_test:abuild_keepdirs  ->  broken: Premature exit; test case exited with code 1  [0.022s]
tests/abuild_test:abuild_large_doc_subpackage  ->  broken: Premature exit; test case exited with code 1  [0.022s]
tests/abuild_test:abuild_license_spdx  ->  broken: Premature exit; test case exited with code 1  [0.022s]
tests/abuild_test:abuild_multiline_license  ->  broken: Premature exit; test case exited with code 1  [0.022s]
tests/abuild_test:abuild_package_size  ->  broken: Premature exit; test case exited with code 1  [0.022s]
tests/abuild_test:abuild_path_with_spaces  ->  broken: Premature exit; test case exited with code 1  [0.023s]
tests/abuild_test:abuild_pkgver_digit_letter_digit  ->  broken: Premature exit; test case exited with code 1  [0.023s]
tests/abuild_test:abuild_provide_pkgname  ->  broken: Premature exit; test case exited with code 1  [0.022s]
tests/abuild_test:abuild_py_dependency_scan  ->  broken: Premature exit; test case exited with code 1  [0.020s]
tests/abuild_test:abuild_py_dependency_scan_conflict  ->  broken: Premature exit; test case exited with code 1  [0.019s]
tests/abuild_test:abuild_py_providers_creation  ->  broken: Premature exit; test case exited with code 1  [0.018s]
tests/abuild_test:abuild_pyc  ->  broken: Premature exit; test case exited with code 1  [0.018s]
tests/abuild_test:abuild_pyc_warn  ->  broken: Premature exit; test case exited with code 1  [0.034s]
tests/abuild_test:abuild_reject_init_with_improper_shebang  ->  broken: Premature exit; test case exited with code 1  [0.033s]
tests/abuild_test:abuild_reproducible  ->  broken: Premature exit; test case exited with code 1  [0.033s]
tests/abuild_test:abuild_rpaths  ->  broken: Premature exit; test case exited with code 1  [0.032s]
tests/abuild_test:abuild_setcap_binary  ->  broken: Premature exit; test case exited with code 1  [0.032s]
tests/abuild_test:abuild_setcap_binary_with_option  ->  broken: Premature exit; test case exited with code 1  [0.042s]
tests/abuild_test:abuild_simple_pkg_without_deps  ->  broken: Premature exit; test case exited with code 1  [0.057s]
tests/abuild_test:abuild_subpackage_arch  ->  broken: Premature exit; test case exited with code 1  [0.057s]
tests/abuild_test:abuild_subpkg_dep_leak  ->  broken: Premature exit; test case exited with code 1  [0.056s]
tests/abuild_test:abuild_subpkg_libs  ->  broken: Premature exit; test case exited with code 1  [0.055s]
tests/abuild_test:abuild_usr_lib64  ->  broken: Premature exit; test case exited with code 1  [0.069s]
tests/abuild_test:abuild_usr_merge  ->  broken: Premature exit; test case exited with code 1  [0.068s]
tests/abuild_test:abuild_valid_pkgnames  ->  broken: Premature exit; test case exited with code 1  [0.068s]
tests/abuild_test:abuild_validate_depends  ->  broken: Premature exit; test case exited with code 1  [0.067s]
tests/abuild_test:abuild_version  ->  broken: Premature exit; test case exited with code 1  [0.066s]
tests/abump_test:abump_help  ->  broken: Premature exit; test case exited with code 1  [0.051s]
tests/abump_test:abump_invalid_opt  ->  broken: Premature exit; test case exited with code 1  [0.050s]
tests/abump_test:abump_isolates_apkbuild  ->  broken: Premature exit; test case exited with code 1  [0.050s]
tests/abump_test:abump_missing_args  ->  broken: Premature exit; test case exited with code 1  [0.049s]
tests/abump_test:abump_simple_bump  ->  broken: Premature exit; test case exited with code 1  [0.049s]
tests/apkgrel_test:apkgrel_usage  ->  broken: Premature exit; test case exited with code 1  [0.037s]
tests/checkapk_test:checkapk_help  ->  broken: Premature exit; test case exited with code 1  [0.021s]
tests/checkapk_test:checkapk_invalid_opt  ->  broken: Premature exit; test case exited with code 1  [0.021s]
tests/checkapk_test:checkapk_missing_abuild_conf  ->  broken: Premature exit; test case exited with code 1  [0.020s]
tests/checkapk_test:checkapk_missing_apkbuild  ->  broken: Premature exit; test case exited with code 1  [0.020s]
tests/functions_test:funcs_check_CBUILD  ->  broken: Premature exit; test case exited with code 1  [0.007s]
tests/functions_test:funcs_check_defconfig  ->  broken: Premature exit; test case exited with code 1  [0.007s]
tests/functions_test:funcs_check_missing_gcc  ->  broken: Premature exit; test case exited with code 1  [0.007s]
tests/functions_test:funcs_check_env_set_but_empty  ->  broken: Premature exit; test case exited with code 1  [0.011s]
tests/functions_test:funcs_check_missing_apk  ->  broken: Premature exit; test case exited with code 1  [0.011s]
tests/functions_test:funcs_check_missing_git  ->  broken: Premature exit; test case exited with code 1  [0.011s]

Results file id is tmp_src_abuild-3.15.0_rc3.20250709-015658-549007
Results saved to /home/packager/.kyua/store/results.tmp_src_abuild-3.15.0_rc3.20250709-015658-549007.db

0/103 passed (103 failed)
===> Execution context
Current directory: /tmp/src/abuild-3.15.0_rc3
Environment variables:
    ABUILD_LAST_COMMIT=267b66a1d7c525365ee1224fcfc2c8e1a1314150
    ABUILD_USERDIR=/home/packager/.abuild
    BUILDCC=cc
    BUILDCFLAGS=-Os -fstack-clash-protection -Wformat -Werror=format-security -fno-plt
    BUILDCPPFLAGS=
    BUILDCXX=c++
    BUILDCXXFLAGS=-Os -fstack-clash-protection -Wformat -Werror=format-security -D_GLIBCXX_ASSERTIONS=1 -D_LIBCPP_ENABLE_THREAD_SAFETY_ANNOTATIONS=1 -D_LIBCPP_ENABLE_HARDENED_MODE=1 -fno-plt
    BUILDLD=ld
    BUILDLDFLAGS=-Wl,--as-needed,-O1,--sort-common -Wl,-z,pack-relative-relocs
    CARCH=x86_64
    CARGO_BUILD_JOBS=16
    CARGO_PROFILE_RELEASE_CODEGEN_UNITS=1
    CARGO_PROFILE_RELEASE_LTO=true
    CARGO_PROFILE_RELEASE_OPT_LEVEL=s
    CARGO_PROFILE_RELEASE_PANIC=abort
    CC=cc
    CFLAGS=-Os -fstack-clash-protection -Wformat -Werror=format-security -fno-plt
    CMAKE_BUILD_PARALLEL_LEVEL=16
    CMAKE_GENERATOR=Ninja
    COLUMNS=60
    CTEST_NO_TESTS_ACTION=error
    CTEST_OUTPUT_ON_FAILURE=ON
    CTEST_PARALLEL_LEVEL=16
    CXX=c++
    CXXFLAGS=-Os -fstack-clash-protection -Wformat -Werror=format-security -D_GLIBCXX_ASSERTIONS=1 -D_LIBCPP_ENABLE_THREAD_SAFETY_ANNOTATIONS=1 -D_LIBCPP_ENABLE_HARDENED_MODE=1 -fno-plt
    DFLAGS=-Os
    FAKEROOTDONTTRYCHOWN=1
    GIT_CEILING_DIRECTORIES=/home/packager/oily-pine/main/abuild
    GOFLAGS=-buildmode=pie -modcacherw -trimpath -buildvcs=false
    HOME=/home/packager
    JOBS=16
    LDFLAGS=-Wl,--as-needed,-O1,--sort-common -Wl,-z,pack-relative-relocs
    LINES=35
    MAKEFLAGS= -j16 --jobserver-auth=fifo:/tmp/GMfifo103
    MAKELEVEL=1
    MFLAGS=-j16 --jobserver-auth=fifo:/tmp/GMfifo103
    OLDPWD=/tmp/src/abuild-3.15.0_rc3
    PATH=/bin:/usr/bin:/sbin:/usr/sbin
    PERL_MM_USE_DEFAULT=1
    PWD=/tmp/src/abuild-3.15.0_rc3
    REPODEST=/home/packager/packages/
    RUSTFLAGS= -Clink-arg=-Wl,-z,pack-relative-relocs
    SAMUFLAGS=-j16
    SHLVL=1
    SOURCE_DATE_EPOCH=1744960379
    SRCDEST=/var/cache/distfiles
    abuild_srcdir=/tmp/src
    git=/usr/bin/git
    pkgbasedir=/tmp/pkg
    tmpdir=/tmp/tmp
===> tests/abuild_fetch_test:abuild_fetch_curl_failure
Result:     broken: Premature exit; test case exited with code 1
Start time: 2025-07-09T01:56:58.574627Z
End time:   2025-07-09T01:56:58.613121Z
Duration:   0.038s

Metadata:
    allowed_architectures is empty
    allowed_platforms is empty
    description is empty
    has_cleanup = false
    is_exclusive = false
    required_configs is empty
    required_disk_space = 0
    required_files is empty
    required_memory = 0
    required_programs is empty
    required_user is empty
    timeout = 300

Standard error:
abuild_fetch_test: ERROR: Cannot provide test case names with -l
abuild_fetch_test: See atf-test-program(1) for usage details.
===> tests/abuild_fetch_test:abuild_fetch_curl_http
Result:     broken: Premature exit; test case exited with code 1
Start time: 2025-07-09T01:56:58.574943Z
End time:   2025-07-09T01:56:58.613908Z
Duration:   0.039s

Metadata:
    allowed_architectures is empty
    allowed_platforms is empty
    description is empty
    has_cleanup = false
    is_exclusive = false
    required_configs is empty
    required_disk_space = 0
    required_files is empty
    required_memory = 0
    required_programs is empty
    required_user is empty
    timeout = 300

Standard error:
abuild_fetch_test: ERROR: Cannot provide test case names with -l
abuild_fetch_test: See atf-test-program(1) for usage details.
===> tests/abuild_fetch_test:abuild_fetch_curl_invocation
Result:     broken: Premature exit; test case exited with code 1
Start time: 2025-07-09T01:56:58.575222Z
End time:   2025-07-09T01:56:58.614503Z
Duration:   0.039s

Metadata:
    allowed_architectures is empty
    allowed_platforms is empty
    description is empty
    has_cleanup = false
    is_exclusive = false
    required_configs is empty
    required_disk_space = 0
    required_files is empty
    required_memory = 0
    required_programs is empty
    required_user is empty
    timeout = 300

Standard error:
abuild_fetch_test: ERROR: Cannot provide test case names with -l
abuild_fetch_test: See atf-test-program(1) for usage details.
===> tests/abuild_fetch_test:abuild_fetch_help
Result:     broken: Premature exit; test case exited with code 1
Start time: 2025-07-09T01:56:58.575485Z
End time:   2025-07-09T01:56:58.615088Z
Duration:   0.040s

Metadata:
    allowed_architectures is empty
    allowed_platforms is empty
    description is empty
    has_cleanup = false
    is_exclusive = false
    required_configs is empty
    required_disk_space = 0
    required_files is empty
    required_memory = 0
    required_programs is empty
    required_user is empty
    timeout = 300

Standard error:
abuild_fetch_test: ERROR: Cannot provide test case names with -l
abuild_fetch_test: See atf-test-program(1) for usage details.
===> tests/abuild_fetch_test:abuild_fetch_locking
Result:     broken: Premature exit; test case exited with code 1
Start time: 2025-07-09T01:56:58.575753Z
End time:   2025-07-09T01:56:58.615643Z
Duration:   0.040s

Metadata:
    allowed_architectures is empty
    allowed_platforms is empty
    description is empty
    has_cleanup = false
    is_exclusive = false
    required_configs is empty
    required_disk_space = 0
    required_files is empty
    required_memory = 0
    required_programs is empty
    required_user is empty
    timeout = 300

Standard error:
abuild_fetch_test: ERROR: Cannot provide test case names with -l
abuild_fetch_test: See atf-test-program(1) for usage details.
===> tests/abuild_fetch_test:abuild_fetch_wget_failure
Result:     broken: Premature exit; test case exited with code 1
Start time: 2025-07-09T01:56:58.576028Z
End time:   2025-07-09T01:56:58.643844Z
Duration:   0.068s

Metadata:
    allowed_architectures is empty
    allowed_platforms is empty
    description is empty
    has_cleanup = false
    is_exclusive = false
    required_configs is empty
    required_disk_space = 0
    required_files is empty
    required_memory = 0
    required_programs is empty
    required_user is empty
    timeout = 300

Standard error:
abuild_fetch_test: ERROR: Cannot provide test case names with -l
abuild_fetch_test: See atf-test-program(1) for usage details.
===> tests/abuild_fetch_test:abuild_fetch_wget_fallback
Result:     broken: Premature exit; test case exited with code 1
Start time: 2025-07-09T01:56:58.576305Z
End time:   2025-07-09T01:56:58.644413Z
Duration:   0.068s

Metadata:
    allowed_architectures is empty
    allowed_platforms is empty
    description is empty
    has_cleanup = false
    is_exclusive = false
    required_configs is empty
    required_disk_space = 0
    required_files is empty
    required_memory = 0
    required_programs is empty
    required_user is empty
    timeout = 300

Standard error:
abuild_fetch_test: ERROR: Cannot provide test case names with -l
abuild_fetch_test: See atf-test-program(1) for usage details.
===> tests/abuild_fetch_test:abuild_fetch_wget_http
Result:     broken: Premature exit; test case exited with code 1
Start time: 2025-07-09T01:56:58.576571Z
End time:   2025-07-09T01:56:58.644977Z
Duration:   0.068s

Metadata:
    allowed_architectures is empty
    allowed_platforms is empty
    description is empty
    has_cleanup = false
    is_exclusive = false
    required_configs is empty
    required_disk_space = 0
    required_files is empty
    required_memory = 0
    required_programs is empty
    required_user is empty
    timeout = 300

Standard error:
abuild_fetch_test: ERROR: Cannot provide test case names with -l
abuild_fetch_test: See atf-test-program(1) for usage details.
===> tests/abuild_gzsplit_test:abuild_gzsplit_3_11_package
Result:     broken: Premature exit; test case exited with code 1
Start time: 2025-07-09T01:56:58.590759Z
End time:   2025-07-09T01:56:58.645573Z
Duration:   0.055s

Metadata:
    allowed_architectures is empty
    allowed_platforms is empty
    description is empty
    has_cleanup = false
    is_exclusive = false
    required_configs is empty
    required_disk_space = 0
    required_files is empty
    required_memory = 0
    required_programs is empty
    required_user is empty
    timeout = 300

Standard error:
abuild_gzsplit_test: ERROR: Cannot provide test case names with -l
abuild_gzsplit_test: See atf-test-program(1) for usage details.
===> tests/abuild_gzsplit_test:abuild_gzsplit_3_12_package
Result:     broken: Premature exit; test case exited with code 1
Start time: 2025-07-09T01:56:58.591057Z
End time:   2025-07-09T01:56:58.646139Z
Duration:   0.055s

Metadata:
    allowed_architectures is empty
    allowed_platforms is empty
    description is empty
    has_cleanup = false
    is_exclusive = false
    required_configs is empty
    required_disk_space = 0
    required_files is empty
    required_memory = 0
    required_programs is empty
    required_user is empty
    timeout = 300

Standard error:
abuild_gzsplit_test: ERROR: Cannot provide test case names with -l
abuild_gzsplit_test: See atf-test-program(1) for usage details.
===> tests/abuild_keygen_test:abuild_keygen_append
Result:     broken: Premature exit; test case exited with code 1
Start time: 2025-07-09T01:56:58.611527Z
End time:   2025-07-09T01:56:58.646677Z
Duration:   0.035s

Metadata:
    allowed_architectures is empty
    allowed_platforms is empty
    description is empty
    has_cleanup = false
    is_exclusive = false
    required_configs is empty
    required_disk_space = 0
    required_files is empty
    required_memory = 0
    required_programs is empty
    required_user is empty
    timeout = 300

Standard error:
abuild_keygen_test: ERROR: Cannot provide test case names with -l
abuild_keygen_test: See atf-test-program(1) for usage details.
===> tests/abuild_keygen_test:abuild_keygen_help
Result:     broken: Premature exit; test case exited with code 1
Start time: 2025-07-09T01:56:58.611858Z
End time:   2025-07-09T01:56:58.647220Z
Duration:   0.035s

Metadata:
    allowed_architectures is empty
    allowed_platforms is empty
    description is empty
    has_cleanup = false
    is_exclusive = false
    required_configs is empty
    required_disk_space = 0
    required_files is empty
    required_memory = 0
    required_programs is empty
    required_user is empty
    timeout = 300

Standard error:
abuild_keygen_test: ERROR: Cannot provide test case names with -l
abuild_keygen_test: See atf-test-program(1) for usage details.
===> tests/abuild_keygen_test:abuild_keygen_install_doas
Result:     broken: Premature exit; test case exited with code 1
Start time: 2025-07-09T01:56:58.612144Z
End time:   2025-07-09T01:56:58.647755Z
Duration:   0.036s

Metadata:
    allowed_architectures is empty
    allowed_platforms is empty
    description is empty
    has_cleanup = false
    is_exclusive = false
    required_configs is empty
    required_disk_space = 0
    required_files is empty
    required_memory = 0
    required_programs is empty
    required_user is empty
    timeout = 300

Standard error:
abuild_keygen_test: ERROR: Cannot provide test case names with -l
abuild_keygen_test: See atf-test-program(1) for usage details.
===> tests/abuild_keygen_test:abuild_keygen_install_interactive
Result:     broken: Premature exit; test case exited with code 1
Start time: 2025-07-09T01:56:58.612427Z
End time:   2025-07-09T01:56:58.648285Z
Duration:   0.036s

Metadata:
    allowed_architectures is empty
    allowed_platforms is empty
    description is empty
    has_cleanup = false
    is_exclusive = false
    required_configs is empty
    required_disk_space = 0
    required_files is empty
    required_memory = 0
    required_programs is empty
    required_user is empty
    timeout = 300

Standard error:
abuild_keygen_test: ERROR: Cannot provide test case names with -l
abuild_keygen_test: See atf-test-program(1) for usage details.
===> tests/abuild_keygen_test:abuild_keygen_install_non_interactive
Result:     broken: Premature exit; test case exited with code 1
Start time: 2025-07-09T01:56:58.612707Z
End time:   2025-07-09T01:56:58.648816Z
Duration:   0.036s

Metadata:
    allowed_architectures is empty
    allowed_platforms is empty
    description is empty
    has_cleanup = false
    is_exclusive = false
    required_configs is empty
    required_disk_space = 0
    required_files is empty
    required_memory = 0
    required_programs is empty
    required_user is empty
    timeout = 300

Standard error:
abuild_keygen_test: ERROR: Cannot provide test case names with -l
abuild_keygen_test: See atf-test-program(1) for usage details.
===> tests/abuild_keygen_test:abuild_keygen_install_without_sudo
Result:     broken: Premature exit; test case exited with code 1
Start time: 2025-07-09T01:56:58.613006Z
End time:   2025-07-09T01:56:58.649372Z
Duration:   0.036s

Metadata:
    allowed_architectures is empty
    allowed_platforms is empty
    description is empty
    has_cleanup = false
    is_exclusive = false
    required_configs is empty
    required_disk_space = 0
    required_files is empty
    required_memory = 0
    required_programs is empty
    required_user is empty
    timeout = 300

Standard error:
abuild_keygen_test: ERROR: Cannot provide test case names with -l
abuild_keygen_test: See atf-test-program(1) for usage details.
===> tests/abuild_keygen_test:abuild_keygen_invalid_arg
Result:     broken: Premature exit; test case exited with code 1
Start time: 2025-07-09T01:56:58.613823Z
End time:   2025-07-09T01:56:58.664924Z
Duration:   0.051s

Metadata:
    allowed_architectures is empty
    allowed_platforms is empty
    description is empty
    has_cleanup = false
    is_exclusive = false
    required_configs is empty
    required_disk_space = 0
    required_files is empty
    required_memory = 0
    required_programs is empty
    required_user is empty
    timeout = 300

Standard error:
abuild_keygen_test: ERROR: Cannot provide test case names with -l
abuild_keygen_test: See atf-test-program(1) for usage details.
===> tests/abuild_keygen_test:abuild_keygen_invalid_opts
Result:     broken: Premature exit; test case exited with code 1
Start time: 2025-07-09T01:56:58.614411Z
End time:   2025-07-09T01:56:58.665481Z
Duration:   0.051s

Metadata:
    allowed_architectures is empty
    allowed_platforms is empty
    description is empty
    has_cleanup = false
    is_exclusive = false
    required_configs is empty
    required_disk_space = 0
    required_files is empty
    required_memory = 0
    required_programs is empty
    required_user is empty
    timeout = 300

Standard error:
abuild_keygen_test: ERROR: Cannot provide test case names with -l
abuild_keygen_test: See atf-test-program(1) for usage details.
===> tests/abuild_keygen_test:abuild_keygen_kernel
Result:     broken: Premature exit; test case exited with code 1
Start time: 2025-07-09T01:56:58.615000Z
End time:   2025-07-09T01:56:58.666056Z
Duration:   0.051s

Metadata:
    allowed_architectures is empty
    allowed_platforms is empty
    description is empty
    has_cleanup = false
    is_exclusive = false
    required_configs is empty
    required_disk_space = 0
    required_files is empty
    required_memory = 0
    required_programs is empty
    required_user is empty
    timeout = 300

Standard error:
abuild_keygen_test: ERROR: Cannot provide test case names with -l
abuild_keygen_test: See atf-test-program(1) for usage details.
===> tests/abuild_keygen_test:abuild_keygen_non_interactive
Result:     broken: Premature exit; test case exited with code 1
Start time: 2025-07-09T01:56:58.615556Z
End time:   2025-07-09T01:56:58.666627Z
Duration:   0.051s

Metadata:
    allowed_architectures is empty
    allowed_platforms is empty
    description is empty
    has_cleanup = false
    is_exclusive = false
    required_configs is empty
    required_disk_space = 0
    required_files is empty
    required_memory = 0
    required_programs is empty
    required_user is empty
    timeout = 300

Standard error:
abuild_keygen_test: ERROR: Cannot provide test case names with -l
abuild_keygen_test: See atf-test-program(1) for usage details.
===> tests/abuild_sign_test:abuild_sign_help
Result:     broken: Premature exit; test case exited with code 1
Start time: 2025-07-09T01:56:58.643752Z
End time:   2025-07-09T01:56:58.748169Z
Duration:   0.104s

Metadata:
    allowed_architectures is empty
    allowed_platforms is empty
    description is empty
    has_cleanup = false
    is_exclusive = false
    required_configs is empty
    required_disk_space = 0
    required_files is empty
    required_memory = 0
    required_programs is empty
    required_user is empty
    timeout = 300

Standard error:
abuild_sign_test: ERROR: Cannot provide test case names with -l
abuild_sign_test: See atf-test-program(1) for usage details.
===> tests/abuild_sign_test:abuild_sign_installed
Result:     broken: Premature exit; test case exited with code 1
Start time: 2025-07-09T01:56:58.644334Z
End time:   2025-07-09T01:56:58.748819Z
Duration:   0.104s

Metadata:
    allowed_architectures is empty
    allowed_platforms is empty
    description is empty
    has_cleanup = false
    is_exclusive = false
    required_configs is empty
    required_disk_space = 0
    required_files is empty
    required_memory = 0
    required_programs is empty
    required_user is empty
    timeout = 300

Standard error:
abuild_sign_test: ERROR: Cannot provide test case names with -l
abuild_sign_test: See atf-test-program(1) for usage details.
===> tests/abuild_sign_test:abuild_sign_installed_missing
Result:     broken: Premature exit; test case exited with code 1
Start time: 2025-07-09T01:56:58.644902Z
End time:   2025-07-09T01:56:58.749454Z
Duration:   0.105s

Metadata:
    allowed_architectures is empty
    allowed_platforms is empty
    description is empty
    has_cleanup = false
    is_exclusive = false
    required_configs is empty
    required_disk_space = 0
    required_files is empty
    required_memory = 0
    required_programs is empty
    required_user is empty
    timeout = 300

Standard error:
abuild_sign_test: ERROR: Cannot provide test case names with -l
abuild_sign_test: See atf-test-program(1) for usage details.
===> tests/abuild_sign_test:abuild_sign_installed_missing_priv
Result:     broken: Premature exit; test case exited with code 1
Start time: 2025-07-09T01:56:58.645497Z
End time:   2025-07-09T01:56:58.750083Z
Duration:   0.105s

Metadata:
    allowed_architectures is empty
    allowed_platforms is empty
    description is empty
    has_cleanup = false
    is_exclusive = false
    required_configs is empty
    required_disk_space = 0
    required_files is empty
    required_memory = 0
    required_programs is empty
    required_user is empty
    timeout = 300

Standard error:
abuild_sign_test: ERROR: Cannot provide test case names with -l
abuild_sign_test: See atf-test-program(1) for usage details.
===> tests/abuild_sign_test:abuild_sign_installed_missing_pub
Result:     broken: Premature exit; test case exited with code 1
Start time: 2025-07-09T01:56:58.646063Z
End time:   2025-07-09T01:56:58.750727Z
Duration:   0.105s

Metadata:
    allowed_architectures is empty
    allowed_platforms is empty
    description is empty
    has_cleanup = false
    is_exclusive = false
    required_configs is empty
    required_disk_space = 0
    required_files is empty
    required_memory = 0
    required_programs is empty
    required_user is empty
    timeout = 300

Standard error:
abuild_sign_test: ERROR: Cannot provide test case names with -l
abuild_sign_test: See atf-test-program(1) for usage details.
===> tests/abuild_sign_test:abuild_sign_invalid_opt
Result:     broken: Premature exit; test case exited with code 1
Start time: 2025-07-09T01:56:58.646600Z
End time:   2025-07-09T01:56:58.751347Z
Duration:   0.105s

Metadata:
    allowed_architectures is empty
    allowed_platforms is empty
    description is empty
    has_cleanup = false
    is_exclusive = false
    required_configs is empty
    required_disk_space = 0
    required_files is empty
    required_memory = 0
    required_programs is empty
    required_user is empty
    timeout = 300

Standard error:
abuild_sign_test: ERROR: Cannot provide test case names with -l
abuild_sign_test: See atf-test-program(1) for usage details.
===> tests/abuild_sign_test:abuild_sign_missing_arg
Result:     broken: Premature exit; test case exited with code 1
Start time: 2025-07-09T01:56:58.647139Z
End time:   2025-07-09T01:56:58.751976Z
Duration:   0.105s

Metadata:
    allowed_architectures is empty
    allowed_platforms is empty
    description is empty
    has_cleanup = false
    is_exclusive = false
    required_configs is empty
    required_disk_space = 0
    required_files is empty
    required_memory = 0
    required_programs is empty
    required_user is empty
    timeout = 300

Standard error:
abuild_sign_test: ERROR: Cannot provide test case names with -l
abuild_sign_test: See atf-test-program(1) for usage details.
===> tests/abuild_sign_test:abuild_sign_owner_type_default
Result:     broken: Premature exit; test case exited with code 1
Start time: 2025-07-09T01:56:58.647675Z
End time:   2025-07-09T01:56:58.752620Z
Duration:   0.105s

Metadata:
    allowed_architectures is empty
    allowed_platforms is empty
    description is empty
    has_cleanup = false
    is_exclusive = false
    required_configs is empty
    required_disk_space = 0
    required_files is empty
    required_memory = 0
    required_programs is empty
    required_user is empty
    timeout = 300

Standard error:
abuild_sign_test: ERROR: Cannot provide test case names with -l
abuild_sign_test: See atf-test-program(1) for usage details.
===> tests/abuild_sign_test:abuild_sign_owner_type_invalid
Result:     broken: Premature exit; test case exited with code 1
Start time: 2025-07-09T01:56:58.648214Z
End time:   2025-07-09T01:56:58.753269Z
Duration:   0.105s

Metadata:
    allowed_architectures is empty
    allowed_platforms is empty
    description is empty
    has_cleanup = false
    is_exclusive = false
    required_configs is empty
    required_disk_space = 0
    required_files is empty
    required_memory = 0
    required_programs is empty
    required_user is empty
    timeout = 300

Standard error:
abuild_sign_test: ERROR: Cannot provide test case names with -l
abuild_sign_test: See atf-test-program(1) for usage details.
===> tests/abuild_sign_test:abuild_sign_owner_type_rsa
Result:     broken: Premature exit; test case exited with code 1
Start time: 2025-07-09T01:56:58.648742Z
End time:   2025-07-09T01:56:58.753940Z
Duration:   0.105s

Metadata:
    allowed_architectures is empty
    allowed_platforms is empty
    description is empty
    has_cleanup = false
    is_exclusive = false
    required_configs is empty
    required_disk_space = 0
    required_files is empty
    required_memory = 0
    required_programs is empty
    required_user is empty
    timeout = 300

Standard error:
abuild_sign_test: ERROR: Cannot provide test case names with -l
abuild_sign_test: See atf-test-program(1) for usage details.
===> tests/abuild_sign_test:abuild_sign_owner_type_rsa256
Result:     broken: Premature exit; test case exited with code 1
Start time: 2025-07-09T01:56:58.649294Z
End time:   2025-07-09T01:56:58.754599Z
Duration:   0.105s

Metadata:
    allowed_architectures is empty
    allowed_platforms is empty
    description is empty
    has_cleanup = false
    is_exclusive = false
    required_configs is empty
    required_disk_space = 0
    required_files is empty
    required_memory = 0
    required_programs is empty
    required_user is empty
    timeout = 300

Standard error:
abuild_sign_test: ERROR: Cannot provide test case names with -l
abuild_sign_test: See atf-test-program(1) for usage details.
===> tests/abuild_tar_test:abuild_tar_cut
Result:     broken: Premature exit; test case exited with code 1
Start time: 2025-07-09T01:56:58.664846Z
End time:   2025-07-09T01:56:58.755301Z
Duration:   0.090s

Metadata:
    allowed_architectures is empty
    allowed_platforms is empty
    description is empty
    has_cleanup = false
    is_exclusive = false
    required_configs is empty
    required_disk_space = 0
    required_files is empty
    required_memory = 0
    required_programs is empty
    required_user is empty
    timeout = 300

Standard error:
abuild_tar_test: ERROR: Cannot provide test case names with -l
abuild_tar_test: See atf-test-program(1) for usage details.
===> tests/abuild_tar_test:abuild_tar_hash
Result:     broken: Premature exit; test case exited with code 1
Start time: 2025-07-09T01:56:58.665407Z
End time:   2025-07-09T01:56:58.755991Z
Duration:   0.091s

Metadata:
    allowed_architectures is empty
    allowed_platforms is empty
    description is empty
    has_cleanup = false
    is_exclusive = false
    required_configs is empty
    required_disk_space = 0
    required_files is empty
    required_memory = 0
    required_programs is empty
    required_user is empty
    timeout = 300

Standard error:
abuild_tar_test: ERROR: Cannot provide test case names with -l
abuild_tar_test: See atf-test-program(1) for usage details.
===> tests/abuild_tar_test:abuild_tar_help
Result:     broken: Premature exit; test case exited with code 1
Start time: 2025-07-09T01:56:58.665986Z
End time:   2025-07-09T01:56:58.756660Z
Duration:   0.091s

Metadata:
    allowed_architectures is empty
    allowed_platforms is empty
    description is empty
    has_cleanup = false
    is_exclusive = false
    required_configs is empty
    required_disk_space = 0
    required_files is empty
    required_memory = 0
    required_programs is empty
    required_user is empty
    timeout = 300

Standard error:
abuild_tar_test: ERROR: Cannot provide test case names with -l
abuild_tar_test: See atf-test-program(1) for usage details.
===> tests/abuild_tar_test:abuild_tar_invalid_opt
Result:     broken: Premature exit; test case exited with code 1
Start time: 2025-07-09T01:56:58.666556Z
End time:   2025-07-09T01:56:58.757361Z
Duration:   0.091s

Metadata:
    allowed_architectures is empty
    allowed_platforms is empty
    description is empty
    has_cleanup = false
    is_exclusive = false
    required_configs is empty
    required_disk_space = 0
    required_files is empty
    required_memory = 0
    required_programs is empty
    required_user is empty
    timeout = 300

Standard error:
abuild_tar_test: ERROR: Cannot provide test case names with -l
abuild_tar_test: See atf-test-program(1) for usage details.
===> tests/abuild_test:abuild_amove
Result:     broken: Premature exit; test case exited with code 1
Start time: 2025-07-09T01:56:58.748046Z
End time:   2025-07-09T01:56:58.765517Z
Duration:   0.017s

Metadata:
    allowed_architectures is empty
    allowed_platforms is empty
    description is empty
    has_cleanup = false
    is_exclusive = false
    required_configs is empty
    required_disk_space = 0
    required_files is empty
    required_memory = 0
    required_programs is empty
    required_user is empty
    timeout = 300

Standard error:
abuild_test: ERROR: Cannot provide test case names with -l
abuild_test: See atf-test-program(1) for usage details.
===> tests/abuild_test:abuild_bigdocs
Result:     broken: Premature exit; test case exited with code 1
Start time: 2025-07-09T01:56:58.748707Z
End time:   2025-07-09T01:56:58.767722Z
Duration:   0.019s

Metadata:
    allowed_architectures is empty
    allowed_platforms is empty
    description is empty
    has_cleanup = false
    is_exclusive = false
    required_configs is empty
    required_disk_space = 0
    required_files is empty
    required_memory = 0
    required_programs is empty
    required_user is empty
    timeout = 300

Standard error:
abuild_test: ERROR: Cannot provide test case names with -l
abuild_test: See atf-test-program(1) for usage details.
===> tests/abuild_test:abuild_build_fail
Result:     broken: Premature exit; test case exited with code 1
Start time: 2025-07-09T01:56:58.749341Z
End time:   2025-07-09T01:56:58.769116Z
Duration:   0.020s

Metadata:
    allowed_architectures is empty
    allowed_platforms is empty
    description is empty
    has_cleanup = false
    is_exclusive = false
    required_configs is empty
    required_disk_space = 0
    required_files is empty
    required_memory = 0
    required_programs is empty
    required_user is empty
    timeout = 300

Standard error:
abuild_test: ERROR: Cannot provide test case names with -l
abuild_test: See atf-test-program(1) for usage details.
===> tests/abuild_test:abuild_cargo_home_dir
Result:     broken: Premature exit; test case exited with code 1
Start time: 2025-07-09T01:56:58.749976Z
End time:   2025-07-09T01:56:58.766292Z
Duration:   0.016s

Metadata:
    allowed_architectures is empty
    allowed_platforms is empty
    description is empty
    has_cleanup = false
    is_exclusive = false
    required_configs is empty
    required_disk_space = 0
    required_files is empty
    required_memory = 0
    required_programs is empty
    required_user is empty
    timeout = 300

Standard error:
abuild_test: ERROR: Cannot provide test case names with -l
abuild_test: See atf-test-program(1) for usage details.
===> tests/abuild_test:abuild_check_maintainer
Result:     broken: Premature exit; test case exited with code 1
Start time: 2025-07-09T01:56:58.750607Z
End time:   2025-07-09T01:56:58.771248Z
Duration:   0.021s

Metadata:
    allowed_architectures is empty
    allowed_platforms is empty
    description is empty
    has_cleanup = false
    is_exclusive = false
    required_configs is empty
    required_disk_space = 0
    required_files is empty
    required_memory = 0
    required_programs is empty
    required_user is empty
    timeout = 300

Standard error:
abuild_test: ERROR: Cannot provide test case names with -l
abuild_test: See atf-test-program(1) for usage details.
===> tests/abuild_test:abuild_checksum_duplicates
Result:     broken: Premature exit; test case exited with code 1
Start time: 2025-07-09T01:56:58.751241Z
End time:   2025-07-09T01:56:58.766962Z
Duration:   0.016s

Metadata:
    allowed_architectures is empty
    allowed_platforms is empty
    description is empty
    has_cleanup = false
    is_exclusive = false
    required_configs is empty
    required_disk_space = 0
    required_files is empty
    required_memory = 0
    required_programs is empty
    required_user is empty
    timeout = 300

Standard error:
abuild_test: ERROR: Cannot provide test case names with -l
abuild_test: See atf-test-program(1) for usage details.
===> tests/abuild_test:abuild_checksum_generation
Result:     broken: Premature exit; test case exited with code 1
Start time: 2025-07-09T01:56:58.751867Z
End time:   2025-07-09T01:56:58.774017Z
Duration:   0.022s

Metadata:
    allowed_architectures is empty
    allowed_platforms is empty
    description is empty
    has_cleanup = false
    is_exclusive = false
    required_configs is empty
    required_disk_space = 0
    required_files is empty
    required_memory = 0
    required_programs is empty
    required_user is empty
    timeout = 300

Standard error:
abuild_test: ERROR: Cannot provide test case names with -l
abuild_test: See atf-test-program(1) for usage details.
===> tests/abuild_test:abuild_cleanoldpkg
Result:     broken: Premature exit; test case exited with code 1
Start time: 2025-07-09T01:56:58.752505Z
End time:   2025-07-09T01:56:58.768411Z
Duration:   0.016s

Metadata:
    allowed_architectures is empty
    allowed_platforms is empty
    description is empty
    has_cleanup = false
    is_exclusive = false
    required_configs is empty
    required_disk_space = 0
    required_files is empty
    required_memory = 0
    required_programs is empty
    required_user is empty
    timeout = 300

Standard error:
abuild_test: ERROR: Cannot provide test case names with -l
abuild_test: See atf-test-program(1) for usage details.
===> tests/abuild_test:abuild_command_provides
Result:     broken: Premature exit; test case exited with code 1
Start time: 2025-07-09T01:56:58.753158Z
End time:   2025-07-09T01:56:58.770537Z
Duration:   0.017s

Metadata:
    allowed_architectures is empty
    allowed_platforms is empty
    description is empty
    has_cleanup = false
    is_exclusive = false
    required_configs is empty
    required_disk_space = 0
    required_files is empty
    required_memory = 0
    required_programs is empty
    required_user is empty
    timeout = 300

Standard error:
abuild_test: ERROR: Cannot provide test case names with -l
abuild_test: See atf-test-program(1) for usage details.
===> tests/abuild_test:abuild_dbg_subpackage
Result:     broken: Premature exit; test case exited with code 1
Start time: 2025-07-09T01:56:58.753827Z
End time:   2025-07-09T01:56:58.769842Z
Duration:   0.016s

Metadata:
    allowed_architectures is empty
    allowed_platforms is empty
    description is empty
    has_cleanup = false
    is_exclusive = false
    required_configs is empty
    required_disk_space = 0
    required_files is empty
    required_memory = 0
    required_programs is empty
    required_user is empty
    timeout = 300

Standard error:
abuild_test: ERROR: Cannot provide test case names with -l
abuild_test: See atf-test-program(1) for usage details.
===> tests/abuild_test:abuild_deps
Result:     broken: Premature exit; test case exited with code 1
Start time: 2025-07-09T01:56:58.754486Z
End time:   2025-07-09T01:56:58.777372Z
Duration:   0.023s

Metadata:
    allowed_architectures is empty
    allowed_platforms is empty
    description is empty
    has_cleanup = false
    is_exclusive = false
    required_configs is empty
    required_disk_space = 0
    required_files is empty
    required_memory = 0
    required_programs is empty
    required_user is empty
    timeout = 300

Standard error:
abuild_test: ERROR: Cannot provide test case names with -l
abuild_test: See atf-test-program(1) for usage details.
===> tests/abuild_test:abuild_dev
Result:     broken: Premature exit; test case exited with code 1
Start time: 2025-07-09T01:56:58.755185Z
End time:   2025-07-09T01:56:58.776112Z
Duration:   0.021s

Metadata:
    allowed_architectures is empty
    allowed_platforms is empty
    description is empty
    has_cleanup = false
    is_exclusive = false
    required_configs is empty
    required_disk_space = 0
    required_files is empty
    required_memory = 0
    required_programs is empty
    required_user is empty
    timeout = 300

Standard error:
abuild_test: ERROR: Cannot provide test case names with -l
abuild_test: See atf-test-program(1) for usage details.
===> tests/abuild_test:abuild_devhelp
Result:     broken: Premature exit; test case exited with code 1
Start time: 2025-07-09T01:56:58.755878Z
End time:   2025-07-09T01:56:58.778268Z
Duration:   0.022s

Metadata:
    allowed_architectures is empty
    allowed_platforms is empty
    description is empty
    has_cleanup = false
    is_exclusive = false
    required_configs is empty
    required_disk_space = 0
    required_files is empty
    required_memory = 0
    required_programs is empty
    required_user is empty
    timeout = 300

Standard error:
abuild_test: ERROR: Cannot provide test case names with -l
abuild_test: See atf-test-program(1) for usage details.
===> tests/abuild_test:abuild_devhelp_warn
Result:     broken: Premature exit; test case exited with code 1
Start time: 2025-07-09T01:56:58.756541Z
End time:   2025-07-09T01:56:58.773300Z
Duration:   0.017s

Metadata:
    allowed_architectures is empty
    allowed_platforms is empty
    description is empty
    has_cleanup = false
    is_exclusive = false
    required_configs is empty
    required_disk_space = 0
    required_files is empty
    required_memory = 0
    required_programs is empty
    required_user is empty
    timeout = 300

Standard error:
abuild_test: ERROR: Cannot provide test case names with -l
abuild_test: See atf-test-program(1) for usage details.
===> tests/abuild_test:abuild_doc
Result:     broken: Premature exit; test case exited with code 1
Start time: 2025-07-09T01:56:58.757246Z
End time:   2025-07-09T01:56:58.775331Z
Duration:   0.018s

Metadata:
    allowed_architectures is empty
    allowed_platforms is empty
    description is empty
    has_cleanup = false
    is_exclusive = false
    required_configs is empty
    required_disk_space = 0
    required_files is empty
    required_memory = 0
    required_programs is empty
    required_user is empty
    timeout = 300

Standard error:
abuild_test: ERROR: Cannot provide test case names with -l
abuild_test: See atf-test-program(1) for usage details.
===> tests/abuild_test:abuild_duplicate_subpkgname
Result:     broken: Premature exit; test case exited with code 1
Start time: 2025-07-09T01:56:58.757945Z
End time:   2025-07-09T01:56:58.772288Z
Duration:   0.014s

Metadata:
    allowed_architectures is empty
    allowed_platforms is empty
    description is empty
    has_cleanup = false
    is_exclusive = false
    required_configs is empty
    required_disk_space = 0
    required_files is empty
    required_memory = 0
    required_programs is empty
    required_user is empty
    timeout = 300

Standard error:
abuild_test: ERROR: Cannot provide test case names with -l
abuild_test: See atf-test-program(1) for usage details.
===> tests/abuild_test:abuild_fish_comp_split
Result:     broken: Premature exit; test case exited with code 1
Start time: 2025-07-09T01:56:58.766171Z
End time:   2025-07-09T01:56:58.783443Z
Duration:   0.017s

Metadata:
    allowed_architectures is empty
    allowed_platforms is empty
    description is empty
    has_cleanup = false
    is_exclusive = false
    required_configs is empty
    required_disk_space = 0
    required_files is empty
    required_memory = 0
    required_programs is empty
    required_user is empty
    timeout = 300

Standard error:
abuild_test: ERROR: Cannot provide test case names with -l
abuild_test: See atf-test-program(1) for usage details.
===> tests/abuild_test:abuild_git_ceiling
Result:     broken: Premature exit; test case exited with code 1
Start time: 2025-07-09T01:56:58.766841Z
End time:   2025-07-09T01:56:58.787202Z
Duration:   0.020s

Metadata:
    allowed_architectures is empty
    allowed_platforms is empty
    description is empty
    has_cleanup = false
    is_exclusive = false
    required_configs is empty
    required_disk_space = 0
    required_files is empty
    required_memory = 0
    required_programs is empty
    required_user is empty
    timeout = 300

Standard error:
abuild_test: ERROR: Cannot provide test case names with -l
abuild_test: See atf-test-program(1) for usage details.
===> tests/abuild_test:abuild_gocache_dir
Result:     broken: Premature exit; test case exited with code 1
Start time: 2025-07-09T01:56:58.767583Z
End time:   2025-07-09T01:56:58.788614Z
Duration:   0.021s

Metadata:
    allowed_architectures is empty
    allowed_platforms is empty
    description is empty
    has_cleanup = false
    is_exclusive = false
    required_configs is empty
    required_disk_space = 0
    required_files is empty
    required_memory = 0
    required_programs is empty
    required_user is empty
    timeout = 300

Standard error:
abuild_test: ERROR: Cannot provide test case names with -l
abuild_test: See atf-test-program(1) for usage details.
===> tests/abuild_test:abuild_help
Result:     broken: Premature exit; test case exited with code 1
Start time: 2025-07-09T01:56:58.768280Z
End time:   2025-07-09T01:56:58.780698Z
Duration:   0.012s

Metadata:
    allowed_architectures is empty
    allowed_platforms is empty
    description is empty
    has_cleanup = false
    is_exclusive = false
    required_configs is empty
    required_disk_space = 0
    required_files is empty
    required_memory = 0
    required_programs is empty
    required_user is empty
    timeout = 300

Standard error:
abuild_test: ERROR: Cannot provide test case names with -l
abuild_test: See atf-test-program(1) for usage details.
===> tests/abuild_test:abuild_invalid_filename
Result:     broken: Premature exit; test case exited with code 1
Start time: 2025-07-09T01:56:58.768997Z
End time:   2025-07-09T01:56:58.792211Z
Duration:   0.023s

Metadata:
    allowed_architectures is empty
    allowed_platforms is empty
    description is empty
    has_cleanup = false
    is_exclusive = false
    required_configs is empty
    required_disk_space = 0
    required_files is empty
    required_memory = 0
    required_programs is empty
    required_user is empty
    timeout = 300

Standard error:
abuild_test: ERROR: Cannot provide test case names with -l
abuild_test: See atf-test-program(1) for usage details.
===> tests/abuild_test:abuild_invalid_opt
Result:     broken: Premature exit; test case exited with code 1
Start time: 2025-07-09T01:56:58.769679Z
End time:   2025-07-09T01:56:58.793354Z
Duration:   0.024s

Metadata:
    allowed_architectures is empty
    allowed_platforms is empty
    description is empty
    has_cleanup = false
    is_exclusive = false
    required_configs is empty
    required_disk_space = 0
    required_files is empty
    required_memory = 0
    required_programs is empty
    required_user is empty
    timeout = 300

Standard error:
abuild_test: ERROR: Cannot provide test case names with -l
abuild_test: See atf-test-program(1) for usage details.
===> tests/abuild_test:abuild_invalid_pkgnames
Result:     broken: Premature exit; test case exited with code 1
Start time: 2025-07-09T01:56:58.770407Z
End time:   2025-07-09T01:56:58.789856Z
Duration:   0.019s

Metadata:
    allowed_architectures is empty
    allowed_platforms is empty
    description is empty
    has_cleanup = false
    is_exclusive = false
    required_configs is empty
    required_disk_space = 0
    required_files is empty
    required_memory = 0
    required_programs is empty
    required_user is empty
    timeout = 300

Standard error:
abuild_test: ERROR: Cannot provide test case names with -l
abuild_test: See atf-test-program(1) for usage details.
===> tests/abuild_test:abuild_invalid_subpkg_version
Result:     broken: Premature exit; test case exited with code 1
Start time: 2025-07-09T01:56:58.771134Z
End time:   2025-07-09T01:56:58.785852Z
Duration:   0.015s

Metadata:
    allowed_architectures is empty
    allowed_platforms is empty
    description is empty
    has_cleanup = false
    is_exclusive = false
    required_configs is empty
    required_disk_space = 0
    required_files is empty
    required_memory = 0
    required_programs is empty
    required_user is empty
    timeout = 300

Standard error:
abuild_test: ERROR: Cannot provide test case names with -l
abuild_test: See atf-test-program(1) for usage details.
===> tests/abuild_test:abuild_invalid_subpkgnames
Result:     broken: Premature exit; test case exited with code 1
Start time: 2025-07-09T01:56:58.771793Z
End time:   2025-07-09T01:56:58.791055Z
Duration:   0.019s

Metadata:
    allowed_architectures is empty
    allowed_platforms is empty
    description is empty
    has_cleanup = false
    is_exclusive = false
    required_configs is empty
    required_disk_space = 0
    required_files is empty
    required_memory = 0
    required_programs is empty
    required_user is empty
    timeout = 300

Standard error:
abuild_test: ERROR: Cannot provide test case names with -l
abuild_test: See atf-test-program(1) for usage details.
===> tests/abuild_test:abuild_keepdirs
Result:     broken: Premature exit; test case exited with code 1
Start time: 2025-07-09T01:56:58.773037Z
End time:   2025-07-09T01:56:58.794539Z
Duration:   0.022s

Metadata:
    allowed_architectures is empty
    allowed_platforms is empty
    description is empty
    has_cleanup = false
    is_exclusive = false
    required_configs is empty
    required_disk_space = 0
    required_files is empty
    required_memory = 0
    required_programs is empty
    required_user is empty
    timeout = 300

Standard error:
abuild_test: ERROR: Cannot provide test case names with -l
abuild_test: See atf-test-program(1) for usage details.
===> tests/abuild_test:abuild_large_doc_subpackage
Result:     broken: Premature exit; test case exited with code 1
Start time: 2025-07-09T01:56:58.773893Z
End time:   2025-07-09T01:56:58.795683Z
Duration:   0.022s

Metadata:
    allowed_architectures is empty
    allowed_platforms is empty
    description is empty
    has_cleanup = false
    is_exclusive = false
    required_configs is empty
    required_disk_space = 0
    required_files is empty
    required_memory = 0
    required_programs is empty
    required_user is empty
    timeout = 300

Standard error:
abuild_test: ERROR: Cannot provide test case names with -l
abuild_test: See atf-test-program(1) for usage details.
===> tests/abuild_test:abuild_license_spdx
Result:     broken: Premature exit; test case exited with code 1
Start time: 2025-07-09T01:56:58.774578Z
End time:   2025-07-09T01:56:58.796859Z
Duration:   0.022s

Metadata:
    allowed_architectures is empty
    allowed_platforms is empty
    description is empty
    has_cleanup = false
    is_exclusive = false
    required_configs is empty
    required_disk_space = 0
    required_files is empty
    required_memory = 0
    required_programs is empty
    required_user is empty
    timeout = 300

Standard error:
abuild_test: ERROR: Cannot provide test case names with -l
abuild_test: See atf-test-program(1) for usage details.
===> tests/abuild_test:abuild_multiline_license
Result:     broken: Premature exit; test case exited with code 1
Start time: 2025-07-09T01:56:58.775983Z
End time:   2025-07-09T01:56:58.798096Z
Duration:   0.022s

Metadata:
    allowed_architectures is empty
    allowed_platforms is empty
    description is empty
    has_cleanup = false
    is_exclusive = false
    required_configs is empty
    required_disk_space = 0
    required_files is empty
    required_memory = 0
    required_programs is empty
    required_user is empty
    timeout = 300

Standard error:
abuild_test: ERROR: Cannot provide test case names with -l
abuild_test: See atf-test-program(1) for usage details.
===> tests/abuild_test:abuild_package_size
Result:     broken: Premature exit; test case exited with code 1
Start time: 2025-07-09T01:56:58.776764Z
End time:   2025-07-09T01:56:58.799214Z
Duration:   0.022s

Metadata:
    allowed_architectures is empty
    allowed_platforms is empty
    description is empty
    has_cleanup = false
    is_exclusive = false
    required_configs is empty
    required_disk_space = 0
    required_files is empty
    required_memory = 0
    required_programs is empty
    required_user is empty
    timeout = 300

Standard error:
abuild_test: ERROR: Cannot provide test case names with -l
abuild_test: See atf-test-program(1) for usage details.
===> tests/abuild_test:abuild_path_with_spaces
Result:     broken: Premature exit; test case exited with code 1
Start time: 2025-07-09T01:56:58.777980Z
End time:   2025-07-09T01:56:58.800547Z
Duration:   0.023s

Metadata:
    allowed_architectures is empty
    allowed_platforms is empty
    description is empty
    has_cleanup = false
    is_exclusive = false
    required_configs is empty
    required_disk_space = 0
    required_files is empty
    required_memory = 0
    required_programs is empty
    required_user is empty
    timeout = 300

Standard error:
abuild_test: ERROR: Cannot provide test case names with -l
abuild_test: See atf-test-program(1) for usage details.
===> tests/abuild_test:abuild_pkgver_digit_letter_digit
Result:     broken: Premature exit; test case exited with code 1
Start time: 2025-07-09T01:56:58.779264Z
End time:   2025-07-09T01:56:58.801924Z
Duration:   0.023s

Metadata:
    allowed_architectures is empty
    allowed_platforms is empty
    description is empty
    has_cleanup = false
    is_exclusive = false
    required_configs is empty
    required_disk_space = 0
    required_files is empty
    required_memory = 0
    required_programs is empty
    required_user is empty
    timeout = 300

Standard error:
abuild_test: ERROR: Cannot provide test case names with -l
abuild_test: See atf-test-program(1) for usage details.
===> tests/abuild_test:abuild_provide_pkgname
Result:     broken: Premature exit; test case exited with code 1
Start time: 2025-07-09T01:56:58.781310Z
End time:   2025-07-09T01:56:58.803220Z
Duration:   0.022s

Metadata:
    allowed_architectures is empty
    allowed_platforms is empty
    description is empty
    has_cleanup = false
    is_exclusive = false
    required_configs is empty
    required_disk_space = 0
    required_files is empty
    required_memory = 0
    required_programs is empty
    required_user is empty
    timeout = 300

Standard error:
abuild_test: ERROR: Cannot provide test case names with -l
abuild_test: See atf-test-program(1) for usage details.
===> tests/abuild_test:abuild_py_dependency_scan
Result:     broken: Premature exit; test case exited with code 1
Start time: 2025-07-09T01:56:58.784641Z
End time:   2025-07-09T01:56:58.804378Z
Duration:   0.020s

Metadata:
    allowed_architectures is empty
    allowed_platforms is empty
    description is empty
    has_cleanup = false
    is_exclusive = false
    required_configs is empty
    required_disk_space = 0
    required_files is empty
    required_memory = 0
    required_programs is empty
    required_user is empty
    timeout = 300

Standard error:
abuild_test: ERROR: Cannot provide test case names with -l
abuild_test: See atf-test-program(1) for usage details.
===> tests/abuild_test:abuild_py_dependency_scan_conflict
Result:     broken: Premature exit; test case exited with code 1
Start time: 2025-07-09T01:56:58.786948Z
End time:   2025-07-09T01:56:58.805529Z
Duration:   0.019s

Metadata:
    allowed_architectures is empty
    allowed_platforms is empty
    description is empty
    has_cleanup = false
    is_exclusive = false
    required_configs is empty
    required_disk_space = 0
    required_files is empty
    required_memory = 0
    required_programs is empty
    required_user is empty
    timeout = 300

Standard error:
abuild_test: ERROR: Cannot provide test case names with -l
abuild_test: See atf-test-program(1) for usage details.
===> tests/abuild_test:abuild_py_providers_creation
Result:     broken: Premature exit; test case exited with code 1
Start time: 2025-07-09T01:56:58.788386Z
End time:   2025-07-09T01:56:58.806715Z
Duration:   0.018s

Metadata:
    allowed_architectures is empty
    allowed_platforms is empty
    description is empty
    has_cleanup = false
    is_exclusive = false
    required_configs is empty
    required_disk_space = 0
    required_files is empty
    required_memory = 0
    required_programs is empty
    required_user is empty
    timeout = 300

Standard error:
abuild_test: ERROR: Cannot provide test case names with -l
abuild_test: See atf-test-program(1) for usage details.
===> tests/abuild_test:abuild_pyc
Result:     broken: Premature exit; test case exited with code 1
Start time: 2025-07-09T01:56:58.789623Z
End time:   2025-07-09T01:56:58.808028Z
Duration:   0.018s

Metadata:
    allowed_architectures is empty
    allowed_platforms is empty
    description is empty
    has_cleanup = false
    is_exclusive = false
    required_configs is empty
    required_disk_space = 0
    required_files is empty
    required_memory = 0
    required_programs is empty
    required_user is empty
    timeout = 300

Standard error:
abuild_test: ERROR: Cannot provide test case names with -l
abuild_test: See atf-test-program(1) for usage details.
===> tests/abuild_test:abuild_pyc_warn
Result:     broken: Premature exit; test case exited with code 1
Start time: 2025-07-09T01:56:58.790824Z
End time:   2025-07-09T01:56:58.824341Z
Duration:   0.034s

Metadata:
    allowed_architectures is empty
    allowed_platforms is empty
    description is empty
    has_cleanup = false
    is_exclusive = false
    required_configs is empty
    required_disk_space = 0
    required_files is empty
    required_memory = 0
    required_programs is empty
    required_user is empty
    timeout = 300

Standard error:
abuild_test: ERROR: Cannot provide test case names with -l
abuild_test: See atf-test-program(1) for usage details.
===> tests/abuild_test:abuild_reject_init_with_improper_shebang
Result:     broken: Premature exit; test case exited with code 1
Start time: 2025-07-09T01:56:58.791993Z
End time:   2025-07-09T01:56:58.825081Z
Duration:   0.033s

Metadata:
    allowed_architectures is empty
    allowed_platforms is empty
    description is empty
    has_cleanup = false
    is_exclusive = false
    required_configs is empty
    required_disk_space = 0
    required_files is empty
    required_memory = 0
    required_programs is empty
    required_user is empty
    timeout = 300

Standard error:
abuild_test: ERROR: Cannot provide test case names with -l
abuild_test: See atf-test-program(1) for usage details.
===> tests/abuild_test:abuild_reproducible
Result:     broken: Premature exit; test case exited with code 1
Start time: 2025-07-09T01:56:58.793140Z
End time:   2025-07-09T01:56:58.825773Z
Duration:   0.033s

Metadata:
    allowed_architectures is empty
    allowed_platforms is empty
    description is empty
    has_cleanup = false
    is_exclusive = false
    required_configs is empty
    required_disk_space = 0
    required_files is empty
    required_memory = 0
    required_programs is empty
    required_user is empty
    timeout = 300

Standard error:
abuild_test: ERROR: Cannot provide test case names with -l
abuild_test: See atf-test-program(1) for usage details.
===> tests/abuild_test:abuild_rpaths
Result:     broken: Premature exit; test case exited with code 1
Start time: 2025-07-09T01:56:58.794332Z
End time:   2025-07-09T01:56:58.826401Z
Duration:   0.032s

Metadata:
    allowed_architectures is empty
    allowed_platforms is empty
    description is empty
    has_cleanup = false
    is_exclusive = false
    required_configs is empty
    required_disk_space = 0
    required_files is empty
    required_memory = 0
    required_programs is empty
    required_user is empty
    timeout = 300

Standard error:
abuild_test: ERROR: Cannot provide test case names with -l
abuild_test: See atf-test-program(1) for usage details.
===> tests/abuild_test:abuild_setcap_binary
Result:     broken: Premature exit; test case exited with code 1
Start time: 2025-07-09T01:56:58.795456Z
End time:   2025-07-09T01:56:58.827055Z
Duration:   0.032s

Metadata:
    allowed_architectures is empty
    allowed_platforms is empty
    description is empty
    has_cleanup = false
    is_exclusive = false
    required_configs is empty
    required_disk_space = 0
    required_files is empty
    required_memory = 0
    required_programs is empty
    required_user is empty
    timeout = 300

Standard error:
abuild_test: ERROR: Cannot provide test case names with -l
abuild_test: See atf-test-program(1) for usage details.
===> tests/abuild_test:abuild_setcap_binary_with_option
Result:     broken: Premature exit; test case exited with code 1
Start time: 2025-07-09T01:56:58.796655Z
End time:   2025-07-09T01:56:58.838975Z
Duration:   0.042s

Metadata:
    allowed_architectures is empty
    allowed_platforms is empty
    description is empty
    has_cleanup = false
    is_exclusive = false
    required_configs is empty
    required_disk_space = 0
    required_files is empty
    required_memory = 0
    required_programs is empty
    required_user is empty
    timeout = 300

Standard error:
abuild_test: ERROR: Cannot provide test case names with -l
abuild_test: See atf-test-program(1) for usage details.
===> tests/abuild_test:abuild_simple_pkg_without_deps
Result:     broken: Premature exit; test case exited with code 1
Start time: 2025-07-09T01:56:58.797873Z
End time:   2025-07-09T01:56:58.854909Z
Duration:   0.057s

Metadata:
    allowed_architectures is empty
    allowed_platforms is empty
    description is empty
    has_cleanup = false
    is_exclusive = false
    required_configs is empty
    required_disk_space = 0
    required_files is empty
    required_memory = 0
    required_programs is empty
    required_user is empty
    timeout = 300

Standard error:
abuild_test: ERROR: Cannot provide test case names with -l
abuild_test: See atf-test-program(1) for usage details.
===> tests/abuild_test:abuild_subpackage_arch
Result:     broken: Premature exit; test case exited with code 1
Start time: 2025-07-09T01:56:58.799005Z
End time:   2025-07-09T01:56:58.855582Z
Duration:   0.057s

Metadata:
    allowed_architectures is empty
    allowed_platforms is empty
    description is empty
    has_cleanup = false
    is_exclusive = false
    required_configs is empty
    required_disk_space = 0
    required_files is empty
    required_memory = 0
    required_programs is empty
    required_user is empty
    timeout = 300

Standard error:
abuild_test: ERROR: Cannot provide test case names with -l
abuild_test: See atf-test-program(1) for usage details.
===> tests/abuild_test:abuild_subpkg_dep_leak
Result:     broken: Premature exit; test case exited with code 1
Start time: 2025-07-09T01:56:58.800297Z
End time:   2025-07-09T01:56:58.856267Z
Duration:   0.056s

Metadata:
    allowed_architectures is empty
    allowed_platforms is empty
    description is empty
    has_cleanup = false
    is_exclusive = false
    required_configs is empty
    required_disk_space = 0
    required_files is empty
    required_memory = 0
    required_programs is empty
    required_user is empty
    timeout = 300

Standard error:
abuild_test: ERROR: Cannot provide test case names with -l
abuild_test: See atf-test-program(1) for usage details.
===> tests/abuild_test:abuild_subpkg_libs
Result:     broken: Premature exit; test case exited with code 1
Start time: 2025-07-09T01:56:58.801697Z
End time:   2025-07-09T01:56:58.856897Z
Duration:   0.055s

Metadata:
    allowed_architectures is empty
    allowed_platforms is empty
    description is empty
    has_cleanup = false
    is_exclusive = false
    required_configs is empty
    required_disk_space = 0
    required_files is empty
    required_memory = 0
    required_programs is empty
    required_user is empty
    timeout = 300

Standard error:
abuild_test: ERROR: Cannot provide test case names with -l
abuild_test: See atf-test-program(1) for usage details.
===> tests/abuild_test:abuild_usr_lib64
Result:     broken: Premature exit; test case exited with code 1
Start time: 2025-07-09T01:56:58.803013Z
End time:   2025-07-09T01:56:58.871881Z
Duration:   0.069s

Metadata:
    allowed_architectures is empty
    allowed_platforms is empty
    description is empty
    has_cleanup = false
    is_exclusive = false
    required_configs is empty
    required_disk_space = 0
    required_files is empty
    required_memory = 0
    required_programs is empty
    required_user is empty
    timeout = 300

Standard error:
abuild_test: ERROR: Cannot provide test case names with -l
abuild_test: See atf-test-program(1) for usage details.
===> tests/abuild_test:abuild_usr_merge
Result:     broken: Premature exit; test case exited with code 1
Start time: 2025-07-09T01:56:58.804165Z
End time:   2025-07-09T01:56:58.872466Z
Duration:   0.068s

Metadata:
    allowed_architectures is empty
    allowed_platforms is empty
    description is empty
    has_cleanup = false
    is_exclusive = false
    required_configs is empty
    required_disk_space = 0
    required_files is empty
    required_memory = 0
    required_programs is empty
    required_user is empty
    timeout = 300

Standard error:
abuild_test: ERROR: Cannot provide test case names with -l
abuild_test: See atf-test-program(1) for usage details.
===> tests/abuild_test:abuild_valid_pkgnames
Result:     broken: Premature exit; test case exited with code 1
Start time: 2025-07-09T01:56:58.805307Z
End time:   2025-07-09T01:56:58.873037Z
Duration:   0.068s

Metadata:
    allowed_architectures is empty
    allowed_platforms is empty
    description is empty
    has_cleanup = false
    is_exclusive = false
    required_configs is empty
    required_disk_space = 0
    required_files is empty
    required_memory = 0
    required_programs is empty
    required_user is empty
    timeout = 300

Standard error:
abuild_test: ERROR: Cannot provide test case names with -l
abuild_test: See atf-test-program(1) for usage details.
===> tests/abuild_test:abuild_validate_depends
Result:     broken: Premature exit; test case exited with code 1
Start time: 2025-07-09T01:56:58.806486Z
End time:   2025-07-09T01:56:58.873628Z
Duration:   0.067s

Metadata:
    allowed_architectures is empty
    allowed_platforms is empty
    description is empty
    has_cleanup = false
    is_exclusive = false
    required_configs is empty
    required_disk_space = 0
    required_files is empty
    required_memory = 0
    required_programs is empty
    required_user is empty
    timeout = 300

Standard error:
abuild_test: ERROR: Cannot provide test case names with -l
abuild_test: See atf-test-program(1) for usage details.
===> tests/abuild_test:abuild_version
Result:     broken: Premature exit; test case exited with code 1
Start time: 2025-07-09T01:56:58.807798Z
End time:   2025-07-09T01:56:58.874262Z
Duration:   0.066s

Metadata:
    allowed_architectures is empty
    allowed_platforms is empty
    description is empty
    has_cleanup = false
    is_exclusive = false
    required_configs is empty
    required_disk_space = 0
    required_files is empty
    required_memory = 0
    required_programs is empty
    required_user is empty
    timeout = 300

Standard error:
abuild_test: ERROR: Cannot provide test case names with -l
abuild_test: See atf-test-program(1) for usage details.
===> tests/abump_test:abump_help
Result:     broken: Premature exit; test case exited with code 1
Start time: 2025-07-09T01:56:58.824245Z
End time:   2025-07-09T01:56:58.874902Z
Duration:   0.051s

Metadata:
    allowed_architectures is empty
    allowed_platforms is empty
    description is empty
    has_cleanup = false
    is_exclusive = false
    required_configs is empty
    required_disk_space = 0
    required_files is empty
    required_memory = 0
    required_programs is empty
    required_user is empty
    timeout = 300

Standard error:
abump_test: ERROR: Cannot provide test case names with -l
abump_test: See atf-test-program(1) for usage details.
===> tests/abump_test:abump_invalid_opt
Result:     broken: Premature exit; test case exited with code 1
Start time: 2025-07-09T01:56:58.824989Z
End time:   2025-07-09T01:56:58.875173Z
Duration:   0.050s

Metadata:
    allowed_architectures is empty
    allowed_platforms is empty
    description is empty
    has_cleanup = false
    is_exclusive = false
    required_configs is empty
    required_disk_space = 0
    required_files is empty
    required_memory = 0
    required_programs is empty
    required_user is empty
    timeout = 300

Standard error:
abump_test: ERROR: Cannot provide test case names with -l
abump_test: See atf-test-program(1) for usage details.
===> tests/abump_test:abump_isolates_apkbuild
Result:     broken: Premature exit; test case exited with code 1
Start time: 2025-07-09T01:56:58.825641Z
End time:   2025-07-09T01:56:58.875370Z
Duration:   0.050s

Metadata:
    allowed_architectures is empty
    allowed_platforms is empty
    description is empty
    has_cleanup = false
    is_exclusive = false
    required_configs is empty
    required_disk_space = 0
    required_files is empty
    required_memory = 0
    required_programs is empty
    required_user is empty
    timeout = 300

Standard error:
abump_test: ERROR: Cannot provide test case names with -l
abump_test: See atf-test-program(1) for usage details.
===> tests/abump_test:abump_missing_args
Result:     broken: Premature exit; test case exited with code 1
Start time: 2025-07-09T01:56:58.826310Z
End time:   2025-07-09T01:56:58.875558Z
Duration:   0.049s

Metadata:
    allowed_architectures is empty
    allowed_platforms is empty
    description is empty
    has_cleanup = false
    is_exclusive = false
    required_configs is empty
    required_disk_space = 0
    required_files is empty
    required_memory = 0
    required_programs is empty
    required_user is empty
    timeout = 300

Standard error:
abump_test: ERROR: Cannot provide test case names with -l
abump_test: See atf-test-program(1) for usage details.
===> tests/abump_test:abump_simple_bump
Result:     broken: Premature exit; test case exited with code 1
Start time: 2025-07-09T01:56:58.826935Z
End time:   2025-07-09T01:56:58.875748Z
Duration:   0.049s

Metadata:
    allowed_architectures is empty
    allowed_platforms is empty
    description is empty
    has_cleanup = false
    is_exclusive = false
    required_configs is empty
    required_disk_space = 0
    required_files is empty
    required_memory = 0
    required_programs is empty
    required_user is empty
    timeout = 300

Standard error:
abump_test: ERROR: Cannot provide test case names with -l
abump_test: See atf-test-program(1) for usage details.
===> tests/apkgrel_test:apkgrel_usage
Result:     broken: Premature exit; test case exited with code 1
Start time: 2025-07-09T01:56:58.838882Z
End time:   2025-07-09T01:56:58.875931Z
Duration:   0.037s

Metadata:
    allowed_architectures is empty
    allowed_platforms is empty
    description is empty
    has_cleanup = false
    is_exclusive = false
    required_configs is empty
    required_disk_space = 0
    required_files is empty
    required_memory = 0
    required_programs is empty
    required_user is empty
    timeout = 300

Standard error:
apkgrel_test: ERROR: Cannot provide test case names with -l
apkgrel_test: See atf-test-program(1) for usage details.
===> tests/checkapk_test:checkapk_help
Result:     broken: Premature exit; test case exited with code 1
Start time: 2025-07-09T01:56:58.854799Z
End time:   2025-07-09T01:56:58.876106Z
Duration:   0.021s

Metadata:
    allowed_architectures is empty
    allowed_platforms is empty
    description is empty
    has_cleanup = false
    is_exclusive = false
    required_configs is empty
    required_disk_space = 0
    required_files is empty
    required_memory = 0
    required_programs is empty
    required_user is empty
    timeout = 300

Standard error:
checkapk_test: ERROR: Cannot provide test case names with -l
checkapk_test: See atf-test-program(1) for usage details.
===> tests/checkapk_test:checkapk_invalid_opt
Result:     broken: Premature exit; test case exited with code 1
Start time: 2025-07-09T01:56:58.855476Z
End time:   2025-07-09T01:56:58.876280Z
Duration:   0.021s

Metadata:
    allowed_architectures is empty
    allowed_platforms is empty
    description is empty
    has_cleanup = false
    is_exclusive = false
    required_configs is empty
    required_disk_space = 0
    required_files is empty
    required_memory = 0
    required_programs is empty
    required_user is empty
    timeout = 300

Standard error:
checkapk_test: ERROR: Cannot provide test case names with -l
checkapk_test: See atf-test-program(1) for usage details.
===> tests/checkapk_test:checkapk_missing_abuild_conf
Result:     broken: Premature exit; test case exited with code 1
Start time: 2025-07-09T01:56:58.856175Z
End time:   2025-07-09T01:56:58.876452Z
Duration:   0.020s

Metadata:
    allowed_architectures is empty
    allowed_platforms is empty
    description is empty
    has_cleanup = false
    is_exclusive = false
    required_configs is empty
    required_disk_space = 0
    required_files is empty
    required_memory = 0
    required_programs is empty
    required_user is empty
    timeout = 300

Standard error:
checkapk_test: ERROR: Cannot provide test case names with -l
checkapk_test: See atf-test-program(1) for usage details.
===> tests/checkapk_test:checkapk_missing_apkbuild
Result:     broken: Premature exit; test case exited with code 1
Start time: 2025-07-09T01:56:58.856795Z
End time:   2025-07-09T01:56:58.876629Z
Duration:   0.020s

Metadata:
    allowed_architectures is empty
    allowed_platforms is empty
    description is empty
    has_cleanup = false
    is_exclusive = false
    required_configs is empty
    required_disk_space = 0
    required_files is empty
    required_memory = 0
    required_programs is empty
    required_user is empty
    timeout = 300

Standard error:
checkapk_test: ERROR: Cannot provide test case names with -l
checkapk_test: See atf-test-program(1) for usage details.
===> tests/functions_test:funcs_check_CBUILD
Result:     broken: Premature exit; test case exited with code 1
Start time: 2025-07-09T01:56:58.871790Z
End time:   2025-07-09T01:56:58.878731Z
Duration:   0.007s

Metadata:
    allowed_architectures is empty
    allowed_platforms is empty
    description is empty
    has_cleanup = false
    is_exclusive = false
    required_configs is empty
    required_disk_space = 0
    required_files is empty
    required_memory = 0
    required_programs is empty
    required_user is empty
    timeout = 300

Standard error:
functions_test: ERROR: Cannot provide test case names with -l
functions_test: See atf-test-program(1) for usage details.
===> tests/functions_test:funcs_check_defconfig
Result:     broken: Premature exit; test case exited with code 1
Start time: 2025-07-09T01:56:58.872394Z
End time:   2025-07-09T01:56:58.878974Z
Duration:   0.007s

Metadata:
    allowed_architectures is empty
    allowed_platforms is empty
    description is empty
    has_cleanup = false
    is_exclusive = false
    required_configs is empty
    required_disk_space = 0
    required_files is empty
    required_memory = 0
    required_programs is empty
    required_user is empty
    timeout = 300

Standard error:
functions_test: ERROR: Cannot provide test case names with -l
functions_test: See atf-test-program(1) for usage details.
===> tests/functions_test:funcs_check_env_set_but_empty
Result:     broken: Premature exit; test case exited with code 1
Start time: 2025-07-09T01:56:58.872955Z
End time:   2025-07-09T01:56:58.883877Z
Duration:   0.011s

Metadata:
    allowed_architectures is empty
    allowed_platforms is empty
    description is empty
    has_cleanup = false
    is_exclusive = false
    required_configs is empty
    required_disk_space = 0
    required_files is empty
    required_memory = 0
    required_programs is empty
    required_user is empty
    timeout = 300

Standard error:
functions_test: ERROR: Cannot provide test case names with -l
functions_test: See atf-test-program(1) for usage details.
===> tests/functions_test:funcs_check_missing_apk
Result:     broken: Premature exit; test case exited with code 1
Start time: 2025-07-09T01:56:58.873545Z
End time:   2025-07-09T01:56:58.884214Z
Duration:   0.011s

Metadata:
    allowed_architectures is empty
    allowed_platforms is empty
    description is empty
    has_cleanup = false
    is_exclusive = false
    required_configs is empty
    required_disk_space = 0
    required_files is empty
    required_memory = 0
    required_programs is empty
    required_user is empty
    timeout = 300

Standard error:
functions_test: ERROR: Cannot provide test case names with -l
functions_test: See atf-test-program(1) for usage details.
===> tests/functions_test:funcs_check_missing_gcc
Result:     broken: Premature exit; test case exited with code 1
Start time: 2025-07-09T01:56:58.874180Z
End time:   2025-07-09T01:56:58.881122Z
Duration:   0.007s

Metadata:
    allowed_architectures is empty
    allowed_platforms is empty
    description is empty
    has_cleanup = false
    is_exclusive = false
    required_configs is empty
    required_disk_space = 0
    required_files is empty
    required_memory = 0
    required_programs is empty
    required_user is empty
    timeout = 300

Standard error:
functions_test: ERROR: Cannot provide test case names with -l
functions_test: See atf-test-program(1) for usage details.
===> tests/functions_test:funcs_check_missing_git
Result:     broken: Premature exit; test case exited with code 1
Start time: 2025-07-09T01:56:58.874818Z
End time:   2025-07-09T01:56:58.885679Z
Duration:   0.011s

Metadata:
    allowed_architectures is empty
    allowed_platforms is empty
    description is empty
    has_cleanup = false
    is_exclusive = false
    required_configs is empty
    required_disk_space = 0
    required_files is empty
    required_memory = 0
    required_programs is empty
    required_user is empty
    timeout = 300

Standard error:
functions_test: ERROR: Cannot provide test case names with -l
functions_test: See atf-test-program(1) for usage details.
===> Broken tests
tests/abuild_fetch_test:abuild_fetch_curl_failure  ->  broken: Premature exit; test case exited with code 1  [0.038s]
tests/abuild_fetch_test:abuild_fetch_curl_http  ->  broken: Premature exit; test case exited with code 1  [0.039s]
tests/abuild_fetch_test:abuild_fetch_curl_invocation  ->  broken: Premature exit; test case exited with code 1  [0.039s]
tests/abuild_fetch_test:abuild_fetch_help  ->  broken: Premature exit; test case exited with code 1  [0.040s]
tests/abuild_fetch_test:abuild_fetch_locking  ->  broken: Premature exit; test case exited with code 1  [0.040s]
tests/abuild_fetch_test:abuild_fetch_wget_failure  ->  broken: Premature exit; test case exited with code 1  [0.068s]
tests/abuild_fetch_test:abuild_fetch_wget_fallback  ->  broken: Premature exit; test case exited with code 1  [0.068s]
tests/abuild_fetch_test:abuild_fetch_wget_http  ->  broken: Premature exit; test case exited with code 1  [0.068s]
tests/abuild_gzsplit_test:abuild_gzsplit_3_11_package  ->  broken: Premature exit; test case exited with code 1  [0.055s]
tests/abuild_gzsplit_test:abuild_gzsplit_3_12_package  ->  broken: Premature exit; test case exited with code 1  [0.055s]
tests/abuild_keygen_test:abuild_keygen_append  ->  broken: Premature exit; test case exited with code 1  [0.035s]
tests/abuild_keygen_test:abuild_keygen_help  ->  broken: Premature exit; test case exited with code 1  [0.035s]
tests/abuild_keygen_test:abuild_keygen_install_doas  ->  broken: Premature exit; test case exited with code 1  [0.036s]
tests/abuild_keygen_test:abuild_keygen_install_interactive  ->  broken: Premature exit; test case exited with code 1  [0.036s]
tests/abuild_keygen_test:abuild_keygen_install_non_interactive  ->  broken: Premature exit; test case exited with code 1  [0.036s]
tests/abuild_keygen_test:abuild_keygen_install_without_sudo  ->  broken: Premature exit; test case exited with code 1  [0.036s]
tests/abuild_keygen_test:abuild_keygen_invalid_arg  ->  broken: Premature exit; test case exited with code 1  [0.051s]
tests/abuild_keygen_test:abuild_keygen_invalid_opts  ->  broken: Premature exit; test case exited with code 1  [0.051s]
tests/abuild_keygen_test:abuild_keygen_kernel  ->  broken: Premature exit; test case exited with code 1  [0.051s]
tests/abuild_keygen_test:abuild_keygen_non_interactive  ->  broken: Premature exit; test case exited with code 1  [0.051s]
tests/abuild_sign_test:abuild_sign_help  ->  broken: Premature exit; test case exited with code 1  [0.104s]
tests/abuild_sign_test:abuild_sign_installed  ->  broken: Premature exit; test case exited with code 1  [0.104s]
tests/abuild_sign_test:abuild_sign_installed_missing  ->  broken: Premature exit; test case exited with code 1  [0.105s]
tests/abuild_sign_test:abuild_sign_installed_missing_priv  ->  broken: Premature exit; test case exited with code 1  [0.105s]
tests/abuild_sign_test:abuild_sign_installed_missing_pub  ->  broken: Premature exit; test case exited with code 1  [0.105s]
tests/abuild_sign_test:abuild_sign_invalid_opt  ->  broken: Premature exit; test case exited with code 1  [0.105s]
tests/abuild_sign_test:abuild_sign_missing_arg  ->  broken: Premature exit; test case exited with code 1  [0.105s]
tests/abuild_sign_test:abuild_sign_owner_type_default  ->  broken: Premature exit; test case exited with code 1  [0.105s]
tests/abuild_sign_test:abuild_sign_owner_type_invalid  ->  broken: Premature exit; test case exited with code 1  [0.105s]
tests/abuild_sign_test:abuild_sign_owner_type_rsa  ->  broken: Premature exit; test case exited with code 1  [0.105s]
tests/abuild_sign_test:abuild_sign_owner_type_rsa256  ->  broken: Premature exit; test case exited with code 1  [0.105s]
tests/abuild_tar_test:abuild_tar_cut  ->  broken: Premature exit; test case exited with code 1  [0.090s]
tests/abuild_tar_test:abuild_tar_hash  ->  broken: Premature exit; test case exited with code 1  [0.091s]
tests/abuild_tar_test:abuild_tar_help  ->  broken: Premature exit; test case exited with code 1  [0.091s]
tests/abuild_tar_test:abuild_tar_invalid_opt  ->  broken: Premature exit; test case exited with code 1  [0.091s]
tests/abuild_test:abuild_amove  ->  broken: Premature exit; test case exited with code 1  [0.017s]
tests/abuild_test:abuild_bigdocs  ->  broken: Premature exit; test case exited with code 1  [0.019s]
tests/abuild_test:abuild_build_fail  ->  broken: Premature exit; test case exited with code 1  [0.020s]
tests/abuild_test:abuild_cargo_home_dir  ->  broken: Premature exit; test case exited with code 1  [0.016s]
tests/abuild_test:abuild_check_maintainer  ->  broken: Premature exit; test case exited with code 1  [0.021s]
tests/abuild_test:abuild_checksum_duplicates  ->  broken: Premature exit; test case exited with code 1  [0.016s]
tests/abuild_test:abuild_checksum_generation  ->  broken: Premature exit; test case exited with code 1  [0.022s]
tests/abuild_test:abuild_cleanoldpkg  ->  broken: Premature exit; test case exited with code 1  [0.016s]
tests/abuild_test:abuild_command_provides  ->  broken: Premature exit; test case exited with code 1  [0.017s]
tests/abuild_test:abuild_dbg_subpackage  ->  broken: Premature exit; test case exited with code 1  [0.016s]
tests/abuild_test:abuild_deps  ->  broken: Premature exit; test case exited with code 1  [0.023s]
tests/abuild_test:abuild_dev  ->  broken: Premature exit; test case exited with code 1  [0.021s]
tests/abuild_test:abuild_devhelp  ->  broken: Premature exit; test case exited with code 1  [0.022s]
tests/abuild_test:abuild_devhelp_warn  ->  broken: Premature exit; test case exited with code 1  [0.017s]
tests/abuild_test:abuild_doc  ->  broken: Premature exit; test case exited with code 1  [0.018s]
tests/abuild_test:abuild_duplicate_subpkgname  ->  broken: Premature exit; test case exited with code 1  [0.014s]
tests/abuild_test:abuild_fish_comp_split  ->  broken: Premature exit; test case exited with code 1  [0.017s]
tests/abuild_test:abuild_git_ceiling  ->  broken: Premature exit; test case exited with code 1  [0.020s]
tests/abuild_test:abuild_gocache_dir  ->  broken: Premature exit; test case exited with code 1  [0.021s]
tests/abuild_test:abuild_help  ->  broken: Premature exit; test case exited with code 1  [0.012s]
tests/abuild_test:abuild_invalid_filename  ->  broken: Premature exit; test case exited with code 1  [0.023s]
tests/abuild_test:abuild_invalid_opt  ->  broken: Premature exit; test case exited with code 1  [0.024s]
tests/abuild_test:abuild_invalid_pkgnames  ->  broken: Premature exit; test case exited with code 1  [0.019s]
tests/abuild_test:abuild_invalid_subpkg_version  ->  broken: Premature exit; test case exited with code 1  [0.015s]
tests/abuild_test:abuild_invalid_subpkgnames  ->  broken: Premature exit; test case exited with code 1  [0.019s]
tests/abuild_test:abuild_keepdirs  ->  broken: Premature exit; test case exited with code 1  [0.022s]
tests/abuild_test:abuild_large_doc_subpackage  ->  broken: Premature exit; test case exited with code 1  [0.022s]
tests/abuild_test:abuild_license_spdx  ->  broken: Premature exit; test case exited with code 1  [0.022s]
tests/abuild_test:abuild_multiline_license  ->  broken: Premature exit; test case exited with code 1  [0.022s]
tests/abuild_test:abuild_package_size  ->  broken: Premature exit; test case exited with code 1  [0.022s]
tests/abuild_test:abuild_path_with_spaces  ->  broken: Premature exit; test case exited with code 1  [0.023s]
tests/abuild_test:abuild_pkgver_digit_letter_digit  ->  broken: Premature exit; test case exited with code 1  [0.023s]
tests/abuild_test:abuild_provide_pkgname  ->  broken: Premature exit; test case exited with code 1  [0.022s]
tests/abuild_test:abuild_py_dependency_scan  ->  broken: Premature exit; test case exited with code 1  [0.020s]
tests/abuild_test:abuild_py_dependency_scan_conflict  ->  broken: Premature exit; test case exited with code 1  [0.019s]
tests/abuild_test:abuild_py_providers_creation  ->  broken: Premature exit; test case exited with code 1  [0.018s]
tests/abuild_test:abuild_pyc  ->  broken: Premature exit; test case exited with code 1  [0.018s]
tests/abuild_test:abuild_pyc_warn  ->  broken: Premature exit; test case exited with code 1  [0.034s]
tests/abuild_test:abuild_reject_init_with_improper_shebang  ->  broken: Premature exit; test case exited with code 1  [0.033s]
tests/abuild_test:abuild_reproducible  ->  broken: Premature exit; test case exited with code 1  [0.033s]
tests/abuild_test:abuild_rpaths  ->  broken: Premature exit; test case exited with code 1  [0.032s]
tests/abuild_test:abuild_setcap_binary  ->  broken: Premature exit; test case exited with code 1  [0.032s]
tests/abuild_test:abuild_setcap_binary_with_option  ->  broken: Premature exit; test case exited with code 1  [0.042s]
tests/abuild_test:abuild_simple_pkg_without_deps  ->  broken: Premature exit; test case exited with code 1  [0.057s]
tests/abuild_test:abuild_subpackage_arch  ->  broken: Premature exit; test case exited with code 1  [0.057s]
tests/abuild_test:abuild_subpkg_dep_leak  ->  broken: Premature exit; test case exited with code 1  [0.056s]
tests/abuild_test:abuild_subpkg_libs  ->  broken: Premature exit; test case exited with code 1  [0.055s]
tests/abuild_test:abuild_usr_lib64  ->  broken: Premature exit; test case exited with code 1  [0.069s]
tests/abuild_test:abuild_usr_merge  ->  broken: Premature exit; test case exited with code 1  [0.068s]
tests/abuild_test:abuild_valid_pkgnames  ->  broken: Premature exit; test case exited with code 1  [0.068s]
tests/abuild_test:abuild_validate_depends  ->  broken: Premature exit; test case exited with code 1  [0.067s]
tests/abuild_test:abuild_version  ->  broken: Premature exit; test case exited with code 1  [0.066s]
tests/abump_test:abump_help  ->  broken: Premature exit; test case exited with code 1  [0.051s]
tests/abump_test:abump_invalid_opt  ->  broken: Premature exit; test case exited with code 1  [0.050s]
tests/abump_test:abump_isolates_apkbuild  ->  broken: Premature exit; test case exited with code 1  [0.050s]
tests/abump_test:abump_missing_args  ->  broken: Premature exit; test case exited with code 1  [0.049s]
tests/abump_test:abump_simple_bump  ->  broken: Premature exit; test case exited with code 1  [0.049s]
tests/apkgrel_test:apkgrel_usage  ->  broken: Premature exit; test case exited with code 1  [0.037s]
tests/checkapk_test:checkapk_help  ->  broken: Premature exit; test case exited with code 1  [0.021s]
tests/checkapk_test:checkapk_invalid_opt  ->  broken: Premature exit; test case exited with code 1  [0.021s]
tests/checkapk_test:checkapk_missing_abuild_conf  ->  broken: Premature exit; test case exited with code 1  [0.020s]
tests/checkapk_test:checkapk_missing_apkbuild  ->  broken: Premature exit; test case exited with code 1  [0.020s]
tests/functions_test:funcs_check_CBUILD  ->  broken: Premature exit; test case exited with code 1  [0.007s]
tests/functions_test:funcs_check_defconfig  ->  broken: Premature exit; test case exited with code 1  [0.007s]
tests/functions_test:funcs_check_env_set_but_empty  ->  broken: Premature exit; test case exited with code 1  [0.011s]
tests/functions_test:funcs_check_missing_apk  ->  broken: Premature exit; test case exited with code 1  [0.011s]
tests/functions_test:funcs_check_missing_gcc  ->  broken: Premature exit; test case exited with code 1  [0.007s]
tests/functions_test:funcs_check_missing_git  ->  broken: Premature exit; test case exited with code 1  [0.011s]
===> Summary
Results read from /home/packager/.kyua/store/results.tmp_src_abuild-3.15.0_rc3.20250709-015658-549007.db
Test cases: 103 total, 0 skipped, 0 expected failures, 103 broken, 0 failed
Start time: 2025-07-09T01:56:58.574627Z
End time:   2025-07-09T01:56:58.885679Z
Total time: 4.353s
make: *** [Makefile:130: check] Error 1
>>> ERROR: abuild: check failed
>>> ERROR: abuild: rootbld failed
>>> abuild: Cleaning up build chroot
