>>> alpine-conf: Validating /home/packager/oily-pine/main/alpine-conf/APKBUILD...
>>> alpine-conf: Cleaning up srcdir
>>> alpine-conf: Cleaning up pkgdir
>>> alpine-conf: Cleaning up tmpdir
>>> alpine-conf: Fetching https://gitlab.alpinelinux.org/alpine/alpine-conf/-/archive/3.19.2/alpine-conf-3.19.2.tar.gz
>>> alpine-conf: Fetching https://gitlab.alpinelinux.org/alpine/alpine-conf/-/archive/3.19.2/alpine-conf-3.19.2.tar.gz
>>> alpine-conf: Checking sha512sums...
alpine-conf-3.19.2.tar.gz: OK
0001-setup-wayland-base-explicit-start-cgroups-and-dbus.patch: OK
0002-setup-desktop-add-xfce-wayland.patch: OK
0003-setup-desktop-prefer-dark-gtk-theme-for-xfce.patch: OK
>>> alpine-conf: Preparing build chroot...
installing oils!
fetch http://dl-cdn.alpinelinux.org/alpine/edge/main/x86_64/APKINDEX.tar.gz
WARNING: opening /home/packager/packages//# for oils: No such file or directory
(1/83) Installing musl (1.2.5-r13)
(2/83) Installing libcrypto3 (3.5.1-r0)
(3/83) Installing libssl3 (3.5.1-r0)
(4/83) Installing zlib (1.3.1-r2)
(5/83) Installing zstd-libs (1.5.7-r1)
(6/83) Installing libapk (3.0.0_rc5_git20250613-r0)
(7/83) Installing ca-certificates-bundle (20241121-r2)
(8/83) Installing apk-tools (3.0.0_rc5_git20250613-r0)
(9/83) Installing libcap2 (2.76-r0)
(10/83) Installing libcap-getcap (2.76-r0)
(11/83) Installing fakeroot (1.37.1.2-r0)
(12/83) Installing scanelf (1.3.8-r1)
(13/83) Installing musl-utils (1.2.5-r13)
(14/83) Installing libgcc (14.3.0-r5)
(15/83) Installing libstdc++ (14.3.0-r5)
(16/83) Installing lzip (1.25-r0)
(17/83) Installing openssl (3.5.1-r0)
(18/83) Installing patch (2.8-r0)
(19/83) Installing pkgconf (2.5.1-r0)
(20/83) Installing acl-libs (2.3.2-r1)
(21/83) Installing tar (1.35-r4)
(22/83) Installing alpine-baselayout-data (3.7.0-r0)
(23/83) Installing busybox (1.37.0-r18)
Executing busybox-1.37.0-r18.post-install
(24/83) Installing ssl_client (1.37.0-r18)
(25/83) Installing ncurses-terminfo-base (6.5_p20250705-r0)
(26/83) Installing libncursesw (6.5_p20250705-r0)
(27/83) Installing readline (8.3.0-r1)
(28/83) Installing oils-for-unix (0.28.0-r0)
(29/83) Installing oils-for-unix-binsh (0.28.0-r0)
(30/83) Installing abuild (3.15.0-r2)
Executing abuild-3.15.0-r2.pre-install
(31/83) Installing abuild-sudo (3.15.0-r2)
(32/83) Installing alpine-baselayout (3.7.0-r0)
Executing alpine-baselayout-3.7.0-r0.pre-install
Executing alpine-baselayout-3.7.0-r0.post-install
(33/83) Installing bridge (1.5-r5)
(34/83) Installing ifupdown-ng (0.12.1-r7)
(35/83) Installing openrc-user (0.62.5-r0)
(36/83) Installing openrc (0.62.5-r0)
Executing openrc-0.62.5-r0.post-install
(37/83) Installing mdev-conf (4.8-r0)
(38/83) Installing busybox-mdev-openrc (1.37.0-r18)
(39/83) Installing alpine-conf (3.20.0-r0)
(40/83) Installing alpine-keys (2.5-r0)
(41/83) Installing alpine-release (3.23.0_alpha20250612-r0)
(42/83) Installing busybox-openrc (1.37.0-r18)
(43/83) Installing busybox-suid (1.37.0-r18)
(44/83) Installing alpine-base (3.23.0_alpha20250612-r0)
(45/83) Installing jansson (2.14.1-r0)
(46/83) Installing binutils (2.44-r0)
(47/83) Installing libmagic (5.46-r2)
(48/83) Installing file (5.46-r2)
(49/83) Installing libgomp (14.3.0-r5)
(50/83) Installing libatomic (14.3.0-r5)
(51/83) Installing gmp (6.3.0-r4)
(52/83) Installing isl26 (0.26-r1)
(53/83) Installing mpfr4 (4.2.2-r0)
(54/83) Installing mpc1 (1.3.1-r1)
(55/83) Installing gcc (14.3.0-r5)
(56/83) Installing libstdc++-dev (14.3.0-r5)
(57/83) Installing musl-dev (1.2.5-r13)
(58/83) Installing g++ (14.3.0-r5)
(59/83) Installing make (4.4.1-r3)
(60/83) Installing fortify-headers (1.1-r5)
(61/83) Installing build-base (0.5-r3)
(62/83) Installing brotli-libs (1.1.0-r2)
(63/83) Installing c-ares (1.34.5-r0)
(64/83) Installing libunistring (1.3-r0)
(65/83) Installing libidn2 (2.3.8-r0)
(66/83) Installing nghttp2-libs (1.66.0-r0)
(67/83) Installing libpsl (0.21.5-r3)
(68/83) Installing libcurl (8.14.1-r2)
(69/83) Installing libexpat (2.7.1-r0)
(70/83) Installing pcre2 (10.43-r1)
(71/83) Installing git (2.50.1-r0)
(72/83) Installing git-init-template (2.50.1-r0)
(73/83) Installing atf (0.23-r0)
(74/83) Installing lua5.4-libs (5.4.8-r0)
(75/83) Installing lutok (0.6.1-r0)
(76/83) Installing sqlite-libs (3.50.2-r0)
(77/83) Installing kyua (0.13-r8)
(78/83) Installing libeconf (0.7.9-r0)
(79/83) Installing libblkid (2.41.1-r0)
(80/83) Installing libuuid (2.41.1-r0)
(81/83) Installing libfdisk (2.41.1-r0)
(82/83) Installing libsmartcols (2.41.1-r0)
(83/83) Installing sfdisk (2.41.1-r0)
Executing busybox-1.37.0-r18.trigger
OK: 302 MiB in 83 packages
>>> alpine-conf: Fetching https://gitlab.alpinelinux.org/alpine/alpine-conf/-/archive/3.19.2/alpine-conf-3.19.2.tar.gz
>>> alpine-conf: Checking sha512sums...
alpine-conf-3.19.2.tar.gz: OK
0001-setup-wayland-base-explicit-start-cgroups-and-dbus.patch: OK
0002-setup-desktop-add-xfce-wayland.patch: OK
0003-setup-desktop-prefer-dark-gtk-theme-for-xfce.patch: OK
>>> alpine-conf: Unpacking /var/cache/distfiles/alpine-conf-3.19.2.tar.gz...
>>> alpine-conf: 0001-setup-wayland-base-explicit-start-cgroups-and-dbus.patch
patching file setup-wayland-base.in
patching file tests/setup_wayland_base_test
>>> alpine-conf: 0002-setup-desktop-add-xfce-wayland.patch
patching file setup-desktop.in
Hunk #2 succeeded at 80 (offset 1 line).
>>> alpine-conf: 0003-setup-desktop-prefer-dark-gtk-theme-for-xfce.patch
patching file setup-desktop.in
Hunk #3 succeeded at 90 (offset 1 line).
sed -e 's:@VERSION@:3.19.2-r0:g' -e 's:@PREFIX@:/usr:g' -e 's:@sysconfdir@:/etc/lbu:g'  libalpine.sh.in > libalpine.sh
sed -e 's:@VERSION@:3.19.2-r0:g' -e 's:@PREFIX@:/usr:g' -e 's:@sysconfdir@:/etc/lbu:g'  dasd-functions.sh.in > dasd-functions.sh
sed -e 's:@VERSION@:3.19.2-r0:g' -e 's:@PREFIX@:/usr:g' -e 's:@sysconfdir@:/etc/lbu:g'  copy-modloop.in > copy-modloop && chmod +x copy-modloop
sed -e 's:@VERSION@:3.19.2-r0:g' -e 's:@PREFIX@:/usr:g' -e 's:@sysconfdir@:/etc/lbu:g'  lbu.in > lbu && chmod +x lbu
sed -e 's:@VERSION@:3.19.2-r0:g' -e 's:@PREFIX@:/usr:g' -e 's:@sysconfdir@:/etc/lbu:g'  setup-acf.in > setup-acf && chmod +x setup-acf
sed -e 's:@VERSION@:3.19.2-r0:g' -e 's:@PREFIX@:/usr:g' -e 's:@sysconfdir@:/etc/lbu:g'  setup-alpine.in > setup-alpine && chmod +x setup-alpine
sed -e 's:@VERSION@:3.19.2-r0:g' -e 's:@PREFIX@:/usr:g' -e 's:@sysconfdir@:/etc/lbu:g'  setup-apkcache.in > setup-apkcache && chmod +x setup-apkcache
sed -e 's:@VERSION@:3.19.2-r0:g' -e 's:@PREFIX@:/usr:g' -e 's:@sysconfdir@:/etc/lbu:g'  setup-apkrepos.in > setup-apkrepos && chmod +x setup-apkrepos
sed -e 's:@VERSION@:3.19.2-r0:g' -e 's:@PREFIX@:/usr:g' -e 's:@sysconfdir@:/etc/lbu:g'  setup-bootable.in > setup-bootable && chmod +x setup-bootable
sed -e 's:@VERSION@:3.19.2-r0:g' -e 's:@PREFIX@:/usr:g' -e 's:@sysconfdir@:/etc/lbu:g'  setup-desktop.in > setup-desktop && chmod +x setup-desktop
sed -e 's:@VERSION@:3.19.2-r0:g' -e 's:@PREFIX@:/usr:g' -e 's:@sysconfdir@:/etc/lbu:g'  setup-devd.in > setup-devd && chmod +x setup-devd
sed -e 's:@VERSION@:3.19.2-r0:g' -e 's:@PREFIX@:/usr:g' -e 's:@sysconfdir@:/etc/lbu:g'  setup-disk.in > setup-disk && chmod +x setup-disk
sed -e 's:@VERSION@:3.19.2-r0:g' -e 's:@PREFIX@:/usr:g' -e 's:@sysconfdir@:/etc/lbu:g'  setup-dns.in > setup-dns && chmod +x setup-dns
sed -e 's:@VERSION@:3.19.2-r0:g' -e 's:@PREFIX@:/usr:g' -e 's:@sysconfdir@:/etc/lbu:g'  setup-hostname.in > setup-hostname && chmod +x setup-hostname
sed -e 's:@VERSION@:3.19.2-r0:g' -e 's:@PREFIX@:/usr:g' -e 's:@sysconfdir@:/etc/lbu:g'  setup-interfaces.in > setup-interfaces && chmod +x setup-interfaces
sed -e 's:@VERSION@:3.19.2-r0:g' -e 's:@PREFIX@:/usr:g' -e 's:@sysconfdir@:/etc/lbu:g'  setup-keymap.in > setup-keymap && chmod +x setup-keymap
sed -e 's:@VERSION@:3.19.2-r0:g' -e 's:@PREFIX@:/usr:g' -e 's:@sysconfdir@:/etc/lbu:g'  setup-lbu.in > setup-lbu && chmod +x setup-lbu
sed -e 's:@VERSION@:3.19.2-r0:g' -e 's:@PREFIX@:/usr:g' -e 's:@sysconfdir@:/etc/lbu:g'  setup-mta.in > setup-mta && chmod +x setup-mta
sed -e 's:@VERSION@:3.19.2-r0:g' -e 's:@PREFIX@:/usr:g' -e 's:@sysconfdir@:/etc/lbu:g'  setup-ntp.in > setup-ntp && chmod +x setup-ntp
sed -e 's:@VERSION@:3.19.2-r0:g' -e 's:@PREFIX@:/usr:g' -e 's:@sysconfdir@:/etc/lbu:g'  setup-proxy.in > setup-proxy && chmod +x setup-proxy
sed -e 's:@VERSION@:3.19.2-r0:g' -e 's:@PREFIX@:/usr:g' -e 's:@sysconfdir@:/etc/lbu:g'  setup-sshd.in > setup-sshd && chmod +x setup-sshd
sed -e 's:@VERSION@:3.19.2-r0:g' -e 's:@PREFIX@:/usr:g' -e 's:@sysconfdir@:/etc/lbu:g'  setup-timezone.in > setup-timezone && chmod +x setup-timezone
sed -e 's:@VERSION@:3.19.2-r0:g' -e 's:@PREFIX@:/usr:g' -e 's:@sysconfdir@:/etc/lbu:g'  setup-user.in > setup-user && chmod +x setup-user
sed -e 's:@VERSION@:3.19.2-r0:g' -e 's:@PREFIX@:/usr:g' -e 's:@sysconfdir@:/etc/lbu:g'  setup-wayland-base.in > setup-wayland-base && chmod +x setup-wayland-base
sed -e 's:@VERSION@:3.19.2-r0:g' -e 's:@PREFIX@:/usr:g' -e 's:@sysconfdir@:/etc/lbu:g'  setup-xen-dom0.in > setup-xen-dom0 && chmod +x setup-xen-dom0
sed -e 's:@VERSION@:3.19.2-r0:g' -e 's:@PREFIX@:/usr:g' -e 's:@sysconfdir@:/etc/lbu:g'  setup-xorg-base.in > setup-xorg-base && chmod +x setup-xorg-base
sed -e 's:@VERSION@:3.19.2-r0:g' -e 's:@PREFIX@:/usr:g' -e 's:@sysconfdir@:/etc/lbu:g'  update-conf.in > update-conf && chmod +x update-conf
sed -e 's:@VERSION@:3.19.2-r0:g' -e 's:@PREFIX@:/usr:g' -e 's:@sysconfdir@:/etc/lbu:g'  update-kernel.in > update-kernel && chmod +x update-kernel
cc -Os -fstack-clash-protection -Wformat -Werror=format-security -fno-plt -Wl,--as-needed,-O1,--sort-common -Wl,-z,pack-relative-relocs -o uniso uniso.c
echo "syntax(2)" > Kyuafile
echo "test_suite('alpine-conf')" >> Kyuafile
echo "syntax(2)" > tests/Kyuafile
echo "include('tests/Kyuafile')" >> Kyuafile
echo 'test_suite("alpine-conf")' >> tests/Kyuafile
for i in copy_modloop_test fake_adduser_test fake_apk_test fake_modinfo_test fake_rc_service_test fake_rc_update_test fake_wget_test lbu_test libalpine_test setup_acf_test setup_alpine_test setup_apkcache_test setup_apkrepos_test setup_desktop_test setup_devd_test setup_disk_test setup_dns_test setup_hostname_test setup_interfaces_test setup_keymap_test setup_lbu_test setup_mta_test setup_ntp_test setup_proxy_test setup_sshd_test setup_timezone_test setup_user_test setup_wayland_base_test setup_xen_dom0_test setup_xorg_base_test update_conf_test update_kernel_test; do \
	echo "atf_test_program{name='$i',timeout=30}" >> tests/Kyuafile ; \
done
kyua --variable parallelism=16 test || (kyua report --verbose && exit 1)
tests/copy_modloop_test:copy_modloop_usage  ->  broken: Premature exit; test case exited with code 1  [0.057s]
tests/fake_adduser_test:fake_adduser_failure  ->  broken: Premature exit; test case exited with code 1  [0.048s]
tests/fake_adduser_test:fake_adduser_usage  ->  broken: Premature exit; test case exited with code 1  [0.048s]
tests/fake_apk_test:fake_apk_add  ->  broken: Premature exit; test case exited with code 1  [0.040s]
tests/fake_modinfo_test:fake_modinfo  ->  broken: Premature exit; test case exited with code 1  [0.033s]
tests/fake_rc_service_test:rc_service_already_stopped  ->  broken: Premature exit; test case exited with code 1  [0.008s]
tests/fake_rc_service_test:rc_service_exists  ->  broken: Premature exit; test case exited with code 1  [0.009s]
tests/fake_rc_service_test:rc_service_already_started  ->  broken: Premature exit; test case exited with code 1  [0.024s]
tests/fake_rc_service_test:rc_service_ifstarted_start  ->  broken: Premature exit; test case exited with code 1  [0.024s]
tests/fake_rc_service_test:rc_service_ifstarted_stop  ->  broken: Premature exit; test case exited with code 1  [0.024s]
tests/fake_rc_service_test:rc_service_ifstopped_start  ->  broken: Premature exit; test case exited with code 1  [0.025s]
tests/fake_rc_service_test:rc_service_ifstopped_stop  ->  broken: Premature exit; test case exited with code 1  [0.025s]
tests/fake_rc_service_test:rc_service_not_exists  ->  broken: Premature exit; test case exited with code 1  [0.025s]
tests/fake_rc_service_test:rc_service_restart_started  ->  broken: Premature exit; test case exited with code 1  [0.044s]
tests/fake_rc_service_test:rc_service_restart_stopped  ->  broken: Premature exit; test case exited with code 1  [0.044s]
tests/fake_rc_service_test:rc_service_start  ->  broken: Premature exit; test case exited with code 1  [0.044s]
tests/fake_rc_service_test:rc_service_start_quiet  ->  broken: Premature exit; test case exited with code 1  [0.044s]
tests/fake_rc_service_test:rc_service_status_started  ->  broken: Premature exit; test case exited with code 1  [0.045s]
tests/fake_rc_service_test:rc_service_status_stopped  ->  broken: Premature exit; test case exited with code 1  [0.045s]
tests/fake_rc_service_test:rc_service_stop  ->  broken: Premature exit; test case exited with code 1  [0.045s]
tests/fake_rc_service_test:rc_service_stop_quiet  ->  broken: Premature exit; test case exited with code 1  [0.045s]
tests/fake_rc_service_test:rc_service_usage  ->  broken: Premature exit; test case exited with code 1  [0.042s]
tests/fake_rc_update_test:rc_update_add  ->  broken: Premature exit; test case exited with code 1  [0.028s]
tests/fake_rc_update_test:rc_update_add_quiet  ->  broken: Premature exit; test case exited with code 1  [0.062s]
tests/fake_rc_update_test:rc_update_del  ->  broken: Premature exit; test case exited with code 1  [0.063s]
tests/fake_rc_update_test:rc_update_del_quiet  ->  broken: Premature exit; test case exited with code 1  [0.063s]
tests/fake_rc_update_test:rc_update_runlevel  ->  broken: Premature exit; test case exited with code 1  [0.064s]
tests/fake_rc_update_test:rc_update_usage  ->  broken: Premature exit; test case exited with code 1  [0.064s]
tests/fake_wget_test:fake_wget  ->  broken: Premature exit; test case exited with code 1  [0.046s]
tests/fake_wget_test:fake_wget_404  ->  broken: Premature exit; test case exited with code 1  [0.047s]
tests/fake_wget_test:fake_wget_empty_url  ->  broken: Premature exit; test case exited with code 1  [0.047s]
tests/fake_wget_test:fake_wget_fail  ->  broken: Premature exit; test case exited with code 1  [0.048s]
tests/fake_wget_test:fake_wget_missing_url  ->  broken: Premature exit; test case exited with code 1  [0.048s]
tests/fake_wget_test:fake_wget_outfile  ->  broken: Premature exit; test case exited with code 1  [0.049s]
tests/fake_wget_test:fake_wget_quiet  ->  broken: Premature exit; test case exited with code 1  [0.049s]
tests/fake_wget_test:fake_wget_spider  ->  broken: Premature exit; test case exited with code 1  [0.050s]
tests/fake_wget_test:fake_wget_stdout  ->  broken: Premature exit; test case exited with code 1  [0.050s]
tests/fake_wget_test:fake_wget_usage  ->  broken: Premature exit; test case exited with code 1  [0.051s]
tests/lbu_test:lbu_add_delete  ->  broken: Premature exit; test case exited with code 1  [0.017s]
tests/lbu_test:lbu_add_usage  ->  broken: Premature exit; test case exited with code 1  [0.017s]
tests/lbu_test:lbu_ci_usage  ->  broken: Premature exit; test case exited with code 1  [0.017s]
tests/lbu_test:lbu_commit_usage  ->  broken: Premature exit; test case exited with code 1  [0.017s]
tests/lbu_test:lbu_delete_usage  ->  broken: Premature exit; test case exited with code 1  [0.017s]
tests/lbu_test:lbu_diff_usage  ->  broken: Premature exit; test case exited with code 1  [0.017s]
tests/lbu_test:lbu_ex_usage  ->  broken: Premature exit; test case exited with code 1  [0.017s]
tests/lbu_test:lbu_exclude_usage  ->  broken: Premature exit; test case exited with code 1  [0.016s]
tests/lbu_test:lbu_inc_usage  ->  broken: Premature exit; test case exited with code 1  [0.016s]
tests/lbu_test:lbu_include_usage  ->  broken: Premature exit; test case exited with code 1  [0.032s]
tests/lbu_test:lbu_lb_usage  ->  broken: Premature exit; test case exited with code 1  [0.032s]
tests/lbu_test:lbu_list_backup_usage  ->  broken: Premature exit; test case exited with code 1  [0.031s]
tests/lbu_test:lbu_list_usage  ->  broken: Premature exit; test case exited with code 1  [0.031s]
tests/lbu_test:lbu_ls_usage  ->  broken: Premature exit; test case exited with code 1  [0.030s]
tests/lbu_test:lbu_package  ->  broken: Premature exit; test case exited with code 1  [0.038s]
tests/lbu_test:lbu_package_encrypted  ->  broken: Premature exit; test case exited with code 1  [0.055s]
tests/lbu_test:lbu_package_pre_post_hooks  ->  broken: Premature exit; test case exited with code 1  [0.055s]
tests/lbu_test:lbu_package_usage  ->  broken: Premature exit; test case exited with code 1  [0.054s]
tests/lbu_test:lbu_pkg_usage  ->  broken: Premature exit; test case exited with code 1  [0.054s]
tests/lbu_test:lbu_revert_usage  ->  broken: Premature exit; test case exited with code 1  [0.053s]
tests/lbu_test:lbu_st_usage  ->  broken: Premature exit; test case exited with code 1  [0.053s]
tests/lbu_test:lbu_stat_usage  ->  broken: Premature exit; test case exited with code 1  [0.053s]
tests/lbu_test:lbu_status_usage  ->  broken: Premature exit; test case exited with code 1  [0.052s]
tests/lbu_test:lbu_usage  ->  broken: Premature exit; test case exited with code 1  [0.068s]
tests/libalpine_test:libalpine_askpass  ->  broken: Premature exit; test case exited with code 1  [0.051s]
tests/libalpine_test:libalpine_available_ifaces  ->  broken: Premature exit; test case exited with code 1  [0.051s]
tests/libalpine_test:libalpine_available_ifaces_bond  ->  broken: Premature exit; test case exited with code 1  [0.051s]
tests/libalpine_test:libalpine_available_ifaces_bridge  ->  broken: Premature exit; test case exited with code 1  [0.070s]
tests/libalpine_test:libalpine_isin  ->  broken: Premature exit; test case exited with code 1  [0.070s]
tests/setup_acf_test:setup_acf_usage  ->  broken: Premature exit; test case exited with code 1  [0.062s]
tests/setup_alpine_test:setup_alpine_answerfile_apkcache  ->  broken: Premature exit; test case exited with code 1  [0.045s]
tests/setup_alpine_test:setup_alpine_answerfile_network  ->  broken: Premature exit; test case exited with code 1  [0.044s]
tests/setup_alpine_test:setup_alpine_answerfile_none  ->  broken: Premature exit; test case exited with code 1  [0.044s]
tests/setup_alpine_test:setup_alpine_create_answerfile  ->  broken: Premature exit; test case exited with code 1  [0.044s]
tests/setup_alpine_test:setup_alpine_kvm_clock  ->  broken: Premature exit; test case exited with code 1  [0.044s]
tests/setup_alpine_test:setup_alpine_quick  ->  broken: Premature exit; test case exited with code 1  [0.044s]
tests/setup_alpine_test:setup_alpine_restart_network  ->  broken: Premature exit; test case exited with code 1  [0.044s]
tests/setup_alpine_test:setup_alpine_usage  ->  broken: Premature exit; test case exited with code 1  [0.044s]
tests/setup_apkcache_test:setup_apkcache_abspath  ->  broken: Premature exit; test case exited with code 1  [0.028s]
tests/setup_apkcache_test:setup_apkcache_none  ->  broken: Premature exit; test case exited with code 1  [0.045s]
tests/setup_apkcache_test:setup_apkcache_relpath_with_slash  ->  broken: Premature exit; test case exited with code 1  [0.045s]
tests/setup_apkcache_test:setup_apkcache_usage  ->  broken: Premature exit; test case exited with code 1  [0.045s]
tests/setup_apkrepos_test:setup_apkrepos_add_community  ->  broken: Premature exit; test case exited with code 1  [0.026s]
tests/setup_apkrepos_test:setup_apkrepos_alpine_edge  ->  broken: Premature exit; test case exited with code 1  [0.026s]
tests/setup_apkrepos_test:setup_apkrepos_alpine_stable  ->  broken: Premature exit; test case exited with code 1  [0.026s]
tests/setup_apkrepos_test:setup_apkrepos_alpine_stable_preconfigured  ->  broken: Premature exit; test case exited with code 1  [0.026s]
tests/setup_apkrepos_test:setup_apkrepos_exclusive_opts  ->  broken: Premature exit; test case exited with code 1  [0.038s]
tests/setup_apkrepos_test:setup_apkrepos_fastest  ->  broken: Premature exit; test case exited with code 1  [0.038s]
tests/setup_apkrepos_test:setup_apkrepos_first  ->  broken: Premature exit; test case exited with code 1  [0.038s]
tests/setup_apkrepos_test:setup_apkrepos_https  ->  broken: Premature exit; test case exited with code 1  [0.039s]
tests/setup_apkrepos_test:setup_apkrepos_interactive  ->  broken: Premature exit; test case exited with code 1  [0.067s]
tests/setup_apkrepos_test:setup_apkrepos_network_failure  ->  broken: Premature exit; test case exited with code 1  [0.067s]
tests/setup_apkrepos_test:setup_apkrepos_random  ->  broken: Premature exit; test case exited with code 1  [0.067s]
tests/setup_apkrepos_test:setup_apkrepos_usage  ->  broken: Premature exit; test case exited with code 1  [0.067s]
tests/setup_desktop_test:setup_desktop_gnome  ->  broken: Premature exit; test case exited with code 1  [0.051s]
tests/setup_desktop_test:setup_desktop_mate  ->  broken: Premature exit; test case exited with code 1  [0.051s]
tests/setup_desktop_test:setup_desktop_plasma  ->  broken: Premature exit; test case exited with code 1  [0.051s]
tests/setup_desktop_test:setup_desktop_sway  ->  broken: Premature exit; test case exited with code 1  [0.051s]
tests/setup_desktop_test:setup_desktop_unsupported  ->  broken: Premature exit; test case exited with code 1  [0.051s]
tests/setup_desktop_test:setup_desktop_usage  ->  broken: Premature exit; test case exited with code 1  [0.051s]
tests/setup_desktop_test:setup_desktop_xfce  ->  broken: Premature exit; test case exited with code 1  [0.051s]
tests/setup_devd_test:setup_devd_mdev  ->  broken: Premature exit; test case exited with code 1  [0.039s]
tests/setup_devd_test:setup_devd_mdevd  ->  broken: Premature exit; test case exited with code 1  [0.039s]
tests/setup_devd_test:setup_devd_udev  ->  broken: Premature exit; test case exited with code 1  [0.039s]
tests/setup_devd_test:setup_devd_usage  ->  broken: Premature exit; test case exited with code 1  [0.038s]
tests/setup_disk_test:setup_disk_func_find_disks  ->  broken: Premature exit; test case exited with code 1  [0.010s]
tests/setup_disk_test:setup_disk_func_find_efi_size  ->  broken: Premature exit; test case exited with code 1  [0.022s]
tests/setup_disk_test:setup_disk_func_find_efi_size_multi  ->  broken: Premature exit; test case exited with code 1  [0.022s]
tests/setup_disk_test:setup_disk_func_setup_partitions_dos  ->  broken: Premature exit; test case exited with code 1  [0.022s]
tests/setup_disk_test:setup_disk_func_setup_partitions_gpt  ->  broken: Premature exit; test case exited with code 1  [0.034s]
tests/setup_disk_test:setup_disk_func_uuid_or_device  ->  broken: Premature exit; test case exited with code 1  [0.034s]
tests/setup_disk_test:setup_disk_install_mounted_root_bootloader_none  ->  broken: Premature exit; test case exited with code 1  [0.066s]
tests/setup_disk_test:setup_disk_install_mounted_root_efi  ->  broken: Premature exit; test case exited with code 1  [0.066s]
tests/setup_disk_test:setup_disk_install_mounted_root_efi_boot  ->  broken: Premature exit; test case exited with code 1  [0.066s]
tests/setup_disk_test:setup_disk_install_mounted_root_nvme  ->  broken: Premature exit; test case exited with code 1  [0.066s]
tests/setup_disk_test:setup_disk_install_mounted_root_zfs  ->  broken: Premature exit; test case exited with code 1  [0.066s]
tests/setup_disk_test:setup_disk_mode_none  ->  broken: Premature exit; test case exited with code 1  [0.066s]
tests/setup_disk_test:setup_disk_non_existing_block_dev  ->  broken: Premature exit; test case exited with code 1  [0.066s]
tests/setup_disk_test:setup_disk_none  ->  broken: Premature exit; test case exited with code 1  [0.066s]
tests/setup_disk_test:setup_disk_sys  ->  broken: Premature exit; test case exited with code 1  [0.066s]
tests/setup_disk_test:setup_disk_usage  ->  broken: Premature exit; test case exited with code 1  [0.065s]
tests/setup_dns_test:setup_dns_domain  ->  broken: Premature exit; test case exited with code 1  [0.054s]
tests/setup_dns_test:setup_dns_ip  ->  broken: Premature exit; test case exited with code 1  [0.054s]
tests/setup_dns_test:setup_dns_usage  ->  broken: Premature exit; test case exited with code 1  [0.054s]
tests/setup_hostname_test:setup_hostname_invalid_hostname  ->  broken: Premature exit; test case exited with code 1  [0.041s]
tests/setup_hostname_test:setup_hostname_usage  ->  broken: Premature exit; test case exited with code 1  [0.041s]
tests/setup_interfaces_test:setup_interfaces_auto_restart  ->  broken: Premature exit; test case exited with code 1  [0.009s]
tests/setup_interfaces_test:setup_interfaces_auto_up  ->  broken: Premature exit; test case exited with code 1  [0.009s]
tests/setup_interfaces_test:setup_interfaces_auto_first  ->  broken: Premature exit; test case exited with code 1  [0.013s]
tests/setup_interfaces_test:setup_interfaces_auto_none  ->  broken: Premature exit; test case exited with code 1  [0.027s]
tests/setup_interfaces_test:setup_interfaces_auto_single  ->  broken: Premature exit; test case exited with code 1  [0.027s]
tests/setup_interfaces_test:setup_interfaces_interactive_bond0  ->  broken: Premature exit; test case exited with code 1  [0.041s]
tests/setup_interfaces_test:setup_interfaces_interactive_br0  ->  broken: Premature exit; test case exited with code 1  [0.041s]
tests/setup_interfaces_test:setup_interfaces_interactive_dhcp  ->  broken: Premature exit; test case exited with code 1  [0.041s]
tests/setup_interfaces_test:setup_interfaces_interactive_none  ->  broken: Premature exit; test case exited with code 1  [0.053s]
tests/setup_interfaces_test:setup_interfaces_interactive_ssid_list  ->  broken: Premature exit; test case exited with code 1  [0.053s]
tests/setup_interfaces_test:setup_interfaces_interactive_vlan  ->  broken: Premature exit; test case exited with code 1  [0.069s]
tests/setup_interfaces_test:setup_interfaces_interactive_vlan0_ng  ->  broken: Premature exit; test case exited with code 1  [0.069s]
tests/setup_interfaces_test:setup_interfaces_interactive_vlan_ng  ->  broken: Premature exit; test case exited with code 1  [0.069s]
tests/setup_interfaces_test:setup_interfaces_interactive_wlan0_open  ->  broken: Premature exit; test case exited with code 1  [0.069s]
tests/setup_interfaces_test:setup_interfaces_interactive_wlan0_psk  ->  broken: Premature exit; test case exited with code 1  [0.069s]
tests/setup_interfaces_test:setup_interfaces_interactive_wlan0_psk_by_index  ->  broken: Premature exit; test case exited with code 1  [0.069s]
tests/setup_interfaces_test:setup_interfaces_none  ->  broken: Premature exit; test case exited with code 1  [0.069s]
tests/setup_interfaces_test:setup_interfaces_usage  ->  broken: Premature exit; test case exited with code 1  [0.067s]
tests/setup_keymap_test:setup_keymap_none  ->  broken: Premature exit; test case exited with code 1  [0.069s]
tests/setup_keymap_test:setup_keymap_usage  ->  broken: Premature exit; test case exited with code 1  [0.069s]
tests/setup_lbu_test:setup_lbu_label  ->  broken: Premature exit; test case exited with code 1  [0.054s]
tests/setup_lbu_test:setup_lbu_usage  ->  broken: Premature exit; test case exited with code 1  [0.054s]
tests/setup_lbu_test:setup_lbu_uuid  ->  broken: Premature exit; test case exited with code 1  [0.081s]
tests/setup_mta_test:setup_mta  ->  broken: Premature exit; test case exited with code 1  [0.070s]
tests/setup_mta_test:setup_mta_usage  ->  broken: Premature exit; test case exited with code 1  [0.070s]
tests/setup_ntp_test:setup_ntp_busybox  ->  broken: Premature exit; test case exited with code 1  [0.054s]
tests/setup_ntp_test:setup_ntp_chrony  ->  broken: Premature exit; test case exited with code 1  [0.055s]
tests/setup_ntp_test:setup_ntp_interactive_datetime  ->  broken: Premature exit; test case exited with code 1  [0.055s]
tests/setup_ntp_test:setup_ntp_invalid  ->  broken: Premature exit; test case exited with code 1  [0.056s]
tests/setup_ntp_test:setup_ntp_none  ->  broken: Premature exit; test case exited with code 1  [0.056s]
tests/setup_ntp_test:setup_ntp_none_backwards_compat  ->  broken: Premature exit; test case exited with code 1  [0.057s]
tests/setup_ntp_test:setup_ntp_openntpd  ->  broken: Premature exit; test case exited with code 1  [0.058s]
tests/setup_ntp_test:setup_ntp_usage  ->  broken: Premature exit; test case exited with code 1  [0.058s]
tests/setup_proxy_test:setup_proxy_interactive_none  ->  broken: Premature exit; test case exited with code 1  [0.042s]
tests/setup_proxy_test:setup_proxy_none  ->  broken: Premature exit; test case exited with code 1  [0.058s]
tests/setup_proxy_test:setup_proxy_url  ->  broken: Premature exit; test case exited with code 1  [0.059s]
tests/setup_proxy_test:setup_proxy_usage  ->  broken: Premature exit; test case exited with code 1  [0.059s]
tests/setup_sshd_test:setup_sshd_dropbear  ->  broken: Premature exit; test case exited with code 1  [0.033s]
tests/setup_sshd_test:setup_sshd_empty  ->  broken: Premature exit; test case exited with code 1  [0.033s]
tests/setup_sshd_test:setup_sshd_interactive_openssh_direct_key  ->  broken: Premature exit; test case exited with code 1  [0.033s]
tests/setup_sshd_test:setup_sshd_interactive_openssh_nokey  ->  broken: Premature exit; test case exited with code 1  [0.033s]
tests/setup_sshd_test:setup_sshd_interactive_openssh_nologin  ->  broken: Premature exit; test case exited with code 1  [0.061s]
tests/setup_sshd_test:setup_sshd_interactive_openssh_prohibitpass  ->  broken: Premature exit; test case exited with code 1  [0.061s]
tests/setup_sshd_test:setup_sshd_interactive_openssh_user_exist  ->  broken: Premature exit; test case exited with code 1  [0.060s]
tests/setup_sshd_test:setup_sshd_openssh_c_compat  ->  broken: Premature exit; test case exited with code 1  [0.060s]
tests/setup_sshd_test:setup_sshd_openssh_ftp  ->  broken: Premature exit; test case exited with code 1  [0.060s]
tests/setup_sshd_test:setup_sshd_openssh_https  ->  broken: Premature exit; test case exited with code 1  [0.060s]
tests/setup_sshd_test:setup_sshd_openssh_ssh_key  ->  broken: Premature exit; test case exited with code 1  [0.060s]
tests/setup_sshd_test:setup_sshd_usage  ->  broken: Premature exit; test case exited with code 1  [0.060s]
tests/setup_timezone_test:setup_timezone_SIGINT  ->  broken: Premature exit; test case exited with code 1  [0.044s]
tests/setup_timezone_test:setup_timezone_copy  ->  broken: Premature exit; test case exited with code 1  [0.044s]
tests/setup_timezone_test:setup_timezone_install  ->  broken: Premature exit; test case exited with code 1  [0.044s]
tests/setup_timezone_test:setup_timezone_interactive  ->  broken: Premature exit; test case exited with code 1  [0.045s]
tests/setup_timezone_test:setup_timezone_none  ->  broken: Premature exit; test case exited with code 1  [0.045s]
tests/setup_timezone_test:setup_timezone_usage  ->  broken: Premature exit; test case exited with code 1  [0.045s]
tests/setup_timezone_test:setup_timezone_z_compat  ->  broken: Premature exit; test case exited with code 1  [0.056s]
tests/setup_user_test:setup_user_admin  ->  broken: Premature exit; test case exited with code 1  [0.028s]
tests/setup_user_test:setup_user_fullname  ->  broken: Premature exit; test case exited with code 1  [0.028s]
tests/setup_user_test:setup_user_groups_commas  ->  broken: Premature exit; test case exited with code 1  [0.036s]
tests/setup_user_test:setup_user_groups_spaces  ->  broken: Premature exit; test case exited with code 1  [0.045s]
tests/setup_user_test:setup_user_interactive  ->  broken: Premature exit; test case exited with code 1  [0.045s]
tests/setup_user_test:setup_user_interactive_fullname  ->  broken: Premature exit; test case exited with code 1  [0.045s]
tests/setup_user_test:setup_user_interactive_fullname_existing  ->  broken: Premature exit; test case exited with code 1  [0.053s]
tests/setup_user_test:setup_user_interactive_no  ->  broken: Premature exit; test case exited with code 1  [0.065s]
tests/setup_user_test:setup_user_interactive_singlename  ->  broken: Premature exit; test case exited with code 1  [0.064s]
tests/setup_user_test:setup_user_interactive_suggest_ssh  ->  broken: Premature exit; test case exited with code 1  [0.063s]
tests/setup_user_test:setup_user_keys_opt  ->  broken: Premature exit; test case exited with code 1  [0.063s]
tests/setup_user_test:setup_user_none  ->  broken: Premature exit; test case exited with code 1  [0.062s]
tests/setup_user_test:setup_user_unlock  ->  broken: Premature exit; test case exited with code 1  [0.061s]
tests/setup_user_test:setup_user_usage  ->  broken: Premature exit; test case exited with code 1  [0.061s]
tests/setup_wayland_base_test:setup_wayland_base  ->  broken: Premature exit; test case exited with code 1  [0.048s]
tests/setup_wayland_base_test:setup_wayland_base_community_duplicates  ->  broken: Premature exit; test case exited with code 1  [0.047s]
tests/setup_wayland_base_test:setup_wayland_base_usage  ->  broken: Premature exit; test case exited with code 1  [0.047s]
tests/setup_xen_dom0_test:setup_xen_dom0  ->  broken: Premature exit; test case exited with code 1  [0.038s]
tests/setup_xorg_base_test:setup_xorg_base  ->  broken: Premature exit; test case exited with code 1  [0.027s]
tests/setup_xorg_base_test:setup_xorg_base_community_duplicates  ->  broken: Premature exit; test case exited with code 1  [0.027s]
tests/setup_xorg_base_test:setup_xorg_base_usage  ->  broken: Premature exit; test case exited with code 1  [0.026s]
tests/update_conf_test:update_conf_usage  ->  broken: Premature exit; test case exited with code 1  [0.018s]
tests/update_kernel_test:update_kernel_arch  ->  broken: Premature exit; test case exited with code 1  [0.007s]
tests/update_kernel_test:update_kernel_builddir_and_flavor  ->  broken: Premature exit; test case exited with code 1  [0.007s]
tests/update_kernel_test:update_kernel_firmware  ->  broken: Premature exit; test case exited with code 1  [0.007s]
tests/update_kernel_test:update_kernel_flavor  ->  broken: Premature exit; test case exited with code 1  [0.007s]
tests/update_kernel_test:update_kernel_usage  ->  broken: Premature exit; test case exited with code 1  [0.007s]

Results file id is tmp_src_alpine-conf-3.19.2.20250709-015710-455351
Results saved to /home/packager/.kyua/store/results.tmp_src_alpine-conf-3.19.2.20250709-015710-455351.db

0/207 passed (207 failed)
===> Execution context
Current directory: /tmp/src/alpine-conf-3.19.2
Environment variables:
    ABUILD_LAST_COMMIT=408a49af744062e3622b7ffd5e6b060a59f1eb0d
    ABUILD_USERDIR=/home/packager/.abuild
    BUILDCC=cc
    BUILDCFLAGS=-Os -fstack-clash-protection -Wformat -Werror=format-security -fno-plt
    BUILDCPPFLAGS=
    BUILDCXX=c++
    BUILDCXXFLAGS=-Os -fstack-clash-protection -Wformat -Werror=format-security -D_GLIBCXX_ASSERTIONS=1 -D_LIBCPP_ENABLE_THREAD_SAFETY_ANNOTATIONS=1 -D_LIBCPP_ENABLE_HARDENED_MODE=1 -fno-plt
    BUILDLD=ld
    BUILDLDFLAGS=-Wl,--as-needed,-O1,--sort-common -Wl,-z,pack-relative-relocs
    CARCH=x86_64
    CARGO_BUILD_JOBS=16
    CARGO_PROFILE_RELEASE_CODEGEN_UNITS=1
    CARGO_PROFILE_RELEASE_LTO=true
    CARGO_PROFILE_RELEASE_OPT_LEVEL=s
    CARGO_PROFILE_RELEASE_PANIC=abort
    CC=cc
    CFLAGS=-Os -fstack-clash-protection -Wformat -Werror=format-security -fno-plt
    CMAKE_BUILD_PARALLEL_LEVEL=16
    CMAKE_GENERATOR=Ninja
    COLUMNS=60
    CTEST_NO_TESTS_ACTION=error
    CTEST_OUTPUT_ON_FAILURE=ON
    CTEST_PARALLEL_LEVEL=16
    CXX=c++
    CXXFLAGS=-Os -fstack-clash-protection -Wformat -Werror=format-security -D_GLIBCXX_ASSERTIONS=1 -D_LIBCPP_ENABLE_THREAD_SAFETY_ANNOTATIONS=1 -D_LIBCPP_ENABLE_HARDENED_MODE=1 -fno-plt
    DFLAGS=-Os
    FAKEROOTDONTTRYCHOWN=1
    GIT_CEILING_DIRECTORIES=/home/packager/oily-pine/main/alpine-conf
    GOFLAGS=-buildmode=pie -modcacherw -trimpath -buildvcs=false
    HOME=/home/packager
    JOBS=16
    LDFLAGS=-Wl,--as-needed,-O1,--sort-common -Wl,-z,pack-relative-relocs
    LINES=35
    MAKEFLAGS= -j16 --jobserver-auth=fifo:/tmp/GMfifo149
    MAKELEVEL=1
    MFLAGS=-j16 --jobserver-auth=fifo:/tmp/GMfifo149
    OLDPWD=/tmp/src/alpine-conf-3.19.2
    PATH=/bin:/usr/bin:/sbin:/usr/sbin
    PERL_MM_USE_DEFAULT=1
    PWD=/tmp/src/alpine-conf-3.19.2
    REPODEST=/home/packager/packages/
    RUSTFLAGS= -Clink-arg=-Wl,-z,pack-relative-relocs
    SAMUFLAGS=-j16
    SHLVL=1
    SOURCE_DATE_EPOCH=1735740754
    SRCDEST=/var/cache/distfiles
    abuild_srcdir=/tmp/src
    git=/usr/bin/git
    pkgbasedir=/tmp/pkg
    tmpdir=/tmp/tmp
===> tests/copy_modloop_test:copy_modloop_usage
Result:     broken: Premature exit; test case exited with code 1
Start time: 2025-07-09T01:57:10.471054Z
End time:   2025-07-09T01:57:10.527954Z
Duration:   0.057s

Metadata:
    allowed_architectures is empty
    allowed_platforms is empty
    description is empty
    has_cleanup = false
    is_exclusive = false
    required_configs is empty
    required_disk_space = 0
    required_files is empty
    required_memory = 0
    required_programs is empty
    required_user is empty
    timeout = 300

Standard error:
copy_modloop_test: ERROR: Cannot provide test case names with -l
copy_modloop_test: See atf-test-program(1) for usage details.
===> tests/fake_adduser_test:fake_adduser_failure
Result:     broken: Premature exit; test case exited with code 1
Start time: 2025-07-09T01:57:10.481028Z
End time:   2025-07-09T01:57:10.528594Z
Duration:   0.048s

Metadata:
    allowed_architectures is empty
    allowed_platforms is empty
    description is empty
    has_cleanup = false
    is_exclusive = false
    required_configs is empty
    required_disk_space = 0
    required_files is empty
    required_memory = 0
    required_programs is empty
    required_user is empty
    timeout = 300

Standard error:
fake_adduser_test: ERROR: Cannot provide test case names with -l
fake_adduser_test: See atf-test-program(1) for usage details.
===> tests/fake_adduser_test:fake_adduser_usage
Result:     broken: Premature exit; test case exited with code 1
Start time: 2025-07-09T01:57:10.481481Z
End time:   2025-07-09T01:57:10.529189Z
Duration:   0.048s

Metadata:
    allowed_architectures is empty
    allowed_platforms is empty
    description is empty
    has_cleanup = false
    is_exclusive = false
    required_configs is empty
    required_disk_space = 0
    required_files is empty
    required_memory = 0
    required_programs is empty
    required_user is empty
    timeout = 300

Standard error:
fake_adduser_test: ERROR: Cannot provide test case names with -l
fake_adduser_test: See atf-test-program(1) for usage details.
===> tests/fake_apk_test:fake_apk_add
Result:     broken: Premature exit; test case exited with code 1
Start time: 2025-07-09T01:57:10.489242Z
End time:   2025-07-09T01:57:10.529740Z
Duration:   0.040s

Metadata:
    allowed_architectures is empty
    allowed_platforms is empty
    description is empty
    has_cleanup = false
    is_exclusive = false
    required_configs is empty
    required_disk_space = 0
    required_files is empty
    required_memory = 0
    required_programs is empty
    required_user is empty
    timeout = 300

Standard error:
fake_apk_test: ERROR: Cannot provide test case names with -l
fake_apk_test: See atf-test-program(1) for usage details.
===> tests/fake_modinfo_test:fake_modinfo
Result:     broken: Premature exit; test case exited with code 1
Start time: 2025-07-09T01:57:10.497664Z
End time:   2025-07-09T01:57:10.530342Z
Duration:   0.033s

Metadata:
    allowed_architectures is empty
    allowed_platforms is empty
    description is empty
    has_cleanup = false
    is_exclusive = false
    required_configs is empty
    required_disk_space = 0
    required_files is empty
    required_memory = 0
    required_programs is empty
    required_user is empty
    timeout = 300

Standard error:
fake_modinfo_test: ERROR: Cannot provide test case names with -l
fake_modinfo_test: See atf-test-program(1) for usage details.
===> tests/fake_rc_service_test:rc_service_already_started
Result:     broken: Premature exit; test case exited with code 1
Start time: 2025-07-09T01:57:10.524761Z
End time:   2025-07-09T01:57:10.549105Z
Duration:   0.024s

Metadata:
    allowed_architectures is empty
    allowed_platforms is empty
    description is empty
    has_cleanup = false
    is_exclusive = false
    required_configs is empty
    required_disk_space = 0
    required_files is empty
    required_memory = 0
    required_programs is empty
    required_user is empty
    timeout = 300

Standard error:
fake_rc_service_test: ERROR: Cannot provide test case names with -l
fake_rc_service_test: See atf-test-program(1) for usage details.
===> tests/fake_rc_service_test:rc_service_already_stopped
Result:     broken: Premature exit; test case exited with code 1
Start time: 2025-07-09T01:57:10.525075Z
End time:   2025-07-09T01:57:10.532764Z
Duration:   0.008s

Metadata:
    allowed_architectures is empty
    allowed_platforms is empty
    description is empty
    has_cleanup = false
    is_exclusive = false
    required_configs is empty
    required_disk_space = 0
    required_files is empty
    required_memory = 0
    required_programs is empty
    required_user is empty
    timeout = 300

Standard error:
fake_rc_service_test: ERROR: Cannot provide test case names with -l
fake_rc_service_test: See atf-test-program(1) for usage details.
===> tests/fake_rc_service_test:rc_service_exists
Result:     broken: Premature exit; test case exited with code 1
Start time: 2025-07-09T01:57:10.525373Z
End time:   2025-07-09T01:57:10.534733Z
Duration:   0.009s

Metadata:
    allowed_architectures is empty
    allowed_platforms is empty
    description is empty
    has_cleanup = false
    is_exclusive = false
    required_configs is empty
    required_disk_space = 0
    required_files is empty
    required_memory = 0
    required_programs is empty
    required_user is empty
    timeout = 300

Standard error:
fake_rc_service_test: ERROR: Cannot provide test case names with -l
fake_rc_service_test: See atf-test-program(1) for usage details.
===> tests/fake_rc_service_test:rc_service_ifstarted_start
Result:     broken: Premature exit; test case exited with code 1
Start time: 2025-07-09T01:57:10.525691Z
End time:   2025-07-09T01:57:10.549679Z
Duration:   0.024s

Metadata:
    allowed_architectures is empty
    allowed_platforms is empty
    description is empty
    has_cleanup = false
    is_exclusive = false
    required_configs is empty
    required_disk_space = 0
    required_files is empty
    required_memory = 0
    required_programs is empty
    required_user is empty
    timeout = 300

Standard error:
fake_rc_service_test: ERROR: Cannot provide test case names with -l
fake_rc_service_test: See atf-test-program(1) for usage details.
===> tests/fake_rc_service_test:rc_service_ifstarted_stop
Result:     broken: Premature exit; test case exited with code 1
Start time: 2025-07-09T01:57:10.526031Z
End time:   2025-07-09T01:57:10.550231Z
Duration:   0.024s

Metadata:
    allowed_architectures is empty
    allowed_platforms is empty
    description is empty
    has_cleanup = false
    is_exclusive = false
    required_configs is empty
    required_disk_space = 0
    required_files is empty
    required_memory = 0
    required_programs is empty
    required_user is empty
    timeout = 300

Standard error:
fake_rc_service_test: ERROR: Cannot provide test case names with -l
fake_rc_service_test: See atf-test-program(1) for usage details.
===> tests/fake_rc_service_test:rc_service_ifstopped_start
Result:     broken: Premature exit; test case exited with code 1
Start time: 2025-07-09T01:57:10.526320Z
End time:   2025-07-09T01:57:10.550848Z
Duration:   0.025s

Metadata:
    allowed_architectures is empty
    allowed_platforms is empty
    description is empty
    has_cleanup = false
    is_exclusive = false
    required_configs is empty
    required_disk_space = 0
    required_files is empty
    required_memory = 0
    required_programs is empty
    required_user is empty
    timeout = 300

Standard error:
fake_rc_service_test: ERROR: Cannot provide test case names with -l
fake_rc_service_test: See atf-test-program(1) for usage details.
===> tests/fake_rc_service_test:rc_service_ifstopped_stop
Result:     broken: Premature exit; test case exited with code 1
Start time: 2025-07-09T01:57:10.526641Z
End time:   2025-07-09T01:57:10.551386Z
Duration:   0.025s

Metadata:
    allowed_architectures is empty
    allowed_platforms is empty
    description is empty
    has_cleanup = false
    is_exclusive = false
    required_configs is empty
    required_disk_space = 0
    required_files is empty
    required_memory = 0
    required_programs is empty
    required_user is empty
    timeout = 300

Standard error:
fake_rc_service_test: ERROR: Cannot provide test case names with -l
fake_rc_service_test: See atf-test-program(1) for usage details.
===> tests/fake_rc_service_test:rc_service_not_exists
Result:     broken: Premature exit; test case exited with code 1
Start time: 2025-07-09T01:57:10.526961Z
End time:   2025-07-09T01:57:10.551938Z
Duration:   0.025s

Metadata:
    allowed_architectures is empty
    allowed_platforms is empty
    description is empty
    has_cleanup = false
    is_exclusive = false
    required_configs is empty
    required_disk_space = 0
    required_files is empty
    required_memory = 0
    required_programs is empty
    required_user is empty
    timeout = 300

Standard error:
fake_rc_service_test: ERROR: Cannot provide test case names with -l
fake_rc_service_test: See atf-test-program(1) for usage details.
===> tests/fake_rc_service_test:rc_service_restart_started
Result:     broken: Premature exit; test case exited with code 1
Start time: 2025-07-09T01:57:10.527270Z
End time:   2025-07-09T01:57:10.570996Z
Duration:   0.044s

Metadata:
    allowed_architectures is empty
    allowed_platforms is empty
    description is empty
    has_cleanup = false
    is_exclusive = false
    required_configs is empty
    required_disk_space = 0
    required_files is empty
    required_memory = 0
    required_programs is empty
    required_user is empty
    timeout = 300

Standard error:
fake_rc_service_test: ERROR: Cannot provide test case names with -l
fake_rc_service_test: See atf-test-program(1) for usage details.
===> tests/fake_rc_service_test:rc_service_restart_stopped
Result:     broken: Premature exit; test case exited with code 1
Start time: 2025-07-09T01:57:10.527548Z
End time:   2025-07-09T01:57:10.571674Z
Duration:   0.044s

Metadata:
    allowed_architectures is empty
    allowed_platforms is empty
    description is empty
    has_cleanup = false
    is_exclusive = false
    required_configs is empty
    required_disk_space = 0
    required_files is empty
    required_memory = 0
    required_programs is empty
    required_user is empty
    timeout = 300

Standard error:
fake_rc_service_test: ERROR: Cannot provide test case names with -l
fake_rc_service_test: See atf-test-program(1) for usage details.
===> tests/fake_rc_service_test:rc_service_start
Result:     broken: Premature exit; test case exited with code 1
Start time: 2025-07-09T01:57:10.527874Z
End time:   2025-07-09T01:57:10.572310Z
Duration:   0.044s

Metadata:
    allowed_architectures is empty
    allowed_platforms is empty
    description is empty
    has_cleanup = false
    is_exclusive = false
    required_configs is empty
    required_disk_space = 0
    required_files is empty
    required_memory = 0
    required_programs is empty
    required_user is empty
    timeout = 300

Standard error:
fake_rc_service_test: ERROR: Cannot provide test case names with -l
fake_rc_service_test: See atf-test-program(1) for usage details.
===> tests/fake_rc_service_test:rc_service_start_quiet
Result:     broken: Premature exit; test case exited with code 1
Start time: 2025-07-09T01:57:10.528514Z
End time:   2025-07-09T01:57:10.572955Z
Duration:   0.044s

Metadata:
    allowed_architectures is empty
    allowed_platforms is empty
    description is empty
    has_cleanup = false
    is_exclusive = false
    required_configs is empty
    required_disk_space = 0
    required_files is empty
    required_memory = 0
    required_programs is empty
    required_user is empty
    timeout = 300

Standard error:
fake_rc_service_test: ERROR: Cannot provide test case names with -l
fake_rc_service_test: See atf-test-program(1) for usage details.
===> tests/fake_rc_service_test:rc_service_status_started
Result:     broken: Premature exit; test case exited with code 1
Start time: 2025-07-09T01:57:10.529109Z
End time:   2025-07-09T01:57:10.573615Z
Duration:   0.045s

Metadata:
    allowed_architectures is empty
    allowed_platforms is empty
    description is empty
    has_cleanup = false
    is_exclusive = false
    required_configs is empty
    required_disk_space = 0
    required_files is empty
    required_memory = 0
    required_programs is empty
    required_user is empty
    timeout = 300

Standard error:
fake_rc_service_test: ERROR: Cannot provide test case names with -l
fake_rc_service_test: See atf-test-program(1) for usage details.
===> tests/fake_rc_service_test:rc_service_status_stopped
Result:     broken: Premature exit; test case exited with code 1
Start time: 2025-07-09T01:57:10.529660Z
End time:   2025-07-09T01:57:10.574285Z
Duration:   0.045s

Metadata:
    allowed_architectures is empty
    allowed_platforms is empty
    description is empty
    has_cleanup = false
    is_exclusive = false
    required_configs is empty
    required_disk_space = 0
    required_files is empty
    required_memory = 0
    required_programs is empty
    required_user is empty
    timeout = 300

Standard error:
fake_rc_service_test: ERROR: Cannot provide test case names with -l
fake_rc_service_test: See atf-test-program(1) for usage details.
===> tests/fake_rc_service_test:rc_service_stop
Result:     broken: Premature exit; test case exited with code 1
Start time: 2025-07-09T01:57:10.530247Z
End time:   2025-07-09T01:57:10.574862Z
Duration:   0.045s

Metadata:
    allowed_architectures is empty
    allowed_platforms is empty
    description is empty
    has_cleanup = false
    is_exclusive = false
    required_configs is empty
    required_disk_space = 0
    required_files is empty
    required_memory = 0
    required_programs is empty
    required_user is empty
    timeout = 300

Standard error:
fake_rc_service_test: ERROR: Cannot provide test case names with -l
fake_rc_service_test: See atf-test-program(1) for usage details.
===> tests/fake_rc_service_test:rc_service_stop_quiet
Result:     broken: Premature exit; test case exited with code 1
Start time: 2025-07-09T01:57:10.530872Z
End time:   2025-07-09T01:57:10.575405Z
Duration:   0.045s

Metadata:
    allowed_architectures is empty
    allowed_platforms is empty
    description is empty
    has_cleanup = false
    is_exclusive = false
    required_configs is empty
    required_disk_space = 0
    required_files is empty
    required_memory = 0
    required_programs is empty
    required_user is empty
    timeout = 300

Standard error:
fake_rc_service_test: ERROR: Cannot provide test case names with -l
fake_rc_service_test: See atf-test-program(1) for usage details.
===> tests/fake_rc_service_test:rc_service_usage
Result:     broken: Premature exit; test case exited with code 1
Start time: 2025-07-09T01:57:10.533854Z
End time:   2025-07-09T01:57:10.575989Z
Duration:   0.042s

Metadata:
    allowed_architectures is empty
    allowed_platforms is empty
    description is empty
    has_cleanup = false
    is_exclusive = false
    required_configs is empty
    required_disk_space = 0
    required_files is empty
    required_memory = 0
    required_programs is empty
    required_user is empty
    timeout = 300

Standard error:
fake_rc_service_test: ERROR: Cannot provide test case names with -l
fake_rc_service_test: See atf-test-program(1) for usage details.
===> tests/fake_rc_update_test:rc_update_add
Result:     broken: Premature exit; test case exited with code 1
Start time: 2025-07-09T01:57:10.549027Z
End time:   2025-07-09T01:57:10.576548Z
Duration:   0.028s

Metadata:
    allowed_architectures is empty
    allowed_platforms is empty
    description is empty
    has_cleanup = false
    is_exclusive = false
    required_configs is empty
    required_disk_space = 0
    required_files is empty
    required_memory = 0
    required_programs is empty
    required_user is empty
    timeout = 300

Standard error:
fake_rc_update_test: ERROR: Cannot provide test case names with -l
fake_rc_update_test: See atf-test-program(1) for usage details.
===> tests/fake_rc_update_test:rc_update_add_quiet
Result:     broken: Premature exit; test case exited with code 1
Start time: 2025-07-09T01:57:10.549612Z
End time:   2025-07-09T01:57:10.612044Z
Duration:   0.062s

Metadata:
    allowed_architectures is empty
    allowed_platforms is empty
    description is empty
    has_cleanup = false
    is_exclusive = false
    required_configs is empty
    required_disk_space = 0
    required_files is empty
    required_memory = 0
    required_programs is empty
    required_user is empty
    timeout = 300

Standard error:
fake_rc_update_test: ERROR: Cannot provide test case names with -l
fake_rc_update_test: See atf-test-program(1) for usage details.
===> tests/fake_rc_update_test:rc_update_del
Result:     broken: Premature exit; test case exited with code 1
Start time: 2025-07-09T01:57:10.550163Z
End time:   2025-07-09T01:57:10.613086Z
Duration:   0.063s

Metadata:
    allowed_architectures is empty
    allowed_platforms is empty
    description is empty
    has_cleanup = false
    is_exclusive = false
    required_configs is empty
    required_disk_space = 0
    required_files is empty
    required_memory = 0
    required_programs is empty
    required_user is empty
    timeout = 300

Standard error:
fake_rc_update_test: ERROR: Cannot provide test case names with -l
fake_rc_update_test: See atf-test-program(1) for usage details.
===> tests/fake_rc_update_test:rc_update_del_quiet
Result:     broken: Premature exit; test case exited with code 1
Start time: 2025-07-09T01:57:10.550774Z
End time:   2025-07-09T01:57:10.614158Z
Duration:   0.063s

Metadata:
    allowed_architectures is empty
    allowed_platforms is empty
    description is empty
    has_cleanup = false
    is_exclusive = false
    required_configs is empty
    required_disk_space = 0
    required_files is empty
    required_memory = 0
    required_programs is empty
    required_user is empty
    timeout = 300

Standard error:
fake_rc_update_test: ERROR: Cannot provide test case names with -l
fake_rc_update_test: See atf-test-program(1) for usage details.
===> tests/fake_rc_update_test:rc_update_runlevel
Result:     broken: Premature exit; test case exited with code 1
Start time: 2025-07-09T01:57:10.551320Z
End time:   2025-07-09T01:57:10.615166Z
Duration:   0.064s

Metadata:
    allowed_architectures is empty
    allowed_platforms is empty
    description is empty
    has_cleanup = false
    is_exclusive = false
    required_configs is empty
    required_disk_space = 0
    required_files is empty
    required_memory = 0
    required_programs is empty
    required_user is empty
    timeout = 300

Standard error:
fake_rc_update_test: ERROR: Cannot provide test case names with -l
fake_rc_update_test: See atf-test-program(1) for usage details.
===> tests/fake_rc_update_test:rc_update_usage
Result:     broken: Premature exit; test case exited with code 1
Start time: 2025-07-09T01:57:10.551872Z
End time:   2025-07-09T01:57:10.616229Z
Duration:   0.064s

Metadata:
    allowed_architectures is empty
    allowed_platforms is empty
    description is empty
    has_cleanup = false
    is_exclusive = false
    required_configs is empty
    required_disk_space = 0
    required_files is empty
    required_memory = 0
    required_programs is empty
    required_user is empty
    timeout = 300

Standard error:
fake_rc_update_test: ERROR: Cannot provide test case names with -l
fake_rc_update_test: See atf-test-program(1) for usage details.
===> tests/fake_wget_test:fake_wget
Result:     broken: Premature exit; test case exited with code 1
Start time: 2025-07-09T01:57:10.570887Z
End time:   2025-07-09T01:57:10.617347Z
Duration:   0.046s

Metadata:
    allowed_architectures is empty
    allowed_platforms is empty
    description is empty
    has_cleanup = false
    is_exclusive = false
    required_configs is empty
    required_disk_space = 0
    required_files is empty
    required_memory = 0
    required_programs is empty
    required_user is empty
    timeout = 300

Standard error:
fake_wget_test: ERROR: Cannot provide test case names with -l
fake_wget_test: See atf-test-program(1) for usage details.
===> tests/fake_wget_test:fake_wget_404
Result:     broken: Premature exit; test case exited with code 1
Start time: 2025-07-09T01:57:10.571577Z
End time:   2025-07-09T01:57:10.618475Z
Duration:   0.047s

Metadata:
    allowed_architectures is empty
    allowed_platforms is empty
    description is empty
    has_cleanup = false
    is_exclusive = false
    required_configs is empty
    required_disk_space = 0
    required_files is empty
    required_memory = 0
    required_programs is empty
    required_user is empty
    timeout = 300

Standard error:
fake_wget_test: ERROR: Cannot provide test case names with -l
fake_wget_test: See atf-test-program(1) for usage details.
===> tests/fake_wget_test:fake_wget_empty_url
Result:     broken: Premature exit; test case exited with code 1
Start time: 2025-07-09T01:57:10.572208Z
End time:   2025-07-09T01:57:10.619654Z
Duration:   0.047s

Metadata:
    allowed_architectures is empty
    allowed_platforms is empty
    description is empty
    has_cleanup = false
    is_exclusive = false
    required_configs is empty
    required_disk_space = 0
    required_files is empty
    required_memory = 0
    required_programs is empty
    required_user is empty
    timeout = 300

Standard error:
fake_wget_test: ERROR: Cannot provide test case names with -l
fake_wget_test: See atf-test-program(1) for usage details.
===> tests/fake_wget_test:fake_wget_fail
Result:     broken: Premature exit; test case exited with code 1
Start time: 2025-07-09T01:57:10.572849Z
End time:   2025-07-09T01:57:10.620889Z
Duration:   0.048s

Metadata:
    allowed_architectures is empty
    allowed_platforms is empty
    description is empty
    has_cleanup = false
    is_exclusive = false
    required_configs is empty
    required_disk_space = 0
    required_files is empty
    required_memory = 0
    required_programs is empty
    required_user is empty
    timeout = 300

Standard error:
fake_wget_test: ERROR: Cannot provide test case names with -l
fake_wget_test: See atf-test-program(1) for usage details.
===> tests/fake_wget_test:fake_wget_missing_url
Result:     broken: Premature exit; test case exited with code 1
Start time: 2025-07-09T01:57:10.573505Z
End time:   2025-07-09T01:57:10.621926Z
Duration:   0.048s

Metadata:
    allowed_architectures is empty
    allowed_platforms is empty
    description is empty
    has_cleanup = false
    is_exclusive = false
    required_configs is empty
    required_disk_space = 0
    required_files is empty
    required_memory = 0
    required_programs is empty
    required_user is empty
    timeout = 300

Standard error:
fake_wget_test: ERROR: Cannot provide test case names with -l
fake_wget_test: See atf-test-program(1) for usage details.
===> tests/fake_wget_test:fake_wget_outfile
Result:     broken: Premature exit; test case exited with code 1
Start time: 2025-07-09T01:57:10.574181Z
End time:   2025-07-09T01:57:10.622968Z
Duration:   0.049s

Metadata:
    allowed_architectures is empty
    allowed_platforms is empty
    description is empty
    has_cleanup = false
    is_exclusive = false
    required_configs is empty
    required_disk_space = 0
    required_files is empty
    required_memory = 0
    required_programs is empty
    required_user is empty
    timeout = 300

Standard error:
fake_wget_test: ERROR: Cannot provide test case names with -l
fake_wget_test: See atf-test-program(1) for usage details.
===> tests/fake_wget_test:fake_wget_quiet
Result:     broken: Premature exit; test case exited with code 1
Start time: 2025-07-09T01:57:10.574788Z
End time:   2025-07-09T01:57:10.624022Z
Duration:   0.049s

Metadata:
    allowed_architectures is empty
    allowed_platforms is empty
    description is empty
    has_cleanup = false
    is_exclusive = false
    required_configs is empty
    required_disk_space = 0
    required_files is empty
    required_memory = 0
    required_programs is empty
    required_user is empty
    timeout = 300

Standard error:
fake_wget_test: ERROR: Cannot provide test case names with -l
fake_wget_test: See atf-test-program(1) for usage details.
===> tests/fake_wget_test:fake_wget_spider
Result:     broken: Premature exit; test case exited with code 1
Start time: 2025-07-09T01:57:10.575326Z
End time:   2025-07-09T01:57:10.625092Z
Duration:   0.050s

Metadata:
    allowed_architectures is empty
    allowed_platforms is empty
    description is empty
    has_cleanup = false
    is_exclusive = false
    required_configs is empty
    required_disk_space = 0
    required_files is empty
    required_memory = 0
    required_programs is empty
    required_user is empty
    timeout = 300

Standard error:
fake_wget_test: ERROR: Cannot provide test case names with -l
fake_wget_test: See atf-test-program(1) for usage details.
===> tests/fake_wget_test:fake_wget_stdout
Result:     broken: Premature exit; test case exited with code 1
Start time: 2025-07-09T01:57:10.575915Z
End time:   2025-07-09T01:57:10.626215Z
Duration:   0.050s

Metadata:
    allowed_architectures is empty
    allowed_platforms is empty
    description is empty
    has_cleanup = false
    is_exclusive = false
    required_configs is empty
    required_disk_space = 0
    required_files is empty
    required_memory = 0
    required_programs is empty
    required_user is empty
    timeout = 300

Standard error:
fake_wget_test: ERROR: Cannot provide test case names with -l
fake_wget_test: See atf-test-program(1) for usage details.
===> tests/fake_wget_test:fake_wget_usage
Result:     broken: Premature exit; test case exited with code 1
Start time: 2025-07-09T01:57:10.576470Z
End time:   2025-07-09T01:57:10.627293Z
Duration:   0.051s

Metadata:
    allowed_architectures is empty
    allowed_platforms is empty
    description is empty
    has_cleanup = false
    is_exclusive = false
    required_configs is empty
    required_disk_space = 0
    required_files is empty
    required_memory = 0
    required_programs is empty
    required_user is empty
    timeout = 300

Standard error:
fake_wget_test: ERROR: Cannot provide test case names with -l
fake_wget_test: See atf-test-program(1) for usage details.
===> tests/lbu_test:lbu_add_delete
Result:     broken: Premature exit; test case exited with code 1
Start time: 2025-07-09T01:57:10.611879Z
End time:   2025-07-09T01:57:10.628397Z
Duration:   0.017s

Metadata:
    allowed_architectures is empty
    allowed_platforms is empty
    description is empty
    has_cleanup = false
    is_exclusive = false
    required_configs is empty
    required_disk_space = 0
    required_files is empty
    required_memory = 0
    required_programs is empty
    required_user is empty
    timeout = 300

Standard error:
lbu_test: ERROR: Cannot provide test case names with -l
lbu_test: See atf-test-program(1) for usage details.
===> tests/lbu_test:lbu_add_usage
Result:     broken: Premature exit; test case exited with code 1
Start time: 2025-07-09T01:57:10.612934Z
End time:   2025-07-09T01:57:10.629477Z
Duration:   0.017s

Metadata:
    allowed_architectures is empty
    allowed_platforms is empty
    description is empty
    has_cleanup = false
    is_exclusive = false
    required_configs is empty
    required_disk_space = 0
    required_files is empty
    required_memory = 0
    required_programs is empty
    required_user is empty
    timeout = 300

Standard error:
lbu_test: ERROR: Cannot provide test case names with -l
lbu_test: See atf-test-program(1) for usage details.
===> tests/lbu_test:lbu_ci_usage
Result:     broken: Premature exit; test case exited with code 1
Start time: 2025-07-09T01:57:10.614001Z
End time:   2025-07-09T01:57:10.630572Z
Duration:   0.017s

Metadata:
    allowed_architectures is empty
    allowed_platforms is empty
    description is empty
    has_cleanup = false
    is_exclusive = false
    required_configs is empty
    required_disk_space = 0
    required_files is empty
    required_memory = 0
    required_programs is empty
    required_user is empty
    timeout = 300

Standard error:
lbu_test: ERROR: Cannot provide test case names with -l
lbu_test: See atf-test-program(1) for usage details.
===> tests/lbu_test:lbu_commit_usage
Result:     broken: Premature exit; test case exited with code 1
Start time: 2025-07-09T01:57:10.614997Z
End time:   2025-07-09T01:57:10.631686Z
Duration:   0.017s

Metadata:
    allowed_architectures is empty
    allowed_platforms is empty
    description is empty
    has_cleanup = false
    is_exclusive = false
    required_configs is empty
    required_disk_space = 0
    required_files is empty
    required_memory = 0
    required_programs is empty
    required_user is empty
    timeout = 300

Standard error:
lbu_test: ERROR: Cannot provide test case names with -l
lbu_test: See atf-test-program(1) for usage details.
===> tests/lbu_test:lbu_delete_usage
Result:     broken: Premature exit; test case exited with code 1
Start time: 2025-07-09T01:57:10.616067Z
End time:   2025-07-09T01:57:10.632739Z
Duration:   0.017s

Metadata:
    allowed_architectures is empty
    allowed_platforms is empty
    description is empty
    has_cleanup = false
    is_exclusive = false
    required_configs is empty
    required_disk_space = 0
    required_files is empty
    required_memory = 0
    required_programs is empty
    required_user is empty
    timeout = 300

Standard error:
lbu_test: ERROR: Cannot provide test case names with -l
lbu_test: See atf-test-program(1) for usage details.
===> tests/lbu_test:lbu_diff_usage
Result:     broken: Premature exit; test case exited with code 1
Start time: 2025-07-09T01:57:10.617180Z
End time:   2025-07-09T01:57:10.633868Z
Duration:   0.017s

Metadata:
    allowed_architectures is empty
    allowed_platforms is empty
    description is empty
    has_cleanup = false
    is_exclusive = false
    required_configs is empty
    required_disk_space = 0
    required_files is empty
    required_memory = 0
    required_programs is empty
    required_user is empty
    timeout = 300

Standard error:
lbu_test: ERROR: Cannot provide test case names with -l
lbu_test: See atf-test-program(1) for usage details.
===> tests/lbu_test:lbu_ex_usage
Result:     broken: Premature exit; test case exited with code 1
Start time: 2025-07-09T01:57:10.618305Z
End time:   2025-07-09T01:57:10.634892Z
Duration:   0.017s

Metadata:
    allowed_architectures is empty
    allowed_platforms is empty
    description is empty
    has_cleanup = false
    is_exclusive = false
    required_configs is empty
    required_disk_space = 0
    required_files is empty
    required_memory = 0
    required_programs is empty
    required_user is empty
    timeout = 300

Standard error:
lbu_test: ERROR: Cannot provide test case names with -l
lbu_test: See atf-test-program(1) for usage details.
===> tests/lbu_test:lbu_exclude_usage
Result:     broken: Premature exit; test case exited with code 1
Start time: 2025-07-09T01:57:10.619490Z
End time:   2025-07-09T01:57:10.635963Z
Duration:   0.016s

Metadata:
    allowed_architectures is empty
    allowed_platforms is empty
    description is empty
    has_cleanup = false
    is_exclusive = false
    required_configs is empty
    required_disk_space = 0
    required_files is empty
    required_memory = 0
    required_programs is empty
    required_user is empty
    timeout = 300

Standard error:
lbu_test: ERROR: Cannot provide test case names with -l
lbu_test: See atf-test-program(1) for usage details.
===> tests/lbu_test:lbu_inc_usage
Result:     broken: Premature exit; test case exited with code 1
Start time: 2025-07-09T01:57:10.620705Z
End time:   2025-07-09T01:57:10.637102Z
Duration:   0.016s

Metadata:
    allowed_architectures is empty
    allowed_platforms is empty
    description is empty
    has_cleanup = false
    is_exclusive = false
    required_configs is empty
    required_disk_space = 0
    required_files is empty
    required_memory = 0
    required_programs is empty
    required_user is empty
    timeout = 300

Standard error:
lbu_test: ERROR: Cannot provide test case names with -l
lbu_test: See atf-test-program(1) for usage details.
===> tests/lbu_test:lbu_include_usage
Result:     broken: Premature exit; test case exited with code 1
Start time: 2025-07-09T01:57:10.621757Z
End time:   2025-07-09T01:57:10.654029Z
Duration:   0.032s

Metadata:
    allowed_architectures is empty
    allowed_platforms is empty
    description is empty
    has_cleanup = false
    is_exclusive = false
    required_configs is empty
    required_disk_space = 0
    required_files is empty
    required_memory = 0
    required_programs is empty
    required_user is empty
    timeout = 300

Standard error:
lbu_test: ERROR: Cannot provide test case names with -l
lbu_test: See atf-test-program(1) for usage details.
===> tests/lbu_test:lbu_lb_usage
Result:     broken: Premature exit; test case exited with code 1
Start time: 2025-07-09T01:57:10.622795Z
End time:   2025-07-09T01:57:10.654619Z
Duration:   0.032s

Metadata:
    allowed_architectures is empty
    allowed_platforms is empty
    description is empty
    has_cleanup = false
    is_exclusive = false
    required_configs is empty
    required_disk_space = 0
    required_files is empty
    required_memory = 0
    required_programs is empty
    required_user is empty
    timeout = 300

Standard error:
lbu_test: ERROR: Cannot provide test case names with -l
lbu_test: See atf-test-program(1) for usage details.
===> tests/lbu_test:lbu_list_backup_usage
Result:     broken: Premature exit; test case exited with code 1
Start time: 2025-07-09T01:57:10.623856Z
End time:   2025-07-09T01:57:10.655194Z
Duration:   0.031s

Metadata:
    allowed_architectures is empty
    allowed_platforms is empty
    description is empty
    has_cleanup = false
    is_exclusive = false
    required_configs is empty
    required_disk_space = 0
    required_files is empty
    required_memory = 0
    required_programs is empty
    required_user is empty
    timeout = 300

Standard error:
lbu_test: ERROR: Cannot provide test case names with -l
lbu_test: See atf-test-program(1) for usage details.
===> tests/lbu_test:lbu_list_usage
Result:     broken: Premature exit; test case exited with code 1
Start time: 2025-07-09T01:57:10.624908Z
End time:   2025-07-09T01:57:10.655765Z
Duration:   0.031s

Metadata:
    allowed_architectures is empty
    allowed_platforms is empty
    description is empty
    has_cleanup = false
    is_exclusive = false
    required_configs is empty
    required_disk_space = 0
    required_files is empty
    required_memory = 0
    required_programs is empty
    required_user is empty
    timeout = 300

Standard error:
lbu_test: ERROR: Cannot provide test case names with -l
lbu_test: See atf-test-program(1) for usage details.
===> tests/lbu_test:lbu_ls_usage
Result:     broken: Premature exit; test case exited with code 1
Start time: 2025-07-09T01:57:10.626042Z
End time:   2025-07-09T01:57:10.656347Z
Duration:   0.030s

Metadata:
    allowed_architectures is empty
    allowed_platforms is empty
    description is empty
    has_cleanup = false
    is_exclusive = false
    required_configs is empty
    required_disk_space = 0
    required_files is empty
    required_memory = 0
    required_programs is empty
    required_user is empty
    timeout = 300

Standard error:
lbu_test: ERROR: Cannot provide test case names with -l
lbu_test: See atf-test-program(1) for usage details.
===> tests/lbu_test:lbu_package
Result:     broken: Premature exit; test case exited with code 1
Start time: 2025-07-09T01:57:10.627125Z
End time:   2025-07-09T01:57:10.665207Z
Duration:   0.038s

Metadata:
    allowed_architectures is empty
    allowed_platforms is empty
    description is empty
    has_cleanup = false
    is_exclusive = false
    required_configs is empty
    required_disk_space = 0
    required_files is empty
    required_memory = 0
    required_programs is empty
    required_user is empty
    timeout = 300

Standard error:
lbu_test: ERROR: Cannot provide test case names with -l
lbu_test: See atf-test-program(1) for usage details.
===> tests/lbu_test:lbu_package_encrypted
Result:     broken: Premature exit; test case exited with code 1
Start time: 2025-07-09T01:57:10.628230Z
End time:   2025-07-09T01:57:10.683052Z
Duration:   0.055s

Metadata:
    allowed_architectures is empty
    allowed_platforms is empty
    description is empty
    has_cleanup = false
    is_exclusive = false
    required_configs is empty
    required_disk_space = 0
    required_files is empty
    required_memory = 0
    required_programs is empty
    required_user is empty
    timeout = 300

Standard error:
lbu_test: ERROR: Cannot provide test case names with -l
lbu_test: See atf-test-program(1) for usage details.
===> tests/lbu_test:lbu_package_pre_post_hooks
Result:     broken: Premature exit; test case exited with code 1
Start time: 2025-07-09T01:57:10.629296Z
End time:   2025-07-09T01:57:10.684031Z
Duration:   0.055s

Metadata:
    allowed_architectures is empty
    allowed_platforms is empty
    description is empty
    has_cleanup = false
    is_exclusive = false
    required_configs is empty
    required_disk_space = 0
    required_files is empty
    required_memory = 0
    required_programs is empty
    required_user is empty
    timeout = 300

Standard error:
lbu_test: ERROR: Cannot provide test case names with -l
lbu_test: See atf-test-program(1) for usage details.
===> tests/lbu_test:lbu_package_usage
Result:     broken: Premature exit; test case exited with code 1
Start time: 2025-07-09T01:57:10.630399Z
End time:   2025-07-09T01:57:10.684693Z
Duration:   0.054s

Metadata:
    allowed_architectures is empty
    allowed_platforms is empty
    description is empty
    has_cleanup = false
    is_exclusive = false
    required_configs is empty
    required_disk_space = 0
    required_files is empty
    required_memory = 0
    required_programs is empty
    required_user is empty
    timeout = 300

Standard error:
lbu_test: ERROR: Cannot provide test case names with -l
lbu_test: See atf-test-program(1) for usage details.
===> tests/lbu_test:lbu_pkg_usage
Result:     broken: Premature exit; test case exited with code 1
Start time: 2025-07-09T01:57:10.631522Z
End time:   2025-07-09T01:57:10.685317Z
Duration:   0.054s

Metadata:
    allowed_architectures is empty
    allowed_platforms is empty
    description is empty
    has_cleanup = false
    is_exclusive = false
    required_configs is empty
    required_disk_space = 0
    required_files is empty
    required_memory = 0
    required_programs is empty
    required_user is empty
    timeout = 300

Standard error:
lbu_test: ERROR: Cannot provide test case names with -l
lbu_test: See atf-test-program(1) for usage details.
===> tests/lbu_test:lbu_revert_usage
Result:     broken: Premature exit; test case exited with code 1
Start time: 2025-07-09T01:57:10.632579Z
End time:   2025-07-09T01:57:10.685980Z
Duration:   0.053s

Metadata:
    allowed_architectures is empty
    allowed_platforms is empty
    description is empty
    has_cleanup = false
    is_exclusive = false
    required_configs is empty
    required_disk_space = 0
    required_files is empty
    required_memory = 0
    required_programs is empty
    required_user is empty
    timeout = 300

Standard error:
lbu_test: ERROR: Cannot provide test case names with -l
lbu_test: See atf-test-program(1) for usage details.
===> tests/lbu_test:lbu_st_usage
Result:     broken: Premature exit; test case exited with code 1
Start time: 2025-07-09T01:57:10.633683Z
End time:   2025-07-09T01:57:10.686602Z
Duration:   0.053s

Metadata:
    allowed_architectures is empty
    allowed_platforms is empty
    description is empty
    has_cleanup = false
    is_exclusive = false
    required_configs is empty
    required_disk_space = 0
    required_files is empty
    required_memory = 0
    required_programs is empty
    required_user is empty
    timeout = 300

Standard error:
lbu_test: ERROR: Cannot provide test case names with -l
lbu_test: See atf-test-program(1) for usage details.
===> tests/lbu_test:lbu_stat_usage
Result:     broken: Premature exit; test case exited with code 1
Start time: 2025-07-09T01:57:10.634712Z
End time:   2025-07-09T01:57:10.687307Z
Duration:   0.053s

Metadata:
    allowed_architectures is empty
    allowed_platforms is empty
    description is empty
    has_cleanup = false
    is_exclusive = false
    required_configs is empty
    required_disk_space = 0
    required_files is empty
    required_memory = 0
    required_programs is empty
    required_user is empty
    timeout = 300

Standard error:
lbu_test: ERROR: Cannot provide test case names with -l
lbu_test: See atf-test-program(1) for usage details.
===> tests/lbu_test:lbu_status_usage
Result:     broken: Premature exit; test case exited with code 1
Start time: 2025-07-09T01:57:10.635805Z
End time:   2025-07-09T01:57:10.688009Z
Duration:   0.052s

Metadata:
    allowed_architectures is empty
    allowed_platforms is empty
    description is empty
    has_cleanup = false
    is_exclusive = false
    required_configs is empty
    required_disk_space = 0
    required_files is empty
    required_memory = 0
    required_programs is empty
    required_user is empty
    timeout = 300

Standard error:
lbu_test: ERROR: Cannot provide test case names with -l
lbu_test: See atf-test-program(1) for usage details.
===> tests/lbu_test:lbu_usage
Result:     broken: Premature exit; test case exited with code 1
Start time: 2025-07-09T01:57:10.636918Z
End time:   2025-07-09T01:57:10.704460Z
Duration:   0.068s

Metadata:
    allowed_architectures is empty
    allowed_platforms is empty
    description is empty
    has_cleanup = false
    is_exclusive = false
    required_configs is empty
    required_disk_space = 0
    required_files is empty
    required_memory = 0
    required_programs is empty
    required_user is empty
    timeout = 300

Standard error:
lbu_test: ERROR: Cannot provide test case names with -l
lbu_test: See atf-test-program(1) for usage details.
===> tests/libalpine_test:libalpine_askpass
Result:     broken: Premature exit; test case exited with code 1
Start time: 2025-07-09T01:57:10.653943Z
End time:   2025-07-09T01:57:10.705103Z
Duration:   0.051s

Metadata:
    allowed_architectures is empty
    allowed_platforms is empty
    description is empty
    has_cleanup = false
    is_exclusive = false
    required_configs is empty
    required_disk_space = 0
    required_files is empty
    required_memory = 0
    required_programs is empty
    required_user is empty
    timeout = 300

Standard error:
libalpine_test: ERROR: Cannot provide test case names with -l
libalpine_test: See atf-test-program(1) for usage details.
===> tests/libalpine_test:libalpine_available_ifaces
Result:     broken: Premature exit; test case exited with code 1
Start time: 2025-07-09T01:57:10.654537Z
End time:   2025-07-09T01:57:10.705735Z
Duration:   0.051s

Metadata:
    allowed_architectures is empty
    allowed_platforms is empty
    description is empty
    has_cleanup = false
    is_exclusive = false
    required_configs is empty
    required_disk_space = 0
    required_files is empty
    required_memory = 0
    required_programs is empty
    required_user is empty
    timeout = 300

Standard error:
libalpine_test: ERROR: Cannot provide test case names with -l
libalpine_test: See atf-test-program(1) for usage details.
===> tests/libalpine_test:libalpine_available_ifaces_bond
Result:     broken: Premature exit; test case exited with code 1
Start time: 2025-07-09T01:57:10.655117Z
End time:   2025-07-09T01:57:10.706341Z
Duration:   0.051s

Metadata:
    allowed_architectures is empty
    allowed_platforms is empty
    description is empty
    has_cleanup = false
    is_exclusive = false
    required_configs is empty
    required_disk_space = 0
    required_files is empty
    required_memory = 0
    required_programs is empty
    required_user is empty
    timeout = 300

Standard error:
libalpine_test: ERROR: Cannot provide test case names with -l
libalpine_test: See atf-test-program(1) for usage details.
===> tests/libalpine_test:libalpine_available_ifaces_bridge
Result:     broken: Premature exit; test case exited with code 1
Start time: 2025-07-09T01:57:10.655675Z
End time:   2025-07-09T01:57:10.726030Z
Duration:   0.070s

Metadata:
    allowed_architectures is empty
    allowed_platforms is empty
    description is empty
    has_cleanup = false
    is_exclusive = false
    required_configs is empty
    required_disk_space = 0
    required_files is empty
    required_memory = 0
    required_programs is empty
    required_user is empty
    timeout = 300

Standard error:
libalpine_test: ERROR: Cannot provide test case names with -l
libalpine_test: See atf-test-program(1) for usage details.
===> tests/libalpine_test:libalpine_isin
Result:     broken: Premature exit; test case exited with code 1
Start time: 2025-07-09T01:57:10.656265Z
End time:   2025-07-09T01:57:10.726631Z
Duration:   0.070s

Metadata:
    allowed_architectures is empty
    allowed_platforms is empty
    description is empty
    has_cleanup = false
    is_exclusive = false
    required_configs is empty
    required_disk_space = 0
    required_files is empty
    required_memory = 0
    required_programs is empty
    required_user is empty
    timeout = 300

Standard error:
libalpine_test: ERROR: Cannot provide test case names with -l
libalpine_test: See atf-test-program(1) for usage details.
===> tests/setup_acf_test:setup_acf_usage
Result:     broken: Premature exit; test case exited with code 1
Start time: 2025-07-09T01:57:10.665129Z
End time:   2025-07-09T01:57:10.727248Z
Duration:   0.062s

Metadata:
    allowed_architectures is empty
    allowed_platforms is empty
    description is empty
    has_cleanup = false
    is_exclusive = false
    required_configs is empty
    required_disk_space = 0
    required_files is empty
    required_memory = 0
    required_programs is empty
    required_user is empty
    timeout = 300

Standard error:
setup_acf_test: ERROR: Cannot provide test case names with -l
setup_acf_test: See atf-test-program(1) for usage details.
===> tests/setup_alpine_test:setup_alpine_answerfile_apkcache
Result:     broken: Premature exit; test case exited with code 1
Start time: 2025-07-09T01:57:10.682884Z
End time:   2025-07-09T01:57:10.727848Z
Duration:   0.045s

Metadata:
    allowed_architectures is empty
    allowed_platforms is empty
    description is empty
    has_cleanup = false
    is_exclusive = false
    required_configs is empty
    required_disk_space = 0
    required_files is empty
    required_memory = 0
    required_programs is empty
    required_user is empty
    timeout = 300

Standard error:
setup_alpine_test: ERROR: Cannot provide test case names with -l
setup_alpine_test: See atf-test-program(1) for usage details.
===> tests/setup_alpine_test:setup_alpine_answerfile_network
Result:     broken: Premature exit; test case exited with code 1
Start time: 2025-07-09T01:57:10.683928Z
End time:   2025-07-09T01:57:10.728419Z
Duration:   0.044s

Metadata:
    allowed_architectures is empty
    allowed_platforms is empty
    description is empty
    has_cleanup = false
    is_exclusive = false
    required_configs is empty
    required_disk_space = 0
    required_files is empty
    required_memory = 0
    required_programs is empty
    required_user is empty
    timeout = 300

Standard error:
setup_alpine_test: ERROR: Cannot provide test case names with -l
setup_alpine_test: See atf-test-program(1) for usage details.
===> tests/setup_alpine_test:setup_alpine_answerfile_none
Result:     broken: Premature exit; test case exited with code 1
Start time: 2025-07-09T01:57:10.684598Z
End time:   2025-07-09T01:57:10.729010Z
Duration:   0.044s

Metadata:
    allowed_architectures is empty
    allowed_platforms is empty
    description is empty
    has_cleanup = false
    is_exclusive = false
    required_configs is empty
    required_disk_space = 0
    required_files is empty
    required_memory = 0
    required_programs is empty
    required_user is empty
    timeout = 300

Standard error:
setup_alpine_test: ERROR: Cannot provide test case names with -l
setup_alpine_test: See atf-test-program(1) for usage details.
===> tests/setup_alpine_test:setup_alpine_create_answerfile
Result:     broken: Premature exit; test case exited with code 1
Start time: 2025-07-09T01:57:10.685221Z
End time:   2025-07-09T01:57:10.729589Z
Duration:   0.044s

Metadata:
    allowed_architectures is empty
    allowed_platforms is empty
    description is empty
    has_cleanup = false
    is_exclusive = false
    required_configs is empty
    required_disk_space = 0
    required_files is empty
    required_memory = 0
    required_programs is empty
    required_user is empty
    timeout = 300

Standard error:
setup_alpine_test: ERROR: Cannot provide test case names with -l
setup_alpine_test: See atf-test-program(1) for usage details.
===> tests/setup_alpine_test:setup_alpine_kvm_clock
Result:     broken: Premature exit; test case exited with code 1
Start time: 2025-07-09T01:57:10.685884Z
End time:   2025-07-09T01:57:10.730276Z
Duration:   0.044s

Metadata:
    allowed_architectures is empty
    allowed_platforms is empty
    description is empty
    has_cleanup = false
    is_exclusive = false
    required_configs is empty
    required_disk_space = 0
    required_files is empty
    required_memory = 0
    required_programs is empty
    required_user is empty
    timeout = 300

Standard error:
setup_alpine_test: ERROR: Cannot provide test case names with -l
setup_alpine_test: See atf-test-program(1) for usage details.
===> tests/setup_alpine_test:setup_alpine_quick
Result:     broken: Premature exit; test case exited with code 1
Start time: 2025-07-09T01:57:10.686506Z
End time:   2025-07-09T01:57:10.730946Z
Duration:   0.044s

Metadata:
    allowed_architectures is empty
    allowed_platforms is empty
    description is empty
    has_cleanup = false
    is_exclusive = false
    required_configs is empty
    required_disk_space = 0
    required_files is empty
    required_memory = 0
    required_programs is empty
    required_user is empty
    timeout = 300

Standard error:
setup_alpine_test: ERROR: Cannot provide test case names with -l
setup_alpine_test: See atf-test-program(1) for usage details.
===> tests/setup_alpine_test:setup_alpine_restart_network
Result:     broken: Premature exit; test case exited with code 1
Start time: 2025-07-09T01:57:10.687206Z
End time:   2025-07-09T01:57:10.731578Z
Duration:   0.044s

Metadata:
    allowed_architectures is empty
    allowed_platforms is empty
    description is empty
    has_cleanup = false
    is_exclusive = false
    required_configs is empty
    required_disk_space = 0
    required_files is empty
    required_memory = 0
    required_programs is empty
    required_user is empty
    timeout = 300

Standard error:
setup_alpine_test: ERROR: Cannot provide test case names with -l
setup_alpine_test: See atf-test-program(1) for usage details.
===> tests/setup_alpine_test:setup_alpine_usage
Result:     broken: Premature exit; test case exited with code 1
Start time: 2025-07-09T01:57:10.687914Z
End time:   2025-07-09T01:57:10.732213Z
Duration:   0.044s

Metadata:
    allowed_architectures is empty
    allowed_platforms is empty
    description is empty
    has_cleanup = false
    is_exclusive = false
    required_configs is empty
    required_disk_space = 0
    required_files is empty
    required_memory = 0
    required_programs is empty
    required_user is empty
    timeout = 300

Standard error:
setup_alpine_test: ERROR: Cannot provide test case names with -l
setup_alpine_test: See atf-test-program(1) for usage details.
===> tests/setup_apkcache_test:setup_apkcache_abspath
Result:     broken: Premature exit; test case exited with code 1
Start time: 2025-07-09T01:57:10.704362Z
End time:   2025-07-09T01:57:10.732849Z
Duration:   0.028s

Metadata:
    allowed_architectures is empty
    allowed_platforms is empty
    description is empty
    has_cleanup = false
    is_exclusive = false
    required_configs is empty
    required_disk_space = 0
    required_files is empty
    required_memory = 0
    required_programs is empty
    required_user is empty
    timeout = 300

Standard error:
setup_apkcache_test: ERROR: Cannot provide test case names with -l
setup_apkcache_test: See atf-test-program(1) for usage details.
===> tests/setup_apkcache_test:setup_apkcache_none
Result:     broken: Premature exit; test case exited with code 1
Start time: 2025-07-09T01:57:10.705007Z
End time:   2025-07-09T01:57:10.750161Z
Duration:   0.045s

Metadata:
    allowed_architectures is empty
    allowed_platforms is empty
    description is empty
    has_cleanup = false
    is_exclusive = false
    required_configs is empty
    required_disk_space = 0
    required_files is empty
    required_memory = 0
    required_programs is empty
    required_user is empty
    timeout = 300

Standard error:
setup_apkcache_test: ERROR: Cannot provide test case names with -l
setup_apkcache_test: See atf-test-program(1) for usage details.
===> tests/setup_apkcache_test:setup_apkcache_relpath_with_slash
Result:     broken: Premature exit; test case exited with code 1
Start time: 2025-07-09T01:57:10.705652Z
End time:   2025-07-09T01:57:10.750853Z
Duration:   0.045s

Metadata:
    allowed_architectures is empty
    allowed_platforms is empty
    description is empty
    has_cleanup = false
    is_exclusive = false
    required_configs is empty
    required_disk_space = 0
    required_files is empty
    required_memory = 0
    required_programs is empty
    required_user is empty
    timeout = 300

Standard error:
setup_apkcache_test: ERROR: Cannot provide test case names with -l
setup_apkcache_test: See atf-test-program(1) for usage details.
===> tests/setup_apkcache_test:setup_apkcache_usage
Result:     broken: Premature exit; test case exited with code 1
Start time: 2025-07-09T01:57:10.706251Z
End time:   2025-07-09T01:57:10.751471Z
Duration:   0.045s

Metadata:
    allowed_architectures is empty
    allowed_platforms is empty
    description is empty
    has_cleanup = false
    is_exclusive = false
    required_configs is empty
    required_disk_space = 0
    required_files is empty
    required_memory = 0
    required_programs is empty
    required_user is empty
    timeout = 300

Standard error:
setup_apkcache_test: ERROR: Cannot provide test case names with -l
setup_apkcache_test: See atf-test-program(1) for usage details.
===> tests/setup_apkrepos_test:setup_apkrepos_add_community
Result:     broken: Premature exit; test case exited with code 1
Start time: 2025-07-09T01:57:10.725935Z
End time:   2025-07-09T01:57:10.752071Z
Duration:   0.026s

Metadata:
    allowed_architectures is empty
    allowed_platforms is empty
    description is empty
    has_cleanup = false
    is_exclusive = false
    required_configs is empty
    required_disk_space = 0
    required_files is empty
    required_memory = 0
    required_programs is empty
    required_user is empty
    timeout = 300

Standard error:
setup_apkrepos_test: ERROR: Cannot provide test case names with -l
setup_apkrepos_test: See atf-test-program(1) for usage details.
===> tests/setup_apkrepos_test:setup_apkrepos_alpine_edge
Result:     broken: Premature exit; test case exited with code 1
Start time: 2025-07-09T01:57:10.726542Z
End time:   2025-07-09T01:57:10.752676Z
Duration:   0.026s

Metadata:
    allowed_architectures is empty
    allowed_platforms is empty
    description is empty
    has_cleanup = false
    is_exclusive = false
    required_configs is empty
    required_disk_space = 0
    required_files is empty
    required_memory = 0
    required_programs is empty
    required_user is empty
    timeout = 300

Standard error:
setup_apkrepos_test: ERROR: Cannot provide test case names with -l
setup_apkrepos_test: See atf-test-program(1) for usage details.
===> tests/setup_apkrepos_test:setup_apkrepos_alpine_stable
Result:     broken: Premature exit; test case exited with code 1
Start time: 2025-07-09T01:57:10.727161Z
End time:   2025-07-09T01:57:10.753310Z
Duration:   0.026s

Metadata:
    allowed_architectures is empty
    allowed_platforms is empty
    description is empty
    has_cleanup = false
    is_exclusive = false
    required_configs is empty
    required_disk_space = 0
    required_files is empty
    required_memory = 0
    required_programs is empty
    required_user is empty
    timeout = 300

Standard error:
setup_apkrepos_test: ERROR: Cannot provide test case names with -l
setup_apkrepos_test: See atf-test-program(1) for usage details.
===> tests/setup_apkrepos_test:setup_apkrepos_alpine_stable_preconfigured
Result:     broken: Premature exit; test case exited with code 1
Start time: 2025-07-09T01:57:10.727763Z
End time:   2025-07-09T01:57:10.754018Z
Duration:   0.026s

Metadata:
    allowed_architectures is empty
    allowed_platforms is empty
    description is empty
    has_cleanup = false
    is_exclusive = false
    required_configs is empty
    required_disk_space = 0
    required_files is empty
    required_memory = 0
    required_programs is empty
    required_user is empty
    timeout = 300

Standard error:
setup_apkrepos_test: ERROR: Cannot provide test case names with -l
setup_apkrepos_test: See atf-test-program(1) for usage details.
===> tests/setup_apkrepos_test:setup_apkrepos_exclusive_opts
Result:     broken: Premature exit; test case exited with code 1
Start time: 2025-07-09T01:57:10.728336Z
End time:   2025-07-09T01:57:10.766094Z
Duration:   0.038s

Metadata:
    allowed_architectures is empty
    allowed_platforms is empty
    description is empty
    has_cleanup = false
    is_exclusive = false
    required_configs is empty
    required_disk_space = 0
    required_files is empty
    required_memory = 0
    required_programs is empty
    required_user is empty
    timeout = 300

Standard error:
setup_apkrepos_test: ERROR: Cannot provide test case names with -l
setup_apkrepos_test: See atf-test-program(1) for usage details.
===> tests/setup_apkrepos_test:setup_apkrepos_fastest
Result:     broken: Premature exit; test case exited with code 1
Start time: 2025-07-09T01:57:10.728927Z
End time:   2025-07-09T01:57:10.766743Z
Duration:   0.038s

Metadata:
    allowed_architectures is empty
    allowed_platforms is empty
    description is empty
    has_cleanup = false
    is_exclusive = false
    required_configs is empty
    required_disk_space = 0
    required_files is empty
    required_memory = 0
    required_programs is empty
    required_user is empty
    timeout = 300

Standard error:
setup_apkrepos_test: ERROR: Cannot provide test case names with -l
setup_apkrepos_test: See atf-test-program(1) for usage details.
===> tests/setup_apkrepos_test:setup_apkrepos_first
Result:     broken: Premature exit; test case exited with code 1
Start time: 2025-07-09T01:57:10.729499Z
End time:   2025-07-09T01:57:10.767833Z
Duration:   0.038s

Metadata:
    allowed_architectures is empty
    allowed_platforms is empty
    description is empty
    has_cleanup = false
    is_exclusive = false
    required_configs is empty
    required_disk_space = 0
    required_files is empty
    required_memory = 0
    required_programs is empty
    required_user is empty
    timeout = 300

Standard error:
setup_apkrepos_test: ERROR: Cannot provide test case names with -l
setup_apkrepos_test: See atf-test-program(1) for usage details.
===> tests/setup_apkrepos_test:setup_apkrepos_https
Result:     broken: Premature exit; test case exited with code 1
Start time: 2025-07-09T01:57:10.730185Z
End time:   2025-07-09T01:57:10.769007Z
Duration:   0.039s

Metadata:
    allowed_architectures is empty
    allowed_platforms is empty
    description is empty
    has_cleanup = false
    is_exclusive = false
    required_configs is empty
    required_disk_space = 0
    required_files is empty
    required_memory = 0
    required_programs is empty
    required_user is empty
    timeout = 300

Standard error:
setup_apkrepos_test: ERROR: Cannot provide test case names with -l
setup_apkrepos_test: See atf-test-program(1) for usage details.
===> tests/setup_apkrepos_test:setup_apkrepos_interactive
Result:     broken: Premature exit; test case exited with code 1
Start time: 2025-07-09T01:57:10.730853Z
End time:   2025-07-09T01:57:10.798159Z
Duration:   0.067s

Metadata:
    allowed_architectures is empty
    allowed_platforms is empty
    description is empty
    has_cleanup = false
    is_exclusive = false
    required_configs is empty
    required_disk_space = 0
    required_files is empty
    required_memory = 0
    required_programs is empty
    required_user is empty
    timeout = 300

Standard error:
setup_apkrepos_test: ERROR: Cannot provide test case names with -l
setup_apkrepos_test: See atf-test-program(1) for usage details.
===> tests/setup_apkrepos_test:setup_apkrepos_network_failure
Result:     broken: Premature exit; test case exited with code 1
Start time: 2025-07-09T01:57:10.731485Z
End time:   2025-07-09T01:57:10.798827Z
Duration:   0.067s

Metadata:
    allowed_architectures is empty
    allowed_platforms is empty
    description is empty
    has_cleanup = false
    is_exclusive = false
    required_configs is empty
    required_disk_space = 0
    required_files is empty
    required_memory = 0
    required_programs is empty
    required_user is empty
    timeout = 300

Standard error:
setup_apkrepos_test: ERROR: Cannot provide test case names with -l
setup_apkrepos_test: See atf-test-program(1) for usage details.
===> tests/setup_apkrepos_test:setup_apkrepos_random
Result:     broken: Premature exit; test case exited with code 1
Start time: 2025-07-09T01:57:10.732123Z
End time:   2025-07-09T01:57:10.799459Z
Duration:   0.067s

Metadata:
    allowed_architectures is empty
    allowed_platforms is empty
    description is empty
    has_cleanup = false
    is_exclusive = false
    required_configs is empty
    required_disk_space = 0
    required_files is empty
    required_memory = 0
    required_programs is empty
    required_user is empty
    timeout = 300

Standard error:
setup_apkrepos_test: ERROR: Cannot provide test case names with -l
setup_apkrepos_test: See atf-test-program(1) for usage details.
===> tests/setup_apkrepos_test:setup_apkrepos_usage
Result:     broken: Premature exit; test case exited with code 1
Start time: 2025-07-09T01:57:10.732762Z
End time:   2025-07-09T01:57:10.800056Z
Duration:   0.067s

Metadata:
    allowed_architectures is empty
    allowed_platforms is empty
    description is empty
    has_cleanup = false
    is_exclusive = false
    required_configs is empty
    required_disk_space = 0
    required_files is empty
    required_memory = 0
    required_programs is empty
    required_user is empty
    timeout = 300

Standard error:
setup_apkrepos_test: ERROR: Cannot provide test case names with -l
setup_apkrepos_test: See atf-test-program(1) for usage details.
===> tests/setup_desktop_test:setup_desktop_gnome
Result:     broken: Premature exit; test case exited with code 1
Start time: 2025-07-09T01:57:10.750058Z
End time:   2025-07-09T01:57:10.800715Z
Duration:   0.051s

Metadata:
    allowed_architectures is empty
    allowed_platforms is empty
    description is empty
    has_cleanup = false
    is_exclusive = false
    required_configs is empty
    required_disk_space = 0
    required_files is empty
    required_memory = 0
    required_programs is empty
    required_user is empty
    timeout = 300

Standard error:
setup_desktop_test: ERROR: Cannot provide test case names with -l
setup_desktop_test: See atf-test-program(1) for usage details.
===> tests/setup_desktop_test:setup_desktop_mate
Result:     broken: Premature exit; test case exited with code 1
Start time: 2025-07-09T01:57:10.750759Z
End time:   2025-07-09T01:57:10.801390Z
Duration:   0.051s

Metadata:
    allowed_architectures is empty
    allowed_platforms is empty
    description is empty
    has_cleanup = false
    is_exclusive = false
    required_configs is empty
    required_disk_space = 0
    required_files is empty
    required_memory = 0
    required_programs is empty
    required_user is empty
    timeout = 300

Standard error:
setup_desktop_test: ERROR: Cannot provide test case names with -l
setup_desktop_test: See atf-test-program(1) for usage details.
===> tests/setup_desktop_test:setup_desktop_plasma
Result:     broken: Premature exit; test case exited with code 1
Start time: 2025-07-09T01:57:10.751376Z
End time:   2025-07-09T01:57:10.801995Z
Duration:   0.051s

Metadata:
    allowed_architectures is empty
    allowed_platforms is empty
    description is empty
    has_cleanup = false
    is_exclusive = false
    required_configs is empty
    required_disk_space = 0
    required_files is empty
    required_memory = 0
    required_programs is empty
    required_user is empty
    timeout = 300

Standard error:
setup_desktop_test: ERROR: Cannot provide test case names with -l
setup_desktop_test: See atf-test-program(1) for usage details.
===> tests/setup_desktop_test:setup_desktop_sway
Result:     broken: Premature exit; test case exited with code 1
Start time: 2025-07-09T01:57:10.751977Z
End time:   2025-07-09T01:57:10.802603Z
Duration:   0.051s

Metadata:
    allowed_architectures is empty
    allowed_platforms is empty
    description is empty
    has_cleanup = false
    is_exclusive = false
    required_configs is empty
    required_disk_space = 0
    required_files is empty
    required_memory = 0
    required_programs is empty
    required_user is empty
    timeout = 300

Standard error:
setup_desktop_test: ERROR: Cannot provide test case names with -l
setup_desktop_test: See atf-test-program(1) for usage details.
===> tests/setup_desktop_test:setup_desktop_unsupported
Result:     broken: Premature exit; test case exited with code 1
Start time: 2025-07-09T01:57:10.752583Z
End time:   2025-07-09T01:57:10.803231Z
Duration:   0.051s

Metadata:
    allowed_architectures is empty
    allowed_platforms is empty
    description is empty
    has_cleanup = false
    is_exclusive = false
    required_configs is empty
    required_disk_space = 0
    required_files is empty
    required_memory = 0
    required_programs is empty
    required_user is empty
    timeout = 300

Standard error:
setup_desktop_test: ERROR: Cannot provide test case names with -l
setup_desktop_test: See atf-test-program(1) for usage details.
===> tests/setup_desktop_test:setup_desktop_usage
Result:     broken: Premature exit; test case exited with code 1
Start time: 2025-07-09T01:57:10.753211Z
End time:   2025-07-09T01:57:10.803898Z
Duration:   0.051s

Metadata:
    allowed_architectures is empty
    allowed_platforms is empty
    description is empty
    has_cleanup = false
    is_exclusive = false
    required_configs is empty
    required_disk_space = 0
    required_files is empty
    required_memory = 0
    required_programs is empty
    required_user is empty
    timeout = 300

Standard error:
setup_desktop_test: ERROR: Cannot provide test case names with -l
setup_desktop_test: See atf-test-program(1) for usage details.
===> tests/setup_desktop_test:setup_desktop_xfce
Result:     broken: Premature exit; test case exited with code 1
Start time: 2025-07-09T01:57:10.753923Z
End time:   2025-07-09T01:57:10.804503Z
Duration:   0.051s

Metadata:
    allowed_architectures is empty
    allowed_platforms is empty
    description is empty
    has_cleanup = false
    is_exclusive = false
    required_configs is empty
    required_disk_space = 0
    required_files is empty
    required_memory = 0
    required_programs is empty
    required_user is empty
    timeout = 300

Standard error:
setup_desktop_test: ERROR: Cannot provide test case names with -l
setup_desktop_test: See atf-test-program(1) for usage details.
===> tests/setup_devd_test:setup_devd_mdev
Result:     broken: Premature exit; test case exited with code 1
Start time: 2025-07-09T01:57:10.765985Z
End time:   2025-07-09T01:57:10.805113Z
Duration:   0.039s

Metadata:
    allowed_architectures is empty
    allowed_platforms is empty
    description is empty
    has_cleanup = false
    is_exclusive = false
    required_configs is empty
    required_disk_space = 0
    required_files is empty
    required_memory = 0
    required_programs is empty
    required_user is empty
    timeout = 300

Standard error:
setup_devd_test: ERROR: Cannot provide test case names with -l
setup_devd_test: See atf-test-program(1) for usage details.
===> tests/setup_devd_test:setup_devd_mdevd
Result:     broken: Premature exit; test case exited with code 1
Start time: 2025-07-09T01:57:10.766646Z
End time:   2025-07-09T01:57:10.805804Z
Duration:   0.039s

Metadata:
    allowed_architectures is empty
    allowed_platforms is empty
    description is empty
    has_cleanup = false
    is_exclusive = false
    required_configs is empty
    required_disk_space = 0
    required_files is empty
    required_memory = 0
    required_programs is empty
    required_user is empty
    timeout = 300

Standard error:
setup_devd_test: ERROR: Cannot provide test case names with -l
setup_devd_test: See atf-test-program(1) for usage details.
===> tests/setup_devd_test:setup_devd_udev
Result:     broken: Premature exit; test case exited with code 1
Start time: 2025-07-09T01:57:10.767625Z
End time:   2025-07-09T01:57:10.806438Z
Duration:   0.039s

Metadata:
    allowed_architectures is empty
    allowed_platforms is empty
    description is empty
    has_cleanup = false
    is_exclusive = false
    required_configs is empty
    required_disk_space = 0
    required_files is empty
    required_memory = 0
    required_programs is empty
    required_user is empty
    timeout = 300

Standard error:
setup_devd_test: ERROR: Cannot provide test case names with -l
setup_devd_test: See atf-test-program(1) for usage details.
===> tests/setup_devd_test:setup_devd_usage
Result:     broken: Premature exit; test case exited with code 1
Start time: 2025-07-09T01:57:10.768809Z
End time:   2025-07-09T01:57:10.807191Z
Duration:   0.038s

Metadata:
    allowed_architectures is empty
    allowed_platforms is empty
    description is empty
    has_cleanup = false
    is_exclusive = false
    required_configs is empty
    required_disk_space = 0
    required_files is empty
    required_memory = 0
    required_programs is empty
    required_user is empty
    timeout = 300

Standard error:
setup_devd_test: ERROR: Cannot provide test case names with -l
setup_devd_test: See atf-test-program(1) for usage details.
===> tests/setup_disk_test:setup_disk_func_find_disks
Result:     broken: Premature exit; test case exited with code 1
Start time: 2025-07-09T01:57:10.798054Z
End time:   2025-07-09T01:57:10.807981Z
Duration:   0.010s

Metadata:
    allowed_architectures is empty
    allowed_platforms is empty
    description is empty
    has_cleanup = false
    is_exclusive = false
    required_configs is empty
    required_disk_space = 0
    required_files is empty
    required_memory = 0
    required_programs is empty
    required_user is empty
    timeout = 300

Standard error:
setup_disk_test: ERROR: Cannot provide test case names with -l
setup_disk_test: See atf-test-program(1) for usage details.
===> tests/setup_disk_test:setup_disk_func_find_efi_size
Result:     broken: Premature exit; test case exited with code 1
Start time: 2025-07-09T01:57:10.798727Z
End time:   2025-07-09T01:57:10.820433Z
Duration:   0.022s

Metadata:
    allowed_architectures is empty
    allowed_platforms is empty
    description is empty
    has_cleanup = false
    is_exclusive = false
    required_configs is empty
    required_disk_space = 0
    required_files is empty
    required_memory = 0
    required_programs is empty
    required_user is empty
    timeout = 300

Standard error:
setup_disk_test: ERROR: Cannot provide test case names with -l
setup_disk_test: See atf-test-program(1) for usage details.
===> tests/setup_disk_test:setup_disk_func_find_efi_size_multi
Result:     broken: Premature exit; test case exited with code 1
Start time: 2025-07-09T01:57:10.799370Z
End time:   2025-07-09T01:57:10.821068Z
Duration:   0.022s

Metadata:
    allowed_architectures is empty
    allowed_platforms is empty
    description is empty
    has_cleanup = false
    is_exclusive = false
    required_configs is empty
    required_disk_space = 0
    required_files is empty
    required_memory = 0
    required_programs is empty
    required_user is empty
    timeout = 300

Standard error:
setup_disk_test: ERROR: Cannot provide test case names with -l
setup_disk_test: See atf-test-program(1) for usage details.
===> tests/setup_disk_test:setup_disk_func_setup_partitions_dos
Result:     broken: Premature exit; test case exited with code 1
Start time: 2025-07-09T01:57:10.799966Z
End time:   2025-07-09T01:57:10.821658Z
Duration:   0.022s

Metadata:
    allowed_architectures is empty
    allowed_platforms is empty
    description is empty
    has_cleanup = false
    is_exclusive = false
    required_configs is empty
    required_disk_space = 0
    required_files is empty
    required_memory = 0
    required_programs is empty
    required_user is empty
    timeout = 300

Standard error:
setup_disk_test: ERROR: Cannot provide test case names with -l
setup_disk_test: See atf-test-program(1) for usage details.
===> tests/setup_disk_test:setup_disk_func_setup_partitions_gpt
Result:     broken: Premature exit; test case exited with code 1
Start time: 2025-07-09T01:57:10.800617Z
End time:   2025-07-09T01:57:10.834536Z
Duration:   0.034s

Metadata:
    allowed_architectures is empty
    allowed_platforms is empty
    description is empty
    has_cleanup = false
    is_exclusive = false
    required_configs is empty
    required_disk_space = 0
    required_files is empty
    required_memory = 0
    required_programs is empty
    required_user is empty
    timeout = 300

Standard error:
setup_disk_test: ERROR: Cannot provide test case names with -l
setup_disk_test: See atf-test-program(1) for usage details.
===> tests/setup_disk_test:setup_disk_func_uuid_or_device
Result:     broken: Premature exit; test case exited with code 1
Start time: 2025-07-09T01:57:10.801302Z
End time:   2025-07-09T01:57:10.835181Z
Duration:   0.034s

Metadata:
    allowed_architectures is empty
    allowed_platforms is empty
    description is empty
    has_cleanup = false
    is_exclusive = false
    required_configs is empty
    required_disk_space = 0
    required_files is empty
    required_memory = 0
    required_programs is empty
    required_user is empty
    timeout = 300

Standard error:
setup_disk_test: ERROR: Cannot provide test case names with -l
setup_disk_test: See atf-test-program(1) for usage details.
===> tests/setup_disk_test:setup_disk_install_mounted_root_bootloader_none
Result:     broken: Premature exit; test case exited with code 1
Start time: 2025-07-09T01:57:10.801904Z
End time:   2025-07-09T01:57:10.867551Z
Duration:   0.066s

Metadata:
    allowed_architectures is empty
    allowed_platforms is empty
    description is empty
    has_cleanup = false
    is_exclusive = false
    required_configs is empty
    required_disk_space = 0
    required_files is empty
    required_memory = 0
    required_programs is empty
    required_user is empty
    timeout = 300

Standard error:
setup_disk_test: ERROR: Cannot provide test case names with -l
setup_disk_test: See atf-test-program(1) for usage details.
===> tests/setup_disk_test:setup_disk_install_mounted_root_efi
Result:     broken: Premature exit; test case exited with code 1
Start time: 2025-07-09T01:57:10.802510Z
End time:   2025-07-09T01:57:10.868204Z
Duration:   0.066s

Metadata:
    allowed_architectures is empty
    allowed_platforms is empty
    description is empty
    has_cleanup = false
    is_exclusive = false
    required_configs is empty
    required_disk_space = 0
    required_files is empty
    required_memory = 0
    required_programs is empty
    required_user is empty
    timeout = 300

Standard error:
setup_disk_test: ERROR: Cannot provide test case names with -l
setup_disk_test: See atf-test-program(1) for usage details.
===> tests/setup_disk_test:setup_disk_install_mounted_root_efi_boot
Result:     broken: Premature exit; test case exited with code 1
Start time: 2025-07-09T01:57:10.803132Z
End time:   2025-07-09T01:57:10.868852Z
Duration:   0.066s

Metadata:
    allowed_architectures is empty
    allowed_platforms is empty
    description is empty
    has_cleanup = false
    is_exclusive = false
    required_configs is empty
    required_disk_space = 0
    required_files is empty
    required_memory = 0
    required_programs is empty
    required_user is empty
    timeout = 300

Standard error:
setup_disk_test: ERROR: Cannot provide test case names with -l
setup_disk_test: See atf-test-program(1) for usage details.
===> tests/setup_disk_test:setup_disk_install_mounted_root_nvme
Result:     broken: Premature exit; test case exited with code 1
Start time: 2025-07-09T01:57:10.803792Z
End time:   2025-07-09T01:57:10.869471Z
Duration:   0.066s

Metadata:
    allowed_architectures is empty
    allowed_platforms is empty
    description is empty
    has_cleanup = false
    is_exclusive = false
    required_configs is empty
    required_disk_space = 0
    required_files is empty
    required_memory = 0
    required_programs is empty
    required_user is empty
    timeout = 300

Standard error:
setup_disk_test: ERROR: Cannot provide test case names with -l
setup_disk_test: See atf-test-program(1) for usage details.
===> tests/setup_disk_test:setup_disk_install_mounted_root_zfs
Result:     broken: Premature exit; test case exited with code 1
Start time: 2025-07-09T01:57:10.804415Z
End time:   2025-07-09T01:57:10.870126Z
Duration:   0.066s

Metadata:
    allowed_architectures is empty
    allowed_platforms is empty
    description is empty
    has_cleanup = false
    is_exclusive = false
    required_configs is empty
    required_disk_space = 0
    required_files is empty
    required_memory = 0
    required_programs is empty
    required_user is empty
    timeout = 300

Standard error:
setup_disk_test: ERROR: Cannot provide test case names with -l
setup_disk_test: See atf-test-program(1) for usage details.
===> tests/setup_disk_test:setup_disk_mode_none
Result:     broken: Premature exit; test case exited with code 1
Start time: 2025-07-09T01:57:10.805020Z
End time:   2025-07-09T01:57:10.870766Z
Duration:   0.066s

Metadata:
    allowed_architectures is empty
    allowed_platforms is empty
    description is empty
    has_cleanup = false
    is_exclusive = false
    required_configs is empty
    required_disk_space = 0
    required_files is empty
    required_memory = 0
    required_programs is empty
    required_user is empty
    timeout = 300

Standard error:
setup_disk_test: ERROR: Cannot provide test case names with -l
setup_disk_test: See atf-test-program(1) for usage details.
===> tests/setup_disk_test:setup_disk_non_existing_block_dev
Result:     broken: Premature exit; test case exited with code 1
Start time: 2025-07-09T01:57:10.805691Z
End time:   2025-07-09T01:57:10.871392Z
Duration:   0.066s

Metadata:
    allowed_architectures is empty
    allowed_platforms is empty
    description is empty
    has_cleanup = false
    is_exclusive = false
    required_configs is empty
    required_disk_space = 0
    required_files is empty
    required_memory = 0
    required_programs is empty
    required_user is empty
    timeout = 300

Standard error:
setup_disk_test: ERROR: Cannot provide test case names with -l
setup_disk_test: See atf-test-program(1) for usage details.
===> tests/setup_disk_test:setup_disk_none
Result:     broken: Premature exit; test case exited with code 1
Start time: 2025-07-09T01:57:10.806345Z
End time:   2025-07-09T01:57:10.872003Z
Duration:   0.066s

Metadata:
    allowed_architectures is empty
    allowed_platforms is empty
    description is empty
    has_cleanup = false
    is_exclusive = false
    required_configs is empty
    required_disk_space = 0
    required_files is empty
    required_memory = 0
    required_programs is empty
    required_user is empty
    timeout = 300

Standard error:
setup_disk_test: ERROR: Cannot provide test case names with -l
setup_disk_test: See atf-test-program(1) for usage details.
===> tests/setup_disk_test:setup_disk_sys
Result:     broken: Premature exit; test case exited with code 1
Start time: 2025-07-09T01:57:10.807096Z
End time:   2025-07-09T01:57:10.872617Z
Duration:   0.066s

Metadata:
    allowed_architectures is empty
    allowed_platforms is empty
    description is empty
    has_cleanup = false
    is_exclusive = false
    required_configs is empty
    required_disk_space = 0
    required_files is empty
    required_memory = 0
    required_programs is empty
    required_user is empty
    timeout = 300

Standard error:
setup_disk_test: ERROR: Cannot provide test case names with -l
setup_disk_test: See atf-test-program(1) for usage details.
===> tests/setup_disk_test:setup_disk_usage
Result:     broken: Premature exit; test case exited with code 1
Start time: 2025-07-09T01:57:10.807883Z
End time:   2025-07-09T01:57:10.873237Z
Duration:   0.065s

Metadata:
    allowed_architectures is empty
    allowed_platforms is empty
    description is empty
    has_cleanup = false
    is_exclusive = false
    required_configs is empty
    required_disk_space = 0
    required_files is empty
    required_memory = 0
    required_programs is empty
    required_user is empty
    timeout = 300

Standard error:
setup_disk_test: ERROR: Cannot provide test case names with -l
setup_disk_test: See atf-test-program(1) for usage details.
===> tests/setup_dns_test:setup_dns_domain
Result:     broken: Premature exit; test case exited with code 1
Start time: 2025-07-09T01:57:10.820345Z
End time:   2025-07-09T01:57:10.873886Z
Duration:   0.054s

Metadata:
    allowed_architectures is empty
    allowed_platforms is empty
    description is empty
    has_cleanup = false
    is_exclusive = false
    required_configs is empty
    required_disk_space = 0
    required_files is empty
    required_memory = 0
    required_programs is empty
    required_user is empty
    timeout = 300

Standard error:
setup_dns_test: ERROR: Cannot provide test case names with -l
setup_dns_test: See atf-test-program(1) for usage details.
===> tests/setup_dns_test:setup_dns_ip
Result:     broken: Premature exit; test case exited with code 1
Start time: 2025-07-09T01:57:10.820992Z
End time:   2025-07-09T01:57:10.874516Z
Duration:   0.054s

Metadata:
    allowed_architectures is empty
    allowed_platforms is empty
    description is empty
    has_cleanup = false
    is_exclusive = false
    required_configs is empty
    required_disk_space = 0
    required_files is empty
    required_memory = 0
    required_programs is empty
    required_user is empty
    timeout = 300

Standard error:
setup_dns_test: ERROR: Cannot provide test case names with -l
setup_dns_test: See atf-test-program(1) for usage details.
===> tests/setup_dns_test:setup_dns_usage
Result:     broken: Premature exit; test case exited with code 1
Start time: 2025-07-09T01:57:10.821579Z
End time:   2025-07-09T01:57:10.875159Z
Duration:   0.054s

Metadata:
    allowed_architectures is empty
    allowed_platforms is empty
    description is empty
    has_cleanup = false
    is_exclusive = false
    required_configs is empty
    required_disk_space = 0
    required_files is empty
    required_memory = 0
    required_programs is empty
    required_user is empty
    timeout = 300

Standard error:
setup_dns_test: ERROR: Cannot provide test case names with -l
setup_dns_test: See atf-test-program(1) for usage details.
===> tests/setup_hostname_test:setup_hostname_invalid_hostname
Result:     broken: Premature exit; test case exited with code 1
Start time: 2025-07-09T01:57:10.834441Z
End time:   2025-07-09T01:57:10.875806Z
Duration:   0.041s

Metadata:
    allowed_architectures is empty
    allowed_platforms is empty
    description is empty
    has_cleanup = false
    is_exclusive = false
    required_configs is empty
    required_disk_space = 0
    required_files is empty
    required_memory = 0
    required_programs is empty
    required_user is empty
    timeout = 300

Standard error:
setup_hostname_test: ERROR: Cannot provide test case names with -l
setup_hostname_test: See atf-test-program(1) for usage details.
===> tests/setup_hostname_test:setup_hostname_usage
Result:     broken: Premature exit; test case exited with code 1
Start time: 2025-07-09T01:57:10.835102Z
End time:   2025-07-09T01:57:10.876489Z
Duration:   0.041s

Metadata:
    allowed_architectures is empty
    allowed_platforms is empty
    description is empty
    has_cleanup = false
    is_exclusive = false
    required_configs is empty
    required_disk_space = 0
    required_files is empty
    required_memory = 0
    required_programs is empty
    required_user is empty
    timeout = 300

Standard error:
setup_hostname_test: ERROR: Cannot provide test case names with -l
setup_hostname_test: See atf-test-program(1) for usage details.
===> tests/setup_interfaces_test:setup_interfaces_auto_first
Result:     broken: Premature exit; test case exited with code 1
Start time: 2025-07-09T01:57:10.867439Z
End time:   2025-07-09T01:57:10.880331Z
Duration:   0.013s

Metadata:
    allowed_architectures is empty
    allowed_platforms is empty
    description is empty
    has_cleanup = false
    is_exclusive = false
    required_configs is empty
    required_disk_space = 0
    required_files is empty
    required_memory = 0
    required_programs is empty
    required_user is empty
    timeout = 300

Standard error:
setup_interfaces_test: ERROR: Cannot provide test case names with -l
setup_interfaces_test: See atf-test-program(1) for usage details.
===> tests/setup_interfaces_test:setup_interfaces_auto_none
Result:     broken: Premature exit; test case exited with code 1
Start time: 2025-07-09T01:57:10.868104Z
End time:   2025-07-09T01:57:10.895511Z
Duration:   0.027s

Metadata:
    allowed_architectures is empty
    allowed_platforms is empty
    description is empty
    has_cleanup = false
    is_exclusive = false
    required_configs is empty
    required_disk_space = 0
    required_files is empty
    required_memory = 0
    required_programs is empty
    required_user is empty
    timeout = 300

Standard error:
setup_interfaces_test: ERROR: Cannot provide test case names with -l
setup_interfaces_test: See atf-test-program(1) for usage details.
===> tests/setup_interfaces_test:setup_interfaces_auto_restart
Result:     broken: Premature exit; test case exited with code 1
Start time: 2025-07-09T01:57:10.868746Z
End time:   2025-07-09T01:57:10.877689Z
Duration:   0.009s

Metadata:
    allowed_architectures is empty
    allowed_platforms is empty
    description is empty
    has_cleanup = false
    is_exclusive = false
    required_configs is empty
    required_disk_space = 0
    required_files is empty
    required_memory = 0
    required_programs is empty
    required_user is empty
    timeout = 300

Standard error:
setup_interfaces_test: ERROR: Cannot provide test case names with -l
setup_interfaces_test: See atf-test-program(1) for usage details.
===> tests/setup_interfaces_test:setup_interfaces_auto_single
Result:     broken: Premature exit; test case exited with code 1
Start time: 2025-07-09T01:57:10.869372Z
End time:   2025-07-09T01:57:10.896703Z
Duration:   0.027s

Metadata:
    allowed_architectures is empty
    allowed_platforms is empty
    description is empty
    has_cleanup = false
    is_exclusive = false
    required_configs is empty
    required_disk_space = 0
    required_files is empty
    required_memory = 0
    required_programs is empty
    required_user is empty
    timeout = 300

Standard error:
setup_interfaces_test: ERROR: Cannot provide test case names with -l
setup_interfaces_test: See atf-test-program(1) for usage details.
===> tests/setup_interfaces_test:setup_interfaces_auto_up
Result:     broken: Premature exit; test case exited with code 1
Start time: 2025-07-09T01:57:10.870030Z
End time:   2025-07-09T01:57:10.879085Z
Duration:   0.009s

Metadata:
    allowed_architectures is empty
    allowed_platforms is empty
    description is empty
    has_cleanup = false
    is_exclusive = false
    required_configs is empty
    required_disk_space = 0
    required_files is empty
    required_memory = 0
    required_programs is empty
    required_user is empty
    timeout = 300

Standard error:
setup_interfaces_test: ERROR: Cannot provide test case names with -l
setup_interfaces_test: See atf-test-program(1) for usage details.
===> tests/setup_interfaces_test:setup_interfaces_interactive_bond0
Result:     broken: Premature exit; test case exited with code 1
Start time: 2025-07-09T01:57:10.870659Z
End time:   2025-07-09T01:57:10.911475Z
Duration:   0.041s

Metadata:
    allowed_architectures is empty
    allowed_platforms is empty
    description is empty
    has_cleanup = false
    is_exclusive = false
    required_configs is empty
    required_disk_space = 0
    required_files is empty
    required_memory = 0
    required_programs is empty
    required_user is empty
    timeout = 300

Standard error:
setup_interfaces_test: ERROR: Cannot provide test case names with -l
setup_interfaces_test: See atf-test-program(1) for usage details.
===> tests/setup_interfaces_test:setup_interfaces_interactive_br0
Result:     broken: Premature exit; test case exited with code 1
Start time: 2025-07-09T01:57:10.871295Z
End time:   2025-07-09T01:57:10.912146Z
Duration:   0.041s

Metadata:
    allowed_architectures is empty
    allowed_platforms is empty
    description is empty
    has_cleanup = false
    is_exclusive = false
    required_configs is empty
    required_disk_space = 0
    required_files is empty
    required_memory = 0
    required_programs is empty
    required_user is empty
    timeout = 300

Standard error:
setup_interfaces_test: ERROR: Cannot provide test case names with -l
setup_interfaces_test: See atf-test-program(1) for usage details.
===> tests/setup_interfaces_test:setup_interfaces_interactive_dhcp
Result:     broken: Premature exit; test case exited with code 1
Start time: 2025-07-09T01:57:10.871904Z
End time:   2025-07-09T01:57:10.912755Z
Duration:   0.041s

Metadata:
    allowed_architectures is empty
    allowed_platforms is empty
    description is empty
    has_cleanup = false
    is_exclusive = false
    required_configs is empty
    required_disk_space = 0
    required_files is empty
    required_memory = 0
    required_programs is empty
    required_user is empty
    timeout = 300

Standard error:
setup_interfaces_test: ERROR: Cannot provide test case names with -l
setup_interfaces_test: See atf-test-program(1) for usage details.
===> tests/setup_interfaces_test:setup_interfaces_interactive_none
Result:     broken: Premature exit; test case exited with code 1
Start time: 2025-07-09T01:57:10.872522Z
End time:   2025-07-09T01:57:10.925532Z
Duration:   0.053s

Metadata:
    allowed_architectures is empty
    allowed_platforms is empty
    description is empty
    has_cleanup = false
    is_exclusive = false
    required_configs is empty
    required_disk_space = 0
    required_files is empty
    required_memory = 0
    required_programs is empty
    required_user is empty
    timeout = 300

Standard error:
setup_interfaces_test: ERROR: Cannot provide test case names with -l
setup_interfaces_test: See atf-test-program(1) for usage details.
===> tests/setup_interfaces_test:setup_interfaces_interactive_ssid_list
Result:     broken: Premature exit; test case exited with code 1
Start time: 2025-07-09T01:57:10.873131Z
End time:   2025-07-09T01:57:10.926182Z
Duration:   0.053s

Metadata:
    allowed_architectures is empty
    allowed_platforms is empty
    description is empty
    has_cleanup = false
    is_exclusive = false
    required_configs is empty
    required_disk_space = 0
    required_files is empty
    required_memory = 0
    required_programs is empty
    required_user is empty
    timeout = 300

Standard error:
setup_interfaces_test: ERROR: Cannot provide test case names with -l
setup_interfaces_test: See atf-test-program(1) for usage details.
===> tests/setup_interfaces_test:setup_interfaces_interactive_vlan
Result:     broken: Premature exit; test case exited with code 1
Start time: 2025-07-09T01:57:10.873782Z
End time:   2025-07-09T01:57:10.943022Z
Duration:   0.069s

Metadata:
    allowed_architectures is empty
    allowed_platforms is empty
    description is empty
    has_cleanup = false
    is_exclusive = false
    required_configs is empty
    required_disk_space = 0
    required_files is empty
    required_memory = 0
    required_programs is empty
    required_user is empty
    timeout = 300

Standard error:
setup_interfaces_test: ERROR: Cannot provide test case names with -l
setup_interfaces_test: See atf-test-program(1) for usage details.
===> tests/setup_interfaces_test:setup_interfaces_interactive_vlan0_ng
Result:     broken: Premature exit; test case exited with code 1
Start time: 2025-07-09T01:57:10.874403Z
End time:   2025-07-09T01:57:10.943711Z
Duration:   0.069s

Metadata:
    allowed_architectures is empty
    allowed_platforms is empty
    description is empty
    has_cleanup = false
    is_exclusive = false
    required_configs is empty
    required_disk_space = 0
    required_files is empty
    required_memory = 0
    required_programs is empty
    required_user is empty
    timeout = 300

Standard error:
setup_interfaces_test: ERROR: Cannot provide test case names with -l
setup_interfaces_test: See atf-test-program(1) for usage details.
===> tests/setup_interfaces_test:setup_interfaces_interactive_vlan_ng
Result:     broken: Premature exit; test case exited with code 1
Start time: 2025-07-09T01:57:10.875062Z
End time:   2025-07-09T01:57:10.944377Z
Duration:   0.069s

Metadata:
    allowed_architectures is empty
    allowed_platforms is empty
    description is empty
    has_cleanup = false
    is_exclusive = false
    required_configs is empty
    required_disk_space = 0
    required_files is empty
    required_memory = 0
    required_programs is empty
    required_user is empty
    timeout = 300

Standard error:
setup_interfaces_test: ERROR: Cannot provide test case names with -l
setup_interfaces_test: See atf-test-program(1) for usage details.
===> tests/setup_interfaces_test:setup_interfaces_interactive_wlan0_open
Result:     broken: Premature exit; test case exited with code 1
Start time: 2025-07-09T01:57:10.875686Z
End time:   2025-07-09T01:57:10.945012Z
Duration:   0.069s

Metadata:
    allowed_architectures is empty
    allowed_platforms is empty
    description is empty
    has_cleanup = false
    is_exclusive = false
    required_configs is empty
    required_disk_space = 0
    required_files is empty
    required_memory = 0
    required_programs is empty
    required_user is empty
    timeout = 300

Standard error:
setup_interfaces_test: ERROR: Cannot provide test case names with -l
setup_interfaces_test: See atf-test-program(1) for usage details.
===> tests/setup_interfaces_test:setup_interfaces_interactive_wlan0_psk
Result:     broken: Premature exit; test case exited with code 1
Start time: 2025-07-09T01:57:10.876385Z
End time:   2025-07-09T01:57:10.945610Z
Duration:   0.069s

Metadata:
    allowed_architectures is empty
    allowed_platforms is empty
    description is empty
    has_cleanup = false
    is_exclusive = false
    required_configs is empty
    required_disk_space = 0
    required_files is empty
    required_memory = 0
    required_programs is empty
    required_user is empty
    timeout = 300

Standard error:
setup_interfaces_test: ERROR: Cannot provide test case names with -l
setup_interfaces_test: See atf-test-program(1) for usage details.
===> tests/setup_interfaces_test:setup_interfaces_interactive_wlan0_psk_by_index
Result:     broken: Premature exit; test case exited with code 1
Start time: 2025-07-09T01:57:10.877593Z
End time:   2025-07-09T01:57:10.946215Z
Duration:   0.069s

Metadata:
    allowed_architectures is empty
    allowed_platforms is empty
    description is empty
    has_cleanup = false
    is_exclusive = false
    required_configs is empty
    required_disk_space = 0
    required_files is empty
    required_memory = 0
    required_programs is empty
    required_user is empty
    timeout = 300

Standard error:
setup_interfaces_test: ERROR: Cannot provide test case names with -l
setup_interfaces_test: See atf-test-program(1) for usage details.
===> tests/setup_interfaces_test:setup_interfaces_none
Result:     broken: Premature exit; test case exited with code 1
Start time: 2025-07-09T01:57:10.878326Z
End time:   2025-07-09T01:57:10.946845Z
Duration:   0.069s

Metadata:
    allowed_architectures is empty
    allowed_platforms is empty
    description is empty
    has_cleanup = false
    is_exclusive = false
    required_configs is empty
    required_disk_space = 0
    required_files is empty
    required_memory = 0
    required_programs is empty
    required_user is empty
    timeout = 300

Standard error:
setup_interfaces_test: ERROR: Cannot provide test case names with -l
setup_interfaces_test: See atf-test-program(1) for usage details.
===> tests/setup_interfaces_test:setup_interfaces_usage
Result:     broken: Premature exit; test case exited with code 1
Start time: 2025-07-09T01:57:10.880136Z
End time:   2025-07-09T01:57:10.947476Z
Duration:   0.067s

Metadata:
    allowed_architectures is empty
    allowed_platforms is empty
    description is empty
    has_cleanup = false
    is_exclusive = false
    required_configs is empty
    required_disk_space = 0
    required_files is empty
    required_memory = 0
    required_programs is empty
    required_user is empty
    timeout = 300

Standard error:
setup_interfaces_test: ERROR: Cannot provide test case names with -l
setup_interfaces_test: See atf-test-program(1) for usage details.
===> tests/setup_keymap_test:setup_keymap_none
Result:     broken: Premature exit; test case exited with code 1
Start time: 2025-07-09T01:57:10.895350Z
End time:   2025-07-09T01:57:10.964399Z
Duration:   0.069s

Metadata:
    allowed_architectures is empty
    allowed_platforms is empty
    description is empty
    has_cleanup = false
    is_exclusive = false
    required_configs is empty
    required_disk_space = 0
    required_files is empty
    required_memory = 0
    required_programs is empty
    required_user is empty
    timeout = 300

Standard error:
setup_keymap_test: ERROR: Cannot provide test case names with -l
setup_keymap_test: See atf-test-program(1) for usage details.
===> tests/setup_keymap_test:setup_keymap_usage
Result:     broken: Premature exit; test case exited with code 1
Start time: 2025-07-09T01:57:10.896553Z
End time:   2025-07-09T01:57:10.965058Z
Duration:   0.069s

Metadata:
    allowed_architectures is empty
    allowed_platforms is empty
    description is empty
    has_cleanup = false
    is_exclusive = false
    required_configs is empty
    required_disk_space = 0
    required_files is empty
    required_memory = 0
    required_programs is empty
    required_user is empty
    timeout = 300

Standard error:
setup_keymap_test: ERROR: Cannot provide test case names with -l
setup_keymap_test: See atf-test-program(1) for usage details.
===> tests/setup_lbu_test:setup_lbu_label
Result:     broken: Premature exit; test case exited with code 1
Start time: 2025-07-09T01:57:10.911381Z
End time:   2025-07-09T01:57:10.965712Z
Duration:   0.054s

Metadata:
    allowed_architectures is empty
    allowed_platforms is empty
    description is empty
    has_cleanup = false
    is_exclusive = false
    required_configs is empty
    required_disk_space = 0
    required_files is empty
    required_memory = 0
    required_programs is empty
    required_user is empty
    timeout = 300

Standard error:
setup_lbu_test: ERROR: Cannot provide test case names with -l
setup_lbu_test: See atf-test-program(1) for usage details.
===> tests/setup_lbu_test:setup_lbu_usage
Result:     broken: Premature exit; test case exited with code 1
Start time: 2025-07-09T01:57:10.912056Z
End time:   2025-07-09T01:57:10.966312Z
Duration:   0.054s

Metadata:
    allowed_architectures is empty
    allowed_platforms is empty
    description is empty
    has_cleanup = false
    is_exclusive = false
    required_configs is empty
    required_disk_space = 0
    required_files is empty
    required_memory = 0
    required_programs is empty
    required_user is empty
    timeout = 300

Standard error:
setup_lbu_test: ERROR: Cannot provide test case names with -l
setup_lbu_test: See atf-test-program(1) for usage details.
===> tests/setup_lbu_test:setup_lbu_uuid
Result:     broken: Premature exit; test case exited with code 1
Start time: 2025-07-09T01:57:10.912661Z
End time:   2025-07-09T01:57:10.993986Z
Duration:   0.081s

Metadata:
    allowed_architectures is empty
    allowed_platforms is empty
    description is empty
    has_cleanup = false
    is_exclusive = false
    required_configs is empty
    required_disk_space = 0
    required_files is empty
    required_memory = 0
    required_programs is empty
    required_user is empty
    timeout = 300

Standard error:
setup_lbu_test: ERROR: Cannot provide test case names with -l
setup_lbu_test: See atf-test-program(1) for usage details.
===> tests/setup_mta_test:setup_mta
Result:     broken: Premature exit; test case exited with code 1
Start time: 2025-07-09T01:57:10.925435Z
End time:   2025-07-09T01:57:10.995100Z
Duration:   0.070s

Metadata:
    allowed_architectures is empty
    allowed_platforms is empty
    description is empty
    has_cleanup = false
    is_exclusive = false
    required_configs is empty
    required_disk_space = 0
    required_files is empty
    required_memory = 0
    required_programs is empty
    required_user is empty
    timeout = 300

Standard error:
setup_mta_test: ERROR: Cannot provide test case names with -l
setup_mta_test: See atf-test-program(1) for usage details.
===> tests/setup_mta_test:setup_mta_usage
Result:     broken: Premature exit; test case exited with code 1
Start time: 2025-07-09T01:57:10.926092Z
End time:   2025-07-09T01:57:10.996137Z
Duration:   0.070s

Metadata:
    allowed_architectures is empty
    allowed_platforms is empty
    description is empty
    has_cleanup = false
    is_exclusive = false
    required_configs is empty
    required_disk_space = 0
    required_files is empty
    required_memory = 0
    required_programs is empty
    required_user is empty
    timeout = 300

Standard error:
setup_mta_test: ERROR: Cannot provide test case names with -l
setup_mta_test: See atf-test-program(1) for usage details.
===> tests/setup_ntp_test:setup_ntp_busybox
Result:     broken: Premature exit; test case exited with code 1
Start time: 2025-07-09T01:57:10.942929Z
End time:   2025-07-09T01:57:10.997252Z
Duration:   0.054s

Metadata:
    allowed_architectures is empty
    allowed_platforms is empty
    description is empty
    has_cleanup = false
    is_exclusive = false
    required_configs is empty
    required_disk_space = 0
    required_files is empty
    required_memory = 0
    required_programs is empty
    required_user is empty
    timeout = 300

Standard error:
setup_ntp_test: ERROR: Cannot provide test case names with -l
setup_ntp_test: See atf-test-program(1) for usage details.
===> tests/setup_ntp_test:setup_ntp_chrony
Result:     broken: Premature exit; test case exited with code 1
Start time: 2025-07-09T01:57:10.943540Z
End time:   2025-07-09T01:57:10.998420Z
Duration:   0.055s

Metadata:
    allowed_architectures is empty
    allowed_platforms is empty
    description is empty
    has_cleanup = false
    is_exclusive = false
    required_configs is empty
    required_disk_space = 0
    required_files is empty
    required_memory = 0
    required_programs is empty
    required_user is empty
    timeout = 300

Standard error:
setup_ntp_test: ERROR: Cannot provide test case names with -l
setup_ntp_test: See atf-test-program(1) for usage details.
===> tests/setup_ntp_test:setup_ntp_interactive_datetime
Result:     broken: Premature exit; test case exited with code 1
Start time: 2025-07-09T01:57:10.944284Z
End time:   2025-07-09T01:57:10.999526Z
Duration:   0.055s

Metadata:
    allowed_architectures is empty
    allowed_platforms is empty
    description is empty
    has_cleanup = false
    is_exclusive = false
    required_configs is empty
    required_disk_space = 0
    required_files is empty
    required_memory = 0
    required_programs is empty
    required_user is empty
    timeout = 300

Standard error:
setup_ntp_test: ERROR: Cannot provide test case names with -l
setup_ntp_test: See atf-test-program(1) for usage details.
===> tests/setup_ntp_test:setup_ntp_invalid
Result:     broken: Premature exit; test case exited with code 1
Start time: 2025-07-09T01:57:10.944926Z
End time:   2025-07-09T01:57:11.000686Z
Duration:   0.056s

Metadata:
    allowed_architectures is empty
    allowed_platforms is empty
    description is empty
    has_cleanup = false
    is_exclusive = false
    required_configs is empty
    required_disk_space = 0
    required_files is empty
    required_memory = 0
    required_programs is empty
    required_user is empty
    timeout = 300

Standard error:
setup_ntp_test: ERROR: Cannot provide test case names with -l
setup_ntp_test: See atf-test-program(1) for usage details.
===> tests/setup_ntp_test:setup_ntp_none
Result:     broken: Premature exit; test case exited with code 1
Start time: 2025-07-09T01:57:10.945505Z
End time:   2025-07-09T01:57:11.001895Z
Duration:   0.056s

Metadata:
    allowed_architectures is empty
    allowed_platforms is empty
    description is empty
    has_cleanup = false
    is_exclusive = false
    required_configs is empty
    required_disk_space = 0
    required_files is empty
    required_memory = 0
    required_programs is empty
    required_user is empty
    timeout = 300

Standard error:
setup_ntp_test: ERROR: Cannot provide test case names with -l
setup_ntp_test: See atf-test-program(1) for usage details.
===> tests/setup_ntp_test:setup_ntp_none_backwards_compat
Result:     broken: Premature exit; test case exited with code 1
Start time: 2025-07-09T01:57:10.946120Z
End time:   2025-07-09T01:57:11.003069Z
Duration:   0.057s

Metadata:
    allowed_architectures is empty
    allowed_platforms is empty
    description is empty
    has_cleanup = false
    is_exclusive = false
    required_configs is empty
    required_disk_space = 0
    required_files is empty
    required_memory = 0
    required_programs is empty
    required_user is empty
    timeout = 300

Standard error:
setup_ntp_test: ERROR: Cannot provide test case names with -l
setup_ntp_test: See atf-test-program(1) for usage details.
===> tests/setup_ntp_test:setup_ntp_openntpd
Result:     broken: Premature exit; test case exited with code 1
Start time: 2025-07-09T01:57:10.946754Z
End time:   2025-07-09T01:57:11.004306Z
Duration:   0.058s

Metadata:
    allowed_architectures is empty
    allowed_platforms is empty
    description is empty
    has_cleanup = false
    is_exclusive = false
    required_configs is empty
    required_disk_space = 0
    required_files is empty
    required_memory = 0
    required_programs is empty
    required_user is empty
    timeout = 300

Standard error:
setup_ntp_test: ERROR: Cannot provide test case names with -l
setup_ntp_test: See atf-test-program(1) for usage details.
===> tests/setup_ntp_test:setup_ntp_usage
Result:     broken: Premature exit; test case exited with code 1
Start time: 2025-07-09T01:57:10.947379Z
End time:   2025-07-09T01:57:11.005371Z
Duration:   0.058s

Metadata:
    allowed_architectures is empty
    allowed_platforms is empty
    description is empty
    has_cleanup = false
    is_exclusive = false
    required_configs is empty
    required_disk_space = 0
    required_files is empty
    required_memory = 0
    required_programs is empty
    required_user is empty
    timeout = 300

Standard error:
setup_ntp_test: ERROR: Cannot provide test case names with -l
setup_ntp_test: See atf-test-program(1) for usage details.
===> tests/setup_proxy_test:setup_proxy_interactive_none
Result:     broken: Premature exit; test case exited with code 1
Start time: 2025-07-09T01:57:10.964309Z
End time:   2025-07-09T01:57:11.006481Z
Duration:   0.042s

Metadata:
    allowed_architectures is empty
    allowed_platforms is empty
    description is empty
    has_cleanup = false
    is_exclusive = false
    required_configs is empty
    required_disk_space = 0
    required_files is empty
    required_memory = 0
    required_programs is empty
    required_user is empty
    timeout = 300

Standard error:
setup_proxy_test: ERROR: Cannot provide test case names with -l
setup_proxy_test: See atf-test-program(1) for usage details.
===> tests/setup_proxy_test:setup_proxy_none
Result:     broken: Premature exit; test case exited with code 1
Start time: 2025-07-09T01:57:10.964968Z
End time:   2025-07-09T01:57:11.023288Z
Duration:   0.058s

Metadata:
    allowed_architectures is empty
    allowed_platforms is empty
    description is empty
    has_cleanup = false
    is_exclusive = false
    required_configs is empty
    required_disk_space = 0
    required_files is empty
    required_memory = 0
    required_programs is empty
    required_user is empty
    timeout = 300

Standard error:
setup_proxy_test: ERROR: Cannot provide test case names with -l
setup_proxy_test: See atf-test-program(1) for usage details.
===> tests/setup_proxy_test:setup_proxy_url
Result:     broken: Premature exit; test case exited with code 1
Start time: 2025-07-09T01:57:10.965623Z
End time:   2025-07-09T01:57:11.024380Z
Duration:   0.059s

Metadata:
    allowed_architectures is empty
    allowed_platforms is empty
    description is empty
    has_cleanup = false
    is_exclusive = false
    required_configs is empty
    required_disk_space = 0
    required_files is empty
    required_memory = 0
    required_programs is empty
    required_user is empty
    timeout = 300

Standard error:
setup_proxy_test: ERROR: Cannot provide test case names with -l
setup_proxy_test: See atf-test-program(1) for usage details.
===> tests/setup_proxy_test:setup_proxy_usage
Result:     broken: Premature exit; test case exited with code 1
Start time: 2025-07-09T01:57:10.966219Z
End time:   2025-07-09T01:57:11.025430Z
Duration:   0.059s

Metadata:
    allowed_architectures is empty
    allowed_platforms is empty
    description is empty
    has_cleanup = false
    is_exclusive = false
    required_configs is empty
    required_disk_space = 0
    required_files is empty
    required_memory = 0
    required_programs is empty
    required_user is empty
    timeout = 300

Standard error:
setup_proxy_test: ERROR: Cannot provide test case names with -l
setup_proxy_test: See atf-test-program(1) for usage details.
===> tests/setup_sshd_test:setup_sshd_dropbear
Result:     broken: Premature exit; test case exited with code 1
Start time: 2025-07-09T01:57:10.993790Z
End time:   2025-07-09T01:57:11.026509Z
Duration:   0.033s

Metadata:
    allowed_architectures is empty
    allowed_platforms is empty
    description is empty
    has_cleanup = false
    is_exclusive = false
    required_configs is empty
    required_disk_space = 0
    required_files is empty
    required_memory = 0
    required_programs is empty
    required_user is empty
    timeout = 300

Standard error:
setup_sshd_test: ERROR: Cannot provide test case names with -l
setup_sshd_test: See atf-test-program(1) for usage details.
===> tests/setup_sshd_test:setup_sshd_empty
Result:     broken: Premature exit; test case exited with code 1
Start time: 2025-07-09T01:57:10.994924Z
End time:   2025-07-09T01:57:11.027567Z
Duration:   0.033s

Metadata:
    allowed_architectures is empty
    allowed_platforms is empty
    description is empty
    has_cleanup = false
    is_exclusive = false
    required_configs is empty
    required_disk_space = 0
    required_files is empty
    required_memory = 0
    required_programs is empty
    required_user is empty
    timeout = 300

Standard error:
setup_sshd_test: ERROR: Cannot provide test case names with -l
setup_sshd_test: See atf-test-program(1) for usage details.
===> tests/setup_sshd_test:setup_sshd_interactive_openssh_direct_key
Result:     broken: Premature exit; test case exited with code 1
Start time: 2025-07-09T01:57:10.995970Z
End time:   2025-07-09T01:57:11.028709Z
Duration:   0.033s

Metadata:
    allowed_architectures is empty
    allowed_platforms is empty
    description is empty
    has_cleanup = false
    is_exclusive = false
    required_configs is empty
    required_disk_space = 0
    required_files is empty
    required_memory = 0
    required_programs is empty
    required_user is empty
    timeout = 300

Standard error:
setup_sshd_test: ERROR: Cannot provide test case names with -l
setup_sshd_test: See atf-test-program(1) for usage details.
===> tests/setup_sshd_test:setup_sshd_interactive_openssh_nokey
Result:     broken: Premature exit; test case exited with code 1
Start time: 2025-07-09T01:57:10.997064Z
End time:   2025-07-09T01:57:11.029782Z
Duration:   0.033s

Metadata:
    allowed_architectures is empty
    allowed_platforms is empty
    description is empty
    has_cleanup = false
    is_exclusive = false
    required_configs is empty
    required_disk_space = 0
    required_files is empty
    required_memory = 0
    required_programs is empty
    required_user is empty
    timeout = 300

Standard error:
setup_sshd_test: ERROR: Cannot provide test case names with -l
setup_sshd_test: See atf-test-program(1) for usage details.
===> tests/setup_sshd_test:setup_sshd_interactive_openssh_nologin
Result:     broken: Premature exit; test case exited with code 1
Start time: 2025-07-09T01:57:10.998240Z
End time:   2025-07-09T01:57:11.058837Z
Duration:   0.061s

Metadata:
    allowed_architectures is empty
    allowed_platforms is empty
    description is empty
    has_cleanup = false
    is_exclusive = false
    required_configs is empty
    required_disk_space = 0
    required_files is empty
    required_memory = 0
    required_programs is empty
    required_user is empty
    timeout = 300

Standard error:
setup_sshd_test: ERROR: Cannot provide test case names with -l
setup_sshd_test: See atf-test-program(1) for usage details.
===> tests/setup_sshd_test:setup_sshd_interactive_openssh_prohibitpass
Result:     broken: Premature exit; test case exited with code 1
Start time: 2025-07-09T01:57:10.999341Z
End time:   2025-07-09T01:57:11.059895Z
Duration:   0.061s

Metadata:
    allowed_architectures is empty
    allowed_platforms is empty
    description is empty
    has_cleanup = false
    is_exclusive = false
    required_configs is empty
    required_disk_space = 0
    required_files is empty
    required_memory = 0
    required_programs is empty
    required_user is empty
    timeout = 300

Standard error:
setup_sshd_test: ERROR: Cannot provide test case names with -l
setup_sshd_test: See atf-test-program(1) for usage details.
===> tests/setup_sshd_test:setup_sshd_interactive_openssh_user_exist
Result:     broken: Premature exit; test case exited with code 1
Start time: 2025-07-09T01:57:11.000508Z
End time:   2025-07-09T01:57:11.060952Z
Duration:   0.060s

Metadata:
    allowed_architectures is empty
    allowed_platforms is empty
    description is empty
    has_cleanup = false
    is_exclusive = false
    required_configs is empty
    required_disk_space = 0
    required_files is empty
    required_memory = 0
    required_programs is empty
    required_user is empty
    timeout = 300

Standard error:
setup_sshd_test: ERROR: Cannot provide test case names with -l
setup_sshd_test: See atf-test-program(1) for usage details.
===> tests/setup_sshd_test:setup_sshd_openssh_c_compat
Result:     broken: Premature exit; test case exited with code 1
Start time: 2025-07-09T01:57:11.001692Z
End time:   2025-07-09T01:57:11.061967Z
Duration:   0.060s

Metadata:
    allowed_architectures is empty
    allowed_platforms is empty
    description is empty
    has_cleanup = false
    is_exclusive = false
    required_configs is empty
    required_disk_space = 0
    required_files is empty
    required_memory = 0
    required_programs is empty
    required_user is empty
    timeout = 300

Standard error:
setup_sshd_test: ERROR: Cannot provide test case names with -l
setup_sshd_test: See atf-test-program(1) for usage details.
===> tests/setup_sshd_test:setup_sshd_openssh_ftp
Result:     broken: Premature exit; test case exited with code 1
Start time: 2025-07-09T01:57:11.002887Z
End time:   2025-07-09T01:57:11.063028Z
Duration:   0.060s

Metadata:
    allowed_architectures is empty
    allowed_platforms is empty
    description is empty
    has_cleanup = false
    is_exclusive = false
    required_configs is empty
    required_disk_space = 0
    required_files is empty
    required_memory = 0
    required_programs is empty
    required_user is empty
    timeout = 300

Standard error:
setup_sshd_test: ERROR: Cannot provide test case names with -l
setup_sshd_test: See atf-test-program(1) for usage details.
===> tests/setup_sshd_test:setup_sshd_openssh_https
Result:     broken: Premature exit; test case exited with code 1
Start time: 2025-07-09T01:57:11.004104Z
End time:   2025-07-09T01:57:11.064075Z
Duration:   0.060s

Metadata:
    allowed_architectures is empty
    allowed_platforms is empty
    description is empty
    has_cleanup = false
    is_exclusive = false
    required_configs is empty
    required_disk_space = 0
    required_files is empty
    required_memory = 0
    required_programs is empty
    required_user is empty
    timeout = 300

Standard error:
setup_sshd_test: ERROR: Cannot provide test case names with -l
setup_sshd_test: See atf-test-program(1) for usage details.
===> tests/setup_sshd_test:setup_sshd_openssh_ssh_key
Result:     broken: Premature exit; test case exited with code 1
Start time: 2025-07-09T01:57:11.005195Z
End time:   2025-07-09T01:57:11.065143Z
Duration:   0.060s

Metadata:
    allowed_architectures is empty
    allowed_platforms is empty
    description is empty
    has_cleanup = false
    is_exclusive = false
    required_configs is empty
    required_disk_space = 0
    required_files is empty
    required_memory = 0
    required_programs is empty
    required_user is empty
    timeout = 300

Standard error:
setup_sshd_test: ERROR: Cannot provide test case names with -l
setup_sshd_test: See atf-test-program(1) for usage details.
===> tests/setup_sshd_test:setup_sshd_usage
Result:     broken: Premature exit; test case exited with code 1
Start time: 2025-07-09T01:57:11.006295Z
End time:   2025-07-09T01:57:11.066246Z
Duration:   0.060s

Metadata:
    allowed_architectures is empty
    allowed_platforms is empty
    description is empty
    has_cleanup = false
    is_exclusive = false
    required_configs is empty
    required_disk_space = 0
    required_files is empty
    required_memory = 0
    required_programs is empty
    required_user is empty
    timeout = 300

Standard error:
setup_sshd_test: ERROR: Cannot provide test case names with -l
setup_sshd_test: See atf-test-program(1) for usage details.
===> tests/setup_timezone_test:setup_timezone_SIGINT
Result:     broken: Premature exit; test case exited with code 1
Start time: 2025-07-09T01:57:11.023130Z
End time:   2025-07-09T01:57:11.067417Z
Duration:   0.044s

Metadata:
    allowed_architectures is empty
    allowed_platforms is empty
    description is empty
    has_cleanup = false
    is_exclusive = false
    required_configs is empty
    required_disk_space = 0
    required_files is empty
    required_memory = 0
    required_programs is empty
    required_user is empty
    timeout = 300

Standard error:
setup_timezone_test: ERROR: Cannot provide test case names with -l
setup_timezone_test: See atf-test-program(1) for usage details.
===> tests/setup_timezone_test:setup_timezone_copy
Result:     broken: Premature exit; test case exited with code 1
Start time: 2025-07-09T01:57:11.024225Z
End time:   2025-07-09T01:57:11.068545Z
Duration:   0.044s

Metadata:
    allowed_architectures is empty
    allowed_platforms is empty
    description is empty
    has_cleanup = false
    is_exclusive = false
    required_configs is empty
    required_disk_space = 0
    required_files is empty
    required_memory = 0
    required_programs is empty
    required_user is empty
    timeout = 300

Standard error:
setup_timezone_test: ERROR: Cannot provide test case names with -l
setup_timezone_test: See atf-test-program(1) for usage details.
===> tests/setup_timezone_test:setup_timezone_install
Result:     broken: Premature exit; test case exited with code 1
Start time: 2025-07-09T01:57:11.025288Z
End time:   2025-07-09T01:57:11.069693Z
Duration:   0.044s

Metadata:
    allowed_architectures is empty
    allowed_platforms is empty
    description is empty
    has_cleanup = false
    is_exclusive = false
    required_configs is empty
    required_disk_space = 0
    required_files is empty
    required_memory = 0
    required_programs is empty
    required_user is empty
    timeout = 300

Standard error:
setup_timezone_test: ERROR: Cannot provide test case names with -l
setup_timezone_test: See atf-test-program(1) for usage details.
===> tests/setup_timezone_test:setup_timezone_interactive
Result:     broken: Premature exit; test case exited with code 1
Start time: 2025-07-09T01:57:11.026352Z
End time:   2025-07-09T01:57:11.070880Z
Duration:   0.045s

Metadata:
    allowed_architectures is empty
    allowed_platforms is empty
    description is empty
    has_cleanup = false
    is_exclusive = false
    required_configs is empty
    required_disk_space = 0
    required_files is empty
    required_memory = 0
    required_programs is empty
    required_user is empty
    timeout = 300

Standard error:
setup_timezone_test: ERROR: Cannot provide test case names with -l
setup_timezone_test: See atf-test-program(1) for usage details.
===> tests/setup_timezone_test:setup_timezone_none
Result:     broken: Premature exit; test case exited with code 1
Start time: 2025-07-09T01:57:11.027422Z
End time:   2025-07-09T01:57:11.072005Z
Duration:   0.045s

Metadata:
    allowed_architectures is empty
    allowed_platforms is empty
    description is empty
    has_cleanup = false
    is_exclusive = false
    required_configs is empty
    required_disk_space = 0
    required_files is empty
    required_memory = 0
    required_programs is empty
    required_user is empty
    timeout = 300

Standard error:
setup_timezone_test: ERROR: Cannot provide test case names with -l
setup_timezone_test: See atf-test-program(1) for usage details.
===> tests/setup_timezone_test:setup_timezone_usage
Result:     broken: Premature exit; test case exited with code 1
Start time: 2025-07-09T01:57:11.028554Z
End time:   2025-07-09T01:57:11.073108Z
Duration:   0.045s

Metadata:
    allowed_architectures is empty
    allowed_platforms is empty
    description is empty
    has_cleanup = false
    is_exclusive = false
    required_configs is empty
    required_disk_space = 0
    required_files is empty
    required_memory = 0
    required_programs is empty
    required_user is empty
    timeout = 300

Standard error:
setup_timezone_test: ERROR: Cannot provide test case names with -l
setup_timezone_test: See atf-test-program(1) for usage details.
===> tests/setup_timezone_test:setup_timezone_z_compat
Result:     broken: Premature exit; test case exited with code 1
Start time: 2025-07-09T01:57:11.029627Z
End time:   2025-07-09T01:57:11.085370Z
Duration:   0.056s

Metadata:
    allowed_architectures is empty
    allowed_platforms is empty
    description is empty
    has_cleanup = false
    is_exclusive = false
    required_configs is empty
    required_disk_space = 0
    required_files is empty
    required_memory = 0
    required_programs is empty
    required_user is empty
    timeout = 300

Standard error:
setup_timezone_test: ERROR: Cannot provide test case names with -l
setup_timezone_test: See atf-test-program(1) for usage details.
===> tests/setup_user_test:setup_user_admin
Result:     broken: Premature exit; test case exited with code 1
Start time: 2025-07-09T01:57:11.058648Z
End time:   2025-07-09T01:57:11.086613Z
Duration:   0.028s

Metadata:
    allowed_architectures is empty
    allowed_platforms is empty
    description is empty
    has_cleanup = false
    is_exclusive = false
    required_configs is empty
    required_disk_space = 0
    required_files is empty
    required_memory = 0
    required_programs is empty
    required_user is empty
    timeout = 300

Standard error:
setup_user_test: ERROR: Cannot provide test case names with -l
setup_user_test: See atf-test-program(1) for usage details.
===> tests/setup_user_test:setup_user_fullname
Result:     broken: Premature exit; test case exited with code 1
Start time: 2025-07-09T01:57:11.059709Z
End time:   2025-07-09T01:57:11.087682Z
Duration:   0.028s

Metadata:
    allowed_architectures is empty
    allowed_platforms is empty
    description is empty
    has_cleanup = false
    is_exclusive = false
    required_configs is empty
    required_disk_space = 0
    required_files is empty
    required_memory = 0
    required_programs is empty
    required_user is empty
    timeout = 300

Standard error:
setup_user_test: ERROR: Cannot provide test case names with -l
setup_user_test: See atf-test-program(1) for usage details.
===> tests/setup_user_test:setup_user_groups_commas
Result:     broken: Premature exit; test case exited with code 1
Start time: 2025-07-09T01:57:11.060775Z
End time:   2025-07-09T01:57:11.096567Z
Duration:   0.036s

Metadata:
    allowed_architectures is empty
    allowed_platforms is empty
    description is empty
    has_cleanup = false
    is_exclusive = false
    required_configs is empty
    required_disk_space = 0
    required_files is empty
    required_memory = 0
    required_programs is empty
    required_user is empty
    timeout = 300

Standard error:
setup_user_test: ERROR: Cannot provide test case names with -l
setup_user_test: See atf-test-program(1) for usage details.
===> tests/setup_user_test:setup_user_groups_spaces
Result:     broken: Premature exit; test case exited with code 1
Start time: 2025-07-09T01:57:11.061799Z
End time:   2025-07-09T01:57:11.107239Z
Duration:   0.045s

Metadata:
    allowed_architectures is empty
    allowed_platforms is empty
    description is empty
    has_cleanup = false
    is_exclusive = false
    required_configs is empty
    required_disk_space = 0
    required_files is empty
    required_memory = 0
    required_programs is empty
    required_user is empty
    timeout = 300

Standard error:
setup_user_test: ERROR: Cannot provide test case names with -l
setup_user_test: See atf-test-program(1) for usage details.
===> tests/setup_user_test:setup_user_interactive
Result:     broken: Premature exit; test case exited with code 1
Start time: 2025-07-09T01:57:11.062847Z
End time:   2025-07-09T01:57:11.107880Z
Duration:   0.045s

Metadata:
    allowed_architectures is empty
    allowed_platforms is empty
    description is empty
    has_cleanup = false
    is_exclusive = false
    required_configs is empty
    required_disk_space = 0
    required_files is empty
    required_memory = 0
    required_programs is empty
    required_user is empty
    timeout = 300

Standard error:
setup_user_test: ERROR: Cannot provide test case names with -l
setup_user_test: See atf-test-program(1) for usage details.
===> tests/setup_user_test:setup_user_interactive_fullname
Result:     broken: Premature exit; test case exited with code 1
Start time: 2025-07-09T01:57:11.063909Z
End time:   2025-07-09T01:57:11.108545Z
Duration:   0.045s

Metadata:
    allowed_architectures is empty
    allowed_platforms is empty
    description is empty
    has_cleanup = false
    is_exclusive = false
    required_configs is empty
    required_disk_space = 0
    required_files is empty
    required_memory = 0
    required_programs is empty
    required_user is empty
    timeout = 300

Standard error:
setup_user_test: ERROR: Cannot provide test case names with -l
setup_user_test: See atf-test-program(1) for usage details.
===> tests/setup_user_test:setup_user_interactive_fullname_existing
Result:     broken: Premature exit; test case exited with code 1
Start time: 2025-07-09T01:57:11.064958Z
End time:   2025-07-09T01:57:11.117467Z
Duration:   0.053s

Metadata:
    allowed_architectures is empty
    allowed_platforms is empty
    description is empty
    has_cleanup = false
    is_exclusive = false
    required_configs is empty
    required_disk_space = 0
    required_files is empty
    required_memory = 0
    required_programs is empty
    required_user is empty
    timeout = 300

Standard error:
setup_user_test: ERROR: Cannot provide test case names with -l
setup_user_test: See atf-test-program(1) for usage details.
===> tests/setup_user_test:setup_user_interactive_no
Result:     broken: Premature exit; test case exited with code 1
Start time: 2025-07-09T01:57:11.066082Z
End time:   2025-07-09T01:57:11.130639Z
Duration:   0.065s

Metadata:
    allowed_architectures is empty
    allowed_platforms is empty
    description is empty
    has_cleanup = false
    is_exclusive = false
    required_configs is empty
    required_disk_space = 0
    required_files is empty
    required_memory = 0
    required_programs is empty
    required_user is empty
    timeout = 300

Standard error:
setup_user_test: ERROR: Cannot provide test case names with -l
setup_user_test: See atf-test-program(1) for usage details.
===> tests/setup_user_test:setup_user_interactive_singlename
Result:     broken: Premature exit; test case exited with code 1
Start time: 2025-07-09T01:57:11.067231Z
End time:   2025-07-09T01:57:11.131259Z
Duration:   0.064s

Metadata:
    allowed_architectures is empty
    allowed_platforms is empty
    description is empty
    has_cleanup = false
    is_exclusive = false
    required_configs is empty
    required_disk_space = 0
    required_files is empty
    required_memory = 0
    required_programs is empty
    required_user is empty
    timeout = 300

Standard error:
setup_user_test: ERROR: Cannot provide test case names with -l
setup_user_test: See atf-test-program(1) for usage details.
===> tests/setup_user_test:setup_user_interactive_suggest_ssh
Result:     broken: Premature exit; test case exited with code 1
Start time: 2025-07-09T01:57:11.068377Z
End time:   2025-07-09T01:57:11.131855Z
Duration:   0.063s

Metadata:
    allowed_architectures is empty
    allowed_platforms is empty
    description is empty
    has_cleanup = false
    is_exclusive = false
    required_configs is empty
    required_disk_space = 0
    required_files is empty
    required_memory = 0
    required_programs is empty
    required_user is empty
    timeout = 300

Standard error:
setup_user_test: ERROR: Cannot provide test case names with -l
setup_user_test: See atf-test-program(1) for usage details.
===> tests/setup_user_test:setup_user_keys_opt
Result:     broken: Premature exit; test case exited with code 1
Start time: 2025-07-09T01:57:11.069505Z
End time:   2025-07-09T01:57:11.132443Z
Duration:   0.063s

Metadata:
    allowed_architectures is empty
    allowed_platforms is empty
    description is empty
    has_cleanup = false
    is_exclusive = false
    required_configs is empty
    required_disk_space = 0
    required_files is empty
    required_memory = 0
    required_programs is empty
    required_user is empty
    timeout = 300

Standard error:
setup_user_test: ERROR: Cannot provide test case names with -l
setup_user_test: See atf-test-program(1) for usage details.
===> tests/setup_user_test:setup_user_none
Result:     broken: Premature exit; test case exited with code 1
Start time: 2025-07-09T01:57:11.070717Z
End time:   2025-07-09T01:57:11.133013Z
Duration:   0.062s

Metadata:
    allowed_architectures is empty
    allowed_platforms is empty
    description is empty
    has_cleanup = false
    is_exclusive = false
    required_configs is empty
    required_disk_space = 0
    required_files is empty
    required_memory = 0
    required_programs is empty
    required_user is empty
    timeout = 300

Standard error:
setup_user_test: ERROR: Cannot provide test case names with -l
setup_user_test: See atf-test-program(1) for usage details.
===> tests/setup_user_test:setup_user_unlock
Result:     broken: Premature exit; test case exited with code 1
Start time: 2025-07-09T01:57:11.071818Z
End time:   2025-07-09T01:57:11.133279Z
Duration:   0.061s

Metadata:
    allowed_architectures is empty
    allowed_platforms is empty
    description is empty
    has_cleanup = false
    is_exclusive = false
    required_configs is empty
    required_disk_space = 0
    required_files is empty
    required_memory = 0
    required_programs is empty
    required_user is empty
    timeout = 300

Standard error:
setup_user_test: ERROR: Cannot provide test case names with -l
setup_user_test: See atf-test-program(1) for usage details.
===> tests/setup_user_test:setup_user_usage
Result:     broken: Premature exit; test case exited with code 1
Start time: 2025-07-09T01:57:11.072935Z
End time:   2025-07-09T01:57:11.133474Z
Duration:   0.061s

Metadata:
    allowed_architectures is empty
    allowed_platforms is empty
    description is empty
    has_cleanup = false
    is_exclusive = false
    required_configs is empty
    required_disk_space = 0
    required_files is empty
    required_memory = 0
    required_programs is empty
    required_user is empty
    timeout = 300

Standard error:
setup_user_test: ERROR: Cannot provide test case names with -l
setup_user_test: See atf-test-program(1) for usage details.
===> tests/setup_wayland_base_test:setup_wayland_base
Result:     broken: Premature exit; test case exited with code 1
Start time: 2025-07-09T01:57:11.085211Z
End time:   2025-07-09T01:57:11.133677Z
Duration:   0.048s

Metadata:
    allowed_architectures is empty
    allowed_platforms is empty
    description is empty
    has_cleanup = false
    is_exclusive = false
    required_configs is empty
    required_disk_space = 0
    required_files is empty
    required_memory = 0
    required_programs is empty
    required_user is empty
    timeout = 300

Standard error:
setup_wayland_base_test: ERROR: Cannot provide test case names with -l
setup_wayland_base_test: See atf-test-program(1) for usage details.
===> tests/setup_wayland_base_test:setup_wayland_base_community_duplicates
Result:     broken: Premature exit; test case exited with code 1
Start time: 2025-07-09T01:57:11.086449Z
End time:   2025-07-09T01:57:11.133890Z
Duration:   0.047s

Metadata:
    allowed_architectures is empty
    allowed_platforms is empty
    description is empty
    has_cleanup = false
    is_exclusive = false
    required_configs is empty
    required_disk_space = 0
    required_files is empty
    required_memory = 0
    required_programs is empty
    required_user is empty
    timeout = 300

Standard error:
setup_wayland_base_test: ERROR: Cannot provide test case names with -l
setup_wayland_base_test: See atf-test-program(1) for usage details.
===> tests/setup_wayland_base_test:setup_wayland_base_usage
Result:     broken: Premature exit; test case exited with code 1
Start time: 2025-07-09T01:57:11.087518Z
End time:   2025-07-09T01:57:11.134078Z
Duration:   0.047s

Metadata:
    allowed_architectures is empty
    allowed_platforms is empty
    description is empty
    has_cleanup = false
    is_exclusive = false
    required_configs is empty
    required_disk_space = 0
    required_files is empty
    required_memory = 0
    required_programs is empty
    required_user is empty
    timeout = 300

Standard error:
setup_wayland_base_test: ERROR: Cannot provide test case names with -l
setup_wayland_base_test: See atf-test-program(1) for usage details.
===> tests/setup_xen_dom0_test:setup_xen_dom0
Result:     broken: Premature exit; test case exited with code 1
Start time: 2025-07-09T01:57:11.096412Z
End time:   2025-07-09T01:57:11.134258Z
Duration:   0.038s

Metadata:
    allowed_architectures is empty
    allowed_platforms is empty
    description is empty
    has_cleanup = false
    is_exclusive = false
    required_configs is empty
    required_disk_space = 0
    required_files is empty
    required_memory = 0
    required_programs is empty
    required_user is empty
    timeout = 300

Standard error:
setup_xen_dom0_test: ERROR: Cannot provide test case names with -l
setup_xen_dom0_test: See atf-test-program(1) for usage details.
===> tests/setup_xorg_base_test:setup_xorg_base
Result:     broken: Premature exit; test case exited with code 1
Start time: 2025-07-09T01:57:11.107148Z
End time:   2025-07-09T01:57:11.134434Z
Duration:   0.027s

Metadata:
    allowed_architectures is empty
    allowed_platforms is empty
    description is empty
    has_cleanup = false
    is_exclusive = false
    required_configs is empty
    required_disk_space = 0
    required_files is empty
    required_memory = 0
    required_programs is empty
    required_user is empty
    timeout = 300

Standard error:
setup_xorg_base_test: ERROR: Cannot provide test case names with -l
setup_xorg_base_test: See atf-test-program(1) for usage details.
===> tests/setup_xorg_base_test:setup_xorg_base_community_duplicates
Result:     broken: Premature exit; test case exited with code 1
Start time: 2025-07-09T01:57:11.107793Z
End time:   2025-07-09T01:57:11.134608Z
Duration:   0.027s

Metadata:
    allowed_architectures is empty
    allowed_platforms is empty
    description is empty
    has_cleanup = false
    is_exclusive = false
    required_configs is empty
    required_disk_space = 0
    required_files is empty
    required_memory = 0
    required_programs is empty
    required_user is empty
    timeout = 300

Standard error:
setup_xorg_base_test: ERROR: Cannot provide test case names with -l
setup_xorg_base_test: See atf-test-program(1) for usage details.
===> tests/setup_xorg_base_test:setup_xorg_base_usage
Result:     broken: Premature exit; test case exited with code 1
Start time: 2025-07-09T01:57:11.108461Z
End time:   2025-07-09T01:57:11.134795Z
Duration:   0.026s

Metadata:
    allowed_architectures is empty
    allowed_platforms is empty
    description is empty
    has_cleanup = false
    is_exclusive = false
    required_configs is empty
    required_disk_space = 0
    required_files is empty
    required_memory = 0
    required_programs is empty
    required_user is empty
    timeout = 300

Standard error:
setup_xorg_base_test: ERROR: Cannot provide test case names with -l
setup_xorg_base_test: See atf-test-program(1) for usage details.
===> tests/update_conf_test:update_conf_usage
Result:     broken: Premature exit; test case exited with code 1
Start time: 2025-07-09T01:57:11.117371Z
End time:   2025-07-09T01:57:11.134973Z
Duration:   0.018s

Metadata:
    allowed_architectures is empty
    allowed_platforms is empty
    description is empty
    has_cleanup = false
    is_exclusive = false
    required_configs is empty
    required_disk_space = 0
    required_files is empty
    required_memory = 0
    required_programs is empty
    required_user is empty
    timeout = 300

Standard error:
update_conf_test: ERROR: Cannot provide test case names with -l
update_conf_test: See atf-test-program(1) for usage details.
===> tests/update_kernel_test:update_kernel_arch
Result:     broken: Premature exit; test case exited with code 1
Start time: 2025-07-09T01:57:11.130546Z
End time:   2025-07-09T01:57:11.137558Z
Duration:   0.007s

Metadata:
    allowed_architectures is empty
    allowed_platforms is empty
    description is empty
    has_cleanup = false
    is_exclusive = false
    required_configs is empty
    required_disk_space = 0
    required_files is empty
    required_memory = 0
    required_programs is empty
    required_user is empty
    timeout = 300

Standard error:
update_kernel_test: ERROR: Cannot provide test case names with -l
update_kernel_test: See atf-test-program(1) for usage details.
===> tests/update_kernel_test:update_kernel_builddir_and_flavor
Result:     broken: Premature exit; test case exited with code 1
Start time: 2025-07-09T01:57:11.131169Z
End time:   2025-07-09T01:57:11.138365Z
Duration:   0.007s

Metadata:
    allowed_architectures is empty
    allowed_platforms is empty
    description is empty
    has_cleanup = false
    is_exclusive = false
    required_configs is empty
    required_disk_space = 0
    required_files is empty
    required_memory = 0
    required_programs is empty
    required_user is empty
    timeout = 300

Standard error:
update_kernel_test: ERROR: Cannot provide test case names with -l
update_kernel_test: See atf-test-program(1) for usage details.
===> tests/update_kernel_test:update_kernel_firmware
Result:     broken: Premature exit; test case exited with code 1
Start time: 2025-07-09T01:57:11.131771Z
End time:   2025-07-09T01:57:11.138947Z
Duration:   0.007s

Metadata:
    allowed_architectures is empty
    allowed_platforms is empty
    description is empty
    has_cleanup = false
    is_exclusive = false
    required_configs is empty
    required_disk_space = 0
    required_files is empty
    required_memory = 0
    required_programs is empty
    required_user is empty
    timeout = 300

Standard error:
update_kernel_test: ERROR: Cannot provide test case names with -l
update_kernel_test: See atf-test-program(1) for usage details.
===> tests/update_kernel_test:update_kernel_flavor
Result:     broken: Premature exit; test case exited with code 1
Start time: 2025-07-09T01:57:11.132364Z
End time:   2025-07-09T01:57:11.139353Z
Duration:   0.007s

Metadata:
    allowed_architectures is empty
    allowed_platforms is empty
    description is empty
    has_cleanup = false
    is_exclusive = false
    required_configs is empty
    required_disk_space = 0
    required_files is empty
    required_memory = 0
    required_programs is empty
    required_user is empty
    timeout = 300

Standard error:
update_kernel_test: ERROR: Cannot provide test case names with -l
update_kernel_test: See atf-test-program(1) for usage details.
===> tests/update_kernel_test:update_kernel_usage
Result:     broken: Premature exit; test case exited with code 1
Start time: 2025-07-09T01:57:11.132925Z
End time:   2025-07-09T01:57:11.139956Z
Duration:   0.007s

Metadata:
    allowed_architectures is empty
    allowed_platforms is empty
    description is empty
    has_cleanup = false
    is_exclusive = false
    required_configs is empty
    required_disk_space = 0
    required_files is empty
    required_memory = 0
    required_programs is empty
    required_user is empty
    timeout = 300

Standard error:
update_kernel_test: ERROR: Cannot provide test case names with -l
update_kernel_test: See atf-test-program(1) for usage details.
===> Broken tests
tests/copy_modloop_test:copy_modloop_usage  ->  broken: Premature exit; test case exited with code 1  [0.057s]
tests/fake_adduser_test:fake_adduser_failure  ->  broken: Premature exit; test case exited with code 1  [0.048s]
tests/fake_adduser_test:fake_adduser_usage  ->  broken: Premature exit; test case exited with code 1  [0.048s]
tests/fake_apk_test:fake_apk_add  ->  broken: Premature exit; test case exited with code 1  [0.040s]
tests/fake_modinfo_test:fake_modinfo  ->  broken: Premature exit; test case exited with code 1  [0.033s]
tests/fake_rc_service_test:rc_service_already_started  ->  broken: Premature exit; test case exited with code 1  [0.024s]
tests/fake_rc_service_test:rc_service_already_stopped  ->  broken: Premature exit; test case exited with code 1  [0.008s]
tests/fake_rc_service_test:rc_service_exists  ->  broken: Premature exit; test case exited with code 1  [0.009s]
tests/fake_rc_service_test:rc_service_ifstarted_start  ->  broken: Premature exit; test case exited with code 1  [0.024s]
tests/fake_rc_service_test:rc_service_ifstarted_stop  ->  broken: Premature exit; test case exited with code 1  [0.024s]
tests/fake_rc_service_test:rc_service_ifstopped_start  ->  broken: Premature exit; test case exited with code 1  [0.025s]
tests/fake_rc_service_test:rc_service_ifstopped_stop  ->  broken: Premature exit; test case exited with code 1  [0.025s]
tests/fake_rc_service_test:rc_service_not_exists  ->  broken: Premature exit; test case exited with code 1  [0.025s]
tests/fake_rc_service_test:rc_service_restart_started  ->  broken: Premature exit; test case exited with code 1  [0.044s]
tests/fake_rc_service_test:rc_service_restart_stopped  ->  broken: Premature exit; test case exited with code 1  [0.044s]
tests/fake_rc_service_test:rc_service_start  ->  broken: Premature exit; test case exited with code 1  [0.044s]
tests/fake_rc_service_test:rc_service_start_quiet  ->  broken: Premature exit; test case exited with code 1  [0.044s]
tests/fake_rc_service_test:rc_service_status_started  ->  broken: Premature exit; test case exited with code 1  [0.045s]
tests/fake_rc_service_test:rc_service_status_stopped  ->  broken: Premature exit; test case exited with code 1  [0.045s]
tests/fake_rc_service_test:rc_service_stop  ->  broken: Premature exit; test case exited with code 1  [0.045s]
tests/fake_rc_service_test:rc_service_stop_quiet  ->  broken: Premature exit; test case exited with code 1  [0.045s]
tests/fake_rc_service_test:rc_service_usage  ->  broken: Premature exit; test case exited with code 1  [0.042s]
tests/fake_rc_update_test:rc_update_add  ->  broken: Premature exit; test case exited with code 1  [0.028s]
tests/fake_rc_update_test:rc_update_add_quiet  ->  broken: Premature exit; test case exited with code 1  [0.062s]
tests/fake_rc_update_test:rc_update_del  ->  broken: Premature exit; test case exited with code 1  [0.063s]
tests/fake_rc_update_test:rc_update_del_quiet  ->  broken: Premature exit; test case exited with code 1  [0.063s]
tests/fake_rc_update_test:rc_update_runlevel  ->  broken: Premature exit; test case exited with code 1  [0.064s]
tests/fake_rc_update_test:rc_update_usage  ->  broken: Premature exit; test case exited with code 1  [0.064s]
tests/fake_wget_test:fake_wget  ->  broken: Premature exit; test case exited with code 1  [0.046s]
tests/fake_wget_test:fake_wget_404  ->  broken: Premature exit; test case exited with code 1  [0.047s]
tests/fake_wget_test:fake_wget_empty_url  ->  broken: Premature exit; test case exited with code 1  [0.047s]
tests/fake_wget_test:fake_wget_fail  ->  broken: Premature exit; test case exited with code 1  [0.048s]
tests/fake_wget_test:fake_wget_missing_url  ->  broken: Premature exit; test case exited with code 1  [0.048s]
tests/fake_wget_test:fake_wget_outfile  ->  broken: Premature exit; test case exited with code 1  [0.049s]
tests/fake_wget_test:fake_wget_quiet  ->  broken: Premature exit; test case exited with code 1  [0.049s]
tests/fake_wget_test:fake_wget_spider  ->  broken: Premature exit; test case exited with code 1  [0.050s]
tests/fake_wget_test:fake_wget_stdout  ->  broken: Premature exit; test case exited with code 1  [0.050s]
tests/fake_wget_test:fake_wget_usage  ->  broken: Premature exit; test case exited with code 1  [0.051s]
tests/lbu_test:lbu_add_delete  ->  broken: Premature exit; test case exited with code 1  [0.017s]
tests/lbu_test:lbu_add_usage  ->  broken: Premature exit; test case exited with code 1  [0.017s]
tests/lbu_test:lbu_ci_usage  ->  broken: Premature exit; test case exited with code 1  [0.017s]
tests/lbu_test:lbu_commit_usage  ->  broken: Premature exit; test case exited with code 1  [0.017s]
tests/lbu_test:lbu_delete_usage  ->  broken: Premature exit; test case exited with code 1  [0.017s]
tests/lbu_test:lbu_diff_usage  ->  broken: Premature exit; test case exited with code 1  [0.017s]
tests/lbu_test:lbu_ex_usage  ->  broken: Premature exit; test case exited with code 1  [0.017s]
tests/lbu_test:lbu_exclude_usage  ->  broken: Premature exit; test case exited with code 1  [0.016s]
tests/lbu_test:lbu_inc_usage  ->  broken: Premature exit; test case exited with code 1  [0.016s]
tests/lbu_test:lbu_include_usage  ->  broken: Premature exit; test case exited with code 1  [0.032s]
tests/lbu_test:lbu_lb_usage  ->  broken: Premature exit; test case exited with code 1  [0.032s]
tests/lbu_test:lbu_list_backup_usage  ->  broken: Premature exit; test case exited with code 1  [0.031s]
tests/lbu_test:lbu_list_usage  ->  broken: Premature exit; test case exited with code 1  [0.031s]
tests/lbu_test:lbu_ls_usage  ->  broken: Premature exit; test case exited with code 1  [0.030s]
tests/lbu_test:lbu_package  ->  broken: Premature exit; test case exited with code 1  [0.038s]
tests/lbu_test:lbu_package_encrypted  ->  broken: Premature exit; test case exited with code 1  [0.055s]
tests/lbu_test:lbu_package_pre_post_hooks  ->  broken: Premature exit; test case exited with code 1  [0.055s]
tests/lbu_test:lbu_package_usage  ->  broken: Premature exit; test case exited with code 1  [0.054s]
tests/lbu_test:lbu_pkg_usage  ->  broken: Premature exit; test case exited with code 1  [0.054s]
tests/lbu_test:lbu_revert_usage  ->  broken: Premature exit; test case exited with code 1  [0.053s]
tests/lbu_test:lbu_st_usage  ->  broken: Premature exit; test case exited with code 1  [0.053s]
tests/lbu_test:lbu_stat_usage  ->  broken: Premature exit; test case exited with code 1  [0.053s]
tests/lbu_test:lbu_status_usage  ->  broken: Premature exit; test case exited with code 1  [0.052s]
tests/lbu_test:lbu_usage  ->  broken: Premature exit; test case exited with code 1  [0.068s]
tests/libalpine_test:libalpine_askpass  ->  broken: Premature exit; test case exited with code 1  [0.051s]
tests/libalpine_test:libalpine_available_ifaces  ->  broken: Premature exit; test case exited with code 1  [0.051s]
tests/libalpine_test:libalpine_available_ifaces_bond  ->  broken: Premature exit; test case exited with code 1  [0.051s]
tests/libalpine_test:libalpine_available_ifaces_bridge  ->  broken: Premature exit; test case exited with code 1  [0.070s]
tests/libalpine_test:libalpine_isin  ->  broken: Premature exit; test case exited with code 1  [0.070s]
tests/setup_acf_test:setup_acf_usage  ->  broken: Premature exit; test case exited with code 1  [0.062s]
tests/setup_alpine_test:setup_alpine_answerfile_apkcache  ->  broken: Premature exit; test case exited with code 1  [0.045s]
tests/setup_alpine_test:setup_alpine_answerfile_network  ->  broken: Premature exit; test case exited with code 1  [0.044s]
tests/setup_alpine_test:setup_alpine_answerfile_none  ->  broken: Premature exit; test case exited with code 1  [0.044s]
tests/setup_alpine_test:setup_alpine_create_answerfile  ->  broken: Premature exit; test case exited with code 1  [0.044s]
tests/setup_alpine_test:setup_alpine_kvm_clock  ->  broken: Premature exit; test case exited with code 1  [0.044s]
tests/setup_alpine_test:setup_alpine_quick  ->  broken: Premature exit; test case exited with code 1  [0.044s]
tests/setup_alpine_test:setup_alpine_restart_network  ->  broken: Premature exit; test case exited with code 1  [0.044s]
tests/setup_alpine_test:setup_alpine_usage  ->  broken: Premature exit; test case exited with code 1  [0.044s]
tests/setup_apkcache_test:setup_apkcache_abspath  ->  broken: Premature exit; test case exited with code 1  [0.028s]
tests/setup_apkcache_test:setup_apkcache_none  ->  broken: Premature exit; test case exited with code 1  [0.045s]
tests/setup_apkcache_test:setup_apkcache_relpath_with_slash  ->  broken: Premature exit; test case exited with code 1  [0.045s]
tests/setup_apkcache_test:setup_apkcache_usage  ->  broken: Premature exit; test case exited with code 1  [0.045s]
tests/setup_apkrepos_test:setup_apkrepos_add_community  ->  broken: Premature exit; test case exited with code 1  [0.026s]
tests/setup_apkrepos_test:setup_apkrepos_alpine_edge  ->  broken: Premature exit; test case exited with code 1  [0.026s]
tests/setup_apkrepos_test:setup_apkrepos_alpine_stable  ->  broken: Premature exit; test case exited with code 1  [0.026s]
tests/setup_apkrepos_test:setup_apkrepos_alpine_stable_preconfigured  ->  broken: Premature exit; test case exited with code 1  [0.026s]
tests/setup_apkrepos_test:setup_apkrepos_exclusive_opts  ->  broken: Premature exit; test case exited with code 1  [0.038s]
tests/setup_apkrepos_test:setup_apkrepos_fastest  ->  broken: Premature exit; test case exited with code 1  [0.038s]
tests/setup_apkrepos_test:setup_apkrepos_first  ->  broken: Premature exit; test case exited with code 1  [0.038s]
tests/setup_apkrepos_test:setup_apkrepos_https  ->  broken: Premature exit; test case exited with code 1  [0.039s]
tests/setup_apkrepos_test:setup_apkrepos_interactive  ->  broken: Premature exit; test case exited with code 1  [0.067s]
tests/setup_apkrepos_test:setup_apkrepos_network_failure  ->  broken: Premature exit; test case exited with code 1  [0.067s]
tests/setup_apkrepos_test:setup_apkrepos_random  ->  broken: Premature exit; test case exited with code 1  [0.067s]
tests/setup_apkrepos_test:setup_apkrepos_usage  ->  broken: Premature exit; test case exited with code 1  [0.067s]
tests/setup_desktop_test:setup_desktop_gnome  ->  broken: Premature exit; test case exited with code 1  [0.051s]
tests/setup_desktop_test:setup_desktop_mate  ->  broken: Premature exit; test case exited with code 1  [0.051s]
tests/setup_desktop_test:setup_desktop_plasma  ->  broken: Premature exit; test case exited with code 1  [0.051s]
tests/setup_desktop_test:setup_desktop_sway  ->  broken: Premature exit; test case exited with code 1  [0.051s]
tests/setup_desktop_test:setup_desktop_unsupported  ->  broken: Premature exit; test case exited with code 1  [0.051s]
tests/setup_desktop_test:setup_desktop_usage  ->  broken: Premature exit; test case exited with code 1  [0.051s]
tests/setup_desktop_test:setup_desktop_xfce  ->  broken: Premature exit; test case exited with code 1  [0.051s]
tests/setup_devd_test:setup_devd_mdev  ->  broken: Premature exit; test case exited with code 1  [0.039s]
tests/setup_devd_test:setup_devd_mdevd  ->  broken: Premature exit; test case exited with code 1  [0.039s]
tests/setup_devd_test:setup_devd_udev  ->  broken: Premature exit; test case exited with code 1  [0.039s]
tests/setup_devd_test:setup_devd_usage  ->  broken: Premature exit; test case exited with code 1  [0.038s]
tests/setup_disk_test:setup_disk_func_find_disks  ->  broken: Premature exit; test case exited with code 1  [0.010s]
tests/setup_disk_test:setup_disk_func_find_efi_size  ->  broken: Premature exit; test case exited with code 1  [0.022s]
tests/setup_disk_test:setup_disk_func_find_efi_size_multi  ->  broken: Premature exit; test case exited with code 1  [0.022s]
tests/setup_disk_test:setup_disk_func_setup_partitions_dos  ->  broken: Premature exit; test case exited with code 1  [0.022s]
tests/setup_disk_test:setup_disk_func_setup_partitions_gpt  ->  broken: Premature exit; test case exited with code 1  [0.034s]
tests/setup_disk_test:setup_disk_func_uuid_or_device  ->  broken: Premature exit; test case exited with code 1  [0.034s]
tests/setup_disk_test:setup_disk_install_mounted_root_bootloader_none  ->  broken: Premature exit; test case exited with code 1  [0.066s]
tests/setup_disk_test:setup_disk_install_mounted_root_efi  ->  broken: Premature exit; test case exited with code 1  [0.066s]
tests/setup_disk_test:setup_disk_install_mounted_root_efi_boot  ->  broken: Premature exit; test case exited with code 1  [0.066s]
tests/setup_disk_test:setup_disk_install_mounted_root_nvme  ->  broken: Premature exit; test case exited with code 1  [0.066s]
tests/setup_disk_test:setup_disk_install_mounted_root_zfs  ->  broken: Premature exit; test case exited with code 1  [0.066s]
tests/setup_disk_test:setup_disk_mode_none  ->  broken: Premature exit; test case exited with code 1  [0.066s]
tests/setup_disk_test:setup_disk_non_existing_block_dev  ->  broken: Premature exit; test case exited with code 1  [0.066s]
tests/setup_disk_test:setup_disk_none  ->  broken: Premature exit; test case exited with code 1  [0.066s]
tests/setup_disk_test:setup_disk_sys  ->  broken: Premature exit; test case exited with code 1  [0.066s]
tests/setup_disk_test:setup_disk_usage  ->  broken: Premature exit; test case exited with code 1  [0.065s]
tests/setup_dns_test:setup_dns_domain  ->  broken: Premature exit; test case exited with code 1  [0.054s]
tests/setup_dns_test:setup_dns_ip  ->  broken: Premature exit; test case exited with code 1  [0.054s]
tests/setup_dns_test:setup_dns_usage  ->  broken: Premature exit; test case exited with code 1  [0.054s]
tests/setup_hostname_test:setup_hostname_invalid_hostname  ->  broken: Premature exit; test case exited with code 1  [0.041s]
tests/setup_hostname_test:setup_hostname_usage  ->  broken: Premature exit; test case exited with code 1  [0.041s]
tests/setup_interfaces_test:setup_interfaces_auto_first  ->  broken: Premature exit; test case exited with code 1  [0.013s]
tests/setup_interfaces_test:setup_interfaces_auto_none  ->  broken: Premature exit; test case exited with code 1  [0.027s]
tests/setup_interfaces_test:setup_interfaces_auto_restart  ->  broken: Premature exit; test case exited with code 1  [0.009s]
tests/setup_interfaces_test:setup_interfaces_auto_single  ->  broken: Premature exit; test case exited with code 1  [0.027s]
tests/setup_interfaces_test:setup_interfaces_auto_up  ->  broken: Premature exit; test case exited with code 1  [0.009s]
tests/setup_interfaces_test:setup_interfaces_interactive_bond0  ->  broken: Premature exit; test case exited with code 1  [0.041s]
tests/setup_interfaces_test:setup_interfaces_interactive_br0  ->  broken: Premature exit; test case exited with code 1  [0.041s]
tests/setup_interfaces_test:setup_interfaces_interactive_dhcp  ->  broken: Premature exit; test case exited with code 1  [0.041s]
tests/setup_interfaces_test:setup_interfaces_interactive_none  ->  broken: Premature exit; test case exited with code 1  [0.053s]
tests/setup_interfaces_test:setup_interfaces_interactive_ssid_list  ->  broken: Premature exit; test case exited with code 1  [0.053s]
tests/setup_interfaces_test:setup_interfaces_interactive_vlan  ->  broken: Premature exit; test case exited with code 1  [0.069s]
tests/setup_interfaces_test:setup_interfaces_interactive_vlan0_ng  ->  broken: Premature exit; test case exited with code 1  [0.069s]
tests/setup_interfaces_test:setup_interfaces_interactive_vlan_ng  ->  broken: Premature exit; test case exited with code 1  [0.069s]
tests/setup_interfaces_test:setup_interfaces_interactive_wlan0_open  ->  broken: Premature exit; test case exited with code 1  [0.069s]
tests/setup_interfaces_test:setup_interfaces_interactive_wlan0_psk  ->  broken: Premature exit; test case exited with code 1  [0.069s]
tests/setup_interfaces_test:setup_interfaces_interactive_wlan0_psk_by_index  ->  broken: Premature exit; test case exited with code 1  [0.069s]
tests/setup_interfaces_test:setup_interfaces_none  ->  broken: Premature exit; test case exited with code 1  [0.069s]
tests/setup_interfaces_test:setup_interfaces_usage  ->  broken: Premature exit; test case exited with code 1  [0.067s]
tests/setup_keymap_test:setup_keymap_none  ->  broken: Premature exit; test case exited with code 1  [0.069s]
tests/setup_keymap_test:setup_keymap_usage  ->  broken: Premature exit; test case exited with code 1  [0.069s]
tests/setup_lbu_test:setup_lbu_label  ->  broken: Premature exit; test case exited with code 1  [0.054s]
tests/setup_lbu_test:setup_lbu_usage  ->  broken: Premature exit; test case exited with code 1  [0.054s]
tests/setup_lbu_test:setup_lbu_uuid  ->  broken: Premature exit; test case exited with code 1  [0.081s]
tests/setup_mta_test:setup_mta  ->  broken: Premature exit; test case exited with code 1  [0.070s]
tests/setup_mta_test:setup_mta_usage  ->  broken: Premature exit; test case exited with code 1  [0.070s]
tests/setup_ntp_test:setup_ntp_busybox  ->  broken: Premature exit; test case exited with code 1  [0.054s]
tests/setup_ntp_test:setup_ntp_chrony  ->  broken: Premature exit; test case exited with code 1  [0.055s]
tests/setup_ntp_test:setup_ntp_interactive_datetime  ->  broken: Premature exit; test case exited with code 1  [0.055s]
tests/setup_ntp_test:setup_ntp_invalid  ->  broken: Premature exit; test case exited with code 1  [0.056s]
tests/setup_ntp_test:setup_ntp_none  ->  broken: Premature exit; test case exited with code 1  [0.056s]
tests/setup_ntp_test:setup_ntp_none_backwards_compat  ->  broken: Premature exit; test case exited with code 1  [0.057s]
tests/setup_ntp_test:setup_ntp_openntpd  ->  broken: Premature exit; test case exited with code 1  [0.058s]
tests/setup_ntp_test:setup_ntp_usage  ->  broken: Premature exit; test case exited with code 1  [0.058s]
tests/setup_proxy_test:setup_proxy_interactive_none  ->  broken: Premature exit; test case exited with code 1  [0.042s]
tests/setup_proxy_test:setup_proxy_none  ->  broken: Premature exit; test case exited with code 1  [0.058s]
tests/setup_proxy_test:setup_proxy_url  ->  broken: Premature exit; test case exited with code 1  [0.059s]
tests/setup_proxy_test:setup_proxy_usage  ->  broken: Premature exit; test case exited with code 1  [0.059s]
tests/setup_sshd_test:setup_sshd_dropbear  ->  broken: Premature exit; test case exited with code 1  [0.033s]
tests/setup_sshd_test:setup_sshd_empty  ->  broken: Premature exit; test case exited with code 1  [0.033s]
tests/setup_sshd_test:setup_sshd_interactive_openssh_direct_key  ->  broken: Premature exit; test case exited with code 1  [0.033s]
tests/setup_sshd_test:setup_sshd_interactive_openssh_nokey  ->  broken: Premature exit; test case exited with code 1  [0.033s]
tests/setup_sshd_test:setup_sshd_interactive_openssh_nologin  ->  broken: Premature exit; test case exited with code 1  [0.061s]
tests/setup_sshd_test:setup_sshd_interactive_openssh_prohibitpass  ->  broken: Premature exit; test case exited with code 1  [0.061s]
tests/setup_sshd_test:setup_sshd_interactive_openssh_user_exist  ->  broken: Premature exit; test case exited with code 1  [0.060s]
tests/setup_sshd_test:setup_sshd_openssh_c_compat  ->  broken: Premature exit; test case exited with code 1  [0.060s]
tests/setup_sshd_test:setup_sshd_openssh_ftp  ->  broken: Premature exit; test case exited with code 1  [0.060s]
tests/setup_sshd_test:setup_sshd_openssh_https  ->  broken: Premature exit; test case exited with code 1  [0.060s]
tests/setup_sshd_test:setup_sshd_openssh_ssh_key  ->  broken: Premature exit; test case exited with code 1  [0.060s]
tests/setup_sshd_test:setup_sshd_usage  ->  broken: Premature exit; test case exited with code 1  [0.060s]
tests/setup_timezone_test:setup_timezone_SIGINT  ->  broken: Premature exit; test case exited with code 1  [0.044s]
tests/setup_timezone_test:setup_timezone_copy  ->  broken: Premature exit; test case exited with code 1  [0.044s]
tests/setup_timezone_test:setup_timezone_install  ->  broken: Premature exit; test case exited with code 1  [0.044s]
tests/setup_timezone_test:setup_timezone_interactive  ->  broken: Premature exit; test case exited with code 1  [0.045s]
tests/setup_timezone_test:setup_timezone_none  ->  broken: Premature exit; test case exited with code 1  [0.045s]
tests/setup_timezone_test:setup_timezone_usage  ->  broken: Premature exit; test case exited with code 1  [0.045s]
tests/setup_timezone_test:setup_timezone_z_compat  ->  broken: Premature exit; test case exited with code 1  [0.056s]
tests/setup_user_test:setup_user_admin  ->  broken: Premature exit; test case exited with code 1  [0.028s]
tests/setup_user_test:setup_user_fullname  ->  broken: Premature exit; test case exited with code 1  [0.028s]
tests/setup_user_test:setup_user_groups_commas  ->  broken: Premature exit; test case exited with code 1  [0.036s]
tests/setup_user_test:setup_user_groups_spaces  ->  broken: Premature exit; test case exited with code 1  [0.045s]
tests/setup_user_test:setup_user_interactive  ->  broken: Premature exit; test case exited with code 1  [0.045s]
tests/setup_user_test:setup_user_interactive_fullname  ->  broken: Premature exit; test case exited with code 1  [0.045s]
tests/setup_user_test:setup_user_interactive_fullname_existing  ->  broken: Premature exit; test case exited with code 1  [0.053s]
tests/setup_user_test:setup_user_interactive_no  ->  broken: Premature exit; test case exited with code 1  [0.065s]
tests/setup_user_test:setup_user_interactive_singlename  ->  broken: Premature exit; test case exited with code 1  [0.064s]
tests/setup_user_test:setup_user_interactive_suggest_ssh  ->  broken: Premature exit; test case exited with code 1  [0.063s]
tests/setup_user_test:setup_user_keys_opt  ->  broken: Premature exit; test case exited with code 1  [0.063s]
tests/setup_user_test:setup_user_none  ->  broken: Premature exit; test case exited with code 1  [0.062s]
tests/setup_user_test:setup_user_unlock  ->  broken: Premature exit; test case exited with code 1  [0.061s]
tests/setup_user_test:setup_user_usage  ->  broken: Premature exit; test case exited with code 1  [0.061s]
tests/setup_wayland_base_test:setup_wayland_base  ->  broken: Premature exit; test case exited with code 1  [0.048s]
tests/setup_wayland_base_test:setup_wayland_base_community_duplicates  ->  broken: Premature exit; test case exited with code 1  [0.047s]
tests/setup_wayland_base_test:setup_wayland_base_usage  ->  broken: Premature exit; test case exited with code 1  [0.047s]
tests/setup_xen_dom0_test:setup_xen_dom0  ->  broken: Premature exit; test case exited with code 1  [0.038s]
tests/setup_xorg_base_test:setup_xorg_base  ->  broken: Premature exit; test case exited with code 1  [0.027s]
tests/setup_xorg_base_test:setup_xorg_base_community_duplicates  ->  broken: Premature exit; test case exited with code 1  [0.027s]
tests/setup_xorg_base_test:setup_xorg_base_usage  ->  broken: Premature exit; test case exited with code 1  [0.026s]
tests/update_conf_test:update_conf_usage  ->  broken: Premature exit; test case exited with code 1  [0.018s]
tests/update_kernel_test:update_kernel_arch  ->  broken: Premature exit; test case exited with code 1  [0.007s]
tests/update_kernel_test:update_kernel_builddir_and_flavor  ->  broken: Premature exit; test case exited with code 1  [0.007s]
tests/update_kernel_test:update_kernel_firmware  ->  broken: Premature exit; test case exited with code 1  [0.007s]
tests/update_kernel_test:update_kernel_flavor  ->  broken: Premature exit; test case exited with code 1  [0.007s]
tests/update_kernel_test:update_kernel_usage  ->  broken: Premature exit; test case exited with code 1  [0.007s]
===> Summary
Results read from /home/packager/.kyua/store/results.tmp_src_alpine-conf-3.19.2.20250709-015710-455351.db
Test cases: 207 total, 0 skipped, 0 expected failures, 207 broken, 0 failed
Start time: 2025-07-09T01:57:10.471054Z
End time:   2025-07-09T01:57:11.139956Z
Total time: 9.380s
make: *** [Makefile:121: check] Error 1
>>> ERROR: alpine-conf: check failed
>>> ERROR: alpine-conf: rootbld failed
>>> alpine-conf: Cleaning up build chroot
