>>> esh: Validating /home/packager/oily-pine/main/esh/APKBUILD...
>>> esh: Cleaning up srcdir
>>> esh: Cleaning up pkgdir
>>> esh: Cleaning up tmpdir
>>> esh: Fetching https://github.com/jirutka/esh/archive/v0.3.2/esh-0.3.2.tar.gz
>>> esh: Fetching https://github.com/jirutka/esh/archive/v0.3.2/esh-0.3.2.tar.gz
>>> esh: Checking sha512sums...
esh-0.3.2.tar.gz: OK
>>> esh: Preparing build chroot...
installing oils!
fetch http://dl-cdn.alpinelinux.org/alpine/edge/main/x86_64/APKINDEX.tar.gz
WARNING: opening /home/packager/packages//# for oils: No such file or directory
(1/79) Installing musl (1.2.5-r13)
(2/79) Installing libcrypto3 (3.5.1-r0)
(3/79) Installing libssl3 (3.5.1-r0)
(4/79) Installing zlib (1.3.1-r2)
(5/79) Installing zstd-libs (1.5.7-r1)
(6/79) Installing libapk (3.0.0_rc5_git20250613-r0)
(7/79) Installing ca-certificates-bundle (20241121-r2)
(8/79) Installing apk-tools (3.0.0_rc5_git20250613-r0)
(9/79) Installing libcap2 (2.76-r0)
(10/79) Installing libcap-getcap (2.76-r0)
(11/79) Installing fakeroot (1.37.1.2-r0)
(12/79) Installing scanelf (1.3.8-r1)
(13/79) Installing musl-utils (1.2.5-r13)
(14/79) Installing libgcc (14.3.0-r5)
(15/79) Installing libstdc++ (14.3.0-r5)
(16/79) Installing lzip (1.25-r0)
(17/79) Installing openssl (3.5.1-r0)
(18/79) Installing patch (2.8-r0)
(19/79) Installing pkgconf (2.5.1-r0)
(20/79) Installing acl-libs (2.3.2-r1)
(21/79) Installing tar (1.35-r4)
(22/79) Installing alpine-baselayout-data (3.7.0-r0)
(23/79) Installing busybox (1.37.0-r18)
Executing busybox-1.37.0-r18.post-install
(24/79) Installing ssl_client (1.37.0-r18)
(25/79) Installing ncurses-terminfo-base (6.5_p20250705-r0)
(26/79) Installing libncursesw (6.5_p20250705-r0)
(27/79) Installing readline (8.3.0-r1)
(28/79) Installing oils-for-unix (0.28.0-r0)
(29/79) Installing oils-for-unix-binsh (0.28.0-r0)
(30/79) Installing abuild (3.15.0-r2)
Executing abuild-3.15.0-r2.pre-install
(31/79) Installing abuild-sudo (3.15.0-r2)
(32/79) Installing alpine-baselayout (3.7.0-r0)
Executing alpine-baselayout-3.7.0-r0.pre-install
Executing alpine-baselayout-3.7.0-r0.post-install
(33/79) Installing bridge (1.5-r5)
(34/79) Installing ifupdown-ng (0.12.1-r7)
(35/79) Installing openrc-user (0.62.5-r0)
(36/79) Installing openrc (0.62.5-r0)
Executing openrc-0.62.5-r0.post-install
(37/79) Installing mdev-conf (4.8-r0)
(38/79) Installing busybox-mdev-openrc (1.37.0-r18)
(39/79) Installing alpine-conf (3.20.0-r0)
(40/79) Installing alpine-keys (2.5-r0)
(41/79) Installing alpine-release (3.23.0_alpha20250612-r0)
(42/79) Installing busybox-openrc (1.37.0-r18)
(43/79) Installing busybox-suid (1.37.0-r18)
(44/79) Installing alpine-base (3.23.0_alpha20250612-r0)
(45/79) Installing ca-certificates (20241121-r2)
(46/79) Installing gmp (6.3.0-r4)
(47/79) Installing libffi (3.5.1-r0)
(48/79) Installing yaml (0.2.5-r2)
(49/79) Installing ruby-libs (3.4.4-r0)
(50/79) Installing libucontext (1.3.2-r0)
(51/79) Installing ruby (3.4.4-r0)
(52/79) Installing asciidoctor (2.0.23-r1)
(53/79) Installing jansson (2.14.1-r0)
(54/79) Installing binutils (2.44-r0)
(55/79) Installing libmagic (5.46-r2)
(56/79) Installing file (5.46-r2)
(57/79) Installing libgomp (14.3.0-r5)
(58/79) Installing libatomic (14.3.0-r5)
(59/79) Installing isl26 (0.26-r1)
(60/79) Installing mpfr4 (4.2.2-r0)
(61/79) Installing mpc1 (1.3.1-r1)
(62/79) Installing gcc (14.3.0-r5)
(63/79) Installing libstdc++-dev (14.3.0-r5)
(64/79) Installing musl-dev (1.2.5-r13)
(65/79) Installing g++ (14.3.0-r5)
(66/79) Installing make (4.4.1-r3)
(67/79) Installing fortify-headers (1.1-r5)
(68/79) Installing build-base (0.5-r3)
(69/79) Installing brotli-libs (1.1.0-r2)
(70/79) Installing c-ares (1.34.5-r0)
(71/79) Installing libunistring (1.3-r0)
(72/79) Installing libidn2 (2.3.8-r0)
(73/79) Installing nghttp2-libs (1.66.0-r0)
(74/79) Installing libpsl (0.21.5-r3)
(75/79) Installing libcurl (8.14.1-r2)
(76/79) Installing libexpat (2.7.1-r0)
(77/79) Installing pcre2 (10.43-r1)
(78/79) Installing git (2.50.1-r0)
(79/79) Installing git-init-template (2.50.1-r0)
Executing busybox-1.37.0-r18.trigger
Executing ca-certificates-20241121-r2.trigger
OK: 293 MiB in 79 packages
>>> esh: Fetching https://github.com/jirutka/esh/archive/v0.3.2/esh-0.3.2.tar.gz
>>> esh: Checking sha512sums...
esh-0.3.2.tar.gz: OK
>>> esh: Unpacking /var/cache/distfiles/esh-0.3.2.tar.gz...
test-cli-dump................... OK
test-cli-help................... OK
test-cli-illegal-argument....... OK
test-cli-no-args................ OK
test-cli-read-from-stdin........ OK
test-cli-unknown-option......... FAIL
test-comments................... OK
test-empty-file................. OK
test-empty-lines................ OK
test-escaped-tags............... OK
test-eval-error-nested.......... FAIL
test-eval-error................. FAIL
test-include-max-depth.......... OK
test-include-no-closing......... OK
test-include-not-found-nested... OK
test-include-not-found.......... OK
test-include-recursive.......... OK
test-include-trim-newline....... OK
test-include.................... OK
test-multiline-tags............. OK
test-print-tag.................. OK
test-scriplet-tag............... OK
test-text-escaping.............. OK
test-trim-newline............... OK

========================================================================
FAILED: test-cli-unknown-option
-------------------------------- stdout --------------------------------

-------------------------------- stderr --------------------------------
--- test-cli-unknown-option.exp2
+++ test-cli-unknown-option.err2
@@ -1,2 +1,4 @@
-esh: unknown option: -x
-%exit-status: 10
+--- test-cli-unknown-option.exp2
 option: -$OPTARG" >&2; exit 10;;
+  		                                       ^~~~~~~
+../esh:326: fatal: Undefined variable 'OPTARG'
+%exit-status: 1

========================================================================

========================================================================
FAILED: test-eval-error-nested
-------------------------------- stdout --------------------------------
Content from the file incl/b.esh:
This is file incl/b.esh.

Content from the file a.esh follows:
This is file incl/a.esh.
Variable var1=42

End of file incl/b.esh.
The main file continues.

Now try to include file with an invalid shell command:
This is file incl/eval-error.esh.

Let's try a non-existing command: 
-------------------------------- stderr --------------------------------
--- test-eval-error-nested.exp2
+++ test-eval-error-nested.err2
@@ -1,4 +1,4 @@
-incl/eval-error.esh:3:  set -eu; does-not-exist-666
-           ^~~~~~~~~~~~~~~~~~
-1: Command 'does-not-exist-666' not found (OILS-ERR-100)
+--- test-eval-error-ne+sted.exp2
~~~~~~~~~~~
+incl/eval-error.esh:3: Command 'does-not-exist-666' not found (OILS-ERR-100)
 %exit-status: 127

========================================================================

========================================================================
FAILED: test-eval-error
-------------------------------- stdout --------------------------------
Lorem ipsum dolor sit amet,
consectetur adipiscing elit.

Let's try an undefined variable: 
-------------------------------- stderr --------------------------------
--- test-eval-error.exp2
+++ test-eval-error.err2
@@ -1,4 +1,4 @@
-test-eval-error.in:4:  set -eu; echo $undefined_var
-                ^~~~~~~~~~~~~~
- fatal: Undefined variable 'undefined_var'
+--- test-eval-error.exp2

+           ^~~~~~~~~~~~~~
+test-eval-error.in:4: fatal: Undefined variable 'undefined_var'
 %exit-status: 1

========================================================================

FAILED 3/24
make: *** [Makefile:62: test] Error 1
>>> ERROR: esh: check failed
>>> ERROR: esh: rootbld failed
>>> esh: Cleaning up build chroot
