>>> mdev-conf: Validating /home/packager/oily-pine/main/mdev-conf/APKBUILD...
>>> mdev-conf: Cleaning up srcdir
>>> mdev-conf: Cleaning up pkgdir
>>> mdev-conf: Cleaning up tmpdir
>>> mdev-conf: Fetching https://gitlab.alpinelinux.org/alpine/mdev-conf/-/archive/4.7/mdev-conf-4.7.tar.gz
>>> mdev-conf: Fetching https://gitlab.alpinelinux.org/alpine/mdev-conf/-/archive/4.7/mdev-conf-4.7.tar.gz
>>> mdev-conf: Checking sha512sums...
mdev-conf-4.7.tar.gz: OK
>>> mdev-conf: Preparing build chroot...
installing oils!
fetch http://dl-cdn.alpinelinux.org/alpine/edge/main/x86_64/APKINDEX.tar.gz
WARNING: opening /home/packager/packages//# for oils: No such file or directory
(1/77) Installing musl (1.2.5-r13)
(2/77) Installing libcrypto3 (3.5.1-r0)
(3/77) Installing libssl3 (3.5.1-r0)
(4/77) Installing zlib (1.3.1-r2)
(5/77) Installing zstd-libs (1.5.7-r1)
(6/77) Installing libapk (3.0.0_rc5_git20250613-r0)
(7/77) Installing ca-certificates-bundle (20241121-r2)
(8/77) Installing apk-tools (3.0.0_rc5_git20250613-r0)
(9/77) Installing libcap2 (2.76-r0)
(10/77) Installing libcap-getcap (2.76-r0)
(11/77) Installing fakeroot (1.37.1.2-r0)
(12/77) Installing scanelf (1.3.8-r1)
(13/77) Installing musl-utils (1.2.5-r13)
(14/77) Installing libgcc (14.3.0-r5)
(15/77) Installing libstdc++ (14.3.0-r5)
(16/77) Installing lzip (1.25-r0)
(17/77) Installing openssl (3.5.1-r0)
(18/77) Installing patch (2.8-r0)
(19/77) Installing pkgconf (2.5.1-r0)
(20/77) Installing acl-libs (2.3.2-r1)
(21/77) Installing tar (1.35-r4)
(22/77) Installing alpine-baselayout-data (3.7.0-r0)
(23/77) Installing busybox (1.37.0-r18)
Executing busybox-1.37.0-r18.post-install
(24/77) Installing ssl_client (1.37.0-r18)
(25/77) Installing ncurses-terminfo-base (6.5_p20250705-r0)
(26/77) Installing libncursesw (6.5_p20250705-r0)
(27/77) Installing readline (8.3.0-r1)
(28/77) Installing oils-for-unix (0.28.0-r0)
(29/77) Installing oils-for-unix-binsh (0.28.0-r0)
(30/77) Installing abuild (3.15.0-r2)
Executing abuild-3.15.0-r2.pre-install
(31/77) Installing abuild-sudo (3.15.0-r2)
(32/77) Installing alpine-baselayout (3.7.0-r0)
Executing alpine-baselayout-3.7.0-r0.pre-install
Executing alpine-baselayout-3.7.0-r0.post-install
(33/77) Installing bridge (1.5-r5)
(34/77) Installing ifupdown-ng (0.12.1-r7)
(35/77) Installing openrc-user (0.62.5-r0)
(36/77) Installing openrc (0.62.5-r0)
Executing openrc-0.62.5-r0.post-install
(37/77) Installing mdev-conf (4.8-r0)
(38/77) Installing busybox-mdev-openrc (1.37.0-r18)
(39/77) Installing alpine-conf (3.20.0-r0)
(40/77) Installing alpine-keys (2.5-r0)
(41/77) Installing alpine-release (3.23.0_alpha20250612-r0)
(42/77) Installing busybox-openrc (1.37.0-r18)
(43/77) Installing busybox-suid (1.37.0-r18)
(44/77) Installing alpine-base (3.23.0_alpha20250612-r0)
(45/77) Installing jansson (2.14.1-r0)
(46/77) Installing binutils (2.44-r0)
(47/77) Installing libmagic (5.46-r2)
(48/77) Installing file (5.46-r2)
(49/77) Installing libgomp (14.3.0-r5)
(50/77) Installing libatomic (14.3.0-r5)
(51/77) Installing gmp (6.3.0-r4)
(52/77) Installing isl26 (0.26-r1)
(53/77) Installing mpfr4 (4.2.2-r0)
(54/77) Installing mpc1 (1.3.1-r1)
(55/77) Installing gcc (14.3.0-r5)
(56/77) Installing libstdc++-dev (14.3.0-r5)
(57/77) Installing musl-dev (1.2.5-r13)
(58/77) Installing g++ (14.3.0-r5)
(59/77) Installing make (4.4.1-r3)
(60/77) Installing fortify-headers (1.1-r5)
(61/77) Installing build-base (0.5-r3)
(62/77) Installing brotli-libs (1.1.0-r2)
(63/77) Installing c-ares (1.34.5-r0)
(64/77) Installing libunistring (1.3-r0)
(65/77) Installing libidn2 (2.3.8-r0)
(66/77) Installing nghttp2-libs (1.66.0-r0)
(67/77) Installing libpsl (0.21.5-r3)
(68/77) Installing libcurl (8.14.1-r2)
(69/77) Installing libexpat (2.7.1-r0)
(70/77) Installing pcre2 (10.43-r1)
(71/77) Installing git (2.50.1-r0)
(72/77) Installing git-init-template (2.50.1-r0)
(73/77) Installing atf (0.23-r0)
(74/77) Installing lua5.4-libs (5.4.8-r0)
(75/77) Installing lutok (0.6.1-r0)
(76/77) Installing sqlite-libs (3.50.2-r0)
(77/77) Installing kyua (0.13-r8)
Executing busybox-1.37.0-r18.trigger
OK: 301 MiB in 77 packages
>>> mdev-conf: Fetching https://gitlab.alpinelinux.org/alpine/mdev-conf/-/archive/4.7/mdev-conf-4.7.tar.gz
>>> mdev-conf: Checking sha512sums...
mdev-conf-4.7.tar.gz: OK
>>> mdev-conf: Unpacking /var/cache/distfiles/mdev-conf-4.7.tar.gz...
make: Nothing to be done for 'all'.
echo "syntax(2)" > tests/Kyuafile.tmp
echo "syntax(2)" > Kyuafile.tmp
echo 'test_suite("mdev-conf")' >> tests/Kyuafile.tmp
echo "test_suite('mdev-conf')" >> Kyuafile.tmp
for i in persistent-storage_test ptpdev_test; do \
	echo "atf_test_program{name='$i',timeout=1}" >> tests/Kyuafile.tmp ; \
done
echo "include('tests/Kyuafile')" >> Kyuafile.tmp
mv tests/Kyuafile.tmp tests/Kyuafile
mv Kyuafile.tmp Kyuafile
kyua test || { kyua report --verbose && exit 1; }
tests/persistent-storage_test:persistent_storage_block  ->  broken: Premature exit; test case exited with code 1  [0.007s]
tests/persistent-storage_test:persistent_storage_by_label  ->  broken: Premature exit; test case exited with code 1  [0.007s]
tests/persistent-storage_test:persistent_storage_by_partlabel  ->  broken: Premature exit; test case exited with code 1  [0.007s]
tests/persistent-storage_test:persistent_storage_by_partuuid  ->  broken: Premature exit; test case exited with code 1  [0.007s]
tests/persistent-storage_test:persistent_storage_by_uuid  ->  broken: Premature exit; test case exited with code 1  [0.007s]
tests/persistent-storage_test:persistent_storage_cdrom  ->  broken: Premature exit; test case exited with code 1  [0.010s]
tests/persistent-storage_test:persistent_storage_cdrom_removable  ->  broken: Premature exit; test case exited with code 1  [0.010s]
tests/persistent-storage_test:persistent_storage_ebs  ->  broken: Premature exit; test case exited with code 1  [0.007s]
tests/persistent-storage_test:persistent_storage_nvme_model_serial  ->  broken: Premature exit; test case exited with code 1  [0.007s]
tests/persistent-storage_test:persistent_storage_nvme_wwid  ->  broken: Premature exit; test case exited with code 1  [0.008s]
tests/persistent-storage_test:persistent_storage_sda_wwid  ->  broken: Premature exit; test case exited with code 1  [0.007s]
tests/persistent-storage_test:persistent_storage_sda_wwid_partition_symlink  ->  broken: Premature exit; test case exited with code 1  [0.007s]
tests/persistent-storage_test:persistent_storage_usbdisk_partition_symlink  ->  broken: Premature exit; test case exited with code 1  [0.007s]
tests/persistent-storage_test:persistent_storage_usbdisk_symlink  ->  broken: Premature exit; test case exited with code 1  [0.007s]
tests/persistent-storage_test:persistent_storage_virtio_blk_serial  ->  broken: Premature exit; test case exited with code 1  [0.007s]
tests/ptpdev_test:ptpdev_hyperv  ->  broken: Premature exit; test case exited with code 1  [0.006s]
tests/ptpdev_test:ptpdev_kvm  ->  broken: Premature exit; test case exited with code 1  [0.006s]
tests/ptpdev_test:ptpdev_vmw  ->  broken: Premature exit; test case exited with code 1  [0.006s]

Results file id is tmp_src_mdev-conf-4.7.20250709-011824-243099
Results saved to /home/packager/.kyua/store/results.tmp_src_mdev-conf-4.7.20250709-011824-243099.db

0/18 passed (18 failed)
===> Execution context
Current directory: /tmp/src/mdev-conf-4.7
Environment variables:
    ABUILD_LAST_COMMIT=1b1f5714e8b6d651767db8151dad65bdb271cd64
    ABUILD_USERDIR=/home/packager/.abuild
    BUILDCC=cc
    BUILDCFLAGS=-Os -fstack-clash-protection -Wformat -Werror=format-security -fno-plt
    BUILDCPPFLAGS=
    BUILDCXX=c++
    BUILDCXXFLAGS=-Os -fstack-clash-protection -Wformat -Werror=format-security -D_GLIBCXX_ASSERTIONS=1 -D_LIBCPP_ENABLE_THREAD_SAFETY_ANNOTATIONS=1 -D_LIBCPP_ENABLE_HARDENED_MODE=1 -fno-plt
    BUILDLD=ld
    BUILDLDFLAGS=-Wl,--as-needed,-O1,--sort-common -Wl,-z,pack-relative-relocs
    CARCH=x86_64
    CARGO_BUILD_JOBS=16
    CARGO_PROFILE_RELEASE_CODEGEN_UNITS=1
    CARGO_PROFILE_RELEASE_LTO=true
    CARGO_PROFILE_RELEASE_OPT_LEVEL=s
    CARGO_PROFILE_RELEASE_PANIC=abort
    CC=cc
    CFLAGS=-Os -fstack-clash-protection -Wformat -Werror=format-security -fno-plt
    CMAKE_BUILD_PARALLEL_LEVEL=16
    CMAKE_GENERATOR=Ninja
    COLUMNS=60
    CTEST_NO_TESTS_ACTION=error
    CTEST_OUTPUT_ON_FAILURE=ON
    CTEST_PARALLEL_LEVEL=16
    CXX=c++
    CXXFLAGS=-Os -fstack-clash-protection -Wformat -Werror=format-security -D_GLIBCXX_ASSERTIONS=1 -D_LIBCPP_ENABLE_THREAD_SAFETY_ANNOTATIONS=1 -D_LIBCPP_ENABLE_HARDENED_MODE=1 -fno-plt
    DFLAGS=-Os
    FAKEROOTDONTTRYCHOWN=1
    GIT_CEILING_DIRECTORIES=/home/packager/oily-pine/main/mdev-conf
    GOFLAGS=-buildmode=pie -modcacherw -trimpath -buildvcs=false
    HOME=/home/packager
    JOBS=16
    LDFLAGS=-Wl,--as-needed,-O1,--sort-common -Wl,-z,pack-relative-relocs
    LINES=35
    MAKEFLAGS= -j16 --jobserver-auth=fifo:/tmp/GMfifo39
    MAKELEVEL=1
    MFLAGS=-j16 --jobserver-auth=fifo:/tmp/GMfifo39
    OLDPWD=/tmp/src/mdev-conf-4.7
    PATH=/bin:/usr/bin:/sbin:/usr/sbin
    PERL_MM_USE_DEFAULT=1
    PWD=/tmp/src/mdev-conf-4.7
    REPODEST=/home/packager/packages/
    RUSTFLAGS= -Clink-arg=-Wl,-z,pack-relative-relocs
    SAMUFLAGS=-j16
    SHLVL=1
    SOURCE_DATE_EPOCH=1716194185
    SRCDEST=/var/cache/distfiles
    abuild_srcdir=/tmp/src
    git=/usr/bin/git
    pkgbasedir=/tmp/pkg
    tmpdir=/tmp/tmp
===> tests/persistent-storage_test:persistent_storage_block
Result:     broken: Premature exit; test case exited with code 1
Start time: 2025-07-09T01:18:24.271412Z
End time:   2025-07-09T01:18:24.278649Z
Duration:   0.007s

Metadata:
    allowed_architectures is empty
    allowed_platforms is empty
    description is empty
    has_cleanup = false
    is_exclusive = false
    required_configs is empty
    required_disk_space = 0
    required_files is empty
    required_memory = 0
    required_programs is empty
    required_user is empty
    timeout = 300

Standard error:
persistent-storage_test: ERROR: Cannot provide test case names with -l
persistent-storage_test: See atf-test-program(1) for usage details.
===> tests/persistent-storage_test:persistent_storage_by_label
Result:     broken: Premature exit; test case exited with code 1
Start time: 2025-07-09T01:18:24.279140Z
End time:   2025-07-09T01:18:24.286296Z
Duration:   0.007s

Metadata:
    allowed_architectures is empty
    allowed_platforms is empty
    description is empty
    has_cleanup = false
    is_exclusive = false
    required_configs is empty
    required_disk_space = 0
    required_files is empty
    required_memory = 0
    required_programs is empty
    required_user is empty
    timeout = 300

Standard error:
persistent-storage_test: ERROR: Cannot provide test case names with -l
persistent-storage_test: See atf-test-program(1) for usage details.
===> tests/persistent-storage_test:persistent_storage_by_partlabel
Result:     broken: Premature exit; test case exited with code 1
Start time: 2025-07-09T01:18:24.286792Z
End time:   2025-07-09T01:18:24.293966Z
Duration:   0.007s

Metadata:
    allowed_architectures is empty
    allowed_platforms is empty
    description is empty
    has_cleanup = false
    is_exclusive = false
    required_configs is empty
    required_disk_space = 0
    required_files is empty
    required_memory = 0
    required_programs is empty
    required_user is empty
    timeout = 300

Standard error:
persistent-storage_test: ERROR: Cannot provide test case names with -l
persistent-storage_test: See atf-test-program(1) for usage details.
===> tests/persistent-storage_test:persistent_storage_by_partuuid
Result:     broken: Premature exit; test case exited with code 1
Start time: 2025-07-09T01:18:24.294437Z
End time:   2025-07-09T01:18:24.301354Z
Duration:   0.007s

Metadata:
    allowed_architectures is empty
    allowed_platforms is empty
    description is empty
    has_cleanup = false
    is_exclusive = false
    required_configs is empty
    required_disk_space = 0
    required_files is empty
    required_memory = 0
    required_programs is empty
    required_user is empty
    timeout = 300

Standard error:
persistent-storage_test: ERROR: Cannot provide test case names with -l
persistent-storage_test: See atf-test-program(1) for usage details.
===> tests/persistent-storage_test:persistent_storage_by_uuid
Result:     broken: Premature exit; test case exited with code 1
Start time: 2025-07-09T01:18:24.301854Z
End time:   2025-07-09T01:18:24.308804Z
Duration:   0.007s

Metadata:
    allowed_architectures is empty
    allowed_platforms is empty
    description is empty
    has_cleanup = false
    is_exclusive = false
    required_configs is empty
    required_disk_space = 0
    required_files is empty
    required_memory = 0
    required_programs is empty
    required_user is empty
    timeout = 300

Standard error:
persistent-storage_test: ERROR: Cannot provide test case names with -l
persistent-storage_test: See atf-test-program(1) for usage details.
===> tests/persistent-storage_test:persistent_storage_cdrom
Result:     broken: Premature exit; test case exited with code 1
Start time: 2025-07-09T01:18:24.309296Z
End time:   2025-07-09T01:18:24.319594Z
Duration:   0.010s

Metadata:
    allowed_architectures is empty
    allowed_platforms is empty
    description is empty
    has_cleanup = false
    is_exclusive = false
    required_configs is empty
    required_disk_space = 0
    required_files is empty
    required_memory = 0
    required_programs is empty
    required_user is empty
    timeout = 300

Standard error:
persistent-storage_test: ERROR: Cannot provide test case names with -l
persistent-storage_test: See atf-test-program(1) for usage details.
===> tests/persistent-storage_test:persistent_storage_cdrom_removable
Result:     broken: Premature exit; test case exited with code 1
Start time: 2025-07-09T01:18:24.320081Z
End time:   2025-07-09T01:18:24.330563Z
Duration:   0.010s

Metadata:
    allowed_architectures is empty
    allowed_platforms is empty
    description is empty
    has_cleanup = false
    is_exclusive = false
    required_configs is empty
    required_disk_space = 0
    required_files is empty
    required_memory = 0
    required_programs is empty
    required_user is empty
    timeout = 300

Standard error:
persistent-storage_test: ERROR: Cannot provide test case names with -l
persistent-storage_test: See atf-test-program(1) for usage details.
===> tests/persistent-storage_test:persistent_storage_ebs
Result:     broken: Premature exit; test case exited with code 1
Start time: 2025-07-09T01:18:24.331057Z
End time:   2025-07-09T01:18:24.337951Z
Duration:   0.007s

Metadata:
    allowed_architectures is empty
    allowed_platforms is empty
    description is empty
    has_cleanup = false
    is_exclusive = false
    required_configs is empty
    required_disk_space = 0
    required_files is empty
    required_memory = 0
    required_programs is empty
    required_user is empty
    timeout = 300

Standard error:
persistent-storage_test: ERROR: Cannot provide test case names with -l
persistent-storage_test: See atf-test-program(1) for usage details.
===> tests/persistent-storage_test:persistent_storage_nvme_model_serial
Result:     broken: Premature exit; test case exited with code 1
Start time: 2025-07-09T01:18:24.338413Z
End time:   2025-07-09T01:18:24.345471Z
Duration:   0.007s

Metadata:
    allowed_architectures is empty
    allowed_platforms is empty
    description is empty
    has_cleanup = false
    is_exclusive = false
    required_configs is empty
    required_disk_space = 0
    required_files is empty
    required_memory = 0
    required_programs is empty
    required_user is empty
    timeout = 300

Standard error:
persistent-storage_test: ERROR: Cannot provide test case names with -l
persistent-storage_test: See atf-test-program(1) for usage details.
===> tests/persistent-storage_test:persistent_storage_nvme_wwid
Result:     broken: Premature exit; test case exited with code 1
Start time: 2025-07-09T01:18:24.345930Z
End time:   2025-07-09T01:18:24.353643Z
Duration:   0.008s

Metadata:
    allowed_architectures is empty
    allowed_platforms is empty
    description is empty
    has_cleanup = false
    is_exclusive = false
    required_configs is empty
    required_disk_space = 0
    required_files is empty
    required_memory = 0
    required_programs is empty
    required_user is empty
    timeout = 300

Standard error:
persistent-storage_test: ERROR: Cannot provide test case names with -l
persistent-storage_test: See atf-test-program(1) for usage details.
===> tests/persistent-storage_test:persistent_storage_sda_wwid
Result:     broken: Premature exit; test case exited with code 1
Start time: 2025-07-09T01:18:24.354158Z
End time:   2025-07-09T01:18:24.361148Z
Duration:   0.007s

Metadata:
    allowed_architectures is empty
    allowed_platforms is empty
    description is empty
    has_cleanup = false
    is_exclusive = false
    required_configs is empty
    required_disk_space = 0
    required_files is empty
    required_memory = 0
    required_programs is empty
    required_user is empty
    timeout = 300

Standard error:
persistent-storage_test: ERROR: Cannot provide test case names with -l
persistent-storage_test: See atf-test-program(1) for usage details.
===> tests/persistent-storage_test:persistent_storage_sda_wwid_partition_symlink
Result:     broken: Premature exit; test case exited with code 1
Start time: 2025-07-09T01:18:24.361646Z
End time:   2025-07-09T01:18:24.368585Z
Duration:   0.007s

Metadata:
    allowed_architectures is empty
    allowed_platforms is empty
    description is empty
    has_cleanup = false
    is_exclusive = false
    required_configs is empty
    required_disk_space = 0
    required_files is empty
    required_memory = 0
    required_programs is empty
    required_user is empty
    timeout = 300

Standard error:
persistent-storage_test: ERROR: Cannot provide test case names with -l
persistent-storage_test: See atf-test-program(1) for usage details.
===> tests/persistent-storage_test:persistent_storage_usbdisk_partition_symlink
Result:     broken: Premature exit; test case exited with code 1
Start time: 2025-07-09T01:18:24.369068Z
End time:   2025-07-09T01:18:24.376288Z
Duration:   0.007s

Metadata:
    allowed_architectures is empty
    allowed_platforms is empty
    description is empty
    has_cleanup = false
    is_exclusive = false
    required_configs is empty
    required_disk_space = 0
    required_files is empty
    required_memory = 0
    required_programs is empty
    required_user is empty
    timeout = 300

Standard error:
persistent-storage_test: ERROR: Cannot provide test case names with -l
persistent-storage_test: See atf-test-program(1) for usage details.
===> tests/persistent-storage_test:persistent_storage_usbdisk_symlink
Result:     broken: Premature exit; test case exited with code 1
Start time: 2025-07-09T01:18:24.376758Z
End time:   2025-07-09T01:18:24.383660Z
Duration:   0.007s

Metadata:
    allowed_architectures is empty
    allowed_platforms is empty
    description is empty
    has_cleanup = false
    is_exclusive = false
    required_configs is empty
    required_disk_space = 0
    required_files is empty
    required_memory = 0
    required_programs is empty
    required_user is empty
    timeout = 300

Standard error:
persistent-storage_test: ERROR: Cannot provide test case names with -l
persistent-storage_test: See atf-test-program(1) for usage details.
===> tests/persistent-storage_test:persistent_storage_virtio_blk_serial
Result:     broken: Premature exit; test case exited with code 1
Start time: 2025-07-09T01:18:24.384138Z
End time:   2025-07-09T01:18:24.391045Z
Duration:   0.007s

Metadata:
    allowed_architectures is empty
    allowed_platforms is empty
    description is empty
    has_cleanup = false
    is_exclusive = false
    required_configs is empty
    required_disk_space = 0
    required_files is empty
    required_memory = 0
    required_programs is empty
    required_user is empty
    timeout = 300

Standard error:
persistent-storage_test: ERROR: Cannot provide test case names with -l
persistent-storage_test: See atf-test-program(1) for usage details.
===> tests/ptpdev_test:ptpdev_hyperv
Result:     broken: Premature exit; test case exited with code 1
Start time: 2025-07-09T01:18:24.401530Z
End time:   2025-07-09T01:18:24.407745Z
Duration:   0.006s

Metadata:
    allowed_architectures is empty
    allowed_platforms is empty
    description is empty
    has_cleanup = false
    is_exclusive = false
    required_configs is empty
    required_disk_space = 0
    required_files is empty
    required_memory = 0
    required_programs is empty
    required_user is empty
    timeout = 300

Standard error:
ptpdev_test: ERROR: Cannot provide test case names with -l
ptpdev_test: See atf-test-program(1) for usage details.
===> tests/ptpdev_test:ptpdev_kvm
Result:     broken: Premature exit; test case exited with code 1
Start time: 2025-07-09T01:18:24.408230Z
End time:   2025-07-09T01:18:24.414353Z
Duration:   0.006s

Metadata:
    allowed_architectures is empty
    allowed_platforms is empty
    description is empty
    has_cleanup = false
    is_exclusive = false
    required_configs is empty
    required_disk_space = 0
    required_files is empty
    required_memory = 0
    required_programs is empty
    required_user is empty
    timeout = 300

Standard error:
ptpdev_test: ERROR: Cannot provide test case names with -l
ptpdev_test: See atf-test-program(1) for usage details.
===> tests/ptpdev_test:ptpdev_vmw
Result:     broken: Premature exit; test case exited with code 1
Start time: 2025-07-09T01:18:24.414831Z
End time:   2025-07-09T01:18:24.420901Z
Duration:   0.006s

Metadata:
    allowed_architectures is empty
    allowed_platforms is empty
    description is empty
    has_cleanup = false
    is_exclusive = false
    required_configs is empty
    required_disk_space = 0
    required_files is empty
    required_memory = 0
    required_programs is empty
    required_user is empty
    timeout = 300

Standard error:
ptpdev_test: ERROR: Cannot provide test case names with -l
ptpdev_test: See atf-test-program(1) for usage details.
===> Broken tests
tests/persistent-storage_test:persistent_storage_block  ->  broken: Premature exit; test case exited with code 1  [0.007s]
tests/persistent-storage_test:persistent_storage_by_label  ->  broken: Premature exit; test case exited with code 1  [0.007s]
tests/persistent-storage_test:persistent_storage_by_partlabel  ->  broken: Premature exit; test case exited with code 1  [0.007s]
tests/persistent-storage_test:persistent_storage_by_partuuid  ->  broken: Premature exit; test case exited with code 1  [0.007s]
tests/persistent-storage_test:persistent_storage_by_uuid  ->  broken: Premature exit; test case exited with code 1  [0.007s]
tests/persistent-storage_test:persistent_storage_cdrom  ->  broken: Premature exit; test case exited with code 1  [0.010s]
tests/persistent-storage_test:persistent_storage_cdrom_removable  ->  broken: Premature exit; test case exited with code 1  [0.010s]
tests/persistent-storage_test:persistent_storage_ebs  ->  broken: Premature exit; test case exited with code 1  [0.007s]
tests/persistent-storage_test:persistent_storage_nvme_model_serial  ->  broken: Premature exit; test case exited with code 1  [0.007s]
tests/persistent-storage_test:persistent_storage_nvme_wwid  ->  broken: Premature exit; test case exited with code 1  [0.008s]
tests/persistent-storage_test:persistent_storage_sda_wwid  ->  broken: Premature exit; test case exited with code 1  [0.007s]
tests/persistent-storage_test:persistent_storage_sda_wwid_partition_symlink  ->  broken: Premature exit; test case exited with code 1  [0.007s]
tests/persistent-storage_test:persistent_storage_usbdisk_partition_symlink  ->  broken: Premature exit; test case exited with code 1  [0.007s]
tests/persistent-storage_test:persistent_storage_usbdisk_symlink  ->  broken: Premature exit; test case exited with code 1  [0.007s]
tests/persistent-storage_test:persistent_storage_virtio_blk_serial  ->  broken: Premature exit; test case exited with code 1  [0.007s]
tests/ptpdev_test:ptpdev_hyperv  ->  broken: Premature exit; test case exited with code 1  [0.006s]
tests/ptpdev_test:ptpdev_kvm  ->  broken: Premature exit; test case exited with code 1  [0.006s]
tests/ptpdev_test:ptpdev_vmw  ->  broken: Premature exit; test case exited with code 1  [0.006s]
===> Summary
Results read from /home/packager/.kyua/store/results.tmp_src_mdev-conf-4.7.20250709-011824-243099.db
Test cases: 18 total, 0 skipped, 0 expected failures, 18 broken, 0 failed
Start time: 2025-07-09T01:18:24.271412Z
End time:   2025-07-09T01:18:24.420901Z
Total time: 0.131s
make: *** [Makefile:27: check] Error 1
>>> ERROR: mdev-conf: check failed
>>> ERROR: mdev-conf: rootbld failed
>>> mdev-conf: Cleaning up build chroot
