>>> nftables: Validating /home/packager/oily-pine/main/nftables/APKBUILD...
>>> nftables: Cleaning up srcdir
>>> nftables: Cleaning up pkgdir
>>> nftables: Cleaning up tmpdir
>>> nftables: Fetching https://netfilter.org/projects/nftables/files/nftables-1.1.3.tar.xz
>>> nftables: Fetching https://netfilter.org/projects/nftables/files/nftables-1.1.3.tar.xz
>>> nftables: Checking sha512sums...
nftables-1.1.3.tar.xz: OK
nftables.confd: OK
nftables.initd: OK
nftables.nft: OK
>>> nftables: Preparing build chroot...
installing oils!
fetch http://dl-cdn.alpinelinux.org/alpine/edge/main/x86_64/APKINDEX.tar.gz
WARNING: opening /home/packager/packages//# for oils: No such file or directory
(1/134) Installing musl (1.2.5-r13)
(2/134) Installing libcrypto3 (3.5.1-r0)
(3/134) Installing libssl3 (3.5.1-r0)
(4/134) Installing zlib (1.3.1-r2)
(5/134) Installing zstd-libs (1.5.7-r1)
(6/134) Installing libapk (3.0.0_rc5_git20250613-r0)
(7/134) Installing ca-certificates-bundle (20241121-r2)
(8/134) Installing apk-tools (3.0.0_rc5_git20250613-r0)
(9/134) Installing libcap2 (2.76-r0)
(10/134) Installing libcap-getcap (2.76-r0)
(11/134) Installing fakeroot (1.37.1.2-r0)
(12/134) Installing scanelf (1.3.8-r1)
(13/134) Installing musl-utils (1.2.5-r13)
(14/134) Installing libgcc (14.3.0-r5)
(15/134) Installing libstdc++ (14.3.0-r5)
(16/134) Installing lzip (1.25-r0)
(17/134) Installing openssl (3.5.1-r0)
(18/134) Installing patch (2.8-r0)
(19/134) Installing pkgconf (2.5.1-r0)
(20/134) Installing acl-libs (2.3.2-r1)
(21/134) Installing tar (1.35-r4)
(22/134) Installing alpine-baselayout-data (3.7.0-r0)
(23/134) Installing busybox (1.37.0-r18)
Executing busybox-1.37.0-r18.post-install
(24/134) Installing ssl_client (1.37.0-r18)
(25/134) Installing ncurses-terminfo-base (6.5_p20250705-r0)
(26/134) Installing libncursesw (6.5_p20250705-r0)
(27/134) Installing readline (8.3.0-r1)
(28/134) Installing oils-for-unix (0.28.0-r0)
(29/134) Installing oils-for-unix-binsh (0.28.0-r0)
(30/134) Installing abuild (3.15.0-r2)
Executing abuild-3.15.0-r2.pre-install
(31/134) Installing abuild-sudo (3.15.0-r2)
(32/134) Installing alpine-baselayout (3.7.0-r0)
Executing alpine-baselayout-3.7.0-r0.pre-install
Executing alpine-baselayout-3.7.0-r0.post-install
(33/134) Installing bridge (1.5-r5)
(34/134) Installing ifupdown-ng (0.12.1-r7)
(35/134) Installing openrc-user (0.62.5-r0)
(36/134) Installing openrc (0.62.5-r0)
Executing openrc-0.62.5-r0.post-install
(37/134) Installing mdev-conf (4.8-r0)
(38/134) Installing busybox-mdev-openrc (1.37.0-r18)
(39/134) Installing alpine-conf (3.20.0-r0)
(40/134) Installing alpine-keys (2.5-r0)
(41/134) Installing alpine-release (3.23.0_alpha20250612-r0)
(42/134) Installing busybox-openrc (1.37.0-r18)
(43/134) Installing busybox-suid (1.37.0-r18)
(44/134) Installing alpine-base (3.23.0_alpha20250612-r0)
(45/134) Installing libbz2 (1.0.8-r6)
(46/134) Installing libexpat (2.7.1-r0)
(47/134) Installing libffi (3.5.1-r0)
(48/134) Installing gdbm (1.24-r0)
(49/134) Installing xz-libs (5.8.1-r0)
(50/134) Installing mpdecimal (4.0.1-r0)
(51/134) Installing libpanelw (6.5_p20250705-r0)
(52/134) Installing sqlite-libs (3.50.2-r0)
(53/134) Installing python3 (3.12.11-r0)
(54/134) Installing python3-pycache-pyc0 (3.12.11-r0)
(55/134) Installing pyc (3.12.11-r0)
(56/134) Installing libxml2 (2.13.8-r0)
(57/134) Installing libxml2-utils (2.13.8-r0)
(58/134) Installing docbook-xml (4.5-r10)
Executing docbook-xml-4.5-r10.post-install
(59/134) Installing libxslt (1.1.43-r3)
(60/134) Installing docbook-xsl-ns (1.79.2-r13)
Executing docbook-xsl-ns-1.79.2-r13.post-install
(61/134) Installing docbook-xsl-nons (1.79.2-r13)
Executing docbook-xsl-nons-1.79.2-r13.post-install
(62/134) Installing docbook-xsl (1.79.2-r13)
(63/134) Installing asciidoc-pyc (10.2.1-r0)
(64/134) Installing python3-pyc (3.12.11-r0)
(65/134) Installing asciidoc (10.2.1-r0)
(66/134) Installing m4 (1.4.20-r0)
(67/134) Installing bison (3.8.2-r2)
(68/134) Installing jansson (2.14.1-r0)
(69/134) Installing binutils (2.44-r0)
(70/134) Installing libmagic (5.46-r2)
(71/134) Installing file (5.46-r2)
(72/134) Installing libgomp (14.3.0-r5)
(73/134) Installing libatomic (14.3.0-r5)
(74/134) Installing gmp (6.3.0-r4)
(75/134) Installing isl26 (0.26-r1)
(76/134) Installing mpfr4 (4.2.2-r0)
(77/134) Installing mpc1 (1.3.1-r1)
(78/134) Installing gcc (14.3.0-r5)
(79/134) Installing libstdc++-dev (14.3.0-r5)
(80/134) Installing musl-dev (1.2.5-r13)
(81/134) Installing g++ (14.3.0-r5)
(82/134) Installing make (4.4.1-r3)
(83/134) Installing fortify-headers (1.1-r5)
(84/134) Installing build-base (0.5-r3)
(85/134) Installing perl (5.42.0-r0)
(86/134) Installing texinfo (7.2-r1)
(87/134) Installing libintl (0.24.1-r0)
(88/134) Installing opensp (1.5.2-r6)
(89/134) Installing openjade-libs (1.3.2-r9)
(90/134) Installing openjade (1.3.2-r9)
(91/134) Installing perl-xml-sax-base (1.09-r5)
(92/134) Installing perl-xml-namespacesupport (1.12-r5)
(93/134) Installing perl-xml-sax (1.02-r3)
Executing perl-xml-sax-1.02-r3.post-install
could not find ParserDetails.ini in /usr/share/perl5/vendor_perl/XML/SAX
(94/134) Installing docbook2x (0.8.8-r10)
(95/134) Installing flex (2.6.4-r7)
(96/134) Installing brotli-libs (1.1.0-r2)
(97/134) Installing c-ares (1.34.5-r0)
(98/134) Installing libunistring (1.3-r0)
(99/134) Installing libidn2 (2.3.8-r0)
(100/134) Installing nghttp2-libs (1.66.0-r0)
(101/134) Installing libpsl (0.21.5-r3)
(102/134) Installing libcurl (8.14.1-r2)
(103/134) Installing pcre2 (10.43-r1)
(104/134) Installing git (2.50.0-r1)
(105/134) Installing git-init-template (2.50.0-r1)
(106/134) Installing perl-error (0.17030-r0)
(107/134) Installing perl-git (2.50.0-r1)
(108/134) Installing git-perl (2.50.0-r1)
(109/134) Installing libgmpxx (6.3.0-r4)
(110/134) Installing gmp-dev (6.3.0-r4)
(111/134) Installing jansson-dev (2.14.1-r0)
(112/134) Installing linux-headers (6.15.5-r0)
(113/134) Installing libmnl (1.0.5-r2)
(114/134) Installing libmnl-dev (1.0.5-r2)
(115/134) Installing libnftnl (1.2.9-r0)
(116/134) Installing libnftnl-dev (1.2.9-r0)
(117/134) Installing libformw (6.5_p20250705-r0)
(118/134) Installing libmenuw (6.5_p20250705-r0)
(119/134) Installing libncurses++ (6.5_p20250705-r0)
(120/134) Installing ncurses-dev (6.5_p20250705-r0)
(121/134) Installing py3-installer (0.7.0-r2)
(122/134) Installing py3-installer-pyc (0.7.0-r2)
(123/134) Installing py3-gpep517 (19-r0)
(124/134) Installing py3-gpep517-pyc (19-r0)
(125/134) Installing py3-parsing (3.2.3-r0)
(126/134) Installing py3-parsing-pyc (3.2.3-r0)
(127/134) Installing py3-packaging (25.0-r0)
(128/134) Installing py3-packaging-pyc (25.0-r0)
(129/134) Installing py3-setuptools (80.9.0-r0)
(130/134) Installing py3-setuptools-pyc (80.9.0-r0)
(131/134) Installing py3-wheel (0.46.1-r0)
(132/134) Installing py3-wheel-pyc (0.46.1-r0)
(133/134) Installing libhistory (8.3.0-r1)
(134/134) Installing readline-dev (8.3.0-r1)
Executing busybox-1.37.0-r18.trigger
OK: 417 MiB in 134 packages
>>> nftables: Fetching https://netfilter.org/projects/nftables/files/nftables-1.1.3.tar.xz
>>> nftables: Checking sha512sums...
nftables-1.1.3.tar.xz: OK
nftables.confd: OK
nftables.initd: OK
nftables.nft: OK
>>> nftables: Unpacking /var/cache/distfiles/nftables-1.1.3.tar.xz...
checking for a BSD-compatible install... /usr/bin/install -c
checking whether build environment is sane... yes
checking for a race-free mkdir -p... ./build-aux/install-sh -c -d
checking for gawk... no
checking for mawk... no
checking for nawk... no
checking for awk... awk
checking whether make sets $(MAKE)... yes
checking whether make supports nested variables... yes
checking how to create a pax tar archive... gnutar
checking whether make supports nested variables... (cached) yes
checking for x86_64-alpine-linux-musl-gcc... cc
checking whether the C compiler works... yes
checking for C compiler default output file name... a.out
checking for suffix of executables... 
checking whether we are cross compiling... no
checking for suffix of object files... o
checking whether the compiler supports GNU C... yes
checking whether cc accepts -g... yes
checking for cc option to enable C11 features... none needed
checking whether cc understands -c and -o together... yes
checking whether make supports the include directive... yes (GNU style)
checking dependency style of cc... gcc3
checking for stdio.h... yes
checking for stdlib.h... yes
checking for string.h... yes
checking for inttypes.h... yes
checking for stdint.h... yes
checking for strings.h... yes
checking for sys/stat.h... yes
checking for sys/types.h... yes
checking for unistd.h... yes
checking for wchar.h... yes
checking for minix/config.h... no
checking whether it is safe to define __EXTENSIONS__... yes
checking whether _XOPEN_SOURCE should be defined... no
checking for a sed that does not truncate output... /bin/sed
checking for flex... flex
checking for lex output file root... lex.yy
checking for lex library... none needed
checking whether yytext is a pointer... yes
checking for bison... bison -y
checking for x86_64-alpine-linux-musl-ar... no
checking for x86_64-alpine-linux-musl-lib... no
checking for x86_64-alpine-linux-musl-link... no
checking for ar... ar
checking the archiver (ar) interface... ar
checking build system type... x86_64-alpine-linux-musl
checking host system type... x86_64-alpine-linux-musl
checking how to print strings... printf
checking for a sed that does not truncate output... (cached) /bin/sed
checking for grep that handles long lines and -e... /bin/grep
checking for egrep... /bin/grep -E
checking for fgrep... /bin/grep -F
checking for ld used by cc... /usr/x86_64-alpine-linux-musl/bin/ld
checking if the linker (/usr/x86_64-alpine-linux-musl/bin/ld) is GNU ld... yes
checking for BSD- or MS-compatible name lister (nm)... /usr/bin/nm -B
checking the name lister (/usr/bin/nm -B) interface... BSD nm
checking whether ln -s works... yes
checking the maximum length of command line arguments... 98304
checking how to convert x86_64-alpine-linux-musl file names to x86_64-alpine-linux-musl format... func_convert_file_noop
checking how to convert x86_64-alpine-linux-musl file names to toolchain format... func_convert_file_noop
checking for /usr/x86_64-alpine-linux-musl/bin/ld option to reload object files... -r
checking for x86_64-alpine-linux-musl-file... no
checking for file... file
checking for x86_64-alpine-linux-musl-objdump... no
checking for objdump... objdump
checking how to recognize dependent libraries... pass_all
checking for x86_64-alpine-linux-musl-dlltool... no
checking for dlltool... no
checking how to associate runtime and link libraries... printf %s\n
checking for x86_64-alpine-linux-musl-ar... ar
checking for archiver @FILE support... @
checking for x86_64-alpine-linux-musl-strip... no
checking for strip... strip
checking for x86_64-alpine-linux-musl-ranlib... no
checking for ranlib... ranlib
checking command to parse /usr/bin/nm -B output from cc object... ok
checking for sysroot... no
checking for a working dd... /bin/dd
checking how to truncate binary pipes... /bin/dd bs=4096 count=1
checking for x86_64-alpine-linux-musl-mt... no
checking for mt... no
checking if : is a manifest tool... no
checking for dlfcn.h... yes
checking for objdir... .libs
checking if cc supports -fno-rtti -fno-exceptions... no
checking for cc option to produce PIC... -fPIC -DPIC
checking if cc PIC flag -fPIC -DPIC works... yes
checking if cc static flag -static works... yes
checking if cc supports -c -o file.o... yes
checking if cc supports -c -o file.o... (cached) yes
checking whether the cc linker (/usr/x86_64-alpine-linux-musl/bin/ld -m elf_x86_64) supports shared libraries... yes
checking whether -lc should be explicitly linked in... no
checking dynamic linker characteristics... GNU/Linux ld.so
checking how to hardcode library paths into programs... immediate
checking whether stripping libraries is possible... yes
checking if libtool supports shared libraries... yes
checking whether to build shared libraries... yes
checking whether to build static libraries... yes
checking whether compiler accepts -fvisibility=hidden... yes
checking for a2x... a2x
checking for x86_64-alpine-linux-musl-pkg-config... no
checking for pkg-config... /usr/bin/pkg-config
checking pkg-config is at least version 0.9.0... yes
checking for libmnl >= 1.0.4... yes
checking for libnftnl >= 1.2.9... yes
checking for __gmpz_init in -lgmp... yes
checking for readline in -lreadline... yes
checking for json_object in -ljansson... yes
checking for cc options needed to detect all undeclared functions... none needed
checking whether getprotobyname_r is declared... no
checking whether getprotobynumber_r is declared... no
checking whether getservbyport_r is declared... yes
checking that generated files are newer than configure... done
configure: creating ./config.status
config.status: creating Makefile
config.status: creating libnftables.pc
config.status: creating config.h
config.status: executing depfiles commands
config.status: executing libtool commands

nft configuration:
  cli support:			readline
  enable debugging symbols:	yes
  use mini-gmp:			no
  enable man page:              yes
  libxtables support:		no
  json output support:          yes
make  all-am
make[1]: Entering directory '/tmp/src/nftables-1.1.3'
  CC       src/main.o
  CC       src/cli.o
  CC       src/cache.lo
  CC       src/ct.lo
  CC       src/evaluate.lo
  CC       src/exthdr.lo
  CC       src/cmd.lo
  CC       src/fib.lo
  CC       src/gmputil.lo
  CC       src/datatype.lo
  CC       src/dccpopt.lo
  CC       src/erec.lo
  CC       src/expression.lo
  CC       src/iface.lo
  CC       src/intervals.lo
  CC       src/hash.lo
  CC       src/ipopt.lo
src/ct.c: In function 'ct_label_type_parse':
src/ct.c:34:25: error: 'DEFAULT_INCLUDE_PATH' undeclared (first use in this function)
   34 | #define CONNLABEL_CONF  DEFAULT_INCLUDE_PATH "/connlabel.conf"
      |                         ^~~~~~~~~~~~~~~~~~~~
./include/erec.h:52:50: note: in expansion of macro 'CONNLABEL_CONF'
   52 |         erec_create(EREC_ERROR, (loc), (fmt), ## args)
      |                                                  ^~~~
src/ct.c:195:32: note: in expansion of macro 'error'
  195 |                         return error(&sym->location, "%s: could not parse %s \"%s\"",
      |                                ^~~~~
src/ct.c:34:25: note: each undeclared identifier is reported only once for each function it appears in
   34 | #define CONNLABEL_CONF  DEFAULT_INCLUDE_PATH "/connlabel.conf"
      |                         ^~~~~~~~~~~~~~~~~~~~
./include/erec.h:52:50: note: in expansion of macro 'CONNLABEL_CONF'
   52 |         erec_create(EREC_ERROR, (loc), (fmt), ## args)
      |                                                  ^~~~
src/ct.c:195:32: note: in expansion of macro 'error'
  195 |                         return error(&sym->location, "%s: could not parse %s \"%s\"",
      |                                ^~~~~
src/ct.c:34:46: error: expected ')' before string constant
   34 | #define CONNLABEL_CONF  DEFAULT_INCLUDE_PATH "/connlabel.conf"
      |                                              ^~~~~~~~~~~~~~~~~
./include/erec.h:52:50: note: in expansion of macro 'CONNLABEL_CONF'
   52 |         erec_create(EREC_ERROR, (loc), (fmt), ## args)
      |                                                  ^~~~
src/ct.c:195:32: note: in expansion of macro 'error'
  195 |                         return error(&sym->location, "%s: could not parse %s \"%s\"",
      |                                ^~~~~
In file included from src/ct.c:26:
./include/erec.h:52:20: note: to match this '('
   52 |         erec_create(EREC_ERROR, (loc), (fmt), ## args)
      |                    ^
src/ct.c:195:32: note: in expansion of macro 'error'
  195 |                         return error(&sym->location, "%s: could not parse %s \"%s\"",
      |                                ^~~~~
src/ct.c:34:46: error: expected ')' before string constant
   34 | #define CONNLABEL_CONF  DEFAULT_INCLUDE_PATH "/connlabel.conf"
      |                                              ^~~~~~~~~~~~~~~~~
./include/erec.h:52:50: note: in expansion of macro 'CONNLABEL_CONF'
   52 |         erec_create(EREC_ERROR, (loc), (fmt), ## args)
      |                                                  ^~~~
src/ct.c:198:32: note: in expansion of macro 'error'
  198 |                         return error(&sym->location, "%s: could not parse %s \"%s\": %s",
      |                                ^~~~~
./include/erec.h:52:20: note: to match this '('
   52 |         erec_create(EREC_ERROR, (loc), (fmt), ## args)
      |                    ^
src/ct.c:198:32: note: in expansion of macro 'error'
  198 |                         return error(&sym->location, "%s: could not parse %s \"%s\": %s",
      |                                ^~~~~
src/ct.c: In function 'ct_label_type_describe':
src/ct.c:34:25: error: 'DEFAULT_INCLUDE_PATH' undeclared (first use in this function)
   34 | #define CONNLABEL_CONF  DEFAULT_INCLUDE_PATH "/connlabel.conf"
      |                         ^~~~~~~~~~~~~~~~~~~~
src/ct.c:221:40: note: in expansion of macro 'CONNLABEL_CONF'
  221 |         rt_symbol_table_describe(octx, CONNLABEL_CONF,
      |                                        ^~~~~~~~~~~~~~
src/ct.c:34:46: error: expected ')' before string constant
   34 | #define CONNLABEL_CONF  DEFAULT_INCLUDE_PATH "/connlabel.conf"
      |                                              ^~~~~~~~~~~~~~~~~
src/ct.c:221:40: note: in expansion of macro 'CONNLABEL_CONF'
  221 |         rt_symbol_table_describe(octx, CONNLABEL_CONF,
      |                                        ^~~~~~~~~~~~~~
src/ct.c:221:33: note: to match this '('
  221 |         rt_symbol_table_describe(octx, CONNLABEL_CONF,
      |                                 ^
src/ct.c:221:9: error: too few arguments to function 'rt_symbol_table_describe'
  221 |         rt_symbol_table_describe(octx, CONNLABEL_CONF,
      |         ^~~~~~~~~~~~~~~~~~~~~~~~
In file included from ./include/gmputil.h:60,
                 from ./include/utils.h:10,
                 from ./include/nftables.h:6,
                 from ./include/erec.h:4:
./include/datatype.h:245:13: note: declared here
  245 | extern void rt_symbol_table_describe(struct output_ctx *octx, const char *name,
      |             ^~~~~~~~~~~~~~~~~~~~~~~~
src/ct.c: In function 'ct_label_table_init':
src/ct.c:34:25: error: 'DEFAULT_INCLUDE_PATH' undeclared (first use in this function)
   34 | #define CONNLABEL_CONF  DEFAULT_INCLUDE_PATH "/connlabel.conf"
      |                         ^~~~~~~~~~~~~~~~~~~~
src/ct.c:240:57: note: in expansion of macro 'CONNLABEL_CONF'
  240 |         ctx->output.tbl.ct_label = rt_symbol_table_init(CONNLABEL_CONF);
      |                                                         ^~~~~~~~~~~~~~
src/ct.c:34:46: error: expected ')' before string constant
   34 | #define CONNLABEL_CONF  DEFAULT_INCLUDE_PATH "/connlabel.conf"
      |                                              ^~~~~~~~~~~~~~~~~
src/ct.c:240:57: note: in expansion of macro 'CONNLABEL_CONF'
  240 |         ctx->output.tbl.ct_label = rt_symbol_table_init(CONNLABEL_CONF);
      |                                                         ^~~~~~~~~~~~~~
src/ct.c:240:56: note: to match this '('
  240 |         ctx->output.tbl.ct_label = rt_symbol_table_init(CONNLABEL_CONF);
      |                                                        ^
cc: warning: \\\-DDEFAULT_INCLUDE_PATH="/usr/share: linker input file unused because linking not done
cc: error: \\\-DDEFAULT_INCLUDE_PATH="/usr/share: linker input file not found: No such file or directory
cc: warning: \\\-DDEFAULT_INCLUDE_PATH="/usr/share: linker input file unused because linking not done
cc: error: \\\-DDEFAULT_INCLUDE_PATH="/usr/share: linker input file not found: No such file or directory
make[1]: *** [Makefile:1167: src/gmputil.lo] Error 1
make[1]: *** Waiting for unfinished jobs....
make[1]: *** [Makefile:1167: src/fib.lo] Error 1
make[1]: *** [Makefile:1167: src/ct.lo] Error 1
cc: warning: \\\-DDEFAULT_INCLUDE_PATH="/usr/share: linker input file unused because linking not done
cc: error: \\\-DDEFAULT_INCLUDE_PATH="/usr/share: linker input file not found: No such file or directory
make[1]: *** [Makefile:1167: src/dccpopt.lo] Error 1
cc: warning: \\\-DDEFAULT_INCLUDE_PATH="/usr/share: linker input file unused because linking not done
cc: error: \\\-DDEFAULT_INCLUDE_PATH="/usr/share: linker input file not found: No such file or directory
make[1]: *** [Makefile:1167: src/hash.lo] Error 1
cc: warning: \\\-DDEFAULT_INCLUDE_PATH="/usr/share: linker input file unused because linking not done
cc: error: \\\-DDEFAULT_INCLUDE_PATH="/usr/share: linker input file not found: No such file or directory
make[1]: *** [Makefile:1167: src/erec.lo] Error 1
cc: warning: \\\-DDEFAULT_INCLUDE_PATH="/usr/share: linker input file unused because linking not done
cc: error: \\\-DDEFAULT_INCLUDE_PATH="/usr/share: linker input file not found: No such file or directory
make[1]: *** [Makefile:1167: src/iface.lo] Error 1
cc: warning: \\\-DDEFAULT_INCLUDE_PATH="/usr/share: linker input file unused because linking not done
cc: error: \\\-DDEFAULT_INCLUDE_PATH="/usr/share: linker input file not found: No such file or directory
make[1]: *** [Makefile:1167: src/cmd.lo] Error 1
cc: warning: \\\-DDEFAULT_INCLUDE_PATH="/usr/share: linker input file unused because linking not done
cc: error: \\\-DDEFAULT_INCLUDE_PATH="/usr/share: linker input file not found: No such file or directory
make[1]: *** [Makefile:1167: src/ipopt.lo] Error 1
cc: warning: \\\-DDEFAULT_INCLUDE_PATH="/usr/share: linker input file unused because linking not done
cc: error: \\\-DDEFAULT_INCLUDE_PATH="/usr/share: linker input file not found: No such file or directory
make[1]: *** [Makefile:1167: src/exthdr.lo] Error 1
cc: warning: \\\-DDEFAULT_INCLUDE_PATH="/usr/share: linker input file unused because linking not done
cc: error: \\\-DDEFAULT_INCLUDE_PATH="/usr/share: linker input file not found: No such file or directory
make[1]: *** [Makefile:1167: src/intervals.lo] Error 1
cc: warning: \\\-DDEFAULT_INCLUDE_PATH="/usr/share: linker input file unused because linking not done
cc: error: \\\-DDEFAULT_INCLUDE_PATH="/usr/share: linker input file not found: No such file or directory
make[1]: *** [Makefile:1167: src/cache.lo] Error 1
cc: warning: \\\-DDEFAULT_INCLUDE_PATH="/usr/share: linker input file unused because linking not done
cc: error: \\\-DDEFAULT_INCLUDE_PATH="/usr/share: linker input file not found: No such file or directory
make[1]: *** [Makefile:1167: src/datatype.lo] Error 1
cc: warning: \\\-DDEFAULT_INCLUDE_PATH="/usr/share: linker input file unused because linking not done
cc: error: \\\-DDEFAULT_INCLUDE_PATH="/usr/share: linker input file not found: No such file or directory
make[1]: *** [Makefile:1167: src/expression.lo] Error 1
cc: warning: \\\-DDEFAULT_INCLUDE_PATH="/usr/share: linker input file unused because linking not done
cc: error: \\\-DDEFAULT_INCLUDE_PATH="/usr/share: linker input file not found: No such file or directory
make[1]: *** [Makefile:1167: src/evaluate.lo] Error 1
make[1]: Leaving directory '/tmp/src/nftables-1.1.3'
make: *** [Makefile:791: all] Error 2
>>> ERROR: nftables: build failed
>>> ERROR: nftables: rootbld failed
>>> nftables: Cleaning up build chroot
