>>> py3-docutils: Validating /home/packager/oily-pine/main/py3-docutils/APKBUILD...
>>> py3-docutils: Cleaning up srcdir
>>> py3-docutils: Cleaning up pkgdir
>>> py3-docutils: Cleaning up tmpdir
>>> py3-docutils: Fetching https://files.pythonhosted.org/packages/source/d/docutils/docutils-0.21.2.tar.gz
>>> py3-docutils: Fetching https://files.pythonhosted.org/packages/source/d/docutils/docutils-0.21.2.tar.gz
>>> py3-docutils: Checking sha512sums...
docutils-0.21.2.tar.gz: OK
>>> py3-docutils: Preparing build chroot...
installing oils!
fetch http://dl-cdn.alpinelinux.org/alpine/edge/main/x86_64/APKINDEX.tar.gz
WARNING: opening /home/packager/packages//# for oils: No such file or directory
(1/107) Installing musl (1.2.5-r13)
(2/107) Installing libcrypto3 (3.5.1-r0)
(3/107) Installing libssl3 (3.5.1-r0)
(4/107) Installing zlib (1.3.1-r2)
(5/107) Installing zstd-libs (1.5.7-r1)
(6/107) Installing libapk (3.0.0_rc5_git20250613-r0)
(7/107) Installing ca-certificates-bundle (20241121-r2)
(8/107) Installing apk-tools (3.0.0_rc5_git20250613-r0)
(9/107) Installing libcap2 (2.76-r0)
(10/107) Installing libcap-getcap (2.76-r0)
(11/107) Installing fakeroot (1.37.1.2-r0)
(12/107) Installing scanelf (1.3.8-r1)
(13/107) Installing musl-utils (1.2.5-r13)
(14/107) Installing libgcc (14.3.0-r5)
(15/107) Installing libstdc++ (14.3.0-r5)
(16/107) Installing lzip (1.25-r0)
(17/107) Installing openssl (3.5.1-r0)
(18/107) Installing patch (2.8-r0)
(19/107) Installing pkgconf (2.5.1-r0)
(20/107) Installing acl-libs (2.3.2-r1)
(21/107) Installing tar (1.35-r4)
(22/107) Installing alpine-baselayout-data (3.7.0-r0)
(23/107) Installing busybox (1.37.0-r18)
Executing busybox-1.37.0-r18.post-install
(24/107) Installing ssl_client (1.37.0-r18)
(25/107) Installing ncurses-terminfo-base (6.5_p20250705-r0)
(26/107) Installing libncursesw (6.5_p20250705-r0)
(27/107) Installing readline (8.3.0-r1)
(28/107) Installing oils-for-unix (0.28.0-r0)
(29/107) Installing oils-for-unix-binsh (0.28.0-r0)
(30/107) Installing abuild (3.15.0-r2)
Executing abuild-3.15.0-r2.pre-install
(31/107) Installing abuild-sudo (3.15.0-r2)
(32/107) Installing alpine-baselayout (3.7.0-r0)
Executing alpine-baselayout-3.7.0-r0.pre-install
Executing alpine-baselayout-3.7.0-r0.post-install
(33/107) Installing bridge (1.5-r5)
(34/107) Installing ifupdown-ng (0.12.1-r7)
(35/107) Installing openrc-user (0.62.5-r0)
(36/107) Installing openrc (0.62.5-r0)
Executing openrc-0.62.5-r0.post-install
(37/107) Installing mdev-conf (4.8-r0)
(38/107) Installing busybox-mdev-openrc (1.37.0-r18)
(39/107) Installing alpine-conf (3.20.0-r0)
(40/107) Installing alpine-keys (2.5-r0)
(41/107) Installing alpine-release (3.23.0_alpha20250612-r0)
(42/107) Installing busybox-openrc (1.37.0-r18)
(43/107) Installing busybox-suid (1.37.0-r18)
(44/107) Installing alpine-base (3.23.0_alpha20250612-r0)
(45/107) Installing jansson (2.14.1-r0)
(46/107) Installing binutils (2.44-r0)
(47/107) Installing libmagic (5.46-r2)
(48/107) Installing file (5.46-r2)
(49/107) Installing libgomp (14.3.0-r5)
(50/107) Installing libatomic (14.3.0-r5)
(51/107) Installing gmp (6.3.0-r4)
(52/107) Installing isl26 (0.26-r1)
(53/107) Installing mpfr4 (4.2.2-r0)
(54/107) Installing mpc1 (1.3.1-r1)
(55/107) Installing gcc (14.3.0-r5)
(56/107) Installing libstdc++-dev (14.3.0-r5)
(57/107) Installing musl-dev (1.2.5-r13)
(58/107) Installing g++ (14.3.0-r5)
(59/107) Installing make (4.4.1-r3)
(60/107) Installing fortify-headers (1.1-r5)
(61/107) Installing build-base (0.5-r3)
(62/107) Installing brotli-libs (1.1.0-r2)
(63/107) Installing c-ares (1.34.5-r0)
(64/107) Installing libunistring (1.3-r0)
(65/107) Installing libidn2 (2.3.8-r0)
(66/107) Installing nghttp2-libs (1.66.0-r0)
(67/107) Installing libpsl (0.21.5-r3)
(68/107) Installing libcurl (8.14.1-r2)
(69/107) Installing libexpat (2.7.1-r0)
(70/107) Installing pcre2 (10.43-r1)
(71/107) Installing git (2.50.0-r1)
(72/107) Installing git-init-template (2.50.0-r1)
(73/107) Installing libbz2 (1.0.8-r6)
(74/107) Installing libffi (3.5.1-r0)
(75/107) Installing gdbm (1.24-r0)
(76/107) Installing xz-libs (5.8.1-r0)
(77/107) Installing mpdecimal (4.0.1-r0)
(78/107) Installing libpanelw (6.5_p20250705-r0)
(79/107) Installing sqlite-libs (3.50.2-r0)
(80/107) Installing python3 (3.12.11-r0)
(81/107) Installing python3-pycache-pyc0 (3.12.11-r0)
(82/107) Installing pyc (3.12.11-r0)
(83/107) Installing py3-flit-core-pyc (3.12.0-r0)
(84/107) Installing python3-pyc (3.12.11-r0)
(85/107) Installing py3-flit-core (3.12.0-r0)
(86/107) Installing py3-installer (0.7.0-r2)
(87/107) Installing py3-installer-pyc (0.7.0-r2)
(88/107) Installing py3-gpep517 (19-r0)
(89/107) Installing py3-gpep517-pyc (19-r0)
(90/107) Installing py3-iniconfig (2.1.0-r0)
(91/107) Installing py3-iniconfig-pyc (2.1.0-r0)
(92/107) Installing py3-parsing (3.2.3-r0)
(93/107) Installing py3-parsing-pyc (3.2.3-r0)
(94/107) Installing py3-packaging (25.0-r0)
(95/107) Installing py3-packaging-pyc (25.0-r0)
(96/107) Installing py3-pluggy (1.6.0-r0)
(97/107) Installing py3-pluggy-pyc (1.6.0-r0)
(98/107) Installing py3-py (1.11.0-r4)
(99/107) Installing py3-py-pyc (1.11.0-r4)
(100/107) Installing py3-pygments (2.19.2-r0)
(101/107) Installing py3-pygments-pyc (2.19.2-r0)
(102/107) Installing py3-pytest (8.4.1-r0)
(103/107) Installing py3-pytest-pyc (8.4.1-r0)
(104/107) Installing py3-setuptools (80.9.0-r0)
(105/107) Installing py3-setuptools-pyc (80.9.0-r0)
(106/107) Installing py3-wheel (0.46.1-r0)
(107/107) Installing py3-wheel-pyc (0.46.1-r0)
Executing busybox-1.37.0-r18.trigger
OK: 333 MiB in 107 packages
>>> py3-docutils: Fetching https://files.pythonhosted.org/packages/source/d/docutils/docutils-0.21.2.tar.gz
>>> py3-docutils: Checking sha512sums...
docutils-0.21.2.tar.gz: OK
>>> py3-docutils: Unpacking /var/cache/distfiles/docutils-0.21.2.tar.gz...
2025-07-08 18:09:48,906 gpep517 INFO Building wheel via backend flit_core.buildapi
2025-07-08 18:09:48,912 flit_core.wheel INFO Zip timestamps will be from SOURCE_DATE_EPOCH: 2024-06-09 08:12:18+00:00
2025-07-08 18:09:48,912 flit_core.wheel INFO Copying package file(s) from docutils
2025-07-08 18:09:48,930 flit_core.wheel INFO Writing metadata files
2025-07-08 18:09:48,931 flit_core.wheel INFO Writing the record of files
2025-07-08 18:09:48,931 flit_core.wheel INFO Built wheel: .dist/docutils-0.21.2-py3-none-any.whl
2025-07-08 18:09:48,932 gpep517 INFO The backend produced .dist/docutils-0.21.2-py3-none-any.whl
docutils-0.21.2-py3-none-any.whl
============================= test session starts ==============================
platform linux -- Python 3.12.11, pytest-8.4.1, pluggy-1.6.0

Testing Docutils 0.21.2 with Python 3.12.11 on 2025-07-08 at 18:09:49
OS: Linux 6.12.30-0-lts #1-Alpine SMP PREEMPT_DYNAMIC 2025-05-23 08:01:35 (linux, Linux-6.12.30-0-lts-x86_64-with)
Working directory: /tmp/src/docutils-0.21.2
Docutils package: /tmp/src/docutils-0.21.2/docutils

rootdir: /tmp/src/docutils-0.21.2
configfile: pyproject.toml
collected 405 items / 14 skipped

test/test_CLI.py ...                                                     [  0%]
test/test__init__.py ........                                            [  2%]
test/test_dependencies.py .....                                          [  3%]
test/test_error_reporting.py .............                               [  7%]
test/test_functional.py .                                                [  7%]
test/test_io.py ....................s..                                  [ 13%]
test/test_language.py ....                                               [ 14%]
test/test_nodes.py .....................................                 [ 23%]
test/test_parsers/test_get_parser_class.py ....                          [ 24%]
test/test_parsers/test_rst/test_SimpleTableParser.py .                   [ 24%]
test/test_parsers/test_rst/test_TableParser.py ..                        [ 24%]
test/test_parsers/test_rst/test_block_quotes.py .                        [ 25%]
test/test_parsers/test_rst/test_bullet_lists.py .                        [ 25%]
test/test_parsers/test_rst/test_character_level_inline_markup.py .       [ 25%]
test/test_parsers/test_rst/test_citations.py .                           [ 25%]
test/test_parsers/test_rst/test_comments.py .                            [ 26%]
test/test_parsers/test_rst/test_definition_lists.py .                    [ 26%]
test/test_parsers/test_rst/test_directives/test__init__.py ....          [ 27%]
test/test_parsers/test_rst/test_directives/test_admonitions.py .         [ 27%]
test/test_parsers/test_rst/test_directives/test_admonitions_de.py .      [ 27%]
test/test_parsers/test_rst/test_directives/test_admonitions_dummy_lang.py . [ 28%]
                                                                         [ 28%]
test/test_parsers/test_rst/test_directives/test_block_quotes.py .        [ 28%]
test/test_parsers/test_rst/test_directives/test_class.py .               [ 28%]
test/test_parsers/test_rst/test_directives/test_code.py F                [ 28%]
test/test_parsers/test_rst/test_directives/test_code_long.py F           [ 29%]
test/test_parsers/test_rst/test_directives/test_code_none.py .           [ 29%]
test/test_parsers/test_rst/test_directives/test_code_parsing.py ..       [ 29%]
test/test_parsers/test_rst/test_directives/test_compound.py .            [ 30%]
test/test_parsers/test_rst/test_directives/test_container.py .           [ 30%]
test/test_parsers/test_rst/test_directives/test_contents.py .            [ 30%]
test/test_parsers/test_rst/test_directives/test_date.py .                [ 30%]
test/test_parsers/test_rst/test_directives/test_decorations.py .         [ 31%]
test/test_parsers/test_rst/test_directives/test_default_role.py .        [ 31%]
test/test_parsers/test_rst/test_directives/test_figures.py .             [ 31%]
test/test_parsers/test_rst/test_directives/test_images.py .              [ 31%]
test/test_parsers/test_rst/test_directives/test_include.py .             [ 32%]
test/test_parsers/test_rst/test_directives/test_line_blocks.py .         [ 32%]
test/test_parsers/test_rst/test_directives/test_math.py .                [ 32%]
test/test_parsers/test_rst/test_directives/test_meta.py .                [ 32%]
test/test_parsers/test_rst/test_directives/test_parsed_literals.py .     [ 33%]
test/test_parsers/test_rst/test_directives/test_raw.py .                 [ 33%]
test/test_parsers/test_rst/test_directives/test_replace.py .             [ 33%]
test/test_parsers/test_rst/test_directives/test_replace_fr.py .          [ 33%]
test/test_parsers/test_rst/test_directives/test_role.py .                [ 34%]
test/test_parsers/test_rst/test_directives/test_rubrics.py .             [ 34%]
test/test_parsers/test_rst/test_directives/test_sectnum.py .             [ 34%]
test/test_parsers/test_rst/test_directives/test_sidebars.py .            [ 34%]
test/test_parsers/test_rst/test_directives/test_tables.py .              [ 35%]
test/test_parsers/test_rst/test_directives/test_target_notes.py .        [ 35%]
test/test_parsers/test_rst/test_directives/test_test_directives.py .     [ 35%]
test/test_parsers/test_rst/test_directives/test_title.py .               [ 35%]
test/test_parsers/test_rst/test_directives/test_topics.py .              [ 36%]
test/test_parsers/test_rst/test_directives/test_unicode.py .             [ 36%]
test/test_parsers/test_rst/test_directives/test_unknown.py .             [ 36%]
test/test_parsers/test_rst/test_doctest_blocks.py .                      [ 36%]
test/test_parsers/test_rst/test_east_asian_text.py .                     [ 37%]
test/test_parsers/test_rst/test_enumerated_lists.py .                    [ 37%]
test/test_parsers/test_rst/test_field_lists.py .                         [ 37%]
test/test_parsers/test_rst/test_footnotes.py .                           [ 37%]
test/test_parsers/test_rst/test_inline_markup.py .                       [ 38%]
test/test_parsers/test_rst/test_interpreted.py .                         [ 38%]
test/test_parsers/test_rst/test_interpreted_fr.py .                      [ 38%]
test/test_parsers/test_rst/test_line_blocks.py .                         [ 38%]
test/test_parsers/test_rst/test_line_length_limit.py .                   [ 39%]
test/test_parsers/test_rst/test_line_length_limit_default.py .           [ 39%]
test/test_parsers/test_rst/test_literal_blocks.py .                      [ 39%]
test/test_parsers/test_rst/test_misc.py .                                [ 39%]
test/test_parsers/test_rst/test_option_lists.py .                        [ 40%]
test/test_parsers/test_rst/test_outdenting.py .                          [ 40%]
test/test_parsers/test_rst/test_paragraphs.py .                          [ 40%]
test/test_parsers/test_rst/test_root_prefix.py .                         [ 40%]
test/test_parsers/test_rst/test_section_headers.py .                     [ 40%]
test/test_parsers/test_rst/test_source_line.py .                         [ 41%]
test/test_parsers/test_rst/test_substitutions.py .                       [ 41%]
test/test_parsers/test_rst/test_tables.py .                              [ 41%]
test/test_parsers/test_rst/test_targets.py .                             [ 41%]
test/test_parsers/test_rst/test_transitions.py .                         [ 42%]
test/test_pickle.py .                                                    [ 42%]
test/test_publisher.py .........                                         [ 44%]
test/test_readers/test_get_reader_class.py ...                           [ 45%]
test/test_readers/test_pep/test_inline_markup.py .                       [ 45%]
test/test_readers/test_pep/test_rfc2822.py .                             [ 45%]
test/test_settings.py ...................................                [ 54%]
test/test_statemachine.py .................                              [ 58%]
test/test_transforms/test__init__.py .                                   [ 59%]
test/test_transforms/test_class.py .                                     [ 59%]
test/test_transforms/test_contents.py .                                  [ 59%]
test/test_transforms/test_docinfo.py ...                                 [ 60%]
test/test_transforms/test_doctitle.py .                                  [ 60%]
test/test_transforms/test_expose_internals.py .                          [ 60%]
test/test_transforms/test_filter.py .                                    [ 60%]
test/test_transforms/test_filter_messages.py .                           [ 61%]
test/test_transforms/test_footnotes.py .                                 [ 61%]
test/test_transforms/test_hyperlinks.py .                                [ 61%]
test/test_transforms/test_hyperlinks_de.py .                             [ 61%]
test/test_transforms/test_messages.py .                                  [ 62%]
test/test_transforms/test_peps.py .                                      [ 62%]
test/test_transforms/test_sectnum.py .                                   [ 62%]
test/test_transforms/test_smartquotes.py .                               [ 62%]
test/test_transforms/test_strip_comments.py .                            [ 63%]
test/test_transforms/test_strip_elements_with_class.py .                 [ 63%]
test/test_transforms/test_substitution_expansion_length_limit.py .       [ 63%]
test/test_transforms/test_substitutions.py .                             [ 63%]
test/test_transforms/test_target_notes.py .                              [ 64%]
test/test_transforms/test_transitions.py .                               [ 64%]
test/test_transforms/test_writer_aux.py .                                [ 64%]
test/test_traversals.py .                                                [ 64%]
test/test_utils/test__init__.py ............................             [ 71%]
test/test_utils/test_math/test__init__.py ..                             [ 72%]
test/test_utils/test_math/test_mathml_elements.py ...................... [ 77%]
.                                                                        [ 78%]
test/test_viewlist.py ................                                   [ 81%]
test/test_writers/test_docutils_xml.py .....                             [ 83%]
test/test_writers/test_get_writer_class.py ...                           [ 83%]
test/test_writers/test_html4css1_misc.py ...............                 [ 87%]
test/test_writers/test_html4css1_parts.py .                              [ 87%]
test/test_writers/test_html4css1_template.py .                           [ 88%]
test/test_writers/test_html5_polyglot_misc.py ................           [ 92%]
test/test_writers/test_html5_polyglot_parts.py .                         [ 92%]
test/test_writers/test_html5_template.py .                               [ 92%]
test/test_writers/test_latex2e.py ..........                             [ 95%]
test/test_writers/test_latex2e_misc.py ...                               [ 95%]
test/test_writers/test_manpage.py .                                      [ 96%]
test/test_writers/test_null.py .                                         [ 96%]
test/test_writers/test_odt.py ...........                                [ 99%]
test/test_writers/test_pseudoxml.py .                                    [ 99%]
test/test_writers/test_s5.py .                                           [ 99%]
tools/test/test_buildhtml.py ..                                          [100%]

=================================== FAILURES ===================================
__________________________ ParserTestCase.test_parser __________________________

self = <test.test_parsers.test_rst.test_directives.test_code.ParserTestCase testMethod=test_parser>

    def test_parser(self):
        if not with_pygments:
            del totest['code_parsing']
    
        parser = Parser()
        settings = get_default_settings(Parser)
        settings.warning_stream = ''
        settings.report_level = 5
        for name, cases in totest.items():
            for casenum, (case_input, case_expected) in enumerate(cases):
                with self.subTest(id=f'totest[{name!r}][{casenum}]'):
                    document = new_document('test data', settings.copy())
                    parser.parse(case_input, document)
                    output = document.pformat()
>                   self.assertEqual(case_expected, output)
E                   AssertionError: '<doc[244 chars]      \n        <inline classes="name function[1305 chars] )\n' != '<doc[244 chars]     <inline classes="whitespace">\n          [1348 chars] )\n'
E                   Diff is 1714 characters long. Set self.maxDiff to None to see it.

test/test_parsers/test_rst/test_directives/test_code.py:49: AssertionError
__________________________ ParserTestCase.test_parser __________________________

self = <test.test_parsers.test_rst.test_directives.test_code_long.ParserTestCase testMethod=test_parser>

    def test_parser(self):
        parser = Parser()
        settings = get_default_settings(Parser)
        settings.warning_stream = ''
        settings.syntax_highlight = 'long'
        for name, cases in totest.items():
            for casenum, (case_input, case_expected) in enumerate(cases):
                with self.subTest(id=f'totest[{name!r}][{casenum}]'):
                    document = new_document('test data', settings.copy())
                    parser.parse(case_input, document)
                    output = document.pformat()
>                   self.assertEqual(case_expected, output)
E                   AssertionError: '<doc[196 chars]      \n        <inline classes="name function[1305 chars] )\n' != '<doc[196 chars]     <inline classes="whitespace">\n          [1348 chars] )\n'
E                   Diff is 1666 characters long. Set self.maxDiff to None to see it.

test/test_parsers/test_rst/test_directives/test_code_long.py:41: AssertionError
=========================== short test summary info ============================
FAILED test/test_parsers/test_rst/test_directives/test_code.py::ParserTestCase::test_parser
FAILED test/test_parsers/test_rst/test_directives/test_code_long.py::ParserTestCase::test_parser
================== 2 failed, 402 passed, 15 skipped in 2.60s ===================
>>> ERROR: py3-docutils: check failed
>>> ERROR: py3-docutils: rootbld failed
>>> py3-docutils: Cleaning up build chroot
