pigz: not found
>>> lld19: Building main/lld19 19.1.7-r4 (using abuild 3.14.1-r4) started Fri, 23 May 2025 17:02:07 +0000
>>> lld19: Validating /home/packager/aports/main/lld19/APKBUILD...
>>> lld19: Analyzing dependencies...
>>> lld19: Installing for build: build-base clang19 cmake compiler-rt libedit-dev libxml2-dev llvm19-dev llvm19-gtest llvm19-static llvm19-test-utils llvm-libunwind-dev patchelf samurai scudo-malloc zlib-dev gtest-dev cmd:bash
(1/43) Installing clang19-headers (19.1.4-r0)
(2/43) Installing libffi (3.4.7-r0)
(3/43) Installing xz-libs (5.6.3-r1)
(4/43) Installing libxml2 (2.13.4-r6)
(5/43) Installing llvm19-libs (19.1.4-r1)
(6/43) Installing clang19-libs (19.1.4-r0)
(7/43) Installing llvm19-linker-tools (19.1.4-r1)
(8/43) Installing clang19 (19.1.4-r0)
(9/43) Installing lz4-libs (1.10.0-r0)
(10/43) Installing libarchive (3.7.9-r0)
(11/43) Installing rhash-libs (1.4.5-r0)
(12/43) Installing libuv (1.49.2-r0)
(13/43) Installing cmake (3.31.7-r0)
(14/43) Installing compiler-rt (19.1.4-r1)
(15/43) Installing xz (5.6.3-r1)
(16/43) Installing xz-dev (5.6.3-r1)
(17/43) Installing libxml2-utils (2.13.4-r6)
(18/43) Installing libxml2-dev (2.13.4-r6)
(19/43) Installing llvm19 (19.1.4-r1)
(20/43) Installing libffi-dev (3.4.7-r0)
(21/43) Installing zstd (1.5.7-r0)
(22/43) Installing zstd-dev (1.5.7-r0)
(23/43) Installing gdbm (1.24-r0)
(24/43) Installing mpdecimal (4.0.0-r0)
(25/43) Installing sqlite-libs (3.49.2-r0)
(26/43) Installing python3 (3.12.10-r1)
(27/43) Installing python3-pycache-pyc0 (3.12.10-r1)
(28/43) Installing pyc (3.12.10-r1)
(29/43) Installing llvm19-test-utils-pyc (19.1.4-r1)
(30/43) Installing python3-pyc (3.12.10-r1)
(31/43) Installing llvm19-test-utils (19.1.4-r1)
(32/43) Installing llvm19-dev (19.1.4-r1)
(33/43) Installing llvm19-gtest (19.1.4-r1)
(34/43) Installing llvm19-static (19.1.4-r1)
(35/43) Installing llvm-libunwind (19.1.4-r1)
(36/43) Installing llvm-libunwind-dev (19.1.4-r1)
(37/43) Installing patchelf (0.18.0-r3)
(38/43) Installing samurai (1.2-r6)
(39/43) Installing scudo-malloc (20.1.3-r0)
(40/43) Installing gtest (1.16.0-r0)
(41/43) Installing gmock (1.16.0-r0)
(42/43) Installing gtest-dev (1.16.0-r0)
(43/43) Installing .makedepends-lld19 (20250523.170209)
Executing busybox-1.37.0-r12.trigger
OK: 1478 MiB in 175 packages
>>> lld19: Cleaning up srcdir
>>> lld19: Cleaning up pkgdir
>>> lld19: Cleaning up tmpdir
>>> lld19: Fetching https://github.com/llvm/llvm-project/releases/download/llvmorg-19.1.7/lld-19.1.7.src.tar.xz
Connecting to github.com (140.82.121.4:443)
Connecting to objects.githubusercontent.com (185.199.109.133:443)
saving to '/var/cache/distfiles/lld-19.1.7.src.tar.xz.part'
lld-19.1.7.src.tar.x 100% |********************************| 1606k  0:00:00 ETA
'/var/cache/distfiles/lld-19.1.7.src.tar.xz.part' saved
>>> lld19: Fetching https://github.com/llvm/llvm-project/releases/download/llvmorg-19.1.7/cmake-19.1.7.src.tar.xz
>>> lld19: Fetching https://github.com/llvm/llvm-project/releases/download/llvmorg-19.1.7/lld-19.1.7.src.tar.xz
>>> lld19: Fetching https://github.com/llvm/llvm-project/releases/download/llvmorg-19.1.7/cmake-19.1.7.src.tar.xz
>>> lld19: Checking sha512sums...
lld-19.1.7.src.tar.xz: OK
cmake-19.1.7.src.tar.xz: OK
>>> lld19: Unpacking /var/cache/distfiles/lld-19.1.7.src.tar.xz...
>>> lld19: Unpacking /var/cache/distfiles/cmake-19.1.7.src.tar.xz...
-- The C compiler identification is Clang 19.1.4
-- The CXX compiler identification is Clang 19.1.4
-- Detecting C compiler ABI info
-- Detecting C compiler ABI info - failed
-- Check for working C compiler: /usr/bin/clang-19
-- Check for working C compiler: /usr/bin/clang-19 - broken
CMake Error at /usr/share/cmake/Modules/CMakeTestCCompiler.cmake:67 (message):
  The C compiler

    "/usr/bin/clang-19"

  is not able to compile a simple test program.

  It fails with the following output:

    Change Dir: '/home/packager/aports/main/lld19/src/lld-19.1.7.src/build/CMakeFiles/CMakeScratch/TryCompile-CNjbak'
    
    Run Build Command(s): /usr/bin/ninja -v cmTC_5165a
    [1/2] /usr/bin/clang-19   -Os -fstack-clash-protection -Wformat -Werror=format-security -fno-plt -g -O2 -DNDEBUG -g1 -MD -MT CMakeFiles/cmTC_5165a.dir/testCCompiler.c.o -MF CMakeFiles/cmTC_5165a.dir/testCCompiler.c.o.d -o CMakeFiles/cmTC_5165a.dir/testCCompiler.c.o -c /home/packager/aports/main/lld19/src/lld-19.1.7.src/build/CMakeFiles/CMakeScratch/TryCompile-CNjbak/testCCompiler.c
    [2/2] : && /usr/bin/clang-19 -Os -fstack-clash-protection -Wformat -Werror=format-security -fno-plt -g -O2 -DNDEBUG -g1 -Wl,--as-needed,-O1,--sort-common -Wl,-z,pack-relative-relocs -Wl,-z,stack-size=2097152 CMakeFiles/cmTC_5165a.dir/testCCompiler.c.o -o cmTC_5165a   && :
    ninja: job failed: : && /usr/bin/clang-19 -Os -fstack-clash-protection -Wformat -Werror=format-security -fno-plt -g -O2 -DNDEBUG -g1 -Wl,--as-needed,-O1,--sort-common -Wl,-z,pack-relative-relocs -Wl,-z,stack-size=2097152 CMakeFiles/cmTC_5165a.dir/testCCompiler.c.o -o cmTC_5165a   && :
    /usr/lib/gcc/x86_64-alpine-linux-musl/14.2.0/../../../../x86_64-alpine-linux-musl/bin/ld: cmTC_5165a: error: PHDR segment not covered by LOAD segment
    /usr/lib/gcc/x86_64-alpine-linux-musl/14.2.0/../../../../x86_64-alpine-linux-musl/bin/ld: warning: cmTC_5165a has a LOAD segment with RWX permissions
    clang-19: error: linker command failed with exit code 1 (use -v to see invocation)
    ninja: subcommand failed
    
    

  

  CMake will not be able to correctly generate this project.
Call Stack (most recent call first):
  CMakeLists.txt:13 (project)


-- Configuring incomplete, errors occurred!
>>> ERROR: lld19: build failed
>>> lld19: Uninstalling dependencies...
(1/43) Purging .makedepends-lld19 (20250523.170209)
(2/43) Purging clang19 (19.1.4-r0)
(3/43) Purging clang19-headers (19.1.4-r0)
(4/43) Purging cmake (3.31.7-r0)
(5/43) Purging compiler-rt (19.1.4-r1)
(6/43) Purging libxml2-dev (2.13.4-r6)
(7/43) Purging libxml2-utils (2.13.4-r6)
(8/43) Purging llvm19-dev (19.1.4-r1)
(9/43) Purging llvm19 (19.1.4-r1)
(10/43) Purging llvm19-linker-tools (19.1.4-r1)
(11/43) Purging libffi-dev (3.4.7-r0)
(12/43) Purging zstd-dev (1.5.7-r0)
(13/43) Purging zstd (1.5.7-r0)
(14/43) Purging llvm19-gtest (19.1.4-r1)
(15/43) Purging llvm19-static (19.1.4-r1)
(16/43) Purging llvm19-test-utils-pyc (19.1.4-r1)
(17/43) Purging llvm19-test-utils (19.1.4-r1)
(18/43) Purging python3-pyc (3.12.10-r1)
(19/43) Purging python3-pycache-pyc0 (3.12.10-r1)
(20/43) Purging pyc (3.12.10-r1)
(21/43) Purging python3 (3.12.10-r1)
(22/43) Purging llvm-libunwind-dev (19.1.4-r1)
(23/43) Purging llvm-libunwind (19.1.4-r1)
(24/43) Purging patchelf (0.18.0-r3)
(25/43) Purging samurai (1.2-r6)
(26/43) Purging scudo-malloc (20.1.3-r0)
(27/43) Purging gtest-dev (1.16.0-r0)
(28/43) Purging gmock (1.16.0-r0)
(29/43) Purging gtest (1.16.0-r0)
(30/43) Purging clang19-libs (19.1.4-r0)
(31/43) Purging gdbm (1.24-r0)
(32/43) Purging libarchive (3.7.9-r0)
(33/43) Purging libuv (1.49.2-r0)
(34/43) Purging llvm19-libs (19.1.4-r1)
(35/43) Purging lz4-libs (1.10.0-r0)
(36/43) Purging mpdecimal (4.0.0-r0)
(37/43) Purging rhash-libs (1.4.5-r0)
(38/43) Purging sqlite-libs (3.49.2-r0)
(39/43) Purging xz-dev (5.6.3-r1)
(40/43) Purging xz (5.6.3-r1)
(41/43) Purging libffi (3.4.7-r0)
(42/43) Purging libxml2 (2.13.4-r6)
(43/43) Purging xz-libs (5.6.3-r1)
Executing busybox-1.37.0-r12.trigger
OK: 564 MiB in 132 packages
