pigz: not found
>>> testdisk: Building main/testdisk 7.2-r1 (using abuild 3.14.1-r4) started Fri, 23 May 2025 15:59:21 +0000
>>> testdisk: Validating /home/packager/aports/main/testdisk/APKBUILD...
>>> testdisk: Analyzing dependencies...
>>> testdisk: Installing for build: build-base e2fsprogs-dev ntfs-3g-dev ncurses-dev zlib-dev libjpeg-turbo-dev
(1/20) Installing libeconf (0.6.3-r0)
(2/20) Installing libblkid (2.40.4-r1)
(3/20) Installing libuuid (2.40.4-r1)
(4/20) Installing libfdisk (2.40.4-r1)
(5/20) Installing sqlite-libs (3.49.2-r0)
(6/20) Installing liblastlog2 (2.40.4-r1)
(7/20) Installing libmount (2.40.4-r1)
(8/20) Installing libsmartcols (2.40.4-r1)
(9/20) Installing sqlite (3.49.2-r0)
(10/20) Installing sqlite-dev (3.49.2-r0)
(11/20) Installing util-linux-dev (2.40.4-r1)
(12/20) Installing libcom_err (1.47.1-r1)
(13/20) Installing e2fsprogs-libs (1.47.1-r1)
(14/20) Installing e2fsprogs-dev (1.47.1-r1)
(15/20) Installing ntfs-3g-libs (2022.10.3-r4)
(16/20) Installing ntfs-3g-dev (2022.10.3-r4)
(17/20) Installing libjpeg-turbo (3.1.0-r0)
(18/20) Installing libturbojpeg (3.1.0-r0)
(19/20) Installing libjpeg-turbo-dev (3.1.0-r0)
(20/20) Installing .makedepends-testdisk (20250523.155925)
Executing busybox-1.37.0-r12.trigger
OK: 572 MiB in 152 packages
>>> testdisk: Cleaning up srcdir
>>> testdisk: Cleaning up pkgdir
>>> testdisk: Cleaning up tmpdir
>>> testdisk: Fetching https://www.cgsecurity.org/testdisk-7.2.tar.bz2
Connecting to www.cgsecurity.org (193.168.50.236:443)
saving to '/var/cache/distfiles/testdisk-7.2.tar.bz2.part'
testdisk-7.2.tar.bz2 100% |********************************|  835k  0:00:00 ETA
'/var/cache/distfiles/testdisk-7.2.tar.bz2.part' saved
>>> testdisk: Fetching https://www.cgsecurity.org/testdisk-7.2.tar.bz2
>>> testdisk: Checking sha512sums...
testdisk-7.2.tar.bz2: OK
implicit-basename-declaration.patch: OK
>>> testdisk: Unpacking /var/cache/distfiles/testdisk-7.2.tar.bz2...
>>> testdisk: implicit-basename-declaration.patch
patching file src/hdaccess.c
checking build system type... x86_64-alpine-linux-musl
checking host system type... x86_64-alpine-linux-musl
checking target system type... x86_64-alpine-linux-musl
checking for a BSD-compatible install... /usr/bin/install -c
checking whether build environment is sane... yes
checking for a race-free mkdir -p... /bin/mkdir -p
checking for gawk... gawk
checking whether make sets $(MAKE)... yes
checking whether make supports nested variables... yes
checking whether make supports nested variables... (cached) yes
checking for x86_64-alpine-linux-musl-gcc... gcc
checking whether the C compiler works... no
configure: error: in `/home/packager/aports/main/testdisk/src/testdisk-7.2':
configure: error: C compiler cannot create executables
See `config.log' for more details
>>> ERROR: testdisk: build failed
>>> testdisk: Uninstalling dependencies...
(1/20) Purging .makedepends-testdisk (20250523.155925)
(2/20) Purging e2fsprogs-dev (1.47.1-r1)
(3/20) Purging util-linux-dev (2.40.4-r1)
(4/20) Purging libfdisk (2.40.4-r1)
(5/20) Purging liblastlog2 (2.40.4-r1)
(6/20) Purging libmount (2.40.4-r1)
(7/20) Purging libsmartcols (2.40.4-r1)
(8/20) Purging libuuid (2.40.4-r1)
(9/20) Purging e2fsprogs-libs (1.47.1-r1)
(10/20) Purging libcom_err (1.47.1-r1)
(11/20) Purging ntfs-3g-dev (2022.10.3-r4)
(12/20) Purging ntfs-3g-libs (2022.10.3-r4)
(13/20) Purging libjpeg-turbo-dev (3.1.0-r0)
(14/20) Purging libjpeg-turbo (3.1.0-r0)
(15/20) Purging libturbojpeg (3.1.0-r0)
(16/20) Purging libblkid (2.40.4-r1)
(17/20) Purging libeconf (0.6.3-r0)
(18/20) Purging sqlite-dev (3.49.2-r0)
(19/20) Purging sqlite (3.49.2-r0)
(20/20) Purging sqlite-libs (3.49.2-r0)
Executing busybox-1.37.0-r12.trigger
OK: 564 MiB in 132 packages
