pigz: not found
>>> clang16: Building main/clang16 16.0.6-r9 (using abuild 3.14.1-r4) started Fri, 23 May 2025 17:07:12 +0000
>>> clang16: Validating /home/packager/aports/main/clang16/APKBUILD...
>>> clang16: Analyzing dependencies...
>>> clang16: Installing for build: build-base cmake help2man libxml2-dev~2.13 llvm16-dev llvm16-static llvm16-test-utils samurai python3
(1/31) Installing lz4-libs (1.10.0-r0)
(2/31) Installing xz-libs (5.6.3-r1)
(3/31) Installing libarchive (3.7.9-r0)
(4/31) Installing rhash-libs (1.4.5-r0)
(5/31) Installing libuv (1.49.2-r0)
(6/31) Installing cmake (3.31.7-r0)
(7/31) Installing xz (5.6.3-r1)
(8/31) Installing xz-dev (5.6.3-r1)
(9/31) Installing libxml2 (2.13.4-r6)
(10/31) Installing libxml2-utils (2.13.4-r6)
(11/31) Installing libxml2-dev (2.13.4-r6)
(12/31) Installing libffi (3.4.7-r0)
(13/31) Installing llvm16-libs (16.0.6-r9)
(14/31) Installing llvm16-linker-tools (16.0.6-r9)
(15/31) Installing llvm16 (16.0.6-r9)
(16/31) Installing libffi-dev (3.4.7-r0)
(17/31) Installing zstd (1.5.7-r0)
(18/31) Installing zstd-dev (1.5.7-r0)
(19/31) Installing gdbm (1.24-r0)
(20/31) Installing mpdecimal (4.0.0-r0)
(21/31) Installing sqlite-libs (3.49.2-r0)
(22/31) Installing python3 (3.12.10-r1)
(23/31) Installing python3-pycache-pyc0 (3.12.10-r1)
(24/31) Installing pyc (3.12.10-r1)
(25/31) Installing llvm16-test-utils-pyc (16.0.6-r9)
(26/31) Installing python3-pyc (3.12.10-r1)
(27/31) Installing llvm16-test-utils (16.0.6-r9)
(28/31) Installing llvm16-dev (16.0.6-r9)
(29/31) Installing llvm16-static (16.0.6-r9)
(30/31) Installing samurai (1.2-r6)
(31/31) Installing .makedepends-clang16 (20250523.170713)
Executing busybox-1.37.0-r12.trigger
OK: 1295 MiB in 163 packages
>>> clang16: Cleaning up srcdir
>>> clang16: Cleaning up pkgdir
>>> clang16: Cleaning up tmpdir
>>> clang16: Fetching https://github.com/llvm/llvm-project/releases/download/llvmorg-16.0.6/clang-16.0.6.src.tar.xz
Connecting to github.com (140.82.121.4:443)
Connecting to objects.githubusercontent.com (185.199.111.133:443)
saving to '/var/cache/distfiles/clang-16.0.6.src.tar.xz.part'
clang-16.0.6.src.tar 100% |********************************| 19.4M  0:00:00 ETA
'/var/cache/distfiles/clang-16.0.6.src.tar.xz.part' saved
>>> clang16: Fetching https://github.com/llvm/llvm-project/releases/download/llvmorg-16.0.6/clang-tools-extra-16.0.6.src.tar.xz
Connecting to github.com (140.82.121.4:443)
Connecting to objects.githubusercontent.com (185.199.109.133:443)
saving to '/var/cache/distfiles/clang-tools-extra-16.0.6.src.tar.xz.part'
clang-tools-extra-16 100% |********************************| 3078k  0:00:00 ETA
'/var/cache/distfiles/clang-tools-extra-16.0.6.src.tar.xz.part' saved
>>> clang16: Fetching https://github.com/llvm/llvm-project/releases/download/llvmorg-16.0.6/cmake-16.0.6.src.tar.xz
Connecting to github.com (140.82.121.4:443)
Connecting to objects.githubusercontent.com (185.199.108.133:443)
saving to '/var/cache/distfiles/cmake-16.0.6.src.tar.xz.part'
cmake-16.0.6.src.tar 100% |********************************|  9008  0:00:00 ETA
'/var/cache/distfiles/cmake-16.0.6.src.tar.xz.part' saved
>>> clang16: Fetching https://github.com/llvm/llvm-project/releases/download/llvmorg-16.0.6/clang-16.0.6.src.tar.xz
>>> clang16: Fetching https://github.com/llvm/llvm-project/releases/download/llvmorg-16.0.6/clang-tools-extra-16.0.6.src.tar.xz
>>> clang16: Fetching https://github.com/llvm/llvm-project/releases/download/llvmorg-16.0.6/cmake-16.0.6.src.tar.xz
>>> clang16: Checking sha512sums...
clang-16.0.6.src.tar.xz: OK
clang-tools-extra-16.0.6.src.tar.xz: OK
cmake-16.0.6.src.tar.xz: OK
10-add-musl-triples.patch: OK
30-Enable-stack-protector-by-default-for-Alpine-Linux.patch: OK
clang-default-fno-semantic-interposition.patch: OK
clang-001-fortify-include.patch: OK
clang-002-fortify-enable.patch: OK
clang-003-as-needed.patch: OK
9008-Clang-Support-more-stdio-builtins.patch: OK
9012-Call-printName-to-get-name-of-Decl.patch: OK
>>> clang16: Unpacking /var/cache/distfiles/clang-16.0.6.src.tar.xz...
>>> clang16: Unpacking /var/cache/distfiles/clang-tools-extra-16.0.6.src.tar.xz...
>>> clang16: Unpacking /var/cache/distfiles/cmake-16.0.6.src.tar.xz...
>>> clang16: 10-add-musl-triples.patch
patching file lib/Driver/ToolChains/Gnu.cpp
Hunk #1 succeeded at 2218 (offset 145 lines).
Hunk #2 succeeded at 2228 with fuzz 1 (offset 143 lines).
Hunk #3 succeeded at 2250 (offset 147 lines).
Hunk #4 succeeded at 2259 with fuzz 1 (offset 147 lines).
>>> clang16: 30-Enable-stack-protector-by-default-for-Alpine-Linux.patch
patching file lib/Driver/ToolChains/Gnu.cpp
patching file lib/Driver/ToolChains/Linux.h
Hunk #2 succeeded at 64 with fuzz 1.
patching file test/Driver/fsanitize.c
patching file test/Driver/stack-protector.c
>>> clang16: clang-default-fno-semantic-interposition.patch
patching file lib/Driver/ToolChains/Clang.cpp
Hunk #1 succeeded at 5113 (offset 41 lines).
>>> clang16: clang-001-fortify-include.patch
patching file lib/Driver/ToolChains/Linux.cpp
Hunk #1 succeeded at 627 (offset 5 lines).
>>> clang16: clang-002-fortify-enable.patch
patching file lib/Frontend/InitPreprocessor.cpp
Hunk #1 succeeded at 1301 (offset 13 lines).
>>> clang16: clang-003-as-needed.patch
patching file lib/Driver/ToolChains/Gnu.cpp
Hunk #1 succeeded at 566 (offset 6 lines).
>>> clang16: 9008-Clang-Support-more-stdio-builtins.patch
patching file include/clang/Basic/Builtins.def
patching file lib/CodeGen/CGBuiltin.cpp
patching file test/CodeGen/PowerPC/ppc64-f128-builtins.c
>>> clang16: 9012-Call-printName-to-get-name-of-Decl.patch
patching file lib/AST/Decl.cpp
patching file lib/AST/DeclarationName.cpp
patching file test/CodeGen/debug-prefix-map.cpp
-- The C compiler identification is GNU 14.2.0
-- The CXX compiler identification is GNU 14.2.0
-- Detecting C compiler ABI info
-- Detecting C compiler ABI info - failed
-- Check for working C compiler: /usr/bin/gcc
-- Check for working C compiler: /usr/bin/gcc - broken
CMake Error at /usr/share/cmake/Modules/CMakeTestCCompiler.cmake:67 (message):
  The C compiler

    "/usr/bin/gcc"

  is not able to compile a simple test program.

  It fails with the following output:

    Change Dir: '/home/packager/aports/main/clang16/src/clang-16.0.6.src/build/CMakeFiles/CMakeScratch/TryCompile-CcGDGm'
    
    Run Build Command(s): /usr/bin/ninja -v cmTC_57fe3
    [1/2] /usr/bin/gcc   -Os -fstack-clash-protection -Wformat -Werror=format-security -fno-plt -o CMakeFiles/cmTC_57fe3.dir/testCCompiler.c.o -c /home/packager/aports/main/clang16/src/clang-16.0.6.src/build/CMakeFiles/CMakeScratch/TryCompile-CcGDGm/testCCompiler.c
    [2/2] : && /usr/bin/gcc -Os -fstack-clash-protection -Wformat -Werror=format-security -fno-plt -Wl,--as-needed,-O1,--sort-common -Wl,-z,pack-relative-relocs CMakeFiles/cmTC_57fe3.dir/testCCompiler.c.o -o cmTC_57fe3   && :
    ninja: job failed: : && /usr/bin/gcc -Os -fstack-clash-protection -Wformat -Werror=format-security -fno-plt -Wl,--as-needed,-O1,--sort-common -Wl,-z,pack-relative-relocs CMakeFiles/cmTC_57fe3.dir/testCCompiler.c.o -o cmTC_57fe3   && :
    /usr/lib/gcc/x86_64-alpine-linux-musl/14.2.0/../../../../x86_64-alpine-linux-musl/bin/ld: cmTC_57fe3: error: PHDR segment not covered by LOAD segment
    /usr/lib/gcc/x86_64-alpine-linux-musl/14.2.0/../../../../x86_64-alpine-linux-musl/bin/ld: warning: cmTC_57fe3 has a LOAD segment with RWX permissions
    collect2: error: ld returned 1 exit status
    ninja: subcommand failed
    
    

  

  CMake will not be able to correctly generate this project.
Call Stack (most recent call first):
  CMakeLists.txt:12 (project)


-- Configuring incomplete, errors occurred!
>>> ERROR: clang16: build failed
>>> clang16: Uninstalling dependencies...
(1/31) Purging .makedepends-clang16 (20250523.170713)
(2/31) Purging cmake (3.31.7-r0)
(3/31) Purging libxml2-dev (2.13.4-r6)
(4/31) Purging libxml2-utils (2.13.4-r6)
(5/31) Purging llvm16-dev (16.0.6-r9)
(6/31) Purging llvm16 (16.0.6-r9)
(7/31) Purging llvm16-linker-tools (16.0.6-r9)
(8/31) Purging libffi-dev (3.4.7-r0)
(9/31) Purging zstd-dev (1.5.7-r0)
(10/31) Purging zstd (1.5.7-r0)
(11/31) Purging llvm16-libs (16.0.6-r9)
(12/31) Purging llvm16-static (16.0.6-r9)
(13/31) Purging llvm16-test-utils-pyc (16.0.6-r9)
(14/31) Purging llvm16-test-utils (16.0.6-r9)
(15/31) Purging samurai (1.2-r6)
(16/31) Purging python3-pyc (3.12.10-r1)
(17/31) Purging python3-pycache-pyc0 (3.12.10-r1)
(18/31) Purging pyc (3.12.10-r1)
(19/31) Purging python3 (3.12.10-r1)
(20/31) Purging gdbm (1.24-r0)
(21/31) Purging libarchive (3.7.9-r0)
(22/31) Purging libffi (3.4.7-r0)
(23/31) Purging libuv (1.49.2-r0)
(24/31) Purging libxml2 (2.13.4-r6)
(25/31) Purging lz4-libs (1.10.0-r0)
(26/31) Purging mpdecimal (4.0.0-r0)
(27/31) Purging rhash-libs (1.4.5-r0)
(28/31) Purging sqlite-libs (3.49.2-r0)
(29/31) Purging xz-dev (5.6.3-r1)
(30/31) Purging xz (5.6.3-r1)
(31/31) Purging xz-libs (5.6.3-r1)
Executing busybox-1.37.0-r12.trigger
OK: 564 MiB in 132 packages
