pigz: not found
>>> gpsd: Building main/gpsd 3.25-r3 (using abuild 3.14.1-r4) started Fri, 23 May 2025 19:01:21 +0000
>>> gpsd: Validating /home/packager/aports/main/gpsd/APKBUILD...
>>> gpsd: Analyzing dependencies...
>>> gpsd: Installing for build: build-base scons asciidoctor python3-dev libcap-dev ncurses-dev py3-setuptools
(1/25) Installing libffi (3.4.7-r0)
(2/25) Installing gdbm (1.24-r0)
(3/25) Installing xz-libs (5.6.3-r1)
(4/25) Installing mpdecimal (4.0.0-r0)
(5/25) Installing sqlite-libs (3.49.2-r0)
(6/25) Installing python3 (3.12.10-r1)
(7/25) Installing python3-pycache-pyc0 (3.12.10-r1)
(8/25) Installing pyc (3.12.10-r1)
(9/25) Installing scons-pyc (4.8.1-r0)
(10/25) Installing python3-pyc (3.12.10-r1)
(11/25) Installing scons (4.8.1-r0)
(12/25) Installing ca-certificates (20241121-r2)
(13/25) Installing yaml (0.2.5-r2)
(14/25) Installing ruby-libs (3.3.8-r0)
(15/25) Installing ruby (3.3.8-r0)
(16/25) Installing asciidoctor (2.0.23-r1)
(17/25) Installing python3-dev (3.12.10-r1)
(18/25) Installing libcap-dev (2.71-r0)
(19/25) Installing py3-parsing (3.2.3-r0)
(20/25) Installing py3-parsing-pyc (3.2.3-r0)
(21/25) Installing py3-packaging (25.0-r0)
(22/25) Installing py3-packaging-pyc (25.0-r0)
(23/25) Installing py3-setuptools (80.3.1-r0)
(24/25) Installing py3-setuptools-pyc (80.3.1-r0)
(25/25) Installing .makedepends-gpsd (20250523.190123)
Executing ca-certificates-20241121-r2.trigger
Executing busybox-1.37.0-r12.trigger
OK: 723 MiB in 157 packages
>>> gpsd: Cleaning up srcdir
>>> gpsd: Cleaning up pkgdir
>>> gpsd: Cleaning up tmpdir
>>> gpsd: Fetching https://download-mirror.savannah.gnu.org/releases/gpsd/gpsd-3.25.tar.gz
Connecting to download-mirror.savannah.gnu.org (209.51.188.200:443)
saving to '/var/cache/distfiles/gpsd-3.25.tar.gz.part'
gpsd-3.25.tar.gz.par   4% |*                               |  207k  0:00:23 ETA
gpsd-3.25.tar.gz.par 100% |********************************| 5102k  0:00:00 ETA
'/var/cache/distfiles/gpsd-3.25.tar.gz.part' saved
>>> gpsd: Fetching https://download-mirror.savannah.gnu.org/releases/gpsd/gpsd-3.25.tar.gz
>>> gpsd: Checking sha512sums...
gpsd-3.25.tar.gz: OK
timepps.h: OK
gpsd.initd: OK
gpsd.confd: OK
>>> gpsd: Unpacking /var/cache/distfiles/gpsd-3.25.tar.gz...
scons: Reading SConscript files ...
scons version: 4.8.1
scons is running under Python version: 3.12.10.final.0
gpsd version: 3.25
This system is: linux
cc is gcc, version 14.2.0
Checking whether the C compiler works... yes
Checking if compiler accepts -pthread... no
Checking whether the C++ compiler works... yes
Checking for C header file curses.h... yes
Checking pkg-config for ncurses... yes
Checking pkg-config for tinfo... yes
Checking pkg-config for libusb-1.0... no
Checking for C library librt... no
Checking for C library libnsl... no
Checking for C library libsocket... no
Checking for C library libm... no
Checking for C library libthr... no
Checking pkg-config for bluez... no
Turning off Bluetooth support, library not found.
Checking for C type in_port_t... no
Did not find in_port_t typedef, assuming unsigned short int
Checking whether SUN_LEN is declared... yes
Checking for C header file linux/can.h... yes
You have kernel CANbus available.
Checking if compiler is C11... no
Checking for C header file libkern/OSAtomic.h... no
No memory barriers - SHM export and time hinting may not be reliable.
Checking whether __ORDER_BIG_ENDIAN__ is declared... yes
Checking whether __ORDER_LITTLE_ENDIAN__ is declared... yes
Checking whether __BYTE_ORDER__ is declared... yes
Your compiler has built-in endianness support.
Checking for C header file arpa/inet.h... yes
Checking for C header file linux/serial.h... yes
Checking for C header file netdb.h... yes
Checking for C header file netinet/in.h... yes
Checking for C header file netinet/ip.h... yes
Checking for C header file sys/sysmacros.h... yes
Checking for C header file sys/socket.h... yes
Checking for C header file sys/un.h... yes
Checking for C header file syslog.h... yes
Checking for C header file termios.h... yes
Checking for C header file winsock2.h... no
Checking FLT_EVAL_METHOD is 0... no
WARNING: FLT_EVAL_METHOD is not 0
Checking if strerror_r() returns int... yes
Checking time_t is 8 bytes... yes
Checking for C function cfmakeraw()... no
Checking for C function clock_gettime()... no
Checking for C function daemon()... no
Checking for C function fcntl()... no
Checking for C function fork()... no
Checking for C function getopt_long()... no
Checking for C function gmtime_r()... no
Checking for C function inet_ntop()... no
Checking for C function strlcat()... no
Checking for C function strlcpy()... no
Checking for C function strnlen()... no
Checking for C function strptime()... no
Checking for C header file sys/timepps.h... yes
Checking whether TIOCMIWAIT is declared... yes
Build of man and HTML documentation enabled.
Checking pkg-config for QtNetwork... no
Turning off Qt support, library not found.
Checking if compiler accepts -Wall... no
Checking if compiler accepts -Wextra... no
Checking if compiler accepts --disable-excess-fp-precision... no
Checking if compiler accepts -fexcess-precision=standard... no
Checking if compiler accepts -Wcast-align... no
Checking if compiler accepts -Wcast-qual... no
Checking if compiler accepts -Wimplicit-fallthrough... no
Checking if compiler accepts -Wmissing-declarations... no
Checking if compiler accepts -Wmissing-prototypes... no
Checking if compiler accepts -Wno-missing-field-initializers... no
Checking if compiler accepts -Wno-uninitialized... no
Checking if compiler accepts -Wpointer-arith... no
Checking if compiler accepts -Wreturn-type... no
Checking if compiler accepts -Wstrict-prototypes... no
Checking if compiler accepts -Wundef... no
Checking if compiler accepts -Wvla... no
Checking whether canplayer program exists...no
Checking whether coverage program exists...no
Checking whether cppcheck program exists...no
Checking whether dia program exists...no
Checking whether flake8 program exists...no
Checking whether pycodestyle program exists...no
Checking whether pylint program exists...no
Checking whether scan-build program exists...no
Checking whether smilint program exists...no
Checking whether tar program exists.../usr/bin/tar
Checking whether valgrind program exists...no
Program canplayer not found -- skipping NMEA 2000 tests
Program coverage not found -- skipping Python coverage
Program cppcheck not found -- skipping cppcheck checks
Program dia not found -- not rebuiding cycle.svg.
Program flake8 not found -- skipping flake8 checks
Program pycodestyle not found -- skipping pycodestyle checks
Program pylint not found -- skipping pylint checks
Program scan-build not found -- skipping scan-build checks
Program smilint not found -- skipping MIB checks
Program valgrind not found -- skipping valgrind checks
Checking whether python3 program exists.../usr/bin/python3
Checking Python lib dir... /usr/lib/python3.12/site-packages
System PYTHONPATH is empty
Ensure your PYTHONPATH includes /usr/local/lib/python3.12/site-packages/
Checking Python config vars... ok
Checking Python target version... 3.12
Checking Python module serial (pyserial)... 
WARNING: ubxtool and zerk are missing optional runtime module serial
Checking Python module cairo (pycairo)... 
WARNING: Python module cairo (pycairo) not found.
Checking Python module gi (pygobject)... 
WARNING: Python module gi (pygobject) not found.
Checking pkg-config for gtk+-3.0... no
WARNING: gtk+-3.0 not found.
WARNING: xgps and xgpsspeed are missing runtime dependencies
Checking Python module matplotlib... 
WARNING: gpsplot is missing required runtime module matplotlib
Altered configuration variables:
dbus_export = False (default True): enable DBUS export support
bluez = False (default True): BlueZ support for Bluetooth devices
qt = False (default True): build Qt bindings
manbuild = 1 (default auto): build help in man and HTML formats.  No/Auto/Yes.
prefix = /usr (default /usr/local): installation directory prefix
python_shebang = /usr/bin/python3 (default /usr/bin/env python): Python shebang
target_python = python3 (default python): target Python version as command
NMEA2000 regression tests suppressed because rtcm104v2 is off or canplayer is missing.
scons: done reading SConscript files.
scons: Building targets ...
Creating 'gpsd-3.25/android/gpsd_config'
chmod -w gpsd-3.25/android/gpsd_config
Creating 'gpsd-3.25/gps/gps.py'
chmod -w gpsd-3.25/gps/gps.py
PylibLink(["gpsd-3.25/clients/gps"], [])
chmod +x gpsd-3.25/gps/gps.py
Creating 'gpsd-3.25/include/gpsd_config.h'
Creating 'gpsd-3.25/gps/__init__.py'
chmod -w gpsd-3.25/gps/__init__.py
gcc -o gpsd-3.25/gpsd/crc24q.os -c -Os -fstack-clash-protection -Wformat -Werror=format-security -fno-plt -O2 -fPIC -D_GLIBCXX_ASSERTIONS=1 -D_LIBCPP_ENABLE_THREAD_SAFETY_ANNOTATIONS=1 -D_LIBCPP_ENABLE_HARDENED_MODE=1 -I. gpsd-3.25/gpsd/crc24q.c
chmod +x gpsd-3.25/gps/__init__.py
gcc -o gpsd-3.25/drivers/driver_greis_checksum.os -c -Os -fstack-clash-protection -Wformat -Werror=format-security -fno-plt -O2 -fPIC -D_GLIBCXX_ASSERTIONS=1 -D_LIBCPP_ENABLE_THREAD_SAFETY_ANNOTATIONS=1 -D_LIBCPP_ENABLE_HARDENED_MODE=1 -I. gpsd-3.25/drivers/driver_greis_checksum.c
gcc -o gpsd-3.25/drivers/driver_rtcm2.os -c -Os -fstack-clash-protection -Wformat -Werror=format-security -fno-plt -O2 -fPIC -D_GLIBCXX_ASSERTIONS=1 -D_LIBCPP_ENABLE_THREAD_SAFETY_ANNOTATIONS=1 -D_LIBCPP_ENABLE_HARDENED_MODE=1 -I. gpsd-3.25/drivers/driver_rtcm2.c
Creating 'gpsd-3.25/clients/gegps'
gcc -o gpsd-3.25/libgps/gpspacket.os -c -Os -fstack-clash-protection -Wformat -Werror=format-security -fno-plt -O2 -fPIC -D_GLIBCXX_ASSERTIONS=1 -D_LIBCPP_ENABLE_THREAD_SAFETY_ANNOTATIONS=1 -D_LIBCPP_ENABLE_HARDENED_MODE=1 -I. gpsd-3.25/libgps/gpspacket.c
gcc -o gpsd-3.25/gpsd/isgps.os -c -Os -fstack-clash-protection -Wformat -Werror=format-security -fno-plt -O2 -fPIC -D_GLIBCXX_ASSERTIONS=1 -D_LIBCPP_ENABLE_THREAD_SAFETY_ANNOTATIONS=1 -D_LIBCPP_ENABLE_HARDENED_MODE=1 -I. gpsd-3.25/gpsd/isgps.c
chmod -w gpsd-3.25/clients/gegps
chmod +x gpsd-3.25/clients/gegps
gcc -o gpsd-3.25/libgps/hex.os -c -Os -fstack-clash-protection -Wformat -Werror=format-security -fno-plt -O2 -fPIC -D_GLIBCXX_ASSERTIONS=1 -D_LIBCPP_ENABLE_THREAD_SAFETY_ANNOTATIONS=1 -D_LIBCPP_ENABLE_HARDENED_MODE=1 -I. gpsd-3.25/libgps/hex.c
gcc -o gpsd-3.25/libgps/os_compat.os -c -Os -fstack-clash-protection -Wformat -Werror=format-security -fno-plt -O2 -fPIC -D_GLIBCXX_ASSERTIONS=1 -D_LIBCPP_ENABLE_THREAD_SAFETY_ANNOTATIONS=1 -D_LIBCPP_ENABLE_HARDENED_MODE=1 -I. gpsd-3.25/libgps/os_compat.c
In file included from gpsd-3.25/drivers/../include/gpsd.h:36,
                 from gpsd-3.25/drivers/driver_rtcm2.c:65:
gpsd-3.25/drivers/../include/os_compat.h:40:8: error: redefinition of 'struct timespec'
   40 | struct timespec {
      |        ^~~~~~~~
In file included from /usr/include/sys/select.h:16,
                 from /usr/include/fortify/sys/select.h:23,
                 from gpsd-3.25/drivers/../include/gpsd.h:31:
/usr/include/bits/alltypes.h:229:8: note: originally defined here
  229 | struct timespec { time_t tv_sec; int :8*(sizeof(time_t)-sizeof(long))*(__BYTE_ORDER==4321); long tv_nsec; int :8*(sizeof(time_t)-sizeof(long))*(__BYTE_ORDER!=4321); };
      |        ^~~~~~~~
gpsd-3.25/drivers/../include/os_compat.h:48:5: error: conflicting types for 'clock_gettime'; have 'int(clockid_t,  struct timespec *)' {aka 'int(int,  struct timespec *)'}
   48 | int clock_gettime(clockid_t, struct timespec *);
      |     ^~~~~~~~~~~~~
In file included from gpsd-3.25/drivers/../include/gpsd.h:33:
/usr/include/time.h:104:5: note: previous declaration of 'clock_gettime' with type 'int(clockid_t,  struct timespec *)' {aka 'int(int,  struct timespec *)'}
  104 | int clock_gettime (clockid_t, struct timespec *);
      |     ^~~~~~~~~~~~~
Creating 'gpsd-3.25/clients/gpscsv'
Creating 'gpsd-3.25/clients/gpsd.php'
chmod -w gpsd-3.25/clients/gpsd.php
chmod -w gpsd-3.25/clients/gpscsv
rm -f gpsd-3.25/include/packet_names.h && sed -e '/^ *\([A-Z][A-Z0-9_]*\),/s// "\1",/' < gpsd-3.25/include/packet_states.h > gpsd-3.25/include/packet_names.h && chmod a-w gpsd-3.25/include/packet_names.h
In file included from gpsd-3.25/libgps/os_compat.c:18:
gpsd-3.25/libgps/../include/os_compat.h:40:8: error: redefinition of 'struct timespec'
   40 | struct timespec {
      |        ^~~~~~~~
In file included from /usr/include/time.h:33,
                 from gpsd-3.25/libgps/../include/os_compat.h:23:
/usr/include/bits/alltypes.h:229:8: note: originally defined here
  229 | struct timespec { time_t tv_sec; int :8*(sizeof(time_t)-sizeof(long))*(__BYTE_ORDER==4321); long tv_nsec; int :8*(sizeof(time_t)-sizeof(long))*(__BYTE_ORDER!=4321); };
      |        ^~~~~~~~
gpsd-3.25/libgps/../include/os_compat.h:48:5: error: conflicting types for 'clock_gettime'; have 'int(clockid_t,  struct timespec *)' {aka 'int(int,  struct timespec *)'}
   48 | int clock_gettime(clockid_t, struct timespec *);
      |     ^~~~~~~~~~~~~
/usr/include/time.h:104:5: note: previous declaration of 'clock_gettime' with type 'int(clockid_t,  struct timespec *)' {aka 'int(int,  struct timespec *)'}
  104 | int clock_gettime (clockid_t, struct timespec *);
      |     ^~~~~~~~~~~~~
gpsd-3.25/libgps/os_compat.c:38:5: error: conflicting types for 'clock_gettime'; have 'int(clockid_t,  struct timespec *)' {aka 'int(int,  struct timespec *)'}
   38 | int clock_gettime(clockid_t clk_id, struct timespec *ts)
      |     ^~~~~~~~~~~~~
/usr/include/time.h:104:5: note: previous declaration of 'clock_gettime' with type 'int(clockid_t,  struct timespec *)' {aka 'int(int,  struct timespec *)'}
  104 | int clock_gettime (clockid_t, struct timespec *);
      |     ^~~~~~~~~~~~~
chmod +x gpsd-3.25/clients/gpscsv
In file included from gpsd-3.25/gpsd/../include/gpsd.h:36,
                 from gpsd-3.25/gpsd/isgps.c:67:
gpsd-3.25/gpsd/../include/os_compat.h:40:8: error: redefinition of 'struct timespec'
   40 | struct timespec {
      |        ^~~~~~~~
In file included from /usr/include/sys/select.h:16,
                 from /usr/include/fortify/sys/select.h:23,
                 from gpsd-3.25/gpsd/../include/gpsd.h:31:
/usr/include/bits/alltypes.h:229:8: note: originally defined here
  229 | struct timespec { time_t tv_sec; int :8*(sizeof(time_t)-sizeof(long))*(__BYTE_ORDER==4321); long tv_nsec; int :8*(sizeof(time_t)-sizeof(long))*(__BYTE_ORDER!=4321); };
      |        ^~~~~~~~
gpsd-3.25/gpsd/../include/os_compat.h:48:5: error: conflicting types for 'clock_gettime'; have 'int(clockid_t,  struct timespec *)' {aka 'int(int,  struct timespec *)'}
   48 | int clock_gettime(clockid_t, struct timespec *);
      |     ^~~~~~~~~~~~~
In file included from gpsd-3.25/gpsd/../include/gpsd.h:33:
/usr/include/time.h:104:5: note: previous declaration of 'clock_gettime' with type 'int(clockid_t,  struct timespec *)' {aka 'int(int,  struct timespec *)'}
  104 | int clock_gettime (clockid_t, struct timespec *);
      |     ^~~~~~~~~~~~~
Creating 'gpsd-3.25/clients/gpsplot'
chmod -w gpsd-3.25/clients/gpsplot
scons: *** [gpsd-3.25/drivers/driver_rtcm2.os] Error 1
scons: *** [gpsd-3.25/libgps/os_compat.os] Error 1
chmod +x gpsd-3.25/clients/gpsplot
scons: *** [gpsd-3.25/gpsd/isgps.os] Error 1
In file included from gpsd-3.25/libgps/../include/gpsd.h:36,
                 from gpsd-3.25/libgps/gpspacket.c:19:
gpsd-3.25/libgps/../include/os_compat.h:40:8: error: redefinition of 'struct timespec'
   40 | struct timespec {
      |        ^~~~~~~~
In file included from /usr/include/sys/select.h:16,
                 from /usr/include/fortify/sys/select.h:23,
                 from /usr/include/sys/types.h:71,
                 from gpsd-3.25/libgps/gpspacket.c:15:
/usr/include/bits/alltypes.h:229:8: note: originally defined here
  229 | struct timespec { time_t tv_sec; int :8*(sizeof(time_t)-sizeof(long))*(__BYTE_ORDER==4321); long tv_nsec; int :8*(sizeof(time_t)-sizeof(long))*(__BYTE_ORDER!=4321); };
      |        ^~~~~~~~
gpsd-3.25/libgps/../include/os_compat.h:48:5: error: conflicting types for 'clock_gettime'; have 'int(clockid_t,  struct timespec *)' {aka 'int(int,  struct timespec *)'}
   48 | int clock_gettime(clockid_t, struct timespec *);
      |     ^~~~~~~~~~~~~
In file included from /usr/include/pthread.h:31,
                 from gpsd-3.25/libgps/../include/gps.h:15,
                 from gpsd-3.25/libgps/gpspacket.c:18:
/usr/include/time.h:104:5: note: previous declaration of 'clock_gettime' with type 'int(clockid_t,  struct timespec *)' {aka 'int(int,  struct timespec *)'}
  104 | int clock_gettime (clockid_t, struct timespec *);
      |     ^~~~~~~~~~~~~
In file included from gpsd-3.25/libgps/../include/gpsd.h:36,
                 from gpsd-3.25/libgps/hex.c:12:
gpsd-3.25/libgps/../include/os_compat.h:40:8: error: redefinition of 'struct timespec'
   40 | struct timespec {
      |        ^~~~~~~~
In file included from /usr/include/sys/select.h:16,
                 from /usr/include/fortify/sys/select.h:23,
                 from gpsd-3.25/libgps/../include/gpsd.h:31:
/usr/include/bits/alltypes.h:229:8: note: originally defined here
  229 | struct timespec { time_t tv_sec; int :8*(sizeof(time_t)-sizeof(long))*(__BYTE_ORDER==4321); long tv_nsec; int :8*(sizeof(time_t)-sizeof(long))*(__BYTE_ORDER!=4321); };
      |        ^~~~~~~~
gpsd-3.25/libgps/../include/os_compat.h:48:5: error: conflicting types for 'clock_gettime'; have 'int(clockid_t,  struct timespec *)' {aka 'int(int,  struct timespec *)'}
   48 | int clock_gettime(clockid_t, struct timespec *);
      |     ^~~~~~~~~~~~~
In file included from gpsd-3.25/libgps/../include/gpsd.h:33:
/usr/include/time.h:104:5: note: previous declaration of 'clock_gettime' with type 'int(clockid_t,  struct timespec *)' {aka 'int(int,  struct timespec *)'}
  104 | int clock_gettime (clockid_t, struct timespec *);
      |     ^~~~~~~~~~~~~
scons: *** [gpsd-3.25/libgps/gpspacket.os] Error 1
scons: *** [gpsd-3.25/libgps/hex.os] Error 1
scons: building terminated because of errors.
WARNING: gpsplot is missing required runtime module matplotlib
WARNING: xgps and xgpsspeed are missing runtime dependencies
WARNING: ubxtool and zerk are missing optional runtime module serial
Ensure your PYTHONPATH includes /usr/local/lib/python3.12/site-packages/
>>> ERROR: gpsd: build failed
>>> gpsd: Uninstalling dependencies...
(1/25) Purging .makedepends-gpsd (20250523.190123)
(2/25) Purging scons-pyc (4.8.1-r0)
(3/25) Purging scons (4.8.1-r0)
(4/25) Purging asciidoctor (2.0.23-r1)
(5/25) Purging ruby (3.3.8-r0)
(6/25) Purging ca-certificates (20241121-r2)
Executing ca-certificates-20241121-r2.post-deinstall
(7/25) Purging python3-dev (3.12.10-r1)
(8/25) Purging libcap-dev (2.71-r0)
(9/25) Purging py3-setuptools-pyc (80.3.1-r0)
(10/25) Purging py3-setuptools (80.3.1-r0)
(11/25) Purging py3-packaging-pyc (25.0-r0)
(12/25) Purging py3-packaging (25.0-r0)
(13/25) Purging py3-parsing-pyc (3.2.3-r0)
(14/25) Purging py3-parsing (3.2.3-r0)
(15/25) Purging python3-pyc (3.12.10-r1)
(16/25) Purging python3-pycache-pyc0 (3.12.10-r1)
(17/25) Purging pyc (3.12.10-r1)
(18/25) Purging python3 (3.12.10-r1)
(19/25) Purging gdbm (1.24-r0)
(20/25) Purging mpdecimal (4.0.0-r0)
(21/25) Purging ruby-libs (3.3.8-r0)
(22/25) Purging sqlite-libs (3.49.2-r0)
(23/25) Purging xz-libs (5.6.3-r1)
(24/25) Purging yaml (0.2.5-r2)
(25/25) Purging libffi (3.4.7-r0)
Executing busybox-1.37.0-r12.trigger
OK: 564 MiB in 132 packages
