pigz: not found
>>> audit: Building main/audit 4.0.3-r0 (using abuild 3.14.1-r4) started Fri, 23 May 2025 17:20:11 +0000
>>> audit: Validating /home/packager/aports/main/audit/APKBUILD...
>>> audit: Analyzing dependencies...
>>> audit: Installing for build: build-base linux-headers autoconf automake libcap-ng-dev libtool python3 swig
(1/18) Installing libcap-ng (0.8.5-r0)
(2/18) Installing libcap-ng-dev (0.8.5-r0)
(3/18) Installing libltdl (2.4.7-r3)
(4/18) Installing libtool (2.4.7-r3)
(5/18) Installing libffi (3.4.7-r0)
(6/18) Installing gdbm (1.24-r0)
(7/18) Installing xz-libs (5.6.3-r1)
(8/18) Installing mpdecimal (4.0.0-r0)
(9/18) Installing sqlite-libs (3.49.2-r0)
(10/18) Installing python3 (3.12.10-r1)
(11/18) Installing python3-pycache-pyc0 (3.12.10-r1)
(12/18) Installing pyc (3.12.10-r1)
(13/18) Installing python3-pyc (3.12.10-r1)
(14/18) Installing gc (8.2.8-r0)
(15/18) Installing guile-libs (3.0.9-r1)
(16/18) Installing guile (3.0.9-r1)
(17/18) Installing swig (4.3.0-r0)
(18/18) Installing .makedepends-audit (20250523.172013)
Executing busybox-1.37.0-r12.trigger
OK: 658 MiB in 150 packages
>>> audit: Cleaning up srcdir
>>> audit: Cleaning up pkgdir
>>> audit: Cleaning up tmpdir
>>> audit: Fetching https://github.com/linux-audit/audit-userspace/archive/v4.0.3/audit-4.0.3.tar.gz
Connecting to github.com (140.82.121.3:443)
Connecting to codeload.github.com (140.82.121.9:443)
saving to '/var/cache/distfiles/audit-4.0.3.tar.gz.part'
audit-4.0.3.tar.gz.p 100% |********************************|  590k  0:00:00 ETA
'/var/cache/distfiles/audit-4.0.3.tar.gz.part' saved
>>> audit: Fetching https://github.com/linux-audit/audit-userspace/archive/v4.0.3/audit-4.0.3.tar.gz
>>> audit: Checking sha512sums...
audit-4.0.3.tar.gz: OK
0003-all-get-rid-of-strndupa.patch: OK
usr-paths.patch: OK
test-uid-42.patch: OK
auditd.initd: OK
auditd.confd: OK
>>> audit: Unpacking /var/cache/distfiles/audit-4.0.3.tar.gz...
>>> audit: 0003-all-get-rid-of-strndupa.patch
patching file auparse/auparse.c
Hunk #1 succeeded at 1225 (offset 123 lines).
patching file src/ausearch-lol.c
Hunk #1 succeeded at 181 (offset 46 lines).
>>> audit: usr-paths.patch
patching file audisp/plugins/remote/au-remote.conf
patching file audisp/plugins/syslog/syslog.conf
>>> audit: test-uid-42.patch
patching file auparse/test/auparse_test.ref
+ autoreconf -fv --install
autoreconf: export WARNINGS=
autoreconf: Entering directory '.'
autoreconf: configure.ac: not using Gettext
autoreconf: running: aclocal --force 
autoreconf: configure.ac: tracing
autoreconf: running: libtoolize --copy --force
libtoolize: putting auxiliary files in '.'.
libtoolize: copying file './ltmain.sh'
libtoolize: putting macros in AC_CONFIG_MACRO_DIRS, 'm4'.
libtoolize: copying file 'm4/libtool.m4'
libtoolize: copying file 'm4/ltoptions.m4'
libtoolize: copying file 'm4/ltsugar.m4'
libtoolize: copying file 'm4/ltversion.m4'
libtoolize: copying file 'm4/lt~obsolete.m4'
libtoolize: Consider adding '-I m4' to ACLOCAL_AMFLAGS in Makefile.am.
autoreconf: configure.ac: not using Intltool
autoreconf: configure.ac: not using Gtkdoc
autoreconf: running: aclocal --force 
autoreconf: running: /usr/bin/autoconf --force
autoreconf: running: /usr/bin/autoheader --force
autoreconf: running: automake --add-missing --copy --force-missing
configure.ac:42: installing './compile'
configure.ac:40: installing './config.guess'
configure.ac:40: installing './config.sub'
configure.ac:41: installing './install-sh'
configure.ac:41: installing './missing'
Makefile.am: installing './INSTALL'
audisp/Makefile.am: installing './depcomp'
parallel-tests: installing './test-driver'
bindings/swig/python3/Makefile.am:29: installing './py-compile'
bindings/swig/src/Makefile.am:25: warning: variable 'SWIG_SOURCES' is defined but no program or
bindings/swig/src/Makefile.am:25: library has 'SWIG' as canonical name (possible typo)
init.d/Makefile.am:42: warning: '%'-style pattern rules are a GNU make extension
autoreconf: Leaving directory '.'
+ cp INSTALL.tmp INSTALL
Configuring auditd
checking build system type... x86_64-alpine-linux-musl
checking host system type... x86_64-alpine-linux-musl
checking target system type... x86_64-alpine-linux-musl
checking for a BSD-compatible install... /usr/bin/install -c
checking whether sleep supports fractional seconds... yes
checking filesystem timestamp resolution... 0.01
checking whether build environment is sane... yes
checking for a race-free mkdir -p... /bin/mkdir -p
checking for gawk... gawk
checking whether make sets $(MAKE)... yes
checking whether make supports nested variables... yes
checking xargs -n works... yes
checking how to print strings... printf
checking whether make supports the include directive... yes (GNU style)
checking for x86_64-alpine-linux-musl-gcc... gcc
checking whether the C compiler works... no
configure: error: in '/home/packager/aports/main/audit/src/audit-userspace-4.0.3':
configure: error: C compiler cannot create executables
See 'config.log' for more details
>>> ERROR: audit: build failed
>>> audit: Uninstalling dependencies...
(1/18) Purging .makedepends-audit (20250523.172013)
(2/18) Purging libcap-ng-dev (0.8.5-r0)
(3/18) Purging libcap-ng (0.8.5-r0)
(4/18) Purging libtool (2.4.7-r3)
(5/18) Purging libltdl (2.4.7-r3)
(6/18) Purging python3-pyc (3.12.10-r1)
(7/18) Purging python3-pycache-pyc0 (3.12.10-r1)
(8/18) Purging pyc (3.12.10-r1)
(9/18) Purging python3 (3.12.10-r1)
(10/18) Purging swig (4.3.0-r0)
(11/18) Purging guile (3.0.9-r1)
(12/18) Purging gdbm (1.24-r0)
(13/18) Purging guile-libs (3.0.9-r1)
(14/18) Purging libffi (3.4.7-r0)
(15/18) Purging mpdecimal (4.0.0-r0)
(16/18) Purging sqlite-libs (3.49.2-r0)
(17/18) Purging xz-libs (5.6.3-r1)
(18/18) Purging gc (8.2.8-r0)
Executing busybox-1.37.0-r12.trigger
OK: 564 MiB in 132 packages
