pigz: not found
>>> guile: Building main/guile 3.0.9-r1 (using abuild 3.14.1-r4) started Fri, 23 May 2025 16:08:33 +0000
>>> guile: Validating /home/packager/aports/main/guile/APKBUILD...
>>> guile: Analyzing dependencies...
>>> guile: Installing for build: build-base gc-dev gmp-dev libffi-dev libtool libunistring-dev ncurses-dev readline-dev texinfo
(1/9) Installing gc (8.2.8-r0)
(2/9) Installing libgc++ (8.2.8-r0)
(3/9) Installing gc-dev (8.2.8-r0)
(4/9) Installing libffi (3.4.7-r0)
(5/9) Installing libffi-dev (3.4.7-r0)
(6/9) Installing libltdl (2.4.7-r3)
(7/9) Installing libtool (2.4.7-r3)
(8/9) Installing libunistring-dev (1.3-r0)
(9/9) Installing .makedepends-guile (20250523.160836)
Executing busybox-1.37.0-r12.trigger
OK: 568 MiB in 141 packages
>>> guile: Cleaning up srcdir
>>> guile: Cleaning up pkgdir
>>> guile: Cleaning up tmpdir
>>> guile: Fetching https://ftp.gnu.org/gnu/guile/guile-3.0.9.tar.gz
Connecting to ftp.gnu.org (209.51.188.20:443)
saving to '/var/cache/distfiles/guile-3.0.9.tar.gz.part'
guile-3.0.9.tar.gz.p   0% |                                | 39474  0:04:05 ETA
guile-3.0.9.tar.gz.p  37% |************                    | 3601k  0:00:03 ETA
guile-3.0.9.tar.gz.p  58% |******************              | 5538k  0:00:02 ETA
guile-3.0.9.tar.gz.p  73% |***********************         | 7015k  0:00:01 ETA
guile-3.0.9.tar.gz.p  87% |***************************     | 8304k  0:00:00 ETA
guile-3.0.9.tar.gz.p 100% |********************************| 9506k  0:00:00 ETA
'/var/cache/distfiles/guile-3.0.9.tar.gz.part' saved
>>> guile: Fetching https://ftp.gnu.org/gnu/guile/guile-3.0.9.tar.gz
>>> guile: Checking sha512sums...
guile-3.0.9.tar.gz: OK
0002-Mark-mutex-with-owner-not-retained-threads-test-as-u.patch: OK
failing-encoding-test.patch: OK
failing-filesys-test.patch: OK
gcc14.patch: OK
>>> guile: Unpacking /var/cache/distfiles/guile-3.0.9.tar.gz...
>>> guile: 0002-Mark-mutex-with-owner-not-retained-threads-test-as-u.patch
patching file test-suite/tests/threads.test
>>> guile: failing-encoding-test.patch
patching file test-suite/tests/reader.test
>>> guile: failing-filesys-test.patch
patching file test-suite/tests/filesys.test
>>> guile: gcc14.patch
patching file libguile/filesys.c
checking build system type... x86_64-alpine-linux-musl
checking host system type... x86_64-alpine-linux-musl
checking target system type... x86_64-alpine-linux-musl
checking for a BSD-compatible install... /usr/bin/install -c
checking whether build environment is sane... yes
checking for a race-free mkdir -p... /bin/mkdir -p
checking for gawk... gawk
checking whether make sets $(MAKE)... yes
checking whether make supports nested variables... yes
checking whether make supports nested variables... (cached) yes
checking for x86_64-alpine-linux-musl-gcc... gcc
checking whether the C compiler works... no
configure: error: in `/home/packager/aports/main/guile/src/guile-3.0.9':
configure: error: C compiler cannot create executables
See `config.log' for more details
>>> ERROR: guile: build failed
>>> guile: Uninstalling dependencies...
(1/9) Purging .makedepends-guile (20250523.160836)
(2/9) Purging gc-dev (8.2.8-r0)
(3/9) Purging libgc++ (8.2.8-r0)
(4/9) Purging libffi-dev (3.4.7-r0)
(5/9) Purging libffi (3.4.7-r0)
(6/9) Purging libtool (2.4.7-r3)
(7/9) Purging libltdl (2.4.7-r3)
(8/9) Purging libunistring-dev (1.3-r0)
(9/9) Purging gc (8.2.8-r0)
Executing busybox-1.37.0-r12.trigger
OK: 564 MiB in 132 packages
