pigz: not found
>>> libsamplerate: Building main/libsamplerate 0.2.2-r3 (using abuild 3.14.1-r4) started Fri, 23 May 2025 17:08:21 +0000
>>> libsamplerate: Validating /home/packager/aports/main/libsamplerate/APKBUILD...
>>> libsamplerate: Analyzing dependencies...
>>> libsamplerate: Installing for build: build-base fftw-dev libsndfile-dev linux-headers
(1/20) Installing fftw-double-libs (3.3.10-r6)
(2/20) Installing fftw-long-double-libs (3.3.10-r6)
(3/20) Installing fftw-single-libs (3.3.10-r6)
(4/20) Installing fftw-dev (3.3.10-r6)
(5/20) Installing opus (1.5.2-r1)
(6/20) Installing opus-dev (1.5.2-r1)
(7/20) Installing libogg (1.3.5-r5)
(8/20) Installing libflac (1.4.3-r1)
(9/20) Installing alsa-lib (1.2.12-r0)
(10/20) Installing lame-libs (3.100-r5)
(11/20) Installing mpg123-libs (1.32.10-r0)
(12/20) Installing libvorbis (1.3.7-r2)
(13/20) Installing libsndfile (1.2.2-r2)
(14/20) Installing libflac++ (1.4.3-r1)
(15/20) Installing libogg-dev (1.3.5-r5)
(16/20) Installing flac-dev (1.4.3-r1)
(17/20) Installing mpg123-dev (1.32.10-r0)
(18/20) Installing libvorbis-dev (1.3.7-r2)
(19/20) Installing libsndfile-dev (1.2.2-r2)
(20/20) Installing .makedepends-libsamplerate (20250523.170826)
Executing busybox-1.37.0-r12.trigger
OK: 585 MiB in 152 packages
>>> libsamplerate: Cleaning up srcdir
>>> libsamplerate: Cleaning up pkgdir
>>> libsamplerate: Cleaning up tmpdir
>>> libsamplerate: Fetching https://github.com/libsndfile/libsamplerate/releases/download/0.2.2/libsamplerate-0.2.2.tar.xz
Connecting to github.com (140.82.121.4:443)
Connecting to objects.githubusercontent.com (185.199.111.133:443)
saving to '/var/cache/distfiles/libsamplerate-0.2.2.tar.xz.part'
libsamplerate-0.2.2. 100% |********************************| 3241k  0:00:00 ETA
'/var/cache/distfiles/libsamplerate-0.2.2.tar.xz.part' saved
>>> libsamplerate: Fetching https://github.com/libsndfile/libsamplerate/releases/download/0.2.2/libsamplerate-0.2.2.tar.xz
>>> libsamplerate: Checking sha512sums...
libsamplerate-0.2.2.tar.xz: OK
>>> libsamplerate: Unpacking /var/cache/distfiles/libsamplerate-0.2.2.tar.xz...
checking whether configure should try to set CFLAGS/CPPFLAGS/LDFLAGS... no
checking build system type... x86_64-alpine-linux-musl
checking host system type... x86_64-alpine-linux-musl
checking for a BSD-compatible install... /usr/bin/install -c
checking whether build environment is sane... yes
checking for a race-free mkdir -p... /bin/mkdir -p
checking for gawk... gawk
checking whether make sets $(MAKE)... yes
checking whether make supports nested variables... yes
checking whether make supports nested variables... (cached) yes
checking for x86_64-alpine-linux-musl-gcc... gcc
checking whether the C compiler works... no
configure: error: in `/home/packager/aports/main/libsamplerate/src/libsamplerate-0.2.2':
configure: error: C compiler cannot create executables
See `config.log' for more details
>>> ERROR: libsamplerate: build failed
>>> libsamplerate: Uninstalling dependencies...
(1/20) Purging .makedepends-libsamplerate (20250523.170826)
(2/20) Purging fftw-dev (3.3.10-r6)
(3/20) Purging fftw-double-libs (3.3.10-r6)
(4/20) Purging fftw-long-double-libs (3.3.10-r6)
(5/20) Purging fftw-single-libs (3.3.10-r6)
(6/20) Purging libsndfile-dev (1.2.2-r2)
(7/20) Purging libsndfile (1.2.2-r2)
(8/20) Purging alsa-lib (1.2.12-r0)
(9/20) Purging flac-dev (1.4.3-r1)
(10/20) Purging libflac++ (1.4.3-r1)
(11/20) Purging libflac (1.4.3-r1)
(12/20) Purging lame-libs (3.100-r5)
(13/20) Purging libvorbis-dev (1.3.7-r2)
(14/20) Purging libvorbis (1.3.7-r2)
(15/20) Purging mpg123-dev (1.32.10-r0)
(16/20) Purging mpg123-libs (1.32.10-r0)
(17/20) Purging opus-dev (1.5.2-r1)
(18/20) Purging opus (1.5.2-r1)
(19/20) Purging libogg-dev (1.3.5-r5)
(20/20) Purging libogg (1.3.5-r5)
Executing busybox-1.37.0-r12.trigger
OK: 564 MiB in 132 packages
