pigz: not found
>>> cython: Building main/cython 3.0.12-r0 (using abuild 3.14.1-r4) started Sun, 18 May 2025 06:25:34 +0000
>>> cython: Validating /home/packager/aports/main/cython/APKBUILD...
>>> cython: Analyzing dependencies...
>>> cython: Installing for build: build-base python3 py3-gpep517 py3-setuptools py3-wheel python3-dev
(1/24) Installing libbz2 (1.0.8-r6)
(2/24) Installing libffi (3.4.7-r0)
(3/24) Installing gdbm (1.24-r0)
(4/24) Installing xz-libs (5.6.3-r1)
(5/24) Installing mpdecimal (4.0.0-r0)
(6/24) Installing sqlite-libs (3.49.2-r0)
(7/24) Installing python3 (3.12.10-r0)
(8/24) Installing python3-pycache-pyc0 (3.12.10-r0)
(9/24) Installing pyc (3.12.10-r0)
(10/24) Installing python3-pyc (3.12.10-r0)
(11/24) Installing py3-installer (0.7.0-r2)
(12/24) Installing py3-installer-pyc (0.7.0-r2)
(13/24) Installing py3-gpep517 (19-r0)
(14/24) Installing py3-gpep517-pyc (19-r0)
(15/24) Installing py3-parsing (3.2.3-r0)
(16/24) Installing py3-parsing-pyc (3.2.3-r0)
(17/24) Installing py3-packaging (25.0-r0)
(18/24) Installing py3-packaging-pyc (25.0-r0)
(19/24) Installing py3-setuptools (80.3.1-r0)
(20/24) Installing py3-setuptools-pyc (80.3.1-r0)
(21/24) Installing py3-wheel (0.46.1-r0)
(22/24) Installing py3-wheel-pyc (0.46.1-r0)
(23/24) Installing python3-dev (3.12.10-r0)
(24/24) Installing .makedepends-cython (20250518.062535)
Executing busybox-1.37.0-r12.trigger
OK: 397 MiB in 105 packages
>>> cython: Cleaning up srcdir
>>> cython: Cleaning up pkgdir
>>> cython: Cleaning up tmpdir
>>> cython: Fetching cython-3.0.12.tar.gz::https://github.com/cython/cython/archive/3.0.12.tar.gz
Connecting to github.com (140.82.121.4:443)
Connecting to codeload.github.com (140.82.121.10:443)
saving to '/var/cache/distfiles/cython-3.0.12.tar.gz.part'
cython-3.0.12.tar.gz 100% |********************************| 2711k  0:00:00 ETA
'/var/cache/distfiles/cython-3.0.12.tar.gz.part' saved
>>> cython: Fetching cython-3.0.12.tar.gz::https://github.com/cython/cython/archive/3.0.12.tar.gz
>>> cython: Checking sha512sums...
cython-3.0.12.tar.gz: OK
>>> cython: Unpacking /var/cache/distfiles/cython-3.0.12.tar.gz...
2025-05-18 06:25:38,061 gpep517 INFO Building wheel via backend setuptools.build_meta:__legacy__
<string>:118: DeprecationWarning: Use shutil.which instead of find_executable
Unable to find pgen, not compiling formal grammar.
/usr/lib/python3.12/site-packages/setuptools/dist.py:761: SetuptoolsDeprecationWarning: License classifiers are deprecated.
!!

        ********************************************************************************
        Please consider removing the following classifiers in favor of a SPDX license expression:

        License :: OSI Approved :: Apache Software License

        See https://packaging.python.org/en/latest/guides/writing-pyproject-toml/#license for details.
        ********************************************************************************

!!
  self._finalize_license_expression()
2025-05-18 06:25:38,117 root INFO running bdist_wheel
/usr/lib/python3.12/site-packages/setuptools/_distutils/cmd.py:135: SetuptoolsDeprecationWarning: bdist_wheel.universal is deprecated
!!

        ********************************************************************************
        With Python 2.7 end-of-life, support for building universal wheels
        (i.e., wheels that support both Python 2 and Python 3)
        is being obviated.
        Please discontinue using this option, or if you still need it,
        file an issue with pypa/setuptools describing your use case.

        By 2025-Aug-30, you need to update your project and remove deprecated calls
        or your builds will no longer be supported.
        ********************************************************************************

!!
  self.finalize_options()
2025-05-18 06:25:38,128 root INFO running build
2025-05-18 06:25:38,128 root INFO running build_py
2025-05-18 06:25:38,132 root INFO creating build/lib.linux-x86_64-cpython-312
2025-05-18 06:25:38,132 root INFO copying cython.py -> build/lib.linux-x86_64-cpython-312
2025-05-18 06:25:38,133 root INFO creating build/lib.linux-x86_64-cpython-312/Cython
2025-05-18 06:25:38,133 root INFO copying Cython/TestUtils.py -> build/lib.linux-x86_64-cpython-312/Cython
2025-05-18 06:25:38,133 root INFO copying Cython/StringIOTree.py -> build/lib.linux-x86_64-cpython-312/Cython
2025-05-18 06:25:38,134 root INFO copying Cython/Coverage.py -> build/lib.linux-x86_64-cpython-312/Cython
2025-05-18 06:25:38,134 root INFO copying Cython/Utils.py -> build/lib.linux-x86_64-cpython-312/Cython
2025-05-18 06:25:38,134 root INFO copying Cython/__init__.py -> build/lib.linux-x86_64-cpython-312/Cython
2025-05-18 06:25:38,135 root INFO copying Cython/Debugging.py -> build/lib.linux-x86_64-cpython-312/Cython
2025-05-18 06:25:38,135 root INFO copying Cython/Shadow.py -> build/lib.linux-x86_64-cpython-312/Cython
2025-05-18 06:25:38,135 root INFO copying Cython/CodeWriter.py -> build/lib.linux-x86_64-cpython-312/Cython
2025-05-18 06:25:38,135 root INFO creating build/lib.linux-x86_64-cpython-312/Cython/Build
2025-05-18 06:25:38,136 root INFO copying Cython/Build/Dependencies.py -> build/lib.linux-x86_64-cpython-312/Cython/Build
2025-05-18 06:25:38,136 root INFO copying Cython/Build/Cythonize.py -> build/lib.linux-x86_64-cpython-312/Cython/Build
2025-05-18 06:25:38,136 root INFO copying Cython/Build/Inline.py -> build/lib.linux-x86_64-cpython-312/Cython/Build
2025-05-18 06:25:38,136 root INFO copying Cython/Build/__init__.py -> build/lib.linux-x86_64-cpython-312/Cython/Build
2025-05-18 06:25:38,137 root INFO copying Cython/Build/BuildExecutable.py -> build/lib.linux-x86_64-cpython-312/Cython/Build
2025-05-18 06:25:38,137 root INFO copying Cython/Build/IpythonMagic.py -> build/lib.linux-x86_64-cpython-312/Cython/Build
2025-05-18 06:25:38,137 root INFO copying Cython/Build/Distutils.py -> build/lib.linux-x86_64-cpython-312/Cython/Build
2025-05-18 06:25:38,138 root INFO creating build/lib.linux-x86_64-cpython-312/Cython/Compiler
2025-05-18 06:25:38,138 root INFO copying Cython/Compiler/FlowControl.py -> build/lib.linux-x86_64-cpython-312/Cython/Compiler
2025-05-18 06:25:38,138 root INFO copying Cython/Compiler/DebugFlags.py -> build/lib.linux-x86_64-cpython-312/Cython/Compiler
2025-05-18 06:25:38,139 root INFO copying Cython/Compiler/TreePath.py -> build/lib.linux-x86_64-cpython-312/Cython/Compiler
2025-05-18 06:25:38,139 root INFO copying Cython/Compiler/FusedNode.py -> build/lib.linux-x86_64-cpython-312/Cython/Compiler
2025-05-18 06:25:38,139 root INFO copying Cython/Compiler/CodeGeneration.py -> build/lib.linux-x86_64-cpython-312/Cython/Compiler
2025-05-18 06:25:38,139 root INFO copying Cython/Compiler/Dataclass.py -> build/lib.linux-x86_64-cpython-312/Cython/Compiler
2025-05-18 06:25:38,140 root INFO copying Cython/Compiler/Lexicon.py -> build/lib.linux-x86_64-cpython-312/Cython/Compiler
2025-05-18 06:25:38,140 root INFO copying Cython/Compiler/TypeInference.py -> build/lib.linux-x86_64-cpython-312/Cython/Compiler
2025-05-18 06:25:38,140 root INFO copying Cython/Compiler/CmdLine.py -> build/lib.linux-x86_64-cpython-312/Cython/Compiler
2025-05-18 06:25:38,141 root INFO copying Cython/Compiler/Scanning.py -> build/lib.linux-x86_64-cpython-312/Cython/Compiler
2025-05-18 06:25:38,141 root INFO copying Cython/Compiler/Symtab.py -> build/lib.linux-x86_64-cpython-312/Cython/Compiler
2025-05-18 06:25:38,141 root INFO copying Cython/Compiler/Version.py -> build/lib.linux-x86_64-cpython-312/Cython/Compiler
2025-05-18 06:25:38,141 root INFO copying Cython/Compiler/Errors.py -> build/lib.linux-x86_64-cpython-312/Cython/Compiler
2025-05-18 06:25:38,142 root INFO copying Cython/Compiler/UFuncs.py -> build/lib.linux-x86_64-cpython-312/Cython/Compiler
2025-05-18 06:25:38,142 root INFO copying Cython/Compiler/Pythran.py -> build/lib.linux-x86_64-cpython-312/Cython/Compiler
2025-05-18 06:25:38,142 root INFO copying Cython/Compiler/UtilityCode.py -> build/lib.linux-x86_64-cpython-312/Cython/Compiler
2025-05-18 06:25:38,142 root INFO copying Cython/Compiler/__init__.py -> build/lib.linux-x86_64-cpython-312/Cython/Compiler
2025-05-18 06:25:38,143 root INFO copying Cython/Compiler/UtilNodes.py -> build/lib.linux-x86_64-cpython-312/Cython/Compiler
2025-05-18 06:25:38,143 root INFO copying Cython/Compiler/Buffer.py -> build/lib.linux-x86_64-cpython-312/Cython/Compiler
2025-05-18 06:25:38,143 root INFO copying Cython/Compiler/Interpreter.py -> build/lib.linux-x86_64-cpython-312/Cython/Compiler
2025-05-18 06:25:38,143 root INFO copying Cython/Compiler/Nodes.py -> build/lib.linux-x86_64-cpython-312/Cython/Compiler
2025-05-18 06:25:38,144 root INFO copying Cython/Compiler/ParseTreeTransforms.py -> build/lib.linux-x86_64-cpython-312/Cython/Compiler
2025-05-18 06:25:38,144 root INFO copying Cython/Compiler/Pipeline.py -> build/lib.linux-x86_64-cpython-312/Cython/Compiler
2025-05-18 06:25:38,145 root INFO copying Cython/Compiler/Builtin.py -> build/lib.linux-x86_64-cpython-312/Cython/Compiler
2025-05-18 06:25:38,145 root INFO copying Cython/Compiler/ModuleNode.py -> build/lib.linux-x86_64-cpython-312/Cython/Compiler
2025-05-18 06:25:38,145 root INFO copying Cython/Compiler/Parsing.py -> build/lib.linux-x86_64-cpython-312/Cython/Compiler
2025-05-18 06:25:38,146 root INFO copying Cython/Compiler/MemoryView.py -> build/lib.linux-x86_64-cpython-312/Cython/Compiler
2025-05-18 06:25:38,146 root INFO copying Cython/Compiler/TreeFragment.py -> build/lib.linux-x86_64-cpython-312/Cython/Compiler
2025-05-18 06:25:38,146 root INFO copying Cython/Compiler/StringEncoding.py -> build/lib.linux-x86_64-cpython-312/Cython/Compiler
2025-05-18 06:25:38,147 root INFO copying Cython/Compiler/PyrexTypes.py -> build/lib.linux-x86_64-cpython-312/Cython/Compiler
2025-05-18 06:25:38,147 root INFO copying Cython/Compiler/Annotate.py -> build/lib.linux-x86_64-cpython-312/Cython/Compiler
2025-05-18 06:25:38,147 root INFO copying Cython/Compiler/Future.py -> build/lib.linux-x86_64-cpython-312/Cython/Compiler
2025-05-18 06:25:38,148 root INFO copying Cython/Compiler/Code.py -> build/lib.linux-x86_64-cpython-312/Cython/Compiler
2025-05-18 06:25:38,148 root INFO copying Cython/Compiler/Options.py -> build/lib.linux-x86_64-cpython-312/Cython/Compiler
2025-05-18 06:25:38,148 root INFO copying Cython/Compiler/Naming.py -> build/lib.linux-x86_64-cpython-312/Cython/Compiler
2025-05-18 06:25:38,148 root INFO copying Cython/Compiler/TypeSlots.py -> build/lib.linux-x86_64-cpython-312/Cython/Compiler
2025-05-18 06:25:38,149 root INFO copying Cython/Compiler/Optimize.py -> build/lib.linux-x86_64-cpython-312/Cython/Compiler
2025-05-18 06:25:38,149 root INFO copying Cython/Compiler/CythonScope.py -> build/lib.linux-x86_64-cpython-312/Cython/Compiler
2025-05-18 06:25:38,149 root INFO copying Cython/Compiler/Visitor.py -> build/lib.linux-x86_64-cpython-312/Cython/Compiler
2025-05-18 06:25:38,150 root INFO copying Cython/Compiler/AnalysedTreeTransforms.py -> build/lib.linux-x86_64-cpython-312/Cython/Compiler
2025-05-18 06:25:38,150 root INFO copying Cython/Compiler/AutoDocTransforms.py -> build/lib.linux-x86_64-cpython-312/Cython/Compiler
2025-05-18 06:25:38,150 root INFO copying Cython/Compiler/ExprNodes.py -> build/lib.linux-x86_64-cpython-312/Cython/Compiler
2025-05-18 06:25:38,151 root INFO copying Cython/Compiler/Main.py -> build/lib.linux-x86_64-cpython-312/Cython/Compiler
2025-05-18 06:25:38,151 root INFO creating build/lib.linux-x86_64-cpython-312/Cython/Runtime
2025-05-18 06:25:38,152 root INFO copying Cython/Runtime/__init__.py -> build/lib.linux-x86_64-cpython-312/Cython/Runtime
2025-05-18 06:25:38,152 root INFO creating build/lib.linux-x86_64-cpython-312/Cython/Distutils
2025-05-18 06:25:38,152 root INFO copying Cython/Distutils/old_build_ext.py -> build/lib.linux-x86_64-cpython-312/Cython/Distutils
2025-05-18 06:25:38,152 root INFO copying Cython/Distutils/build_ext.py -> build/lib.linux-x86_64-cpython-312/Cython/Distutils
2025-05-18 06:25:38,153 root INFO copying Cython/Distutils/extension.py -> build/lib.linux-x86_64-cpython-312/Cython/Distutils
2025-05-18 06:25:38,153 root INFO copying Cython/Distutils/__init__.py -> build/lib.linux-x86_64-cpython-312/Cython/Distutils
2025-05-18 06:25:38,153 root INFO creating build/lib.linux-x86_64-cpython-312/Cython/Debugger
2025-05-18 06:25:38,153 root INFO copying Cython/Debugger/libpython.py -> build/lib.linux-x86_64-cpython-312/Cython/Debugger
2025-05-18 06:25:38,154 root INFO copying Cython/Debugger/__init__.py -> build/lib.linux-x86_64-cpython-312/Cython/Debugger
2025-05-18 06:25:38,154 root INFO copying Cython/Debugger/libcython.py -> build/lib.linux-x86_64-cpython-312/Cython/Debugger
2025-05-18 06:25:38,154 root INFO copying Cython/Debugger/DebugWriter.py -> build/lib.linux-x86_64-cpython-312/Cython/Debugger
2025-05-18 06:25:38,154 root INFO copying Cython/Debugger/Cygdb.py -> build/lib.linux-x86_64-cpython-312/Cython/Debugger
2025-05-18 06:25:38,155 root INFO creating build/lib.linux-x86_64-cpython-312/Cython/Debugger/Tests
2025-05-18 06:25:38,155 root INFO copying Cython/Debugger/Tests/test_libpython_in_gdb.py -> build/lib.linux-x86_64-cpython-312/Cython/Debugger/Tests
2025-05-18 06:25:38,155 root INFO copying Cython/Debugger/Tests/test_libcython_in_gdb.py -> build/lib.linux-x86_64-cpython-312/Cython/Debugger/Tests
2025-05-18 06:25:38,155 root INFO copying Cython/Debugger/Tests/__init__.py -> build/lib.linux-x86_64-cpython-312/Cython/Debugger/Tests
2025-05-18 06:25:38,156 root INFO copying Cython/Debugger/Tests/TestLibCython.py -> build/lib.linux-x86_64-cpython-312/Cython/Debugger/Tests
2025-05-18 06:25:38,156 root INFO creating build/lib.linux-x86_64-cpython-312/Cython/Plex
2025-05-18 06:25:38,156 root INFO copying Cython/Plex/Scanners.py -> build/lib.linux-x86_64-cpython-312/Cython/Plex
2025-05-18 06:25:38,156 root INFO copying Cython/Plex/Lexicons.py -> build/lib.linux-x86_64-cpython-312/Cython/Plex
2025-05-18 06:25:38,157 root INFO copying Cython/Plex/Errors.py -> build/lib.linux-x86_64-cpython-312/Cython/Plex
2025-05-18 06:25:38,157 root INFO copying Cython/Plex/__init__.py -> build/lib.linux-x86_64-cpython-312/Cython/Plex
2025-05-18 06:25:38,157 root INFO copying Cython/Plex/Actions.py -> build/lib.linux-x86_64-cpython-312/Cython/Plex
2025-05-18 06:25:38,157 root INFO copying Cython/Plex/Regexps.py -> build/lib.linux-x86_64-cpython-312/Cython/Plex
2025-05-18 06:25:38,158 root INFO copying Cython/Plex/Transitions.py -> build/lib.linux-x86_64-cpython-312/Cython/Plex
2025-05-18 06:25:38,158 root INFO copying Cython/Plex/DFA.py -> build/lib.linux-x86_64-cpython-312/Cython/Plex
2025-05-18 06:25:38,158 root INFO copying Cython/Plex/Machines.py -> build/lib.linux-x86_64-cpython-312/Cython/Plex
2025-05-18 06:25:38,159 root INFO creating build/lib.linux-x86_64-cpython-312/Cython/Tests
2025-05-18 06:25:38,159 root INFO copying Cython/Tests/TestJediTyper.py -> build/lib.linux-x86_64-cpython-312/Cython/Tests
2025-05-18 06:25:38,159 root INFO copying Cython/Tests/TestCodeWriter.py -> build/lib.linux-x86_64-cpython-312/Cython/Tests
2025-05-18 06:25:38,159 root INFO copying Cython/Tests/TestStringIOTree.py -> build/lib.linux-x86_64-cpython-312/Cython/Tests
2025-05-18 06:25:38,159 root INFO copying Cython/Tests/__init__.py -> build/lib.linux-x86_64-cpython-312/Cython/Tests
2025-05-18 06:25:38,160 root INFO copying Cython/Tests/TestShadow.py -> build/lib.linux-x86_64-cpython-312/Cython/Tests
2025-05-18 06:25:38,160 root INFO copying Cython/Tests/TestTestUtils.py -> build/lib.linux-x86_64-cpython-312/Cython/Tests
2025-05-18 06:25:38,160 root INFO copying Cython/Tests/xmlrunner.py -> build/lib.linux-x86_64-cpython-312/Cython/Tests
2025-05-18 06:25:38,160 root INFO copying Cython/Tests/TestCythonUtils.py -> build/lib.linux-x86_64-cpython-312/Cython/Tests
2025-05-18 06:25:38,161 root INFO creating build/lib.linux-x86_64-cpython-312/Cython/Build/Tests
2025-05-18 06:25:38,161 root INFO copying Cython/Build/Tests/TestRecythonize.py -> build/lib.linux-x86_64-cpython-312/Cython/Build/Tests
2025-05-18 06:25:38,161 root INFO copying Cython/Build/Tests/TestInline.py -> build/lib.linux-x86_64-cpython-312/Cython/Build/Tests
2025-05-18 06:25:38,161 root INFO copying Cython/Build/Tests/TestStripLiterals.py -> build/lib.linux-x86_64-cpython-312/Cython/Build/Tests
2025-05-18 06:25:38,162 root INFO copying Cython/Build/Tests/__init__.py -> build/lib.linux-x86_64-cpython-312/Cython/Build/Tests
2025-05-18 06:25:38,162 root INFO copying Cython/Build/Tests/TestCythonizeArgsParser.py -> build/lib.linux-x86_64-cpython-312/Cython/Build/Tests
2025-05-18 06:25:38,162 root INFO copying Cython/Build/Tests/TestIpythonMagic.py -> build/lib.linux-x86_64-cpython-312/Cython/Build/Tests
2025-05-18 06:25:38,162 root INFO copying Cython/Build/Tests/TestCyCache.py -> build/lib.linux-x86_64-cpython-312/Cython/Build/Tests
2025-05-18 06:25:38,163 root INFO copying Cython/Build/Tests/TestDependencies.py -> build/lib.linux-x86_64-cpython-312/Cython/Build/Tests
2025-05-18 06:25:38,163 root INFO creating build/lib.linux-x86_64-cpython-312/Cython/Compiler/Tests
2025-05-18 06:25:38,163 root INFO copying Cython/Compiler/Tests/TestTreeFragment.py -> build/lib.linux-x86_64-cpython-312/Cython/Compiler/Tests
2025-05-18 06:25:38,164 root INFO copying Cython/Compiler/Tests/TestFlowControl.py -> build/lib.linux-x86_64-cpython-312/Cython/Compiler/Tests
2025-05-18 06:25:38,164 root INFO copying Cython/Compiler/Tests/TestUtilityLoad.py -> build/lib.linux-x86_64-cpython-312/Cython/Compiler/Tests
2025-05-18 06:25:38,164 root INFO copying Cython/Compiler/Tests/TestBuffer.py -> build/lib.linux-x86_64-cpython-312/Cython/Compiler/Tests
2025-05-18 06:25:38,164 root INFO copying Cython/Compiler/Tests/TestTreePath.py -> build/lib.linux-x86_64-cpython-312/Cython/Compiler/Tests
2025-05-18 06:25:38,165 root INFO copying Cython/Compiler/Tests/TestStringEncoding.py -> build/lib.linux-x86_64-cpython-312/Cython/Compiler/Tests
2025-05-18 06:25:38,165 root INFO copying Cython/Compiler/Tests/Utils.py -> build/lib.linux-x86_64-cpython-312/Cython/Compiler/Tests
2025-05-18 06:25:38,165 root INFO copying Cython/Compiler/Tests/__init__.py -> build/lib.linux-x86_64-cpython-312/Cython/Compiler/Tests
2025-05-18 06:25:38,165 root INFO copying Cython/Compiler/Tests/TestParseTreeTransforms.py -> build/lib.linux-x86_64-cpython-312/Cython/Compiler/Tests
2025-05-18 06:25:38,165 root INFO copying Cython/Compiler/Tests/TestTypes.py -> build/lib.linux-x86_64-cpython-312/Cython/Compiler/Tests
2025-05-18 06:25:38,166 root INFO copying Cython/Compiler/Tests/TestGrammar.py -> build/lib.linux-x86_64-cpython-312/Cython/Compiler/Tests
2025-05-18 06:25:38,166 root INFO copying Cython/Compiler/Tests/TestVisitor.py -> build/lib.linux-x86_64-cpython-312/Cython/Compiler/Tests
2025-05-18 06:25:38,166 root INFO copying Cython/Compiler/Tests/TestMemView.py -> build/lib.linux-x86_64-cpython-312/Cython/Compiler/Tests
2025-05-18 06:25:38,166 root INFO copying Cython/Compiler/Tests/TestScanning.py -> build/lib.linux-x86_64-cpython-312/Cython/Compiler/Tests
2025-05-18 06:25:38,167 root INFO copying Cython/Compiler/Tests/TestSignatureMatching.py -> build/lib.linux-x86_64-cpython-312/Cython/Compiler/Tests
2025-05-18 06:25:38,167 root INFO copying Cython/Compiler/Tests/TestCmdLine.py -> build/lib.linux-x86_64-cpython-312/Cython/Compiler/Tests
2025-05-18 06:25:38,167 root INFO creating build/lib.linux-x86_64-cpython-312/Cython/Utility
2025-05-18 06:25:38,168 root INFO copying Cython/Utility/__init__.py -> build/lib.linux-x86_64-cpython-312/Cython/Utility
2025-05-18 06:25:38,168 root INFO copying Cython/Utility/Dataclasses.py -> build/lib.linux-x86_64-cpython-312/Cython/Utility
2025-05-18 06:25:38,168 root INFO creating build/lib.linux-x86_64-cpython-312/Cython/Tempita
2025-05-18 06:25:38,168 root INFO copying Cython/Tempita/_looper.py -> build/lib.linux-x86_64-cpython-312/Cython/Tempita
2025-05-18 06:25:38,168 root INFO copying Cython/Tempita/__init__.py -> build/lib.linux-x86_64-cpython-312/Cython/Tempita
2025-05-18 06:25:38,169 root INFO copying Cython/Tempita/compat3.py -> build/lib.linux-x86_64-cpython-312/Cython/Tempita
2025-05-18 06:25:38,169 root INFO copying Cython/Tempita/_tempita.py -> build/lib.linux-x86_64-cpython-312/Cython/Tempita
2025-05-18 06:25:38,169 root INFO creating build/lib.linux-x86_64-cpython-312/pyximport
2025-05-18 06:25:38,169 root INFO copying pyximport/_pyximport2.py -> build/lib.linux-x86_64-cpython-312/pyximport
2025-05-18 06:25:38,170 root INFO copying pyximport/pyxbuild.py -> build/lib.linux-x86_64-cpython-312/pyximport
2025-05-18 06:25:38,170 root INFO copying pyximport/__init__.py -> build/lib.linux-x86_64-cpython-312/pyximport
2025-05-18 06:25:38,170 root INFO copying pyximport/pyximport.py -> build/lib.linux-x86_64-cpython-312/pyximport
2025-05-18 06:25:38,170 root INFO copying pyximport/_pyximport3.py -> build/lib.linux-x86_64-cpython-312/pyximport
2025-05-18 06:25:38,179 root INFO copying Cython/Shadow.pyi -> build/lib.linux-x86_64-cpython-312/Cython
2025-05-18 06:25:38,180 root INFO creating build/lib.linux-x86_64-cpython-312/Cython/Includes
2025-05-18 06:25:38,180 root INFO copying Cython/Includes/openmp.pxd -> build/lib.linux-x86_64-cpython-312/Cython/Includes
2025-05-18 06:25:38,180 root INFO creating build/lib.linux-x86_64-cpython-312/Cython/Includes/libcpp
2025-05-18 06:25:38,180 root INFO copying Cython/Includes/libcpp/limits.pxd -> build/lib.linux-x86_64-cpython-312/Cython/Includes/libcpp
2025-05-18 06:25:38,180 root INFO copying Cython/Includes/libcpp/typeindex.pxd -> build/lib.linux-x86_64-cpython-312/Cython/Includes/libcpp
2025-05-18 06:25:38,181 root INFO copying Cython/Includes/libcpp/iterator.pxd -> build/lib.linux-x86_64-cpython-312/Cython/Includes/libcpp
2025-05-18 06:25:38,181 root INFO copying Cython/Includes/libcpp/cmath.pxd -> build/lib.linux-x86_64-cpython-312/Cython/Includes/libcpp
2025-05-18 06:25:38,181 root INFO copying Cython/Includes/libcpp/numeric.pxd -> build/lib.linux-x86_64-cpython-312/Cython/Includes/libcpp
2025-05-18 06:25:38,181 root INFO copying Cython/Includes/libcpp/optional.pxd -> build/lib.linux-x86_64-cpython-312/Cython/Includes/libcpp
2025-05-18 06:25:38,182 root INFO copying Cython/Includes/libcpp/utility.pxd -> build/lib.linux-x86_64-cpython-312/Cython/Includes/libcpp
2025-05-18 06:25:38,182 root INFO copying Cython/Includes/libcpp/algorithm.pxd -> build/lib.linux-x86_64-cpython-312/Cython/Includes/libcpp
2025-05-18 06:25:38,182 root INFO copying Cython/Includes/libcpp/string.pxd -> build/lib.linux-x86_64-cpython-312/Cython/Includes/libcpp
2025-05-18 06:25:38,182 root INFO copying Cython/Includes/libcpp/cast.pxd -> build/lib.linux-x86_64-cpython-312/Cython/Includes/libcpp
2025-05-18 06:25:38,183 root INFO copying Cython/Includes/libcpp/forward_list.pxd -> build/lib.linux-x86_64-cpython-312/Cython/Includes/libcpp
2025-05-18 06:25:38,183 root INFO copying Cython/Includes/libcpp/any.pxd -> build/lib.linux-x86_64-cpython-312/Cython/Includes/libcpp
2025-05-18 06:25:38,183 root INFO copying Cython/Includes/libcpp/deque.pxd -> build/lib.linux-x86_64-cpython-312/Cython/Includes/libcpp
2025-05-18 06:25:38,183 root INFO copying Cython/Includes/libcpp/execution.pxd -> build/lib.linux-x86_64-cpython-312/Cython/Includes/libcpp
2025-05-18 06:25:38,184 root INFO copying Cython/Includes/libcpp/memory.pxd -> build/lib.linux-x86_64-cpython-312/Cython/Includes/libcpp
2025-05-18 06:25:38,184 root INFO copying Cython/Includes/libcpp/functional.pxd -> build/lib.linux-x86_64-cpython-312/Cython/Includes/libcpp
2025-05-18 06:25:38,184 root INFO copying Cython/Includes/libcpp/typeinfo.pxd -> build/lib.linux-x86_64-cpython-312/Cython/Includes/libcpp
2025-05-18 06:25:38,184 root INFO copying Cython/Includes/libcpp/complex.pxd -> build/lib.linux-x86_64-cpython-312/Cython/Includes/libcpp
2025-05-18 06:25:38,185 root INFO copying Cython/Includes/libcpp/map.pxd -> build/lib.linux-x86_64-cpython-312/Cython/Includes/libcpp
2025-05-18 06:25:38,185 root INFO copying Cython/Includes/libcpp/queue.pxd -> build/lib.linux-x86_64-cpython-312/Cython/Includes/libcpp
2025-05-18 06:25:38,185 root INFO copying Cython/Includes/libcpp/bit.pxd -> build/lib.linux-x86_64-cpython-312/Cython/Includes/libcpp
2025-05-18 06:25:38,185 root INFO copying Cython/Includes/libcpp/set.pxd -> build/lib.linux-x86_64-cpython-312/Cython/Includes/libcpp
2025-05-18 06:25:38,186 root INFO copying Cython/Includes/libcpp/__init__.pxd -> build/lib.linux-x86_64-cpython-312/Cython/Includes/libcpp
2025-05-18 06:25:38,186 root INFO copying Cython/Includes/libcpp/random.pxd -> build/lib.linux-x86_64-cpython-312/Cython/Includes/libcpp
2025-05-18 06:25:38,186 root INFO copying Cython/Includes/libcpp/numbers.pxd -> build/lib.linux-x86_64-cpython-312/Cython/Includes/libcpp
2025-05-18 06:25:38,186 root INFO copying Cython/Includes/libcpp/stack.pxd -> build/lib.linux-x86_64-cpython-312/Cython/Includes/libcpp
2025-05-18 06:25:38,187 root INFO copying Cython/Includes/libcpp/list.pxd -> build/lib.linux-x86_64-cpython-312/Cython/Includes/libcpp
2025-05-18 06:25:38,187 root INFO copying Cython/Includes/libcpp/pair.pxd -> build/lib.linux-x86_64-cpython-312/Cython/Includes/libcpp
2025-05-18 06:25:38,187 root INFO copying Cython/Includes/libcpp/unordered_map.pxd -> build/lib.linux-x86_64-cpython-312/Cython/Includes/libcpp
2025-05-18 06:25:38,187 root INFO copying Cython/Includes/libcpp/atomic.pxd -> build/lib.linux-x86_64-cpython-312/Cython/Includes/libcpp
2025-05-18 06:25:38,188 root INFO copying Cython/Includes/libcpp/vector.pxd -> build/lib.linux-x86_64-cpython-312/Cython/Includes/libcpp
2025-05-18 06:25:38,188 root INFO copying Cython/Includes/libcpp/unordered_set.pxd -> build/lib.linux-x86_64-cpython-312/Cython/Includes/libcpp
2025-05-18 06:25:38,188 root INFO creating build/lib.linux-x86_64-cpython-312/Cython/Includes/cpython
2025-05-18 06:25:38,188 root INFO copying Cython/Includes/cpython/contextvars.pxd -> build/lib.linux-x86_64-cpython-312/Cython/Includes/cpython
2025-05-18 06:25:38,188 root INFO copying Cython/Includes/cpython/pystate.pxd -> build/lib.linux-x86_64-cpython-312/Cython/Includes/cpython
2025-05-18 06:25:38,189 root INFO copying Cython/Includes/cpython/sequence.pxd -> build/lib.linux-x86_64-cpython-312/Cython/Includes/cpython
2025-05-18 06:25:38,189 root INFO copying Cython/Includes/cpython/array.pxd -> build/lib.linux-x86_64-cpython-312/Cython/Includes/cpython
2025-05-18 06:25:38,189 root INFO copying Cython/Includes/cpython/type.pxd -> build/lib.linux-x86_64-cpython-312/Cython/Includes/cpython
2025-05-18 06:25:38,190 root INFO copying Cython/Includes/cpython/iterator.pxd -> build/lib.linux-x86_64-cpython-312/Cython/Includes/cpython
2025-05-18 06:25:38,190 root INFO copying Cython/Includes/cpython/genobject.pxd -> build/lib.linux-x86_64-cpython-312/Cython/Includes/cpython
2025-05-18 06:25:38,190 root INFO copying Cython/Includes/cpython/float.pxd -> build/lib.linux-x86_64-cpython-312/Cython/Includes/cpython
2025-05-18 06:25:38,190 root INFO copying Cython/Includes/cpython/ref.pxd -> build/lib.linux-x86_64-cpython-312/Cython/Includes/cpython
2025-05-18 06:25:38,191 root INFO copying Cython/Includes/cpython/codecs.pxd -> build/lib.linux-x86_64-cpython-312/Cython/Includes/cpython
2025-05-18 06:25:38,191 root INFO copying Cython/Includes/cpython/module.pxd -> build/lib.linux-x86_64-cpython-312/Cython/Includes/cpython
2025-05-18 06:25:38,191 root INFO copying Cython/Includes/cpython/unicode.pxd -> build/lib.linux-x86_64-cpython-312/Cython/Includes/cpython
2025-05-18 06:25:38,191 root INFO copying Cython/Includes/cpython/mapping.pxd -> build/lib.linux-x86_64-cpython-312/Cython/Includes/cpython
2025-05-18 06:25:38,192 root INFO copying Cython/Includes/cpython/version.pxd -> build/lib.linux-x86_64-cpython-312/Cython/Includes/cpython
2025-05-18 06:25:38,192 root INFO copying Cython/Includes/cpython/exc.pxd -> build/lib.linux-x86_64-cpython-312/Cython/Includes/cpython
2025-05-18 06:25:38,192 root INFO copying Cython/Includes/cpython/string.pxd -> build/lib.linux-x86_64-cpython-312/Cython/Includes/cpython
2025-05-18 06:25:38,192 root INFO copying Cython/Includes/cpython/descr.pxd -> build/lib.linux-x86_64-cpython-312/Cython/Includes/cpython
2025-05-18 06:25:38,193 root INFO copying Cython/Includes/cpython/dict.pxd -> build/lib.linux-x86_64-cpython-312/Cython/Includes/cpython
2025-05-18 06:25:38,193 root INFO copying Cython/Includes/cpython/pycapsule.pxd -> build/lib.linux-x86_64-cpython-312/Cython/Includes/cpython
2025-05-18 06:25:38,193 root INFO copying Cython/Includes/cpython/pythread.pxd -> build/lib.linux-x86_64-cpython-312/Cython/Includes/cpython
2025-05-18 06:25:38,193 root INFO copying Cython/Includes/cpython/datetime.pxd -> build/lib.linux-x86_64-cpython-312/Cython/Includes/cpython
2025-05-18 06:25:38,194 root INFO copying Cython/Includes/cpython/iterobject.pxd -> build/lib.linux-x86_64-cpython-312/Cython/Includes/cpython
2025-05-18 06:25:38,194 root INFO copying Cython/Includes/cpython/number.pxd -> build/lib.linux-x86_64-cpython-312/Cython/Includes/cpython
2025-05-18 06:25:38,194 root INFO copying Cython/Includes/cpython/slice.pxd -> build/lib.linux-x86_64-cpython-312/Cython/Includes/cpython
2025-05-18 06:25:38,194 root INFO copying Cython/Includes/cpython/bool.pxd -> build/lib.linux-x86_64-cpython-312/Cython/Includes/cpython
2025-05-18 06:25:38,195 root INFO copying Cython/Includes/cpython/method.pxd -> build/lib.linux-x86_64-cpython-312/Cython/Includes/cpython
2025-05-18 06:25:38,195 root INFO copying Cython/Includes/cpython/object.pxd -> build/lib.linux-x86_64-cpython-312/Cython/Includes/cpython
2025-05-18 06:25:38,195 root INFO copying Cython/Includes/cpython/function.pxd -> build/lib.linux-x86_64-cpython-312/Cython/Includes/cpython
2025-05-18 06:25:38,195 root INFO copying Cython/Includes/cpython/int.pxd -> build/lib.linux-x86_64-cpython-312/Cython/Includes/cpython
2025-05-18 06:25:38,196 root INFO copying Cython/Includes/cpython/ceval.pxd -> build/lib.linux-x86_64-cpython-312/Cython/Includes/cpython
2025-05-18 06:25:38,196 root INFO copying Cython/Includes/cpython/complex.pxd -> build/lib.linux-x86_64-cpython-312/Cython/Includes/cpython
2025-05-18 06:25:38,196 root INFO copying Cython/Includes/cpython/long.pxd -> build/lib.linux-x86_64-cpython-312/Cython/Includes/cpython
2025-05-18 06:25:38,196 root INFO copying Cython/Includes/cpython/buffer.pxd -> build/lib.linux-x86_64-cpython-312/Cython/Includes/cpython
2025-05-18 06:25:38,197 root INFO copying Cython/Includes/cpython/set.pxd -> build/lib.linux-x86_64-cpython-312/Cython/Includes/cpython
2025-05-18 06:25:38,197 root INFO copying Cython/Includes/cpython/__init__.pxd -> build/lib.linux-x86_64-cpython-312/Cython/Includes/cpython
2025-05-18 06:25:38,197 root INFO copying Cython/Includes/cpython/cobject.pxd -> build/lib.linux-x86_64-cpython-312/Cython/Includes/cpython
2025-05-18 06:25:38,197 root INFO copying Cython/Includes/cpython/conversion.pxd -> build/lib.linux-x86_64-cpython-312/Cython/Includes/cpython
2025-05-18 06:25:38,198 root INFO copying Cython/Includes/cpython/list.pxd -> build/lib.linux-x86_64-cpython-312/Cython/Includes/cpython
2025-05-18 06:25:38,198 root INFO copying Cython/Includes/cpython/cellobject.pxd -> build/lib.linux-x86_64-cpython-312/Cython/Includes/cpython
2025-05-18 06:25:38,198 root INFO copying Cython/Includes/cpython/mem.pxd -> build/lib.linux-x86_64-cpython-312/Cython/Includes/cpython
2025-05-18 06:25:38,198 root INFO copying Cython/Includes/cpython/memoryview.pxd -> build/lib.linux-x86_64-cpython-312/Cython/Includes/cpython
2025-05-18 06:25:38,199 root INFO copying Cython/Includes/cpython/fileobject.pxd -> build/lib.linux-x86_64-cpython-312/Cython/Includes/cpython
2025-05-18 06:25:38,199 root INFO copying Cython/Includes/cpython/pyport.pxd -> build/lib.linux-x86_64-cpython-312/Cython/Includes/cpython
2025-05-18 06:25:38,199 root INFO copying Cython/Includes/cpython/weakref.pxd -> build/lib.linux-x86_64-cpython-312/Cython/Includes/cpython
2025-05-18 06:25:38,199 root INFO copying Cython/Includes/cpython/oldbuffer.pxd -> build/lib.linux-x86_64-cpython-312/Cython/Includes/cpython
2025-05-18 06:25:38,200 root INFO copying Cython/Includes/cpython/instance.pxd -> build/lib.linux-x86_64-cpython-312/Cython/Includes/cpython
2025-05-18 06:25:38,200 root INFO copying Cython/Includes/cpython/bytes.pxd -> build/lib.linux-x86_64-cpython-312/Cython/Includes/cpython
2025-05-18 06:25:38,200 root INFO copying Cython/Includes/cpython/time.pxd -> build/lib.linux-x86_64-cpython-312/Cython/Includes/cpython
2025-05-18 06:25:38,200 root INFO copying Cython/Includes/cpython/marshal.pxd -> build/lib.linux-x86_64-cpython-312/Cython/Includes/cpython
2025-05-18 06:25:38,201 root INFO copying Cython/Includes/cpython/pylifecycle.pxd -> build/lib.linux-x86_64-cpython-312/Cython/Includes/cpython
2025-05-18 06:25:38,201 root INFO copying Cython/Includes/cpython/getargs.pxd -> build/lib.linux-x86_64-cpython-312/Cython/Includes/cpython
2025-05-18 06:25:38,201 root INFO copying Cython/Includes/cpython/longintrepr.pxd -> build/lib.linux-x86_64-cpython-312/Cython/Includes/cpython
2025-05-18 06:25:38,201 root INFO copying Cython/Includes/cpython/tuple.pxd -> build/lib.linux-x86_64-cpython-312/Cython/Includes/cpython
2025-05-18 06:25:38,202 root INFO copying Cython/Includes/cpython/bytearray.pxd -> build/lib.linux-x86_64-cpython-312/Cython/Includes/cpython
2025-05-18 06:25:38,202 root INFO creating build/lib.linux-x86_64-cpython-312/Cython/Includes/numpy
2025-05-18 06:25:38,202 root INFO copying Cython/Includes/numpy/math.pxd -> build/lib.linux-x86_64-cpython-312/Cython/Includes/numpy
2025-05-18 06:25:38,202 root INFO copying Cython/Includes/numpy/__init__.pxd -> build/lib.linux-x86_64-cpython-312/Cython/Includes/numpy
2025-05-18 06:25:38,202 root INFO creating build/lib.linux-x86_64-cpython-312/Cython/Includes/libc
2025-05-18 06:25:38,203 root INFO copying Cython/Includes/libc/limits.pxd -> build/lib.linux-x86_64-cpython-312/Cython/Includes/libc
2025-05-18 06:25:38,203 root INFO copying Cython/Includes/libc/math.pxd -> build/lib.linux-x86_64-cpython-312/Cython/Includes/libc
2025-05-18 06:25:38,203 root INFO copying Cython/Includes/libc/errno.pxd -> build/lib.linux-x86_64-cpython-312/Cython/Includes/libc
2025-05-18 06:25:38,203 root INFO copying Cython/Includes/libc/float.pxd -> build/lib.linux-x86_64-cpython-312/Cython/Includes/libc
2025-05-18 06:25:38,204 root INFO copying Cython/Includes/libc/string.pxd -> build/lib.linux-x86_64-cpython-312/Cython/Includes/libc
2025-05-18 06:25:38,204 root INFO copying Cython/Includes/libc/stdlib.pxd -> build/lib.linux-x86_64-cpython-312/Cython/Includes/libc
2025-05-18 06:25:38,204 root INFO copying Cython/Includes/libc/stdint.pxd -> build/lib.linux-x86_64-cpython-312/Cython/Includes/libc
2025-05-18 06:25:38,204 root INFO copying Cython/Includes/libc/locale.pxd -> build/lib.linux-x86_64-cpython-312/Cython/Includes/libc
2025-05-18 06:25:38,205 root INFO copying Cython/Includes/libc/complex.pxd -> build/lib.linux-x86_64-cpython-312/Cython/Includes/libc
2025-05-18 06:25:38,205 root INFO copying Cython/Includes/libc/__init__.pxd -> build/lib.linux-x86_64-cpython-312/Cython/Includes/libc
2025-05-18 06:25:38,205 root INFO copying Cython/Includes/libc/setjmp.pxd -> build/lib.linux-x86_64-cpython-312/Cython/Includes/libc
2025-05-18 06:25:38,205 root INFO copying Cython/Includes/libc/time.pxd -> build/lib.linux-x86_64-cpython-312/Cython/Includes/libc
2025-05-18 06:25:38,205 root INFO copying Cython/Includes/libc/signal.pxd -> build/lib.linux-x86_64-cpython-312/Cython/Includes/libc
2025-05-18 06:25:38,206 root INFO copying Cython/Includes/libc/stdio.pxd -> build/lib.linux-x86_64-cpython-312/Cython/Includes/libc
2025-05-18 06:25:38,206 root INFO copying Cython/Includes/libc/stddef.pxd -> build/lib.linux-x86_64-cpython-312/Cython/Includes/libc
2025-05-18 06:25:38,206 root INFO creating build/lib.linux-x86_64-cpython-312/Cython/Includes/posix
2025-05-18 06:25:38,206 root INFO copying Cython/Includes/posix/stat.pxd -> build/lib.linux-x86_64-cpython-312/Cython/Includes/posix
2025-05-18 06:25:38,207 root INFO copying Cython/Includes/posix/select.pxd -> build/lib.linux-x86_64-cpython-312/Cython/Includes/posix
2025-05-18 06:25:38,207 root INFO copying Cython/Includes/posix/types.pxd -> build/lib.linux-x86_64-cpython-312/Cython/Includes/posix
2025-05-18 06:25:38,207 root INFO copying Cython/Includes/posix/resource.pxd -> build/lib.linux-x86_64-cpython-312/Cython/Includes/posix
2025-05-18 06:25:38,207 root INFO copying Cython/Includes/posix/strings.pxd -> build/lib.linux-x86_64-cpython-312/Cython/Includes/posix
2025-05-18 06:25:38,208 root INFO copying Cython/Includes/posix/uio.pxd -> build/lib.linux-x86_64-cpython-312/Cython/Includes/posix
2025-05-18 06:25:38,208 root INFO copying Cython/Includes/posix/stdlib.pxd -> build/lib.linux-x86_64-cpython-312/Cython/Includes/posix
2025-05-18 06:25:38,208 root INFO copying Cython/Includes/posix/mman.pxd -> build/lib.linux-x86_64-cpython-312/Cython/Includes/posix
2025-05-18 06:25:38,208 root INFO copying Cython/Includes/posix/unistd.pxd -> build/lib.linux-x86_64-cpython-312/Cython/Includes/posix
2025-05-18 06:25:38,208 root INFO copying Cython/Includes/posix/fcntl.pxd -> build/lib.linux-x86_64-cpython-312/Cython/Includes/posix
2025-05-18 06:25:38,209 root INFO copying Cython/Includes/posix/__init__.pxd -> build/lib.linux-x86_64-cpython-312/Cython/Includes/posix
2025-05-18 06:25:38,209 root INFO copying Cython/Includes/posix/ioctl.pxd -> build/lib.linux-x86_64-cpython-312/Cython/Includes/posix
2025-05-18 06:25:38,209 root INFO copying Cython/Includes/posix/time.pxd -> build/lib.linux-x86_64-cpython-312/Cython/Includes/posix
2025-05-18 06:25:38,209 root INFO copying Cython/Includes/posix/signal.pxd -> build/lib.linux-x86_64-cpython-312/Cython/Includes/posix
2025-05-18 06:25:38,210 root INFO copying Cython/Includes/posix/stdio.pxd -> build/lib.linux-x86_64-cpython-312/Cython/Includes/posix
2025-05-18 06:25:38,210 root INFO copying Cython/Includes/posix/wait.pxd -> build/lib.linux-x86_64-cpython-312/Cython/Includes/posix
2025-05-18 06:25:38,210 root INFO copying Cython/Includes/posix/dlfcn.pxd -> build/lib.linux-x86_64-cpython-312/Cython/Includes/posix
2025-05-18 06:25:38,210 root INFO copying Cython/Compiler/Parsing.pxd -> build/lib.linux-x86_64-cpython-312/Cython/Compiler
2025-05-18 06:25:38,211 root INFO copying Cython/Compiler/ParseTreeTransforms.pxd -> build/lib.linux-x86_64-cpython-312/Cython/Compiler
2025-05-18 06:25:38,211 root INFO copying Cython/Compiler/Visitor.pxd -> build/lib.linux-x86_64-cpython-312/Cython/Compiler
2025-05-18 06:25:38,211 root INFO copying Cython/Compiler/FlowControl.pxd -> build/lib.linux-x86_64-cpython-312/Cython/Compiler
2025-05-18 06:25:38,211 root INFO copying Cython/Compiler/Scanning.pxd -> build/lib.linux-x86_64-cpython-312/Cython/Compiler
2025-05-18 06:25:38,212 root INFO copying Cython/Compiler/Code.pxd -> build/lib.linux-x86_64-cpython-312/Cython/Compiler
2025-05-18 06:25:38,212 root INFO copying Cython/Runtime/refnanny.pyx -> build/lib.linux-x86_64-cpython-312/Cython/Runtime
2025-05-18 06:25:38,212 root INFO copying Cython/Debugger/Tests/codefile -> build/lib.linux-x86_64-cpython-312/Cython/Debugger/Tests
2025-05-18 06:25:38,212 root INFO copying Cython/Debugger/Tests/cfuncs.c -> build/lib.linux-x86_64-cpython-312/Cython/Debugger/Tests
2025-05-18 06:25:38,213 root INFO copying Cython/Plex/Actions.pxd -> build/lib.linux-x86_64-cpython-312/Cython/Plex
2025-05-18 06:25:38,213 root INFO copying Cython/Plex/Machines.pxd -> build/lib.linux-x86_64-cpython-312/Cython/Plex
2025-05-18 06:25:38,213 root INFO copying Cython/Plex/Transitions.pxd -> build/lib.linux-x86_64-cpython-312/Cython/Plex
2025-05-18 06:25:38,213 root INFO copying Cython/Plex/Scanners.pxd -> build/lib.linux-x86_64-cpython-312/Cython/Plex
2025-05-18 06:25:38,214 root INFO copying Cython/Plex/DFA.pxd -> build/lib.linux-x86_64-cpython-312/Cython/Plex
2025-05-18 06:25:38,214 root INFO copying Cython/Utility/TestCythonScope.pyx -> build/lib.linux-x86_64-cpython-312/Cython/Utility
2025-05-18 06:25:38,214 root INFO copying Cython/Utility/CppConvert.pyx -> build/lib.linux-x86_64-cpython-312/Cython/Utility
2025-05-18 06:25:38,214 root INFO copying Cython/Utility/UFuncs.pyx -> build/lib.linux-x86_64-cpython-312/Cython/Utility
2025-05-18 06:25:38,215 root INFO copying Cython/Utility/TestCyUtilityLoader.pyx -> build/lib.linux-x86_64-cpython-312/Cython/Utility
2025-05-18 06:25:38,215 root INFO copying Cython/Utility/MemoryView.pyx -> build/lib.linux-x86_64-cpython-312/Cython/Utility
2025-05-18 06:25:38,215 root INFO copying Cython/Utility/CConvert.pyx -> build/lib.linux-x86_64-cpython-312/Cython/Utility
2025-05-18 06:25:38,215 root INFO copying Cython/Utility/CpdefEnums.pyx -> build/lib.linux-x86_64-cpython-312/Cython/Utility
2025-05-18 06:25:38,216 root INFO copying Cython/Utility/AsyncGen.c -> build/lib.linux-x86_64-cpython-312/Cython/Utility
2025-05-18 06:25:38,216 root INFO copying Cython/Utility/NumpyImportArray.c -> build/lib.linux-x86_64-cpython-312/Cython/Utility
2025-05-18 06:25:38,216 root INFO copying Cython/Utility/Overflow.c -> build/lib.linux-x86_64-cpython-312/Cython/Utility
2025-05-18 06:25:38,216 root INFO copying Cython/Utility/Profile.c -> build/lib.linux-x86_64-cpython-312/Cython/Utility
2025-05-18 06:25:38,217 root INFO copying Cython/Utility/UFuncs_C.c -> build/lib.linux-x86_64-cpython-312/Cython/Utility
2025-05-18 06:25:38,217 root INFO copying Cython/Utility/ModuleSetupCode.c -> build/lib.linux-x86_64-cpython-312/Cython/Utility
2025-05-18 06:25:38,217 root INFO copying Cython/Utility/ObjectHandling.c -> build/lib.linux-x86_64-cpython-312/Cython/Utility
2025-05-18 06:25:38,218 root INFO copying Cython/Utility/CMath.c -> build/lib.linux-x86_64-cpython-312/Cython/Utility
2025-05-18 06:25:38,218 root INFO copying Cython/Utility/Optimize.c -> build/lib.linux-x86_64-cpython-312/Cython/Utility
2025-05-18 06:25:38,218 root INFO copying Cython/Utility/Dataclasses.c -> build/lib.linux-x86_64-cpython-312/Cython/Utility
2025-05-18 06:25:38,218 root INFO copying Cython/Utility/TypeConversion.c -> build/lib.linux-x86_64-cpython-312/Cython/Utility
2025-05-18 06:25:38,219 root INFO copying Cython/Utility/ExtensionTypes.c -> build/lib.linux-x86_64-cpython-312/Cython/Utility
2025-05-18 06:25:38,219 root INFO copying Cython/Utility/Embed.c -> build/lib.linux-x86_64-cpython-312/Cython/Utility
2025-05-18 06:25:38,219 root INFO copying Cython/Utility/TestUtilityLoader.c -> build/lib.linux-x86_64-cpython-312/Cython/Utility
2025-05-18 06:25:38,219 root INFO copying Cython/Utility/ImportExport.c -> build/lib.linux-x86_64-cpython-312/Cython/Utility
2025-05-18 06:25:38,220 root INFO copying Cython/Utility/Buffer.c -> build/lib.linux-x86_64-cpython-312/Cython/Utility
2025-05-18 06:25:38,220 root INFO copying Cython/Utility/CythonFunction.c -> build/lib.linux-x86_64-cpython-312/Cython/Utility
2025-05-18 06:25:38,220 root INFO copying Cython/Utility/CommonStructures.c -> build/lib.linux-x86_64-cpython-312/Cython/Utility
2025-05-18 06:25:38,221 root INFO copying Cython/Utility/Coroutine.c -> build/lib.linux-x86_64-cpython-312/Cython/Utility
2025-05-18 06:25:38,221 root INFO copying Cython/Utility/FunctionArguments.c -> build/lib.linux-x86_64-cpython-312/Cython/Utility
2025-05-18 06:25:38,221 root INFO copying Cython/Utility/Printing.c -> build/lib.linux-x86_64-cpython-312/Cython/Utility
2025-05-18 06:25:38,221 root INFO copying Cython/Utility/Exceptions.c -> build/lib.linux-x86_64-cpython-312/Cython/Utility
2025-05-18 06:25:38,222 root INFO copying Cython/Utility/Builtins.c -> build/lib.linux-x86_64-cpython-312/Cython/Utility
2025-05-18 06:25:38,222 root INFO copying Cython/Utility/Complex.c -> build/lib.linux-x86_64-cpython-312/Cython/Utility
2025-05-18 06:25:38,222 root INFO copying Cython/Utility/StringTools.c -> build/lib.linux-x86_64-cpython-312/Cython/Utility
2025-05-18 06:25:38,222 root INFO copying Cython/Utility/MemoryView_C.c -> build/lib.linux-x86_64-cpython-312/Cython/Utility
2025-05-18 06:25:38,223 root INFO copying Cython/Utility/arrayarray.h -> build/lib.linux-x86_64-cpython-312/Cython/Utility
2025-05-18 06:25:38,223 root INFO copying Cython/Utility/CppSupport.cpp -> build/lib.linux-x86_64-cpython-312/Cython/Utility
2025-05-18 06:25:38,226 root INFO running build_ext
Compiling /home/packager/aports/main/cython/src/cython-3.0.12/Cython/Compiler/Parsing.py because it changed.
[1/1] Cythonizing /home/packager/aports/main/cython/src/cython-3.0.12/Cython/Compiler/Parsing.py
2025-05-18 06:25:42,809 root INFO building 'Cython.Compiler.Parsing' extension
2025-05-18 06:25:42,810 root INFO creating build/temp.linux-x86_64-cpython-312/home/packager/aports/main/cython/src/cython-3.0.12/Cython/Compiler
2025-05-18 06:25:42,810 root INFO gcc -Os -fstack-clash-protection -Wformat -Werror=format-security -fno-plt -fPIC -I/usr/include/python3.12 -c /home/packager/aports/main/cython/src/cython-3.0.12/Cython/Compiler/Parsing.c -o build/temp.linux-x86_64-cpython-312/home/packager/aports/main/cython/src/cython-3.0.12/Cython/Compiler/Parsing.o
2025-05-18 06:26:13,522 root INFO gcc -shared -Wl,--as-needed,-O1,--sort-common -Wl,-z,pack-relative-relocs -Os -fstack-clash-protection -Wformat -Werror=format-security -fno-plt build/temp.linux-x86_64-cpython-312/home/packager/aports/main/cython/src/cython-3.0.12/Cython/Compiler/Parsing.o -L/usr/lib -o build/lib.linux-x86_64-cpython-312/Cython/Compiler/Parsing.cpython-312-x86_64-linux-musl.so
Compiling /home/packager/aports/main/cython/src/cython-3.0.12/Cython/Compiler/Code.py because it changed.
[1/1] Cythonizing /home/packager/aports/main/cython/src/cython-3.0.12/Cython/Compiler/Code.py
2025-05-18 06:26:16,256 root INFO building 'Cython.Compiler.Code' extension
2025-05-18 06:26:16,256 root INFO gcc -Os -fstack-clash-protection -Wformat -Werror=format-security -fno-plt -fPIC -I/usr/include/python3.12 -c /home/packager/aports/main/cython/src/cython-3.0.12/Cython/Compiler/Code.c -o build/temp.linux-x86_64-cpython-312/home/packager/aports/main/cython/src/cython-3.0.12/Cython/Compiler/Code.o
2025-05-18 06:26:53,706 root INFO gcc -shared -Wl,--as-needed,-O1,--sort-common -Wl,-z,pack-relative-relocs -Os -fstack-clash-protection -Wformat -Werror=format-security -fno-plt build/temp.linux-x86_64-cpython-312/home/packager/aports/main/cython/src/cython-3.0.12/Cython/Compiler/Code.o -L/usr/lib -o build/lib.linux-x86_64-cpython-312/Cython/Compiler/Code.cpython-312-x86_64-linux-musl.so
Compiling /home/packager/aports/main/cython/src/cython-3.0.12/Cython/Compiler/FlowControl.py because it changed.
[1/1] Cythonizing /home/packager/aports/main/cython/src/cython-3.0.12/Cython/Compiler/FlowControl.py
2025-05-18 06:26:55,622 root INFO building 'Cython.Compiler.FlowControl' extension
2025-05-18 06:26:55,623 root INFO gcc -Os -fstack-clash-protection -Wformat -Werror=format-security -fno-plt -fPIC -I/usr/include/python3.12 -c /home/packager/aports/main/cython/src/cython-3.0.12/Cython/Compiler/FlowControl.c -o build/temp.linux-x86_64-cpython-312/home/packager/aports/main/cython/src/cython-3.0.12/Cython/Compiler/FlowControl.o
2025-05-18 06:27:13,015 root INFO gcc -shared -Wl,--as-needed,-O1,--sort-common -Wl,-z,pack-relative-relocs -Os -fstack-clash-protection -Wformat -Werror=format-security -fno-plt build/temp.linux-x86_64-cpython-312/home/packager/aports/main/cython/src/cython-3.0.12/Cython/Compiler/FlowControl.o -L/usr/lib -o build/lib.linux-x86_64-cpython-312/Cython/Compiler/FlowControl.cpython-312-x86_64-linux-musl.so
Compiling /home/packager/aports/main/cython/src/cython-3.0.12/Cython/Compiler/FusedNode.py because it changed.
[1/1] Cythonizing /home/packager/aports/main/cython/src/cython-3.0.12/Cython/Compiler/FusedNode.py
2025-05-18 06:27:13,811 root INFO building 'Cython.Compiler.FusedNode' extension
2025-05-18 06:27:13,811 root INFO gcc -Os -fstack-clash-protection -Wformat -Werror=format-security -fno-plt -fPIC -I/usr/include/python3.12 -c /home/packager/aports/main/cython/src/cython-3.0.12/Cython/Compiler/FusedNode.c -o build/temp.linux-x86_64-cpython-312/home/packager/aports/main/cython/src/cython-3.0.12/Cython/Compiler/FusedNode.o
2025-05-18 06:27:26,697 root INFO gcc -shared -Wl,--as-needed,-O1,--sort-common -Wl,-z,pack-relative-relocs -Os -fstack-clash-protection -Wformat -Werror=format-security -fno-plt build/temp.linux-x86_64-cpython-312/home/packager/aports/main/cython/src/cython-3.0.12/Cython/Compiler/FusedNode.o -L/usr/lib -o build/lib.linux-x86_64-cpython-312/Cython/Compiler/FusedNode.cpython-312-x86_64-linux-musl.so
Compiling /home/packager/aports/main/cython/src/cython-3.0.12/Cython/Tempita/_tempita.py because it changed.
[1/1] Cythonizing /home/packager/aports/main/cython/src/cython-3.0.12/Cython/Tempita/_tempita.py
2025-05-18 06:27:27,722 root INFO building 'Cython.Tempita._tempita' extension
2025-05-18 06:27:27,722 root INFO creating build/temp.linux-x86_64-cpython-312/home/packager/aports/main/cython/src/cython-3.0.12/Cython/Tempita
2025-05-18 06:27:27,722 root INFO gcc -Os -fstack-clash-protection -Wformat -Werror=format-security -fno-plt -fPIC -I/usr/include/python3.12 -c /home/packager/aports/main/cython/src/cython-3.0.12/Cython/Tempita/_tempita.c -o build/temp.linux-x86_64-cpython-312/home/packager/aports/main/cython/src/cython-3.0.12/Cython/Tempita/_tempita.o
2025-05-18 06:27:42,042 root INFO gcc -shared -Wl,--as-needed,-O1,--sort-common -Wl,-z,pack-relative-relocs -Os -fstack-clash-protection -Wformat -Werror=format-security -fno-plt build/temp.linux-x86_64-cpython-312/home/packager/aports/main/cython/src/cython-3.0.12/Cython/Tempita/_tempita.o -L/usr/lib -o build/lib.linux-x86_64-cpython-312/Cython/Tempita/_tempita.cpython-312-x86_64-linux-musl.so
Compiling /home/packager/aports/main/cython/src/cython-3.0.12/Cython/Compiler/Visitor.py because it changed.
[1/1] Cythonizing /home/packager/aports/main/cython/src/cython-3.0.12/Cython/Compiler/Visitor.py
2025-05-18 06:27:42,761 root INFO building 'Cython.Compiler.Visitor' extension
2025-05-18 06:27:42,761 root INFO gcc -Os -fstack-clash-protection -Wformat -Werror=format-security -fno-plt -fPIC -I/usr/include/python3.12 -c /home/packager/aports/main/cython/src/cython-3.0.12/Cython/Compiler/Visitor.c -o build/temp.linux-x86_64-cpython-312/home/packager/aports/main/cython/src/cython-3.0.12/Cython/Compiler/Visitor.o
2025-05-18 06:27:52,476 root INFO gcc -shared -Wl,--as-needed,-O1,--sort-common -Wl,-z,pack-relative-relocs -Os -fstack-clash-protection -Wformat -Werror=format-security -fno-plt build/temp.linux-x86_64-cpython-312/home/packager/aports/main/cython/src/cython-3.0.12/Cython/Compiler/Visitor.o -L/usr/lib -o build/lib.linux-x86_64-cpython-312/Cython/Compiler/Visitor.cpython-312-x86_64-linux-musl.so
Compiling /home/packager/aports/main/cython/src/cython-3.0.12/Cython/Utils.py because it changed.
[1/1] Cythonizing /home/packager/aports/main/cython/src/cython-3.0.12/Cython/Utils.py
2025-05-18 06:27:53,171 root INFO building 'Cython.Utils' extension
2025-05-18 06:27:53,172 root INFO gcc -Os -fstack-clash-protection -Wformat -Werror=format-security -fno-plt -fPIC -I/usr/include/python3.12 -c /home/packager/aports/main/cython/src/cython-3.0.12/Cython/Utils.c -o build/temp.linux-x86_64-cpython-312/home/packager/aports/main/cython/src/cython-3.0.12/Cython/Utils.o
2025-05-18 06:28:03,712 root INFO gcc -shared -Wl,--as-needed,-O1,--sort-common -Wl,-z,pack-relative-relocs -Os -fstack-clash-protection -Wformat -Werror=format-security -fno-plt build/temp.linux-x86_64-cpython-312/home/packager/aports/main/cython/src/cython-3.0.12/Cython/Utils.o -L/usr/lib -o build/lib.linux-x86_64-cpython-312/Cython/Utils.cpython-312-x86_64-linux-musl.so
Compiling /home/packager/aports/main/cython/src/cython-3.0.12/Cython/Compiler/Scanning.py because it changed.
[1/1] Cythonizing /home/packager/aports/main/cython/src/cython-3.0.12/Cython/Compiler/Scanning.py
2025-05-18 06:28:04,304 root INFO building 'Cython.Compiler.Scanning' extension
2025-05-18 06:28:04,304 root INFO gcc -Os -fstack-clash-protection -Wformat -Werror=format-security -fno-plt -fPIC -I/usr/include/python3.12 -c /home/packager/aports/main/cython/src/cython-3.0.12/Cython/Compiler/Scanning.c -o build/temp.linux-x86_64-cpython-312/home/packager/aports/main/cython/src/cython-3.0.12/Cython/Compiler/Scanning.o
2025-05-18 06:28:13,399 root INFO gcc -shared -Wl,--as-needed,-O1,--sort-common -Wl,-z,pack-relative-relocs -Os -fstack-clash-protection -Wformat -Werror=format-security -fno-plt build/temp.linux-x86_64-cpython-312/home/packager/aports/main/cython/src/cython-3.0.12/Cython/Compiler/Scanning.o -L/usr/lib -o build/lib.linux-x86_64-cpython-312/Cython/Compiler/Scanning.cpython-312-x86_64-linux-musl.so
Compiling /home/packager/aports/main/cython/src/cython-3.0.12/Cython/Plex/Scanners.py because it changed.
[1/1] Cythonizing /home/packager/aports/main/cython/src/cython-3.0.12/Cython/Plex/Scanners.py
2025-05-18 06:28:13,737 root INFO building 'Cython.Plex.Scanners' extension
2025-05-18 06:28:13,737 root INFO creating build/temp.linux-x86_64-cpython-312/home/packager/aports/main/cython/src/cython-3.0.12/Cython/Plex
2025-05-18 06:28:13,737 root INFO gcc -Os -fstack-clash-protection -Wformat -Werror=format-security -fno-plt -fPIC -I/usr/include/python3.12 -c /home/packager/aports/main/cython/src/cython-3.0.12/Cython/Plex/Scanners.c -o build/temp.linux-x86_64-cpython-312/home/packager/aports/main/cython/src/cython-3.0.12/Cython/Plex/Scanners.o
2025-05-18 06:28:16,240 root INFO gcc -shared -Wl,--as-needed,-O1,--sort-common -Wl,-z,pack-relative-relocs -Os -fstack-clash-protection -Wformat -Werror=format-security -fno-plt build/temp.linux-x86_64-cpython-312/home/packager/aports/main/cython/src/cython-3.0.12/Cython/Plex/Scanners.o -L/usr/lib -o build/lib.linux-x86_64-cpython-312/Cython/Plex/Scanners.cpython-312-x86_64-linux-musl.so
Compiling /home/packager/aports/main/cython/src/cython-3.0.12/Cython/Plex/Machines.py because it changed.
[1/1] Cythonizing /home/packager/aports/main/cython/src/cython-3.0.12/Cython/Plex/Machines.py
2025-05-18 06:28:16,528 root INFO building 'Cython.Plex.Machines' extension
2025-05-18 06:28:16,528 root INFO gcc -Os -fstack-clash-protection -Wformat -Werror=format-security -fno-plt -fPIC -I/usr/include/python3.12 -c /home/packager/aports/main/cython/src/cython-3.0.12/Cython/Plex/Machines.c -o build/temp.linux-x86_64-cpython-312/home/packager/aports/main/cython/src/cython-3.0.12/Cython/Plex/Machines.o
2025-05-18 06:28:20,355 root INFO gcc -shared -Wl,--as-needed,-O1,--sort-common -Wl,-z,pack-relative-relocs -Os -fstack-clash-protection -Wformat -Werror=format-security -fno-plt build/temp.linux-x86_64-cpython-312/home/packager/aports/main/cython/src/cython-3.0.12/Cython/Plex/Machines.o -L/usr/lib -o build/lib.linux-x86_64-cpython-312/Cython/Plex/Machines.cpython-312-x86_64-linux-musl.so
Compiling /home/packager/aports/main/cython/src/cython-3.0.12/Cython/Plex/Transitions.py because it changed.
[1/1] Cythonizing /home/packager/aports/main/cython/src/cython-3.0.12/Cython/Plex/Transitions.py
2025-05-18 06:28:20,569 root INFO building 'Cython.Plex.Transitions' extension
2025-05-18 06:28:20,569 root INFO gcc -Os -fstack-clash-protection -Wformat -Werror=format-security -fno-plt -fPIC -I/usr/include/python3.12 -c /home/packager/aports/main/cython/src/cython-3.0.12/Cython/Plex/Transitions.c -o build/temp.linux-x86_64-cpython-312/home/packager/aports/main/cython/src/cython-3.0.12/Cython/Plex/Transitions.o
2025-05-18 06:28:23,386 root INFO gcc -shared -Wl,--as-needed,-O1,--sort-common -Wl,-z,pack-relative-relocs -Os -fstack-clash-protection -Wformat -Werror=format-security -fno-plt build/temp.linux-x86_64-cpython-312/home/packager/aports/main/cython/src/cython-3.0.12/Cython/Plex/Transitions.o -L/usr/lib -o build/lib.linux-x86_64-cpython-312/Cython/Plex/Transitions.cpython-312-x86_64-linux-musl.so
Compiling /home/packager/aports/main/cython/src/cython-3.0.12/Cython/Runtime/refnanny.pyx because it changed.
[1/1] Cythonizing /home/packager/aports/main/cython/src/cython-3.0.12/Cython/Runtime/refnanny.pyx
2025-05-18 06:28:23,849 root INFO building 'Cython.Runtime.refnanny' extension
2025-05-18 06:28:23,850 root INFO creating build/temp.linux-x86_64-cpython-312/home/packager/aports/main/cython/src/cython-3.0.12/Cython/Runtime
2025-05-18 06:28:23,850 root INFO gcc -Os -fstack-clash-protection -Wformat -Werror=format-security -fno-plt -fPIC -I/usr/include/python3.12 -c /home/packager/aports/main/cython/src/cython-3.0.12/Cython/Runtime/refnanny.c -o build/temp.linux-x86_64-cpython-312/home/packager/aports/main/cython/src/cython-3.0.12/Cython/Runtime/refnanny.o
2025-05-18 06:28:25,741 root INFO gcc -shared -Wl,--as-needed,-O1,--sort-common -Wl,-z,pack-relative-relocs -Os -fstack-clash-protection -Wformat -Werror=format-security -fno-plt build/temp.linux-x86_64-cpython-312/home/packager/aports/main/cython/src/cython-3.0.12/Cython/Runtime/refnanny.o -L/usr/lib -o build/lib.linux-x86_64-cpython-312/Cython/Runtime/refnanny.cpython-312-x86_64-linux-musl.so
Compiling /home/packager/aports/main/cython/src/cython-3.0.12/Cython/StringIOTree.py because it changed.
[1/1] Cythonizing /home/packager/aports/main/cython/src/cython-3.0.12/Cython/StringIOTree.py
2025-05-18 06:28:25,871 root INFO building 'Cython.StringIOTree' extension
2025-05-18 06:28:25,871 root INFO gcc -Os -fstack-clash-protection -Wformat -Werror=format-security -fno-plt -fPIC -I/usr/include/python3.12 -c /home/packager/aports/main/cython/src/cython-3.0.12/Cython/StringIOTree.c -o build/temp.linux-x86_64-cpython-312/home/packager/aports/main/cython/src/cython-3.0.12/Cython/StringIOTree.o
2025-05-18 06:28:27,641 root INFO gcc -shared -Wl,--as-needed,-O1,--sort-common -Wl,-z,pack-relative-relocs -Os -fstack-clash-protection -Wformat -Werror=format-security -fno-plt build/temp.linux-x86_64-cpython-312/home/packager/aports/main/cython/src/cython-3.0.12/Cython/StringIOTree.o -L/usr/lib -o build/lib.linux-x86_64-cpython-312/Cython/StringIOTree.cpython-312-x86_64-linux-musl.so
Compiling /home/packager/aports/main/cython/src/cython-3.0.12/Cython/Plex/DFA.py because it changed.
[1/1] Cythonizing /home/packager/aports/main/cython/src/cython-3.0.12/Cython/Plex/DFA.py
2025-05-18 06:28:27,848 root INFO building 'Cython.Plex.DFA' extension
2025-05-18 06:28:27,848 root INFO gcc -Os -fstack-clash-protection -Wformat -Werror=format-security -fno-plt -fPIC -I/usr/include/python3.12 -c /home/packager/aports/main/cython/src/cython-3.0.12/Cython/Plex/DFA.c -o build/temp.linux-x86_64-cpython-312/home/packager/aports/main/cython/src/cython-3.0.12/Cython/Plex/DFA.o
2025-05-18 06:28:30,375 root INFO gcc -shared -Wl,--as-needed,-O1,--sort-common -Wl,-z,pack-relative-relocs -Os -fstack-clash-protection -Wformat -Werror=format-security -fno-plt build/temp.linux-x86_64-cpython-312/home/packager/aports/main/cython/src/cython-3.0.12/Cython/Plex/DFA.o -L/usr/lib -o build/lib.linux-x86_64-cpython-312/Cython/Plex/DFA.cpython-312-x86_64-linux-musl.so
Compiling /home/packager/aports/main/cython/src/cython-3.0.12/Cython/Plex/Actions.py because it changed.
[1/1] Cythonizing /home/packager/aports/main/cython/src/cython-3.0.12/Cython/Plex/Actions.py
2025-05-18 06:28:30,479 root INFO building 'Cython.Plex.Actions' extension
2025-05-18 06:28:30,480 root INFO gcc -Os -fstack-clash-protection -Wformat -Werror=format-security -fno-plt -fPIC -I/usr/include/python3.12 -c /home/packager/aports/main/cython/src/cython-3.0.12/Cython/Plex/Actions.c -o build/temp.linux-x86_64-cpython-312/home/packager/aports/main/cython/src/cython-3.0.12/Cython/Plex/Actions.o
2025-05-18 06:28:32,045 root INFO gcc -shared -Wl,--as-needed,-O1,--sort-common -Wl,-z,pack-relative-relocs -Os -fstack-clash-protection -Wformat -Werror=format-security -fno-plt build/temp.linux-x86_64-cpython-312/home/packager/aports/main/cython/src/cython-3.0.12/Cython/Plex/Actions.o -L/usr/lib -o build/lib.linux-x86_64-cpython-312/Cython/Plex/Actions.cpython-312-x86_64-linux-musl.so
2025-05-18 06:28:32,074 root INFO installing to build/bdist.linux-x86_64/wheel
2025-05-18 06:28:32,074 root INFO running install
2025-05-18 06:28:32,085 root INFO running install_lib
2025-05-18 06:28:32,088 root INFO creating build/bdist.linux-x86_64/wheel
2025-05-18 06:28:32,089 root INFO copying build/lib.linux-x86_64-cpython-312/cython.py -> build/bdist.linux-x86_64/wheel/.
2025-05-18 06:28:32,089 root INFO creating build/bdist.linux-x86_64/wheel/Cython
2025-05-18 06:28:32,089 root INFO creating build/bdist.linux-x86_64/wheel/Cython/Debugger
2025-05-18 06:28:32,089 root INFO copying build/lib.linux-x86_64-cpython-312/Cython/Debugger/libpython.py -> build/bdist.linux-x86_64/wheel/./Cython/Debugger
2025-05-18 06:28:32,090 root INFO copying build/lib.linux-x86_64-cpython-312/Cython/Debugger/__init__.py -> build/bdist.linux-x86_64/wheel/./Cython/Debugger
2025-05-18 06:28:32,090 root INFO creating build/bdist.linux-x86_64/wheel/Cython/Debugger/Tests
2025-05-18 06:28:32,090 root INFO copying build/lib.linux-x86_64-cpython-312/Cython/Debugger/Tests/test_libpython_in_gdb.py -> build/bdist.linux-x86_64/wheel/./Cython/Debugger/Tests
2025-05-18 06:28:32,090 root INFO copying build/lib.linux-x86_64-cpython-312/Cython/Debugger/Tests/test_libcython_in_gdb.py -> build/bdist.linux-x86_64/wheel/./Cython/Debugger/Tests
2025-05-18 06:28:32,090 root INFO copying build/lib.linux-x86_64-cpython-312/Cython/Debugger/Tests/codefile -> build/bdist.linux-x86_64/wheel/./Cython/Debugger/Tests
2025-05-18 06:28:32,091 root INFO copying build/lib.linux-x86_64-cpython-312/Cython/Debugger/Tests/__init__.py -> build/bdist.linux-x86_64/wheel/./Cython/Debugger/Tests
2025-05-18 06:28:32,091 root INFO copying build/lib.linux-x86_64-cpython-312/Cython/Debugger/Tests/cfuncs.c -> build/bdist.linux-x86_64/wheel/./Cython/Debugger/Tests
2025-05-18 06:28:32,091 root INFO copying build/lib.linux-x86_64-cpython-312/Cython/Debugger/Tests/TestLibCython.py -> build/bdist.linux-x86_64/wheel/./Cython/Debugger/Tests
2025-05-18 06:28:32,091 root INFO copying build/lib.linux-x86_64-cpython-312/Cython/Debugger/libcython.py -> build/bdist.linux-x86_64/wheel/./Cython/Debugger
2025-05-18 06:28:32,091 root INFO copying build/lib.linux-x86_64-cpython-312/Cython/Debugger/DebugWriter.py -> build/bdist.linux-x86_64/wheel/./Cython/Debugger
2025-05-18 06:28:32,091 root INFO copying build/lib.linux-x86_64-cpython-312/Cython/Debugger/Cygdb.py -> build/bdist.linux-x86_64/wheel/./Cython/Debugger
2025-05-18 06:28:32,092 root INFO creating build/bdist.linux-x86_64/wheel/Cython/Runtime
2025-05-18 06:28:32,092 root INFO copying build/lib.linux-x86_64-cpython-312/Cython/Runtime/__init__.py -> build/bdist.linux-x86_64/wheel/./Cython/Runtime
2025-05-18 06:28:32,092 root INFO copying build/lib.linux-x86_64-cpython-312/Cython/Runtime/refnanny.cpython-312-x86_64-linux-musl.so -> build/bdist.linux-x86_64/wheel/./Cython/Runtime
2025-05-18 06:28:32,092 root INFO copying build/lib.linux-x86_64-cpython-312/Cython/Runtime/refnanny.pyx -> build/bdist.linux-x86_64/wheel/./Cython/Runtime
2025-05-18 06:28:32,092 root INFO copying build/lib.linux-x86_64-cpython-312/Cython/TestUtils.py -> build/bdist.linux-x86_64/wheel/./Cython
2025-05-18 06:28:32,093 root INFO copying build/lib.linux-x86_64-cpython-312/Cython/StringIOTree.cpython-312-x86_64-linux-musl.so -> build/bdist.linux-x86_64/wheel/./Cython
2025-05-18 06:28:32,093 root INFO creating build/bdist.linux-x86_64/wheel/Cython/Includes
2025-05-18 06:28:32,093 root INFO creating build/bdist.linux-x86_64/wheel/Cython/Includes/libcpp
2025-05-18 06:28:32,093 root INFO copying build/lib.linux-x86_64-cpython-312/Cython/Includes/libcpp/limits.pxd -> build/bdist.linux-x86_64/wheel/./Cython/Includes/libcpp
2025-05-18 06:28:32,093 root INFO copying build/lib.linux-x86_64-cpython-312/Cython/Includes/libcpp/typeindex.pxd -> build/bdist.linux-x86_64/wheel/./Cython/Includes/libcpp
2025-05-18 06:28:32,093 root INFO copying build/lib.linux-x86_64-cpython-312/Cython/Includes/libcpp/iterator.pxd -> build/bdist.linux-x86_64/wheel/./Cython/Includes/libcpp
2025-05-18 06:28:32,094 root INFO copying build/lib.linux-x86_64-cpython-312/Cython/Includes/libcpp/cmath.pxd -> build/bdist.linux-x86_64/wheel/./Cython/Includes/libcpp
2025-05-18 06:28:32,094 root INFO copying build/lib.linux-x86_64-cpython-312/Cython/Includes/libcpp/numeric.pxd -> build/bdist.linux-x86_64/wheel/./Cython/Includes/libcpp
2025-05-18 06:28:32,094 root INFO copying build/lib.linux-x86_64-cpython-312/Cython/Includes/libcpp/optional.pxd -> build/bdist.linux-x86_64/wheel/./Cython/Includes/libcpp
2025-05-18 06:28:32,094 root INFO copying build/lib.linux-x86_64-cpython-312/Cython/Includes/libcpp/utility.pxd -> build/bdist.linux-x86_64/wheel/./Cython/Includes/libcpp
2025-05-18 06:28:32,094 root INFO copying build/lib.linux-x86_64-cpython-312/Cython/Includes/libcpp/algorithm.pxd -> build/bdist.linux-x86_64/wheel/./Cython/Includes/libcpp
2025-05-18 06:28:32,095 root INFO copying build/lib.linux-x86_64-cpython-312/Cython/Includes/libcpp/string.pxd -> build/bdist.linux-x86_64/wheel/./Cython/Includes/libcpp
2025-05-18 06:28:32,095 root INFO copying build/lib.linux-x86_64-cpython-312/Cython/Includes/libcpp/cast.pxd -> build/bdist.linux-x86_64/wheel/./Cython/Includes/libcpp
2025-05-18 06:28:32,095 root INFO copying build/lib.linux-x86_64-cpython-312/Cython/Includes/libcpp/forward_list.pxd -> build/bdist.linux-x86_64/wheel/./Cython/Includes/libcpp
2025-05-18 06:28:32,095 root INFO copying build/lib.linux-x86_64-cpython-312/Cython/Includes/libcpp/any.pxd -> build/bdist.linux-x86_64/wheel/./Cython/Includes/libcpp
2025-05-18 06:28:32,095 root INFO copying build/lib.linux-x86_64-cpython-312/Cython/Includes/libcpp/deque.pxd -> build/bdist.linux-x86_64/wheel/./Cython/Includes/libcpp
2025-05-18 06:28:32,095 root INFO copying build/lib.linux-x86_64-cpython-312/Cython/Includes/libcpp/execution.pxd -> build/bdist.linux-x86_64/wheel/./Cython/Includes/libcpp
2025-05-18 06:28:32,096 root INFO copying build/lib.linux-x86_64-cpython-312/Cython/Includes/libcpp/memory.pxd -> build/bdist.linux-x86_64/wheel/./Cython/Includes/libcpp
2025-05-18 06:28:32,096 root INFO copying build/lib.linux-x86_64-cpython-312/Cython/Includes/libcpp/functional.pxd -> build/bdist.linux-x86_64/wheel/./Cython/Includes/libcpp
2025-05-18 06:28:32,096 root INFO copying build/lib.linux-x86_64-cpython-312/Cython/Includes/libcpp/typeinfo.pxd -> build/bdist.linux-x86_64/wheel/./Cython/Includes/libcpp
2025-05-18 06:28:32,096 root INFO copying build/lib.linux-x86_64-cpython-312/Cython/Includes/libcpp/complex.pxd -> build/bdist.linux-x86_64/wheel/./Cython/Includes/libcpp
2025-05-18 06:28:32,096 root INFO copying build/lib.linux-x86_64-cpython-312/Cython/Includes/libcpp/map.pxd -> build/bdist.linux-x86_64/wheel/./Cython/Includes/libcpp
2025-05-18 06:28:32,096 root INFO copying build/lib.linux-x86_64-cpython-312/Cython/Includes/libcpp/queue.pxd -> build/bdist.linux-x86_64/wheel/./Cython/Includes/libcpp
2025-05-18 06:28:32,096 root INFO copying build/lib.linux-x86_64-cpython-312/Cython/Includes/libcpp/bit.pxd -> build/bdist.linux-x86_64/wheel/./Cython/Includes/libcpp
2025-05-18 06:28:32,097 root INFO copying build/lib.linux-x86_64-cpython-312/Cython/Includes/libcpp/set.pxd -> build/bdist.linux-x86_64/wheel/./Cython/Includes/libcpp
2025-05-18 06:28:32,097 root INFO copying build/lib.linux-x86_64-cpython-312/Cython/Includes/libcpp/__init__.pxd -> build/bdist.linux-x86_64/wheel/./Cython/Includes/libcpp
2025-05-18 06:28:32,097 root INFO copying build/lib.linux-x86_64-cpython-312/Cython/Includes/libcpp/random.pxd -> build/bdist.linux-x86_64/wheel/./Cython/Includes/libcpp
2025-05-18 06:28:32,097 root INFO copying build/lib.linux-x86_64-cpython-312/Cython/Includes/libcpp/numbers.pxd -> build/bdist.linux-x86_64/wheel/./Cython/Includes/libcpp
2025-05-18 06:28:32,097 root INFO copying build/lib.linux-x86_64-cpython-312/Cython/Includes/libcpp/stack.pxd -> build/bdist.linux-x86_64/wheel/./Cython/Includes/libcpp
2025-05-18 06:28:32,097 root INFO copying build/lib.linux-x86_64-cpython-312/Cython/Includes/libcpp/list.pxd -> build/bdist.linux-x86_64/wheel/./Cython/Includes/libcpp
2025-05-18 06:28:32,098 root INFO copying build/lib.linux-x86_64-cpython-312/Cython/Includes/libcpp/pair.pxd -> build/bdist.linux-x86_64/wheel/./Cython/Includes/libcpp
2025-05-18 06:28:32,098 root INFO copying build/lib.linux-x86_64-cpython-312/Cython/Includes/libcpp/unordered_map.pxd -> build/bdist.linux-x86_64/wheel/./Cython/Includes/libcpp
2025-05-18 06:28:32,098 root INFO copying build/lib.linux-x86_64-cpython-312/Cython/Includes/libcpp/atomic.pxd -> build/bdist.linux-x86_64/wheel/./Cython/Includes/libcpp
2025-05-18 06:28:32,098 root INFO copying build/lib.linux-x86_64-cpython-312/Cython/Includes/libcpp/vector.pxd -> build/bdist.linux-x86_64/wheel/./Cython/Includes/libcpp
2025-05-18 06:28:32,098 root INFO copying build/lib.linux-x86_64-cpython-312/Cython/Includes/libcpp/unordered_set.pxd -> build/bdist.linux-x86_64/wheel/./Cython/Includes/libcpp
2025-05-18 06:28:32,099 root INFO creating build/bdist.linux-x86_64/wheel/Cython/Includes/cpython
2025-05-18 06:28:32,099 root INFO copying build/lib.linux-x86_64-cpython-312/Cython/Includes/cpython/contextvars.pxd -> build/bdist.linux-x86_64/wheel/./Cython/Includes/cpython
2025-05-18 06:28:32,099 root INFO copying build/lib.linux-x86_64-cpython-312/Cython/Includes/cpython/pystate.pxd -> build/bdist.linux-x86_64/wheel/./Cython/Includes/cpython
2025-05-18 06:28:32,099 root INFO copying build/lib.linux-x86_64-cpython-312/Cython/Includes/cpython/sequence.pxd -> build/bdist.linux-x86_64/wheel/./Cython/Includes/cpython
2025-05-18 06:28:32,099 root INFO copying build/lib.linux-x86_64-cpython-312/Cython/Includes/cpython/array.pxd -> build/bdist.linux-x86_64/wheel/./Cython/Includes/cpython
2025-05-18 06:28:32,099 root INFO copying build/lib.linux-x86_64-cpython-312/Cython/Includes/cpython/type.pxd -> build/bdist.linux-x86_64/wheel/./Cython/Includes/cpython
2025-05-18 06:28:32,099 root INFO copying build/lib.linux-x86_64-cpython-312/Cython/Includes/cpython/iterator.pxd -> build/bdist.linux-x86_64/wheel/./Cython/Includes/cpython
2025-05-18 06:28:32,100 root INFO copying build/lib.linux-x86_64-cpython-312/Cython/Includes/cpython/genobject.pxd -> build/bdist.linux-x86_64/wheel/./Cython/Includes/cpython
2025-05-18 06:28:32,100 root INFO copying build/lib.linux-x86_64-cpython-312/Cython/Includes/cpython/float.pxd -> build/bdist.linux-x86_64/wheel/./Cython/Includes/cpython
2025-05-18 06:28:32,100 root INFO copying build/lib.linux-x86_64-cpython-312/Cython/Includes/cpython/ref.pxd -> build/bdist.linux-x86_64/wheel/./Cython/Includes/cpython
2025-05-18 06:28:32,100 root INFO copying build/lib.linux-x86_64-cpython-312/Cython/Includes/cpython/codecs.pxd -> build/bdist.linux-x86_64/wheel/./Cython/Includes/cpython
2025-05-18 06:28:32,100 root INFO copying build/lib.linux-x86_64-cpython-312/Cython/Includes/cpython/module.pxd -> build/bdist.linux-x86_64/wheel/./Cython/Includes/cpython
2025-05-18 06:28:32,100 root INFO copying build/lib.linux-x86_64-cpython-312/Cython/Includes/cpython/unicode.pxd -> build/bdist.linux-x86_64/wheel/./Cython/Includes/cpython
2025-05-18 06:28:32,101 root INFO copying build/lib.linux-x86_64-cpython-312/Cython/Includes/cpython/mapping.pxd -> build/bdist.linux-x86_64/wheel/./Cython/Includes/cpython
2025-05-18 06:28:32,101 root INFO copying build/lib.linux-x86_64-cpython-312/Cython/Includes/cpython/version.pxd -> build/bdist.linux-x86_64/wheel/./Cython/Includes/cpython
2025-05-18 06:28:32,101 root INFO copying build/lib.linux-x86_64-cpython-312/Cython/Includes/cpython/exc.pxd -> build/bdist.linux-x86_64/wheel/./Cython/Includes/cpython
2025-05-18 06:28:32,101 root INFO copying build/lib.linux-x86_64-cpython-312/Cython/Includes/cpython/string.pxd -> build/bdist.linux-x86_64/wheel/./Cython/Includes/cpython
2025-05-18 06:28:32,101 root INFO copying build/lib.linux-x86_64-cpython-312/Cython/Includes/cpython/descr.pxd -> build/bdist.linux-x86_64/wheel/./Cython/Includes/cpython
2025-05-18 06:28:32,101 root INFO copying build/lib.linux-x86_64-cpython-312/Cython/Includes/cpython/dict.pxd -> build/bdist.linux-x86_64/wheel/./Cython/Includes/cpython
2025-05-18 06:28:32,102 root INFO copying build/lib.linux-x86_64-cpython-312/Cython/Includes/cpython/pycapsule.pxd -> build/bdist.linux-x86_64/wheel/./Cython/Includes/cpython
2025-05-18 06:28:32,102 root INFO copying build/lib.linux-x86_64-cpython-312/Cython/Includes/cpython/pythread.pxd -> build/bdist.linux-x86_64/wheel/./Cython/Includes/cpython
2025-05-18 06:28:32,102 root INFO copying build/lib.linux-x86_64-cpython-312/Cython/Includes/cpython/datetime.pxd -> build/bdist.linux-x86_64/wheel/./Cython/Includes/cpython
2025-05-18 06:28:32,102 root INFO copying build/lib.linux-x86_64-cpython-312/Cython/Includes/cpython/iterobject.pxd -> build/bdist.linux-x86_64/wheel/./Cython/Includes/cpython
2025-05-18 06:28:32,102 root INFO copying build/lib.linux-x86_64-cpython-312/Cython/Includes/cpython/number.pxd -> build/bdist.linux-x86_64/wheel/./Cython/Includes/cpython
2025-05-18 06:28:32,102 root INFO copying build/lib.linux-x86_64-cpython-312/Cython/Includes/cpython/slice.pxd -> build/bdist.linux-x86_64/wheel/./Cython/Includes/cpython
2025-05-18 06:28:32,103 root INFO copying build/lib.linux-x86_64-cpython-312/Cython/Includes/cpython/bool.pxd -> build/bdist.linux-x86_64/wheel/./Cython/Includes/cpython
2025-05-18 06:28:32,103 root INFO copying build/lib.linux-x86_64-cpython-312/Cython/Includes/cpython/method.pxd -> build/bdist.linux-x86_64/wheel/./Cython/Includes/cpython
2025-05-18 06:28:32,103 root INFO copying build/lib.linux-x86_64-cpython-312/Cython/Includes/cpython/object.pxd -> build/bdist.linux-x86_64/wheel/./Cython/Includes/cpython
2025-05-18 06:28:32,103 root INFO copying build/lib.linux-x86_64-cpython-312/Cython/Includes/cpython/function.pxd -> build/bdist.linux-x86_64/wheel/./Cython/Includes/cpython
2025-05-18 06:28:32,103 root INFO copying build/lib.linux-x86_64-cpython-312/Cython/Includes/cpython/int.pxd -> build/bdist.linux-x86_64/wheel/./Cython/Includes/cpython
2025-05-18 06:28:32,103 root INFO copying build/lib.linux-x86_64-cpython-312/Cython/Includes/cpython/ceval.pxd -> build/bdist.linux-x86_64/wheel/./Cython/Includes/cpython
2025-05-18 06:28:32,104 root INFO copying build/lib.linux-x86_64-cpython-312/Cython/Includes/cpython/complex.pxd -> build/bdist.linux-x86_64/wheel/./Cython/Includes/cpython
2025-05-18 06:28:32,104 root INFO copying build/lib.linux-x86_64-cpython-312/Cython/Includes/cpython/long.pxd -> build/bdist.linux-x86_64/wheel/./Cython/Includes/cpython
2025-05-18 06:28:32,104 root INFO copying build/lib.linux-x86_64-cpython-312/Cython/Includes/cpython/buffer.pxd -> build/bdist.linux-x86_64/wheel/./Cython/Includes/cpython
2025-05-18 06:28:32,104 root INFO copying build/lib.linux-x86_64-cpython-312/Cython/Includes/cpython/set.pxd -> build/bdist.linux-x86_64/wheel/./Cython/Includes/cpython
2025-05-18 06:28:32,104 root INFO copying build/lib.linux-x86_64-cpython-312/Cython/Includes/cpython/__init__.pxd -> build/bdist.linux-x86_64/wheel/./Cython/Includes/cpython
2025-05-18 06:28:32,104 root INFO copying build/lib.linux-x86_64-cpython-312/Cython/Includes/cpython/cobject.pxd -> build/bdist.linux-x86_64/wheel/./Cython/Includes/cpython
2025-05-18 06:28:32,104 root INFO copying build/lib.linux-x86_64-cpython-312/Cython/Includes/cpython/conversion.pxd -> build/bdist.linux-x86_64/wheel/./Cython/Includes/cpython
2025-05-18 06:28:32,105 root INFO copying build/lib.linux-x86_64-cpython-312/Cython/Includes/cpython/list.pxd -> build/bdist.linux-x86_64/wheel/./Cython/Includes/cpython
2025-05-18 06:28:32,105 root INFO copying build/lib.linux-x86_64-cpython-312/Cython/Includes/cpython/cellobject.pxd -> build/bdist.linux-x86_64/wheel/./Cython/Includes/cpython
2025-05-18 06:28:32,105 root INFO copying build/lib.linux-x86_64-cpython-312/Cython/Includes/cpython/mem.pxd -> build/bdist.linux-x86_64/wheel/./Cython/Includes/cpython
2025-05-18 06:28:32,105 root INFO copying build/lib.linux-x86_64-cpython-312/Cython/Includes/cpython/memoryview.pxd -> build/bdist.linux-x86_64/wheel/./Cython/Includes/cpython
2025-05-18 06:28:32,105 root INFO copying build/lib.linux-x86_64-cpython-312/Cython/Includes/cpython/fileobject.pxd -> build/bdist.linux-x86_64/wheel/./Cython/Includes/cpython
2025-05-18 06:28:32,105 root INFO copying build/lib.linux-x86_64-cpython-312/Cython/Includes/cpython/pyport.pxd -> build/bdist.linux-x86_64/wheel/./Cython/Includes/cpython
2025-05-18 06:28:32,106 root INFO copying build/lib.linux-x86_64-cpython-312/Cython/Includes/cpython/weakref.pxd -> build/bdist.linux-x86_64/wheel/./Cython/Includes/cpython
2025-05-18 06:28:32,106 root INFO copying build/lib.linux-x86_64-cpython-312/Cython/Includes/cpython/oldbuffer.pxd -> build/bdist.linux-x86_64/wheel/./Cython/Includes/cpython
2025-05-18 06:28:32,106 root INFO copying build/lib.linux-x86_64-cpython-312/Cython/Includes/cpython/instance.pxd -> build/bdist.linux-x86_64/wheel/./Cython/Includes/cpython
2025-05-18 06:28:32,106 root INFO copying build/lib.linux-x86_64-cpython-312/Cython/Includes/cpython/bytes.pxd -> build/bdist.linux-x86_64/wheel/./Cython/Includes/cpython
2025-05-18 06:28:32,106 root INFO copying build/lib.linux-x86_64-cpython-312/Cython/Includes/cpython/time.pxd -> build/bdist.linux-x86_64/wheel/./Cython/Includes/cpython
2025-05-18 06:28:32,106 root INFO copying build/lib.linux-x86_64-cpython-312/Cython/Includes/cpython/marshal.pxd -> build/bdist.linux-x86_64/wheel/./Cython/Includes/cpython
2025-05-18 06:28:32,107 root INFO copying build/lib.linux-x86_64-cpython-312/Cython/Includes/cpython/pylifecycle.pxd -> build/bdist.linux-x86_64/wheel/./Cython/Includes/cpython
2025-05-18 06:28:32,107 root INFO copying build/lib.linux-x86_64-cpython-312/Cython/Includes/cpython/getargs.pxd -> build/bdist.linux-x86_64/wheel/./Cython/Includes/cpython
2025-05-18 06:28:32,107 root INFO copying build/lib.linux-x86_64-cpython-312/Cython/Includes/cpython/longintrepr.pxd -> build/bdist.linux-x86_64/wheel/./Cython/Includes/cpython
2025-05-18 06:28:32,107 root INFO copying build/lib.linux-x86_64-cpython-312/Cython/Includes/cpython/tuple.pxd -> build/bdist.linux-x86_64/wheel/./Cython/Includes/cpython
2025-05-18 06:28:32,107 root INFO copying build/lib.linux-x86_64-cpython-312/Cython/Includes/cpython/bytearray.pxd -> build/bdist.linux-x86_64/wheel/./Cython/Includes/cpython
2025-05-18 06:28:32,107 root INFO copying build/lib.linux-x86_64-cpython-312/Cython/Includes/openmp.pxd -> build/bdist.linux-x86_64/wheel/./Cython/Includes
2025-05-18 06:28:32,108 root INFO creating build/bdist.linux-x86_64/wheel/Cython/Includes/numpy
2025-05-18 06:28:32,108 root INFO copying build/lib.linux-x86_64-cpython-312/Cython/Includes/numpy/math.pxd -> build/bdist.linux-x86_64/wheel/./Cython/Includes/numpy
2025-05-18 06:28:32,108 root INFO copying build/lib.linux-x86_64-cpython-312/Cython/Includes/numpy/__init__.pxd -> build/bdist.linux-x86_64/wheel/./Cython/Includes/numpy
2025-05-18 06:28:32,108 root INFO creating build/bdist.linux-x86_64/wheel/Cython/Includes/libc
2025-05-18 06:28:32,108 root INFO copying build/lib.linux-x86_64-cpython-312/Cython/Includes/libc/limits.pxd -> build/bdist.linux-x86_64/wheel/./Cython/Includes/libc
2025-05-18 06:28:32,109 root INFO copying build/lib.linux-x86_64-cpython-312/Cython/Includes/libc/math.pxd -> build/bdist.linux-x86_64/wheel/./Cython/Includes/libc
2025-05-18 06:28:32,109 root INFO copying build/lib.linux-x86_64-cpython-312/Cython/Includes/libc/errno.pxd -> build/bdist.linux-x86_64/wheel/./Cython/Includes/libc
2025-05-18 06:28:32,109 root INFO copying build/lib.linux-x86_64-cpython-312/Cython/Includes/libc/float.pxd -> build/bdist.linux-x86_64/wheel/./Cython/Includes/libc
2025-05-18 06:28:32,109 root INFO copying build/lib.linux-x86_64-cpython-312/Cython/Includes/libc/string.pxd -> build/bdist.linux-x86_64/wheel/./Cython/Includes/libc
2025-05-18 06:28:32,109 root INFO copying build/lib.linux-x86_64-cpython-312/Cython/Includes/libc/stdlib.pxd -> build/bdist.linux-x86_64/wheel/./Cython/Includes/libc
2025-05-18 06:28:32,109 root INFO copying build/lib.linux-x86_64-cpython-312/Cython/Includes/libc/stdint.pxd -> build/bdist.linux-x86_64/wheel/./Cython/Includes/libc
2025-05-18 06:28:32,110 root INFO copying build/lib.linux-x86_64-cpython-312/Cython/Includes/libc/locale.pxd -> build/bdist.linux-x86_64/wheel/./Cython/Includes/libc
2025-05-18 06:28:32,110 root INFO copying build/lib.linux-x86_64-cpython-312/Cython/Includes/libc/complex.pxd -> build/bdist.linux-x86_64/wheel/./Cython/Includes/libc
2025-05-18 06:28:32,110 root INFO copying build/lib.linux-x86_64-cpython-312/Cython/Includes/libc/__init__.pxd -> build/bdist.linux-x86_64/wheel/./Cython/Includes/libc
2025-05-18 06:28:32,110 root INFO copying build/lib.linux-x86_64-cpython-312/Cython/Includes/libc/setjmp.pxd -> build/bdist.linux-x86_64/wheel/./Cython/Includes/libc
2025-05-18 06:28:32,110 root INFO copying build/lib.linux-x86_64-cpython-312/Cython/Includes/libc/time.pxd -> build/bdist.linux-x86_64/wheel/./Cython/Includes/libc
2025-05-18 06:28:32,110 root INFO copying build/lib.linux-x86_64-cpython-312/Cython/Includes/libc/signal.pxd -> build/bdist.linux-x86_64/wheel/./Cython/Includes/libc
2025-05-18 06:28:32,111 root INFO copying build/lib.linux-x86_64-cpython-312/Cython/Includes/libc/stdio.pxd -> build/bdist.linux-x86_64/wheel/./Cython/Includes/libc
2025-05-18 06:28:32,111 root INFO copying build/lib.linux-x86_64-cpython-312/Cython/Includes/libc/stddef.pxd -> build/bdist.linux-x86_64/wheel/./Cython/Includes/libc
2025-05-18 06:28:32,111 root INFO creating build/bdist.linux-x86_64/wheel/Cython/Includes/posix
2025-05-18 06:28:32,111 root INFO copying build/lib.linux-x86_64-cpython-312/Cython/Includes/posix/stat.pxd -> build/bdist.linux-x86_64/wheel/./Cython/Includes/posix
2025-05-18 06:28:32,111 root INFO copying build/lib.linux-x86_64-cpython-312/Cython/Includes/posix/select.pxd -> build/bdist.linux-x86_64/wheel/./Cython/Includes/posix
2025-05-18 06:28:32,111 root INFO copying build/lib.linux-x86_64-cpython-312/Cython/Includes/posix/types.pxd -> build/bdist.linux-x86_64/wheel/./Cython/Includes/posix
2025-05-18 06:28:32,112 root INFO copying build/lib.linux-x86_64-cpython-312/Cython/Includes/posix/resource.pxd -> build/bdist.linux-x86_64/wheel/./Cython/Includes/posix
2025-05-18 06:28:32,112 root INFO copying build/lib.linux-x86_64-cpython-312/Cython/Includes/posix/strings.pxd -> build/bdist.linux-x86_64/wheel/./Cython/Includes/posix
2025-05-18 06:28:32,112 root INFO copying build/lib.linux-x86_64-cpython-312/Cython/Includes/posix/uio.pxd -> build/bdist.linux-x86_64/wheel/./Cython/Includes/posix
2025-05-18 06:28:32,112 root INFO copying build/lib.linux-x86_64-cpython-312/Cython/Includes/posix/stdlib.pxd -> build/bdist.linux-x86_64/wheel/./Cython/Includes/posix
2025-05-18 06:28:32,112 root INFO copying build/lib.linux-x86_64-cpython-312/Cython/Includes/posix/mman.pxd -> build/bdist.linux-x86_64/wheel/./Cython/Includes/posix
2025-05-18 06:28:32,112 root INFO copying build/lib.linux-x86_64-cpython-312/Cython/Includes/posix/unistd.pxd -> build/bdist.linux-x86_64/wheel/./Cython/Includes/posix
2025-05-18 06:28:32,112 root INFO copying build/lib.linux-x86_64-cpython-312/Cython/Includes/posix/fcntl.pxd -> build/bdist.linux-x86_64/wheel/./Cython/Includes/posix
2025-05-18 06:28:32,113 root INFO copying build/lib.linux-x86_64-cpython-312/Cython/Includes/posix/__init__.pxd -> build/bdist.linux-x86_64/wheel/./Cython/Includes/posix
2025-05-18 06:28:32,113 root INFO copying build/lib.linux-x86_64-cpython-312/Cython/Includes/posix/ioctl.pxd -> build/bdist.linux-x86_64/wheel/./Cython/Includes/posix
2025-05-18 06:28:32,113 root INFO copying build/lib.linux-x86_64-cpython-312/Cython/Includes/posix/time.pxd -> build/bdist.linux-x86_64/wheel/./Cython/Includes/posix
2025-05-18 06:28:32,113 root INFO copying build/lib.linux-x86_64-cpython-312/Cython/Includes/posix/signal.pxd -> build/bdist.linux-x86_64/wheel/./Cython/Includes/posix
2025-05-18 06:28:32,113 root INFO copying build/lib.linux-x86_64-cpython-312/Cython/Includes/posix/stdio.pxd -> build/bdist.linux-x86_64/wheel/./Cython/Includes/posix
2025-05-18 06:28:32,113 root INFO copying build/lib.linux-x86_64-cpython-312/Cython/Includes/posix/wait.pxd -> build/bdist.linux-x86_64/wheel/./Cython/Includes/posix
2025-05-18 06:28:32,114 root INFO copying build/lib.linux-x86_64-cpython-312/Cython/Includes/posix/dlfcn.pxd -> build/bdist.linux-x86_64/wheel/./Cython/Includes/posix
2025-05-18 06:28:32,114 root INFO copying build/lib.linux-x86_64-cpython-312/Cython/StringIOTree.py -> build/bdist.linux-x86_64/wheel/./Cython
2025-05-18 06:28:32,114 root INFO copying build/lib.linux-x86_64-cpython-312/Cython/Coverage.py -> build/bdist.linux-x86_64/wheel/./Cython
2025-05-18 06:28:32,114 root INFO copying build/lib.linux-x86_64-cpython-312/Cython/Utils.py -> build/bdist.linux-x86_64/wheel/./Cython
2025-05-18 06:28:32,114 root INFO creating build/bdist.linux-x86_64/wheel/Cython/Utility
2025-05-18 06:28:32,114 root INFO copying build/lib.linux-x86_64-cpython-312/Cython/Utility/TestCythonScope.pyx -> build/bdist.linux-x86_64/wheel/./Cython/Utility
2025-05-18 06:28:32,115 root INFO copying build/lib.linux-x86_64-cpython-312/Cython/Utility/AsyncGen.c -> build/bdist.linux-x86_64/wheel/./Cython/Utility
2025-05-18 06:28:32,115 root INFO copying build/lib.linux-x86_64-cpython-312/Cython/Utility/NumpyImportArray.c -> build/bdist.linux-x86_64/wheel/./Cython/Utility
2025-05-18 06:28:32,115 root INFO copying build/lib.linux-x86_64-cpython-312/Cython/Utility/Overflow.c -> build/bdist.linux-x86_64/wheel/./Cython/Utility
2025-05-18 06:28:32,115 root INFO copying build/lib.linux-x86_64-cpython-312/Cython/Utility/Profile.c -> build/bdist.linux-x86_64/wheel/./Cython/Utility
2025-05-18 06:28:32,115 root INFO copying build/lib.linux-x86_64-cpython-312/Cython/Utility/UFuncs_C.c -> build/bdist.linux-x86_64/wheel/./Cython/Utility
2025-05-18 06:28:32,116 root INFO copying build/lib.linux-x86_64-cpython-312/Cython/Utility/CppConvert.pyx -> build/bdist.linux-x86_64/wheel/./Cython/Utility
2025-05-18 06:28:32,116 root INFO copying build/lib.linux-x86_64-cpython-312/Cython/Utility/UFuncs.pyx -> build/bdist.linux-x86_64/wheel/./Cython/Utility
2025-05-18 06:28:32,116 root INFO copying build/lib.linux-x86_64-cpython-312/Cython/Utility/TestCyUtilityLoader.pyx -> build/bdist.linux-x86_64/wheel/./Cython/Utility
2025-05-18 06:28:32,116 root INFO copying build/lib.linux-x86_64-cpython-312/Cython/Utility/ModuleSetupCode.c -> build/bdist.linux-x86_64/wheel/./Cython/Utility
2025-05-18 06:28:32,116 root INFO copying build/lib.linux-x86_64-cpython-312/Cython/Utility/CppSupport.cpp -> build/bdist.linux-x86_64/wheel/./Cython/Utility
2025-05-18 06:28:32,116 root INFO copying build/lib.linux-x86_64-cpython-312/Cython/Utility/ObjectHandling.c -> build/bdist.linux-x86_64/wheel/./Cython/Utility
2025-05-18 06:28:32,117 root INFO copying build/lib.linux-x86_64-cpython-312/Cython/Utility/CMath.c -> build/bdist.linux-x86_64/wheel/./Cython/Utility
2025-05-18 06:28:32,117 root INFO copying build/lib.linux-x86_64-cpython-312/Cython/Utility/Optimize.c -> build/bdist.linux-x86_64/wheel/./Cython/Utility
2025-05-18 06:28:32,117 root INFO copying build/lib.linux-x86_64-cpython-312/Cython/Utility/MemoryView.pyx -> build/bdist.linux-x86_64/wheel/./Cython/Utility
2025-05-18 06:28:32,117 root INFO copying build/lib.linux-x86_64-cpython-312/Cython/Utility/Dataclasses.c -> build/bdist.linux-x86_64/wheel/./Cython/Utility
2025-05-18 06:28:32,117 root INFO copying build/lib.linux-x86_64-cpython-312/Cython/Utility/TypeConversion.c -> build/bdist.linux-x86_64/wheel/./Cython/Utility
2025-05-18 06:28:32,118 root INFO copying build/lib.linux-x86_64-cpython-312/Cython/Utility/__init__.py -> build/bdist.linux-x86_64/wheel/./Cython/Utility
2025-05-18 06:28:32,118 root INFO copying build/lib.linux-x86_64-cpython-312/Cython/Utility/ExtensionTypes.c -> build/bdist.linux-x86_64/wheel/./Cython/Utility
2025-05-18 06:28:32,118 root INFO copying build/lib.linux-x86_64-cpython-312/Cython/Utility/Embed.c -> build/bdist.linux-x86_64/wheel/./Cython/Utility
2025-05-18 06:28:32,118 root INFO copying build/lib.linux-x86_64-cpython-312/Cython/Utility/arrayarray.h -> build/bdist.linux-x86_64/wheel/./Cython/Utility
2025-05-18 06:28:32,118 root INFO copying build/lib.linux-x86_64-cpython-312/Cython/Utility/TestUtilityLoader.c -> build/bdist.linux-x86_64/wheel/./Cython/Utility
2025-05-18 06:28:32,118 root INFO copying build/lib.linux-x86_64-cpython-312/Cython/Utility/ImportExport.c -> build/bdist.linux-x86_64/wheel/./Cython/Utility
2025-05-18 06:28:32,119 root INFO copying build/lib.linux-x86_64-cpython-312/Cython/Utility/Buffer.c -> build/bdist.linux-x86_64/wheel/./Cython/Utility
2025-05-18 06:28:32,119 root INFO copying build/lib.linux-x86_64-cpython-312/Cython/Utility/CythonFunction.c -> build/bdist.linux-x86_64/wheel/./Cython/Utility
2025-05-18 06:28:32,119 root INFO copying build/lib.linux-x86_64-cpython-312/Cython/Utility/CommonStructures.c -> build/bdist.linux-x86_64/wheel/./Cython/Utility
2025-05-18 06:28:32,119 root INFO copying build/lib.linux-x86_64-cpython-312/Cython/Utility/Coroutine.c -> build/bdist.linux-x86_64/wheel/./Cython/Utility
2025-05-18 06:28:32,119 root INFO copying build/lib.linux-x86_64-cpython-312/Cython/Utility/FunctionArguments.c -> build/bdist.linux-x86_64/wheel/./Cython/Utility
2025-05-18 06:28:32,120 root INFO copying build/lib.linux-x86_64-cpython-312/Cython/Utility/CConvert.pyx -> build/bdist.linux-x86_64/wheel/./Cython/Utility
2025-05-18 06:28:32,120 root INFO copying build/lib.linux-x86_64-cpython-312/Cython/Utility/Printing.c -> build/bdist.linux-x86_64/wheel/./Cython/Utility
2025-05-18 06:28:32,120 root INFO copying build/lib.linux-x86_64-cpython-312/Cython/Utility/CpdefEnums.pyx -> build/bdist.linux-x86_64/wheel/./Cython/Utility
2025-05-18 06:28:32,120 root INFO copying build/lib.linux-x86_64-cpython-312/Cython/Utility/Exceptions.c -> build/bdist.linux-x86_64/wheel/./Cython/Utility
2025-05-18 06:28:32,120 root INFO copying build/lib.linux-x86_64-cpython-312/Cython/Utility/Builtins.c -> build/bdist.linux-x86_64/wheel/./Cython/Utility
2025-05-18 06:28:32,120 root INFO copying build/lib.linux-x86_64-cpython-312/Cython/Utility/Complex.c -> build/bdist.linux-x86_64/wheel/./Cython/Utility
2025-05-18 06:28:32,121 root INFO copying build/lib.linux-x86_64-cpython-312/Cython/Utility/Dataclasses.py -> build/bdist.linux-x86_64/wheel/./Cython/Utility
2025-05-18 06:28:32,121 root INFO copying build/lib.linux-x86_64-cpython-312/Cython/Utility/StringTools.c -> build/bdist.linux-x86_64/wheel/./Cython/Utility
2025-05-18 06:28:32,121 root INFO copying build/lib.linux-x86_64-cpython-312/Cython/Utility/MemoryView_C.c -> build/bdist.linux-x86_64/wheel/./Cython/Utility
2025-05-18 06:28:32,121 root INFO copying build/lib.linux-x86_64-cpython-312/Cython/__init__.py -> build/bdist.linux-x86_64/wheel/./Cython
2025-05-18 06:28:32,121 root INFO copying build/lib.linux-x86_64-cpython-312/Cython/Debugging.py -> build/bdist.linux-x86_64/wheel/./Cython
2025-05-18 06:28:32,122 root INFO creating build/bdist.linux-x86_64/wheel/Cython/Compiler
2025-05-18 06:28:32,122 root INFO copying build/lib.linux-x86_64-cpython-312/Cython/Compiler/FlowControl.py -> build/bdist.linux-x86_64/wheel/./Cython/Compiler
2025-05-18 06:28:32,122 root INFO copying build/lib.linux-x86_64-cpython-312/Cython/Compiler/DebugFlags.py -> build/bdist.linux-x86_64/wheel/./Cython/Compiler
2025-05-18 06:28:32,122 root INFO copying build/lib.linux-x86_64-cpython-312/Cython/Compiler/Visitor.cpython-312-x86_64-linux-musl.so -> build/bdist.linux-x86_64/wheel/./Cython/Compiler
2025-05-18 06:28:32,123 root INFO copying build/lib.linux-x86_64-cpython-312/Cython/Compiler/Parsing.pxd -> build/bdist.linux-x86_64/wheel/./Cython/Compiler
2025-05-18 06:28:32,123 root INFO copying build/lib.linux-x86_64-cpython-312/Cython/Compiler/TreePath.py -> build/bdist.linux-x86_64/wheel/./Cython/Compiler
2025-05-18 06:28:32,123 root INFO copying build/lib.linux-x86_64-cpython-312/Cython/Compiler/FusedNode.py -> build/bdist.linux-x86_64/wheel/./Cython/Compiler
2025-05-18 06:28:32,123 root INFO copying build/lib.linux-x86_64-cpython-312/Cython/Compiler/CodeGeneration.py -> build/bdist.linux-x86_64/wheel/./Cython/Compiler
2025-05-18 06:28:32,123 root INFO copying build/lib.linux-x86_64-cpython-312/Cython/Compiler/Dataclass.py -> build/bdist.linux-x86_64/wheel/./Cython/Compiler
2025-05-18 06:28:32,123 root INFO copying build/lib.linux-x86_64-cpython-312/Cython/Compiler/ParseTreeTransforms.pxd -> build/bdist.linux-x86_64/wheel/./Cython/Compiler
2025-05-18 06:28:32,124 root INFO copying build/lib.linux-x86_64-cpython-312/Cython/Compiler/Lexicon.py -> build/bdist.linux-x86_64/wheel/./Cython/Compiler
2025-05-18 06:28:32,124 root INFO copying build/lib.linux-x86_64-cpython-312/Cython/Compiler/TypeInference.py -> build/bdist.linux-x86_64/wheel/./Cython/Compiler
2025-05-18 06:28:32,124 root INFO copying build/lib.linux-x86_64-cpython-312/Cython/Compiler/Parsing.cpython-312-x86_64-linux-musl.so -> build/bdist.linux-x86_64/wheel/./Cython/Compiler
2025-05-18 06:28:32,125 root INFO copying build/lib.linux-x86_64-cpython-312/Cython/Compiler/CmdLine.py -> build/bdist.linux-x86_64/wheel/./Cython/Compiler
2025-05-18 06:28:32,125 root INFO copying build/lib.linux-x86_64-cpython-312/Cython/Compiler/FlowControl.cpython-312-x86_64-linux-musl.so -> build/bdist.linux-x86_64/wheel/./Cython/Compiler
2025-05-18 06:28:32,126 root INFO copying build/lib.linux-x86_64-cpython-312/Cython/Compiler/Scanning.py -> build/bdist.linux-x86_64/wheel/./Cython/Compiler
2025-05-18 06:28:32,126 root INFO copying build/lib.linux-x86_64-cpython-312/Cython/Compiler/Symtab.py -> build/bdist.linux-x86_64/wheel/./Cython/Compiler
2025-05-18 06:28:32,126 root INFO copying build/lib.linux-x86_64-cpython-312/Cython/Compiler/Version.py -> build/bdist.linux-x86_64/wheel/./Cython/Compiler
2025-05-18 06:28:32,126 root INFO copying build/lib.linux-x86_64-cpython-312/Cython/Compiler/Errors.py -> build/bdist.linux-x86_64/wheel/./Cython/Compiler
2025-05-18 06:28:32,126 root INFO copying build/lib.linux-x86_64-cpython-312/Cython/Compiler/UFuncs.py -> build/bdist.linux-x86_64/wheel/./Cython/Compiler
2025-05-18 06:28:32,127 root INFO copying build/lib.linux-x86_64-cpython-312/Cython/Compiler/Pythran.py -> build/bdist.linux-x86_64/wheel/./Cython/Compiler
2025-05-18 06:28:32,127 root INFO copying build/lib.linux-x86_64-cpython-312/Cython/Compiler/UtilityCode.py -> build/bdist.linux-x86_64/wheel/./Cython/Compiler
2025-05-18 06:28:32,127 root INFO copying build/lib.linux-x86_64-cpython-312/Cython/Compiler/Code.cpython-312-x86_64-linux-musl.so -> build/bdist.linux-x86_64/wheel/./Cython/Compiler
2025-05-18 06:28:32,128 root INFO copying build/lib.linux-x86_64-cpython-312/Cython/Compiler/FusedNode.cpython-312-x86_64-linux-musl.so -> build/bdist.linux-x86_64/wheel/./Cython/Compiler
2025-05-18 06:28:32,128 root INFO copying build/lib.linux-x86_64-cpython-312/Cython/Compiler/__init__.py -> build/bdist.linux-x86_64/wheel/./Cython/Compiler
2025-05-18 06:28:32,129 root INFO copying build/lib.linux-x86_64-cpython-312/Cython/Compiler/UtilNodes.py -> build/bdist.linux-x86_64/wheel/./Cython/Compiler
2025-05-18 06:28:32,129 root INFO copying build/lib.linux-x86_64-cpython-312/Cython/Compiler/Buffer.py -> build/bdist.linux-x86_64/wheel/./Cython/Compiler
2025-05-18 06:28:32,129 root INFO copying build/lib.linux-x86_64-cpython-312/Cython/Compiler/Interpreter.py -> build/bdist.linux-x86_64/wheel/./Cython/Compiler
2025-05-18 06:28:32,129 root INFO copying build/lib.linux-x86_64-cpython-312/Cython/Compiler/Nodes.py -> build/bdist.linux-x86_64/wheel/./Cython/Compiler
2025-05-18 06:28:32,130 root INFO copying build/lib.linux-x86_64-cpython-312/Cython/Compiler/ParseTreeTransforms.py -> build/bdist.linux-x86_64/wheel/./Cython/Compiler
2025-05-18 06:28:32,130 root INFO copying build/lib.linux-x86_64-cpython-312/Cython/Compiler/Scanning.cpython-312-x86_64-linux-musl.so -> build/bdist.linux-x86_64/wheel/./Cython/Compiler
2025-05-18 06:28:32,131 root INFO copying build/lib.linux-x86_64-cpython-312/Cython/Compiler/Pipeline.py -> build/bdist.linux-x86_64/wheel/./Cython/Compiler
2025-05-18 06:28:32,131 root INFO copying build/lib.linux-x86_64-cpython-312/Cython/Compiler/Builtin.py -> build/bdist.linux-x86_64/wheel/./Cython/Compiler
2025-05-18 06:28:32,131 root INFO copying build/lib.linux-x86_64-cpython-312/Cython/Compiler/ModuleNode.py -> build/bdist.linux-x86_64/wheel/./Cython/Compiler
2025-05-18 06:28:32,131 root INFO copying build/lib.linux-x86_64-cpython-312/Cython/Compiler/Parsing.py -> build/bdist.linux-x86_64/wheel/./Cython/Compiler
2025-05-18 06:28:32,132 root INFO creating build/bdist.linux-x86_64/wheel/Cython/Compiler/Tests
2025-05-18 06:28:32,132 root INFO copying build/lib.linux-x86_64-cpython-312/Cython/Compiler/Tests/TestTreeFragment.py -> build/bdist.linux-x86_64/wheel/./Cython/Compiler/Tests
2025-05-18 06:28:32,132 root INFO copying build/lib.linux-x86_64-cpython-312/Cython/Compiler/Tests/TestFlowControl.py -> build/bdist.linux-x86_64/wheel/./Cython/Compiler/Tests
2025-05-18 06:28:32,132 root INFO copying build/lib.linux-x86_64-cpython-312/Cython/Compiler/Tests/TestUtilityLoad.py -> build/bdist.linux-x86_64/wheel/./Cython/Compiler/Tests
2025-05-18 06:28:32,132 root INFO copying build/lib.linux-x86_64-cpython-312/Cython/Compiler/Tests/TestBuffer.py -> build/bdist.linux-x86_64/wheel/./Cython/Compiler/Tests
2025-05-18 06:28:32,132 root INFO copying build/lib.linux-x86_64-cpython-312/Cython/Compiler/Tests/TestTreePath.py -> build/bdist.linux-x86_64/wheel/./Cython/Compiler/Tests
2025-05-18 06:28:32,133 root INFO copying build/lib.linux-x86_64-cpython-312/Cython/Compiler/Tests/TestStringEncoding.py -> build/bdist.linux-x86_64/wheel/./Cython/Compiler/Tests
2025-05-18 06:28:32,133 root INFO copying build/lib.linux-x86_64-cpython-312/Cython/Compiler/Tests/Utils.py -> build/bdist.linux-x86_64/wheel/./Cython/Compiler/Tests
2025-05-18 06:28:32,133 root INFO copying build/lib.linux-x86_64-cpython-312/Cython/Compiler/Tests/__init__.py -> build/bdist.linux-x86_64/wheel/./Cython/Compiler/Tests
2025-05-18 06:28:32,133 root INFO copying build/lib.linux-x86_64-cpython-312/Cython/Compiler/Tests/TestParseTreeTransforms.py -> build/bdist.linux-x86_64/wheel/./Cython/Compiler/Tests
2025-05-18 06:28:32,133 root INFO copying build/lib.linux-x86_64-cpython-312/Cython/Compiler/Tests/TestTypes.py -> build/bdist.linux-x86_64/wheel/./Cython/Compiler/Tests
2025-05-18 06:28:32,133 root INFO copying build/lib.linux-x86_64-cpython-312/Cython/Compiler/Tests/TestGrammar.py -> build/bdist.linux-x86_64/wheel/./Cython/Compiler/Tests
2025-05-18 06:28:32,133 root INFO copying build/lib.linux-x86_64-cpython-312/Cython/Compiler/Tests/TestVisitor.py -> build/bdist.linux-x86_64/wheel/./Cython/Compiler/Tests
2025-05-18 06:28:32,134 root INFO copying build/lib.linux-x86_64-cpython-312/Cython/Compiler/Tests/TestMemView.py -> build/bdist.linux-x86_64/wheel/./Cython/Compiler/Tests
2025-05-18 06:28:32,134 root INFO copying build/lib.linux-x86_64-cpython-312/Cython/Compiler/Tests/TestScanning.py -> build/bdist.linux-x86_64/wheel/./Cython/Compiler/Tests
2025-05-18 06:28:32,134 root INFO copying build/lib.linux-x86_64-cpython-312/Cython/Compiler/Tests/TestSignatureMatching.py -> build/bdist.linux-x86_64/wheel/./Cython/Compiler/Tests
2025-05-18 06:28:32,134 root INFO copying build/lib.linux-x86_64-cpython-312/Cython/Compiler/Tests/TestCmdLine.py -> build/bdist.linux-x86_64/wheel/./Cython/Compiler/Tests
2025-05-18 06:28:32,134 root INFO copying build/lib.linux-x86_64-cpython-312/Cython/Compiler/MemoryView.py -> build/bdist.linux-x86_64/wheel/./Cython/Compiler
2025-05-18 06:28:32,135 root INFO copying build/lib.linux-x86_64-cpython-312/Cython/Compiler/TreeFragment.py -> build/bdist.linux-x86_64/wheel/./Cython/Compiler
2025-05-18 06:28:32,135 root INFO copying build/lib.linux-x86_64-cpython-312/Cython/Compiler/StringEncoding.py -> build/bdist.linux-x86_64/wheel/./Cython/Compiler
2025-05-18 06:28:32,135 root INFO copying build/lib.linux-x86_64-cpython-312/Cython/Compiler/PyrexTypes.py -> build/bdist.linux-x86_64/wheel/./Cython/Compiler
2025-05-18 06:28:32,135 root INFO copying build/lib.linux-x86_64-cpython-312/Cython/Compiler/Annotate.py -> build/bdist.linux-x86_64/wheel/./Cython/Compiler
2025-05-18 06:28:32,135 root INFO copying build/lib.linux-x86_64-cpython-312/Cython/Compiler/Future.py -> build/bdist.linux-x86_64/wheel/./Cython/Compiler
2025-05-18 06:28:32,136 root INFO copying build/lib.linux-x86_64-cpython-312/Cython/Compiler/Code.py -> build/bdist.linux-x86_64/wheel/./Cython/Compiler
2025-05-18 06:28:32,136 root INFO copying build/lib.linux-x86_64-cpython-312/Cython/Compiler/Visitor.pxd -> build/bdist.linux-x86_64/wheel/./Cython/Compiler
2025-05-18 06:28:32,136 root INFO copying build/lib.linux-x86_64-cpython-312/Cython/Compiler/Options.py -> build/bdist.linux-x86_64/wheel/./Cython/Compiler
2025-05-18 06:28:32,136 root INFO copying build/lib.linux-x86_64-cpython-312/Cython/Compiler/FlowControl.pxd -> build/bdist.linux-x86_64/wheel/./Cython/Compiler
2025-05-18 06:28:32,136 root INFO copying build/lib.linux-x86_64-cpython-312/Cython/Compiler/Scanning.pxd -> build/bdist.linux-x86_64/wheel/./Cython/Compiler
2025-05-18 06:28:32,136 root INFO copying build/lib.linux-x86_64-cpython-312/Cython/Compiler/Naming.py -> build/bdist.linux-x86_64/wheel/./Cython/Compiler
2025-05-18 06:28:32,137 root INFO copying build/lib.linux-x86_64-cpython-312/Cython/Compiler/Code.pxd -> build/bdist.linux-x86_64/wheel/./Cython/Compiler
2025-05-18 06:28:32,137 root INFO copying build/lib.linux-x86_64-cpython-312/Cython/Compiler/TypeSlots.py -> build/bdist.linux-x86_64/wheel/./Cython/Compiler
2025-05-18 06:28:32,137 root INFO copying build/lib.linux-x86_64-cpython-312/Cython/Compiler/Optimize.py -> build/bdist.linux-x86_64/wheel/./Cython/Compiler
2025-05-18 06:28:32,137 root INFO copying build/lib.linux-x86_64-cpython-312/Cython/Compiler/CythonScope.py -> build/bdist.linux-x86_64/wheel/./Cython/Compiler
2025-05-18 06:28:32,138 root INFO copying build/lib.linux-x86_64-cpython-312/Cython/Compiler/Visitor.py -> build/bdist.linux-x86_64/wheel/./Cython/Compiler
2025-05-18 06:28:32,138 root INFO copying build/lib.linux-x86_64-cpython-312/Cython/Compiler/AnalysedTreeTransforms.py -> build/bdist.linux-x86_64/wheel/./Cython/Compiler
2025-05-18 06:28:32,138 root INFO copying build/lib.linux-x86_64-cpython-312/Cython/Compiler/AutoDocTransforms.py -> build/bdist.linux-x86_64/wheel/./Cython/Compiler
2025-05-18 06:28:32,138 root INFO copying build/lib.linux-x86_64-cpython-312/Cython/Compiler/ExprNodes.py -> build/bdist.linux-x86_64/wheel/./Cython/Compiler
2025-05-18 06:28:32,139 root INFO copying build/lib.linux-x86_64-cpython-312/Cython/Compiler/Main.py -> build/bdist.linux-x86_64/wheel/./Cython/Compiler
2025-05-18 06:28:32,139 root INFO creating build/bdist.linux-x86_64/wheel/Cython/Tempita
2025-05-18 06:28:32,139 root INFO copying build/lib.linux-x86_64-cpython-312/Cython/Tempita/_looper.py -> build/bdist.linux-x86_64/wheel/./Cython/Tempita
2025-05-18 06:28:32,139 root INFO copying build/lib.linux-x86_64-cpython-312/Cython/Tempita/_tempita.cpython-312-x86_64-linux-musl.so -> build/bdist.linux-x86_64/wheel/./Cython/Tempita
2025-05-18 06:28:32,140 root INFO copying build/lib.linux-x86_64-cpython-312/Cython/Tempita/__init__.py -> build/bdist.linux-x86_64/wheel/./Cython/Tempita
2025-05-18 06:28:32,140 root INFO copying build/lib.linux-x86_64-cpython-312/Cython/Tempita/compat3.py -> build/bdist.linux-x86_64/wheel/./Cython/Tempita
2025-05-18 06:28:32,140 root INFO copying build/lib.linux-x86_64-cpython-312/Cython/Tempita/_tempita.py -> build/bdist.linux-x86_64/wheel/./Cython/Tempita
2025-05-18 06:28:32,140 root INFO creating build/bdist.linux-x86_64/wheel/Cython/Build
2025-05-18 06:28:32,141 root INFO copying build/lib.linux-x86_64-cpython-312/Cython/Build/Dependencies.py -> build/bdist.linux-x86_64/wheel/./Cython/Build
2025-05-18 06:28:32,141 root INFO copying build/lib.linux-x86_64-cpython-312/Cython/Build/Cythonize.py -> build/bdist.linux-x86_64/wheel/./Cython/Build
2025-05-18 06:28:32,141 root INFO copying build/lib.linux-x86_64-cpython-312/Cython/Build/Inline.py -> build/bdist.linux-x86_64/wheel/./Cython/Build
2025-05-18 06:28:32,141 root INFO copying build/lib.linux-x86_64-cpython-312/Cython/Build/__init__.py -> build/bdist.linux-x86_64/wheel/./Cython/Build
2025-05-18 06:28:32,141 root INFO creating build/bdist.linux-x86_64/wheel/Cython/Build/Tests
2025-05-18 06:28:32,141 root INFO copying build/lib.linux-x86_64-cpython-312/Cython/Build/Tests/TestRecythonize.py -> build/bdist.linux-x86_64/wheel/./Cython/Build/Tests
2025-05-18 06:28:32,142 root INFO copying build/lib.linux-x86_64-cpython-312/Cython/Build/Tests/TestInline.py -> build/bdist.linux-x86_64/wheel/./Cython/Build/Tests
2025-05-18 06:28:32,142 root INFO copying build/lib.linux-x86_64-cpython-312/Cython/Build/Tests/TestStripLiterals.py -> build/bdist.linux-x86_64/wheel/./Cython/Build/Tests
2025-05-18 06:28:32,142 root INFO copying build/lib.linux-x86_64-cpython-312/Cython/Build/Tests/__init__.py -> build/bdist.linux-x86_64/wheel/./Cython/Build/Tests
2025-05-18 06:28:32,142 root INFO copying build/lib.linux-x86_64-cpython-312/Cython/Build/Tests/TestCythonizeArgsParser.py -> build/bdist.linux-x86_64/wheel/./Cython/Build/Tests
2025-05-18 06:28:32,142 root INFO copying build/lib.linux-x86_64-cpython-312/Cython/Build/Tests/TestIpythonMagic.py -> build/bdist.linux-x86_64/wheel/./Cython/Build/Tests
2025-05-18 06:28:32,143 root INFO copying build/lib.linux-x86_64-cpython-312/Cython/Build/Tests/TestCyCache.py -> build/bdist.linux-x86_64/wheel/./Cython/Build/Tests
2025-05-18 06:28:32,143 root INFO copying build/lib.linux-x86_64-cpython-312/Cython/Build/Tests/TestDependencies.py -> build/bdist.linux-x86_64/wheel/./Cython/Build/Tests
2025-05-18 06:28:32,143 root INFO copying build/lib.linux-x86_64-cpython-312/Cython/Build/BuildExecutable.py -> build/bdist.linux-x86_64/wheel/./Cython/Build
2025-05-18 06:28:32,143 root INFO copying build/lib.linux-x86_64-cpython-312/Cython/Build/IpythonMagic.py -> build/bdist.linux-x86_64/wheel/./Cython/Build
2025-05-18 06:28:32,143 root INFO copying build/lib.linux-x86_64-cpython-312/Cython/Build/Distutils.py -> build/bdist.linux-x86_64/wheel/./Cython/Build
2025-05-18 06:28:32,143 root INFO copying build/lib.linux-x86_64-cpython-312/Cython/Utils.cpython-312-x86_64-linux-musl.so -> build/bdist.linux-x86_64/wheel/./Cython
2025-05-18 06:28:32,144 root INFO creating build/bdist.linux-x86_64/wheel/Cython/Tests
2025-05-18 06:28:32,144 root INFO copying build/lib.linux-x86_64-cpython-312/Cython/Tests/TestJediTyper.py -> build/bdist.linux-x86_64/wheel/./Cython/Tests
2025-05-18 06:28:32,144 root INFO copying build/lib.linux-x86_64-cpython-312/Cython/Tests/TestCodeWriter.py -> build/bdist.linux-x86_64/wheel/./Cython/Tests
2025-05-18 06:28:32,144 root INFO copying build/lib.linux-x86_64-cpython-312/Cython/Tests/TestStringIOTree.py -> build/bdist.linux-x86_64/wheel/./Cython/Tests
2025-05-18 06:28:32,145 root INFO copying build/lib.linux-x86_64-cpython-312/Cython/Tests/__init__.py -> build/bdist.linux-x86_64/wheel/./Cython/Tests
2025-05-18 06:28:32,145 root INFO copying build/lib.linux-x86_64-cpython-312/Cython/Tests/TestShadow.py -> build/bdist.linux-x86_64/wheel/./Cython/Tests
2025-05-18 06:28:32,145 root INFO copying build/lib.linux-x86_64-cpython-312/Cython/Tests/TestTestUtils.py -> build/bdist.linux-x86_64/wheel/./Cython/Tests
2025-05-18 06:28:32,145 root INFO copying build/lib.linux-x86_64-cpython-312/Cython/Tests/xmlrunner.py -> build/bdist.linux-x86_64/wheel/./Cython/Tests
2025-05-18 06:28:32,145 root INFO copying build/lib.linux-x86_64-cpython-312/Cython/Tests/TestCythonUtils.py -> build/bdist.linux-x86_64/wheel/./Cython/Tests
2025-05-18 06:28:32,145 root INFO creating build/bdist.linux-x86_64/wheel/Cython/Distutils
2025-05-18 06:28:32,146 root INFO copying build/lib.linux-x86_64-cpython-312/Cython/Distutils/old_build_ext.py -> build/bdist.linux-x86_64/wheel/./Cython/Distutils
2025-05-18 06:28:32,146 root INFO copying build/lib.linux-x86_64-cpython-312/Cython/Distutils/build_ext.py -> build/bdist.linux-x86_64/wheel/./Cython/Distutils
2025-05-18 06:28:32,146 root INFO copying build/lib.linux-x86_64-cpython-312/Cython/Distutils/extension.py -> build/bdist.linux-x86_64/wheel/./Cython/Distutils
2025-05-18 06:28:32,146 root INFO copying build/lib.linux-x86_64-cpython-312/Cython/Distutils/__init__.py -> build/bdist.linux-x86_64/wheel/./Cython/Distutils
2025-05-18 06:28:32,146 root INFO creating build/bdist.linux-x86_64/wheel/Cython/Plex
2025-05-18 06:28:32,147 root INFO copying build/lib.linux-x86_64-cpython-312/Cython/Plex/Scanners.py -> build/bdist.linux-x86_64/wheel/./Cython/Plex
2025-05-18 06:28:32,147 root INFO copying build/lib.linux-x86_64-cpython-312/Cython/Plex/Actions.pxd -> build/bdist.linux-x86_64/wheel/./Cython/Plex
2025-05-18 06:28:32,147 root INFO copying build/lib.linux-x86_64-cpython-312/Cython/Plex/Lexicons.py -> build/bdist.linux-x86_64/wheel/./Cython/Plex
2025-05-18 06:28:32,147 root INFO copying build/lib.linux-x86_64-cpython-312/Cython/Plex/Machines.pxd -> build/bdist.linux-x86_64/wheel/./Cython/Plex
2025-05-18 06:28:32,147 root INFO copying build/lib.linux-x86_64-cpython-312/Cython/Plex/Machines.cpython-312-x86_64-linux-musl.so -> build/bdist.linux-x86_64/wheel/./Cython/Plex
2025-05-18 06:28:32,148 root INFO copying build/lib.linux-x86_64-cpython-312/Cython/Plex/Transitions.pxd -> build/bdist.linux-x86_64/wheel/./Cython/Plex
2025-05-18 06:28:32,148 root INFO copying build/lib.linux-x86_64-cpython-312/Cython/Plex/Errors.py -> build/bdist.linux-x86_64/wheel/./Cython/Plex
2025-05-18 06:28:32,148 root INFO copying build/lib.linux-x86_64-cpython-312/Cython/Plex/__init__.py -> build/bdist.linux-x86_64/wheel/./Cython/Plex
2025-05-18 06:28:32,148 root INFO copying build/lib.linux-x86_64-cpython-312/Cython/Plex/Scanners.pxd -> build/bdist.linux-x86_64/wheel/./Cython/Plex
2025-05-18 06:28:32,148 root INFO copying build/lib.linux-x86_64-cpython-312/Cython/Plex/Actions.py -> build/bdist.linux-x86_64/wheel/./Cython/Plex
2025-05-18 06:28:32,148 root INFO copying build/lib.linux-x86_64-cpython-312/Cython/Plex/Regexps.py -> build/bdist.linux-x86_64/wheel/./Cython/Plex
2025-05-18 06:28:32,149 root INFO copying build/lib.linux-x86_64-cpython-312/Cython/Plex/Scanners.cpython-312-x86_64-linux-musl.so -> build/bdist.linux-x86_64/wheel/./Cython/Plex
2025-05-18 06:28:32,149 root INFO copying build/lib.linux-x86_64-cpython-312/Cython/Plex/DFA.cpython-312-x86_64-linux-musl.so -> build/bdist.linux-x86_64/wheel/./Cython/Plex
2025-05-18 06:28:32,149 root INFO copying build/lib.linux-x86_64-cpython-312/Cython/Plex/Transitions.py -> build/bdist.linux-x86_64/wheel/./Cython/Plex
2025-05-18 06:28:32,149 root INFO copying build/lib.linux-x86_64-cpython-312/Cython/Plex/Actions.cpython-312-x86_64-linux-musl.so -> build/bdist.linux-x86_64/wheel/./Cython/Plex
2025-05-18 06:28:32,149 root INFO copying build/lib.linux-x86_64-cpython-312/Cython/Plex/DFA.py -> build/bdist.linux-x86_64/wheel/./Cython/Plex
2025-05-18 06:28:32,150 root INFO copying build/lib.linux-x86_64-cpython-312/Cython/Plex/DFA.pxd -> build/bdist.linux-x86_64/wheel/./Cython/Plex
2025-05-18 06:28:32,150 root INFO copying build/lib.linux-x86_64-cpython-312/Cython/Plex/Machines.py -> build/bdist.linux-x86_64/wheel/./Cython/Plex
2025-05-18 06:28:32,150 root INFO copying build/lib.linux-x86_64-cpython-312/Cython/Plex/Transitions.cpython-312-x86_64-linux-musl.so -> build/bdist.linux-x86_64/wheel/./Cython/Plex
2025-05-18 06:28:32,150 root INFO copying build/lib.linux-x86_64-cpython-312/Cython/Shadow.py -> build/bdist.linux-x86_64/wheel/./Cython
2025-05-18 06:28:32,150 root INFO copying build/lib.linux-x86_64-cpython-312/Cython/CodeWriter.py -> build/bdist.linux-x86_64/wheel/./Cython
2025-05-18 06:28:32,151 root INFO copying build/lib.linux-x86_64-cpython-312/Cython/Shadow.pyi -> build/bdist.linux-x86_64/wheel/./Cython
2025-05-18 06:28:32,151 root INFO creating build/bdist.linux-x86_64/wheel/pyximport
2025-05-18 06:28:32,151 root INFO copying build/lib.linux-x86_64-cpython-312/pyximport/_pyximport2.py -> build/bdist.linux-x86_64/wheel/./pyximport
2025-05-18 06:28:32,151 root INFO copying build/lib.linux-x86_64-cpython-312/pyximport/pyxbuild.py -> build/bdist.linux-x86_64/wheel/./pyximport
2025-05-18 06:28:32,151 root INFO copying build/lib.linux-x86_64-cpython-312/pyximport/__init__.py -> build/bdist.linux-x86_64/wheel/./pyximport
2025-05-18 06:28:32,151 root INFO copying build/lib.linux-x86_64-cpython-312/pyximport/pyximport.py -> build/bdist.linux-x86_64/wheel/./pyximport
2025-05-18 06:28:32,152 root INFO copying build/lib.linux-x86_64-cpython-312/pyximport/_pyximport3.py -> build/bdist.linux-x86_64/wheel/./pyximport
2025-05-18 06:28:32,152 root INFO running install_egg_info
2025-05-18 06:28:32,155 root INFO running egg_info
2025-05-18 06:28:32,158 root INFO creating Cython.egg-info
2025-05-18 06:28:32,158 root INFO writing Cython.egg-info/PKG-INFO
2025-05-18 06:28:32,158 root INFO writing dependency_links to Cython.egg-info/dependency_links.txt
2025-05-18 06:28:32,159 root INFO writing entry points to Cython.egg-info/entry_points.txt
2025-05-18 06:28:32,159 root INFO writing top-level names to Cython.egg-info/top_level.txt
2025-05-18 06:28:32,159 root INFO writing manifest file 'Cython.egg-info/SOURCES.txt'
2025-05-18 06:28:32,173 root INFO reading manifest file 'Cython.egg-info/SOURCES.txt'
2025-05-18 06:28:32,174 root INFO reading manifest template 'MANIFEST.in'
2025-05-18 06:28:32,174 root WARNING warning: no files found matching '.gitrev'
2025-05-18 06:28:32,197 root WARNING warning: no files found matching 'Doc/*'
2025-05-18 06:28:32,199 root WARNING warning: no files found matching '*.pyx' under directory 'Cython/Debugger/Tests'
2025-05-18 06:28:32,199 root WARNING warning: no files found matching '*.pxd' under directory 'Cython/Debugger/Tests'
2025-05-18 06:28:32,201 root WARNING warning: no files found matching '*.pxd' under directory 'Cython/Utility'
2025-05-18 06:28:32,483 root WARNING warning: no files found matching 'pyximport/README'
2025-05-18 06:28:32,483 root INFO adding license file 'LICENSE.txt'
2025-05-18 06:28:32,483 root INFO adding license file 'COPYING.txt'
2025-05-18 06:28:32,513 root INFO writing manifest file 'Cython.egg-info/SOURCES.txt'
2025-05-18 06:28:32,527 root INFO Copying Cython.egg-info to build/bdist.linux-x86_64/wheel/./Cython-3.0.12-py3.12.egg-info
2025-05-18 06:28:32,528 root INFO running install_scripts
2025-05-18 06:28:32,535 root INFO creating build/bdist.linux-x86_64/wheel/cython-3.0.12.dist-info/WHEEL
2025-05-18 06:28:32,535 wheel INFO creating '/home/packager/aports/main/cython/src/cython-3.0.12/.dist/.tmp-k0icf8g2/cython-3.0.12-cp312-cp312-linux_x86_64.whl' and adding 'build/bdist.linux-x86_64/wheel' to it
2025-05-18 06:28:32,536 wheel INFO adding 'cython.py'
2025-05-18 06:28:32,536 wheel INFO adding 'Cython/CodeWriter.py'
2025-05-18 06:28:32,536 wheel INFO adding 'Cython/Coverage.py'
2025-05-18 06:28:32,537 wheel INFO adding 'Cython/Debugging.py'
2025-05-18 06:28:32,537 wheel INFO adding 'Cython/Shadow.py'
2025-05-18 06:28:32,537 wheel INFO adding 'Cython/Shadow.pyi'
2025-05-18 06:28:32,538 wheel INFO adding 'Cython/StringIOTree.cpython-312-x86_64-linux-musl.so'
2025-05-18 06:28:32,539 wheel INFO adding 'Cython/StringIOTree.py'
2025-05-18 06:28:32,539 wheel INFO adding 'Cython/TestUtils.py'
2025-05-18 06:28:32,540 wheel INFO adding 'Cython/Utils.cpython-312-x86_64-linux-musl.so'
2025-05-18 06:28:32,542 wheel INFO adding 'Cython/Utils.py'
2025-05-18 06:28:32,542 wheel INFO adding 'Cython/__init__.py'
2025-05-18 06:28:32,542 wheel INFO adding 'Cython/Build/BuildExecutable.py'
2025-05-18 06:28:32,542 wheel INFO adding 'Cython/Build/Cythonize.py'
2025-05-18 06:28:32,543 wheel INFO adding 'Cython/Build/Dependencies.py'
2025-05-18 06:28:32,543 wheel INFO adding 'Cython/Build/Distutils.py'
2025-05-18 06:28:32,543 wheel INFO adding 'Cython/Build/Inline.py'
2025-05-18 06:28:32,543 wheel INFO adding 'Cython/Build/IpythonMagic.py'
2025-05-18 06:28:32,544 wheel INFO adding 'Cython/Build/__init__.py'
2025-05-18 06:28:32,544 wheel INFO adding 'Cython/Build/Tests/TestCyCache.py'
2025-05-18 06:28:32,544 wheel INFO adding 'Cython/Build/Tests/TestCythonizeArgsParser.py'
2025-05-18 06:28:32,544 wheel INFO adding 'Cython/Build/Tests/TestDependencies.py'
2025-05-18 06:28:32,545 wheel INFO adding 'Cython/Build/Tests/TestInline.py'
2025-05-18 06:28:32,545 wheel INFO adding 'Cython/Build/Tests/TestIpythonMagic.py'
2025-05-18 06:28:32,545 wheel INFO adding 'Cython/Build/Tests/TestRecythonize.py'
2025-05-18 06:28:32,545 wheel INFO adding 'Cython/Build/Tests/TestStripLiterals.py'
2025-05-18 06:28:32,545 wheel INFO adding 'Cython/Build/Tests/__init__.py'
2025-05-18 06:28:32,546 wheel INFO adding 'Cython/Compiler/AnalysedTreeTransforms.py'
2025-05-18 06:28:32,546 wheel INFO adding 'Cython/Compiler/Annotate.py'
2025-05-18 06:28:32,546 wheel INFO adding 'Cython/Compiler/AutoDocTransforms.py'
2025-05-18 06:28:32,546 wheel INFO adding 'Cython/Compiler/Buffer.py'
2025-05-18 06:28:32,547 wheel INFO adding 'Cython/Compiler/Builtin.py'
2025-05-18 06:28:32,547 wheel INFO adding 'Cython/Compiler/CmdLine.py'
2025-05-18 06:28:32,549 wheel INFO adding 'Cython/Compiler/Code.cpython-312-x86_64-linux-musl.so'
2025-05-18 06:28:32,552 wheel INFO adding 'Cython/Compiler/Code.pxd'
2025-05-18 06:28:32,552 wheel INFO adding 'Cython/Compiler/Code.py'
2025-05-18 06:28:32,552 wheel INFO adding 'Cython/Compiler/CodeGeneration.py'
2025-05-18 06:28:32,553 wheel INFO adding 'Cython/Compiler/CythonScope.py'
2025-05-18 06:28:32,553 wheel INFO adding 'Cython/Compiler/Dataclass.py'
2025-05-18 06:28:32,553 wheel INFO adding 'Cython/Compiler/DebugFlags.py'
2025-05-18 06:28:32,553 wheel INFO adding 'Cython/Compiler/Errors.py'
2025-05-18 06:28:32,554 wheel INFO adding 'Cython/Compiler/ExprNodes.py'
2025-05-18 06:28:32,557 wheel INFO adding 'Cython/Compiler/FlowControl.cpython-312-x86_64-linux-musl.so'
2025-05-18 06:28:32,558 wheel INFO adding 'Cython/Compiler/FlowControl.pxd'
2025-05-18 06:28:32,559 wheel INFO adding 'Cython/Compiler/FlowControl.py'
2025-05-18 06:28:32,560 wheel INFO adding 'Cython/Compiler/FusedNode.cpython-312-x86_64-linux-musl.so'
2025-05-18 06:28:32,561 wheel INFO adding 'Cython/Compiler/FusedNode.py'
2025-05-18 06:28:32,561 wheel INFO adding 'Cython/Compiler/Future.py'
2025-05-18 06:28:32,562 wheel INFO adding 'Cython/Compiler/Interpreter.py'
2025-05-18 06:28:32,562 wheel INFO adding 'Cython/Compiler/Lexicon.py'
2025-05-18 06:28:32,562 wheel INFO adding 'Cython/Compiler/Main.py'
2025-05-18 06:28:32,563 wheel INFO adding 'Cython/Compiler/MemoryView.py'
2025-05-18 06:28:32,563 wheel INFO adding 'Cython/Compiler/ModuleNode.py'
2025-05-18 06:28:32,564 wheel INFO adding 'Cython/Compiler/Naming.py'
2025-05-18 06:28:32,565 wheel INFO adding 'Cython/Compiler/Nodes.py'
2025-05-18 06:28:32,566 wheel INFO adding 'Cython/Compiler/Optimize.py'
2025-05-18 06:28:32,567 wheel INFO adding 'Cython/Compiler/Options.py'
2025-05-18 06:28:32,568 wheel INFO adding 'Cython/Compiler/ParseTreeTransforms.pxd'
2025-05-18 06:28:32,568 wheel INFO adding 'Cython/Compiler/ParseTreeTransforms.py'
2025-05-18 06:28:32,570 wheel INFO adding 'Cython/Compiler/Parsing.cpython-312-x86_64-linux-musl.so'
2025-05-18 06:28:32,572 wheel INFO adding 'Cython/Compiler/Parsing.pxd'
2025-05-18 06:28:32,573 wheel INFO adding 'Cython/Compiler/Parsing.py'
2025-05-18 06:28:32,573 wheel INFO adding 'Cython/Compiler/Pipeline.py'
2025-05-18 06:28:32,574 wheel INFO adding 'Cython/Compiler/PyrexTypes.py'
2025-05-18 06:28:32,575 wheel INFO adding 'Cython/Compiler/Pythran.py'
2025-05-18 06:28:32,575 wheel INFO adding 'Cython/Compiler/Scanning.cpython-312-x86_64-linux-musl.so'
2025-05-18 06:28:32,576 wheel INFO adding 'Cython/Compiler/Scanning.pxd'
2025-05-18 06:28:32,577 wheel INFO adding 'Cython/Compiler/Scanning.py'
2025-05-18 06:28:32,577 wheel INFO adding 'Cython/Compiler/StringEncoding.py'
2025-05-18 06:28:32,577 wheel INFO adding 'Cython/Compiler/Symtab.py'
2025-05-18 06:28:32,578 wheel INFO adding 'Cython/Compiler/TreeFragment.py'
2025-05-18 06:28:32,578 wheel INFO adding 'Cython/Compiler/TreePath.py'
2025-05-18 06:28:32,578 wheel INFO adding 'Cython/Compiler/TypeInference.py'
2025-05-18 06:28:32,579 wheel INFO adding 'Cython/Compiler/TypeSlots.py'
2025-05-18 06:28:32,579 wheel INFO adding 'Cython/Compiler/UFuncs.py'
2025-05-18 06:28:32,579 wheel INFO adding 'Cython/Compiler/UtilNodes.py'
2025-05-18 06:28:32,579 wheel INFO adding 'Cython/Compiler/UtilityCode.py'
2025-05-18 06:28:32,579 wheel INFO adding 'Cython/Compiler/Version.py'
2025-05-18 06:28:32,580 wheel INFO adding 'Cython/Compiler/Visitor.cpython-312-x86_64-linux-musl.so'
2025-05-18 06:28:32,581 wheel INFO adding 'Cython/Compiler/Visitor.pxd'
2025-05-18 06:28:32,581 wheel INFO adding 'Cython/Compiler/Visitor.py'
2025-05-18 06:28:32,582 wheel INFO adding 'Cython/Compiler/__init__.py'
2025-05-18 06:28:32,582 wheel INFO adding 'Cython/Compiler/Tests/TestBuffer.py'
2025-05-18 06:28:32,582 wheel INFO adding 'Cython/Compiler/Tests/TestCmdLine.py'
2025-05-18 06:28:32,582 wheel INFO adding 'Cython/Compiler/Tests/TestFlowControl.py'
2025-05-18 06:28:32,583 wheel INFO adding 'Cython/Compiler/Tests/TestGrammar.py'
2025-05-18 06:28:32,583 wheel INFO adding 'Cython/Compiler/Tests/TestMemView.py'
2025-05-18 06:28:32,583 wheel INFO adding 'Cython/Compiler/Tests/TestParseTreeTransforms.py'
2025-05-18 06:28:32,583 wheel INFO adding 'Cython/Compiler/Tests/TestScanning.py'
2025-05-18 06:28:32,583 wheel INFO adding 'Cython/Compiler/Tests/TestSignatureMatching.py'
2025-05-18 06:28:32,583 wheel INFO adding 'Cython/Compiler/Tests/TestStringEncoding.py'
2025-05-18 06:28:32,584 wheel INFO adding 'Cython/Compiler/Tests/TestTreeFragment.py'
2025-05-18 06:28:32,584 wheel INFO adding 'Cython/Compiler/Tests/TestTreePath.py'
2025-05-18 06:28:32,584 wheel INFO adding 'Cython/Compiler/Tests/TestTypes.py'
2025-05-18 06:28:32,584 wheel INFO adding 'Cython/Compiler/Tests/TestUtilityLoad.py'
2025-05-18 06:28:32,584 wheel INFO adding 'Cython/Compiler/Tests/TestVisitor.py'
2025-05-18 06:28:32,585 wheel INFO adding 'Cython/Compiler/Tests/Utils.py'
2025-05-18 06:28:32,585 wheel INFO adding 'Cython/Compiler/Tests/__init__.py'
2025-05-18 06:28:32,585 wheel INFO adding 'Cython/Debugger/Cygdb.py'
2025-05-18 06:28:32,585 wheel INFO adding 'Cython/Debugger/DebugWriter.py'
2025-05-18 06:28:32,585 wheel INFO adding 'Cython/Debugger/__init__.py'
2025-05-18 06:28:32,586 wheel INFO adding 'Cython/Debugger/libcython.py'
2025-05-18 06:28:32,586 wheel INFO adding 'Cython/Debugger/libpython.py'
2025-05-18 06:28:32,587 wheel INFO adding 'Cython/Debugger/Tests/TestLibCython.py'
2025-05-18 06:28:32,587 wheel INFO adding 'Cython/Debugger/Tests/__init__.py'
2025-05-18 06:28:32,587 wheel INFO adding 'Cython/Debugger/Tests/cfuncs.c'
2025-05-18 06:28:32,587 wheel INFO adding 'Cython/Debugger/Tests/codefile'
2025-05-18 06:28:32,587 wheel INFO adding 'Cython/Debugger/Tests/test_libcython_in_gdb.py'
2025-05-18 06:28:32,587 wheel INFO adding 'Cython/Debugger/Tests/test_libpython_in_gdb.py'
2025-05-18 06:28:32,588 wheel INFO adding 'Cython/Distutils/__init__.py'
2025-05-18 06:28:32,588 wheel INFO adding 'Cython/Distutils/build_ext.py'
2025-05-18 06:28:32,588 wheel INFO adding 'Cython/Distutils/extension.py'
2025-05-18 06:28:32,588 wheel INFO adding 'Cython/Distutils/old_build_ext.py'
2025-05-18 06:28:32,589 wheel INFO adding 'Cython/Includes/openmp.pxd'
2025-05-18 06:28:32,589 wheel INFO adding 'Cython/Includes/cpython/__init__.pxd'
2025-05-18 06:28:32,589 wheel INFO adding 'Cython/Includes/cpython/array.pxd'
2025-05-18 06:28:32,589 wheel INFO adding 'Cython/Includes/cpython/bool.pxd'
2025-05-18 06:28:32,589 wheel INFO adding 'Cython/Includes/cpython/buffer.pxd'
2025-05-18 06:28:32,590 wheel INFO adding 'Cython/Includes/cpython/bytearray.pxd'
2025-05-18 06:28:32,590 wheel INFO adding 'Cython/Includes/cpython/bytes.pxd'
2025-05-18 06:28:32,590 wheel INFO adding 'Cython/Includes/cpython/cellobject.pxd'
2025-05-18 06:28:32,590 wheel INFO adding 'Cython/Includes/cpython/ceval.pxd'
2025-05-18 06:28:32,590 wheel INFO adding 'Cython/Includes/cpython/cobject.pxd'
2025-05-18 06:28:32,591 wheel INFO adding 'Cython/Includes/cpython/codecs.pxd'
2025-05-18 06:28:32,591 wheel INFO adding 'Cython/Includes/cpython/complex.pxd'
2025-05-18 06:28:32,591 wheel INFO adding 'Cython/Includes/cpython/contextvars.pxd'
2025-05-18 06:28:32,591 wheel INFO adding 'Cython/Includes/cpython/conversion.pxd'
2025-05-18 06:28:32,591 wheel INFO adding 'Cython/Includes/cpython/datetime.pxd'
2025-05-18 06:28:32,592 wheel INFO adding 'Cython/Includes/cpython/descr.pxd'
2025-05-18 06:28:32,592 wheel INFO adding 'Cython/Includes/cpython/dict.pxd'
2025-05-18 06:28:32,592 wheel INFO adding 'Cython/Includes/cpython/exc.pxd'
2025-05-18 06:28:32,592 wheel INFO adding 'Cython/Includes/cpython/fileobject.pxd'
2025-05-18 06:28:32,592 wheel INFO adding 'Cython/Includes/cpython/float.pxd'
2025-05-18 06:28:32,593 wheel INFO adding 'Cython/Includes/cpython/function.pxd'
2025-05-18 06:28:32,593 wheel INFO adding 'Cython/Includes/cpython/genobject.pxd'
2025-05-18 06:28:32,593 wheel INFO adding 'Cython/Includes/cpython/getargs.pxd'
2025-05-18 06:28:32,593 wheel INFO adding 'Cython/Includes/cpython/instance.pxd'
2025-05-18 06:28:32,593 wheel INFO adding 'Cython/Includes/cpython/int.pxd'
2025-05-18 06:28:32,593 wheel INFO adding 'Cython/Includes/cpython/iterator.pxd'
2025-05-18 06:28:32,594 wheel INFO adding 'Cython/Includes/cpython/iterobject.pxd'
2025-05-18 06:28:32,594 wheel INFO adding 'Cython/Includes/cpython/list.pxd'
2025-05-18 06:28:32,594 wheel INFO adding 'Cython/Includes/cpython/long.pxd'
2025-05-18 06:28:32,594 wheel INFO adding 'Cython/Includes/cpython/longintrepr.pxd'
2025-05-18 06:28:32,594 wheel INFO adding 'Cython/Includes/cpython/mapping.pxd'
2025-05-18 06:28:32,595 wheel INFO adding 'Cython/Includes/cpython/marshal.pxd'
2025-05-18 06:28:32,595 wheel INFO adding 'Cython/Includes/cpython/mem.pxd'
2025-05-18 06:28:32,595 wheel INFO adding 'Cython/Includes/cpython/memoryview.pxd'
2025-05-18 06:28:32,595 wheel INFO adding 'Cython/Includes/cpython/method.pxd'
2025-05-18 06:28:32,595 wheel INFO adding 'Cython/Includes/cpython/module.pxd'
2025-05-18 06:28:32,596 wheel INFO adding 'Cython/Includes/cpython/number.pxd'
2025-05-18 06:28:32,596 wheel INFO adding 'Cython/Includes/cpython/object.pxd'
2025-05-18 06:28:32,596 wheel INFO adding 'Cython/Includes/cpython/oldbuffer.pxd'
2025-05-18 06:28:32,596 wheel INFO adding 'Cython/Includes/cpython/pycapsule.pxd'
2025-05-18 06:28:32,596 wheel INFO adding 'Cython/Includes/cpython/pylifecycle.pxd'
2025-05-18 06:28:32,597 wheel INFO adding 'Cython/Includes/cpython/pyport.pxd'
2025-05-18 06:28:32,597 wheel INFO adding 'Cython/Includes/cpython/pystate.pxd'
2025-05-18 06:28:32,597 wheel INFO adding 'Cython/Includes/cpython/pythread.pxd'
2025-05-18 06:28:32,597 wheel INFO adding 'Cython/Includes/cpython/ref.pxd'
2025-05-18 06:28:32,597 wheel INFO adding 'Cython/Includes/cpython/sequence.pxd'
2025-05-18 06:28:32,598 wheel INFO adding 'Cython/Includes/cpython/set.pxd'
2025-05-18 06:28:32,598 wheel INFO adding 'Cython/Includes/cpython/slice.pxd'
2025-05-18 06:28:32,598 wheel INFO adding 'Cython/Includes/cpython/string.pxd'
2025-05-18 06:28:32,598 wheel INFO adding 'Cython/Includes/cpython/time.pxd'
2025-05-18 06:28:32,598 wheel INFO adding 'Cython/Includes/cpython/tuple.pxd'
2025-05-18 06:28:32,599 wheel INFO adding 'Cython/Includes/cpython/type.pxd'
2025-05-18 06:28:32,599 wheel INFO adding 'Cython/Includes/cpython/unicode.pxd'
2025-05-18 06:28:32,599 wheel INFO adding 'Cython/Includes/cpython/version.pxd'
2025-05-18 06:28:32,599 wheel INFO adding 'Cython/Includes/cpython/weakref.pxd'
2025-05-18 06:28:32,599 wheel INFO adding 'Cython/Includes/libc/__init__.pxd'
2025-05-18 06:28:32,600 wheel INFO adding 'Cython/Includes/libc/complex.pxd'
2025-05-18 06:28:32,600 wheel INFO adding 'Cython/Includes/libc/errno.pxd'
2025-05-18 06:28:32,600 wheel INFO adding 'Cython/Includes/libc/float.pxd'
2025-05-18 06:28:32,600 wheel INFO adding 'Cython/Includes/libc/limits.pxd'
2025-05-18 06:28:32,600 wheel INFO adding 'Cython/Includes/libc/locale.pxd'
2025-05-18 06:28:32,601 wheel INFO adding 'Cython/Includes/libc/math.pxd'
2025-05-18 06:28:32,601 wheel INFO adding 'Cython/Includes/libc/setjmp.pxd'
2025-05-18 06:28:32,601 wheel INFO adding 'Cython/Includes/libc/signal.pxd'
2025-05-18 06:28:32,601 wheel INFO adding 'Cython/Includes/libc/stddef.pxd'
2025-05-18 06:28:32,601 wheel INFO adding 'Cython/Includes/libc/stdint.pxd'
2025-05-18 06:28:32,601 wheel INFO adding 'Cython/Includes/libc/stdio.pxd'
2025-05-18 06:28:32,602 wheel INFO adding 'Cython/Includes/libc/stdlib.pxd'
2025-05-18 06:28:32,602 wheel INFO adding 'Cython/Includes/libc/string.pxd'
2025-05-18 06:28:32,602 wheel INFO adding 'Cython/Includes/libc/time.pxd'
2025-05-18 06:28:32,602 wheel INFO adding 'Cython/Includes/libcpp/__init__.pxd'
2025-05-18 06:28:32,602 wheel INFO adding 'Cython/Includes/libcpp/algorithm.pxd'
2025-05-18 06:28:32,603 wheel INFO adding 'Cython/Includes/libcpp/any.pxd'
2025-05-18 06:28:32,603 wheel INFO adding 'Cython/Includes/libcpp/atomic.pxd'
2025-05-18 06:28:32,603 wheel INFO adding 'Cython/Includes/libcpp/bit.pxd'
2025-05-18 06:28:32,603 wheel INFO adding 'Cython/Includes/libcpp/cast.pxd'
2025-05-18 06:28:32,603 wheel INFO adding 'Cython/Includes/libcpp/cmath.pxd'
2025-05-18 06:28:32,604 wheel INFO adding 'Cython/Includes/libcpp/complex.pxd'
2025-05-18 06:28:32,604 wheel INFO adding 'Cython/Includes/libcpp/deque.pxd'
2025-05-18 06:28:32,604 wheel INFO adding 'Cython/Includes/libcpp/execution.pxd'
2025-05-18 06:28:32,604 wheel INFO adding 'Cython/Includes/libcpp/forward_list.pxd'
2025-05-18 06:28:32,604 wheel INFO adding 'Cython/Includes/libcpp/functional.pxd'
2025-05-18 06:28:32,605 wheel INFO adding 'Cython/Includes/libcpp/iterator.pxd'
2025-05-18 06:28:32,605 wheel INFO adding 'Cython/Includes/libcpp/limits.pxd'
2025-05-18 06:28:32,605 wheel INFO adding 'Cython/Includes/libcpp/list.pxd'
2025-05-18 06:28:32,605 wheel INFO adding 'Cython/Includes/libcpp/map.pxd'
2025-05-18 06:28:32,605 wheel INFO adding 'Cython/Includes/libcpp/memory.pxd'
2025-05-18 06:28:32,605 wheel INFO adding 'Cython/Includes/libcpp/numbers.pxd'
2025-05-18 06:28:32,606 wheel INFO adding 'Cython/Includes/libcpp/numeric.pxd'
2025-05-18 06:28:32,606 wheel INFO adding 'Cython/Includes/libcpp/optional.pxd'
2025-05-18 06:28:32,606 wheel INFO adding 'Cython/Includes/libcpp/pair.pxd'
2025-05-18 06:28:32,606 wheel INFO adding 'Cython/Includes/libcpp/queue.pxd'
2025-05-18 06:28:32,606 wheel INFO adding 'Cython/Includes/libcpp/random.pxd'
2025-05-18 06:28:32,607 wheel INFO adding 'Cython/Includes/libcpp/set.pxd'
2025-05-18 06:28:32,607 wheel INFO adding 'Cython/Includes/libcpp/stack.pxd'
2025-05-18 06:28:32,607 wheel INFO adding 'Cython/Includes/libcpp/string.pxd'
2025-05-18 06:28:32,607 wheel INFO adding 'Cython/Includes/libcpp/typeindex.pxd'
2025-05-18 06:28:32,607 wheel INFO adding 'Cython/Includes/libcpp/typeinfo.pxd'
2025-05-18 06:28:32,607 wheel INFO adding 'Cython/Includes/libcpp/unordered_map.pxd'
2025-05-18 06:28:32,608 wheel INFO adding 'Cython/Includes/libcpp/unordered_set.pxd'
2025-05-18 06:28:32,608 wheel INFO adding 'Cython/Includes/libcpp/utility.pxd'
2025-05-18 06:28:32,608 wheel INFO adding 'Cython/Includes/libcpp/vector.pxd'
2025-05-18 06:28:32,608 wheel INFO adding 'Cython/Includes/numpy/__init__.pxd'
2025-05-18 06:28:32,609 wheel INFO adding 'Cython/Includes/numpy/math.pxd'
2025-05-18 06:28:32,609 wheel INFO adding 'Cython/Includes/posix/__init__.pxd'
2025-05-18 06:28:32,609 wheel INFO adding 'Cython/Includes/posix/dlfcn.pxd'
2025-05-18 06:28:32,609 wheel INFO adding 'Cython/Includes/posix/fcntl.pxd'
2025-05-18 06:28:32,609 wheel INFO adding 'Cython/Includes/posix/ioctl.pxd'
2025-05-18 06:28:32,610 wheel INFO adding 'Cython/Includes/posix/mman.pxd'
2025-05-18 06:28:32,610 wheel INFO adding 'Cython/Includes/posix/resource.pxd'
2025-05-18 06:28:32,610 wheel INFO adding 'Cython/Includes/posix/select.pxd'
2025-05-18 06:28:32,610 wheel INFO adding 'Cython/Includes/posix/signal.pxd'
2025-05-18 06:28:32,610 wheel INFO adding 'Cython/Includes/posix/stat.pxd'
2025-05-18 06:28:32,610 wheel INFO adding 'Cython/Includes/posix/stdio.pxd'
2025-05-18 06:28:32,611 wheel INFO adding 'Cython/Includes/posix/stdlib.pxd'
2025-05-18 06:28:32,611 wheel INFO adding 'Cython/Includes/posix/strings.pxd'
2025-05-18 06:28:32,611 wheel INFO adding 'Cython/Includes/posix/time.pxd'
2025-05-18 06:28:32,611 wheel INFO adding 'Cython/Includes/posix/types.pxd'
2025-05-18 06:28:32,611 wheel INFO adding 'Cython/Includes/posix/uio.pxd'
2025-05-18 06:28:32,611 wheel INFO adding 'Cython/Includes/posix/unistd.pxd'
2025-05-18 06:28:32,612 wheel INFO adding 'Cython/Includes/posix/wait.pxd'
2025-05-18 06:28:32,612 wheel INFO adding 'Cython/Plex/Actions.cpython-312-x86_64-linux-musl.so'
2025-05-18 06:28:32,612 wheel INFO adding 'Cython/Plex/Actions.pxd'
2025-05-18 06:28:32,613 wheel INFO adding 'Cython/Plex/Actions.py'
2025-05-18 06:28:32,613 wheel INFO adding 'Cython/Plex/DFA.cpython-312-x86_64-linux-musl.so'
2025-05-18 06:28:32,613 wheel INFO adding 'Cython/Plex/DFA.pxd'
2025-05-18 06:28:32,614 wheel INFO adding 'Cython/Plex/DFA.py'
2025-05-18 06:28:32,614 wheel INFO adding 'Cython/Plex/Errors.py'
2025-05-18 06:28:32,614 wheel INFO adding 'Cython/Plex/Lexicons.py'
2025-05-18 06:28:32,614 wheel INFO adding 'Cython/Plex/Machines.cpython-312-x86_64-linux-musl.so'
2025-05-18 06:28:32,615 wheel INFO adding 'Cython/Plex/Machines.pxd'
2025-05-18 06:28:32,615 wheel INFO adding 'Cython/Plex/Machines.py'
2025-05-18 06:28:32,615 wheel INFO adding 'Cython/Plex/Regexps.py'
2025-05-18 06:28:32,616 wheel INFO adding 'Cython/Plex/Scanners.cpython-312-x86_64-linux-musl.so'
2025-05-18 06:28:32,616 wheel INFO adding 'Cython/Plex/Scanners.pxd'
2025-05-18 06:28:32,616 wheel INFO adding 'Cython/Plex/Scanners.py'
2025-05-18 06:28:32,617 wheel INFO adding 'Cython/Plex/Transitions.cpython-312-x86_64-linux-musl.so'
2025-05-18 06:28:32,617 wheel INFO adding 'Cython/Plex/Transitions.pxd'
2025-05-18 06:28:32,618 wheel INFO adding 'Cython/Plex/Transitions.py'
2025-05-18 06:28:32,618 wheel INFO adding 'Cython/Plex/__init__.py'
2025-05-18 06:28:32,618 wheel INFO adding 'Cython/Runtime/__init__.py'
2025-05-18 06:28:32,618 wheel INFO adding 'Cython/Runtime/refnanny.cpython-312-x86_64-linux-musl.so'
2025-05-18 06:28:32,619 wheel INFO adding 'Cython/Runtime/refnanny.pyx'
2025-05-18 06:28:32,619 wheel INFO adding 'Cython/Tempita/__init__.py'
2025-05-18 06:28:32,619 wheel INFO adding 'Cython/Tempita/_looper.py'
2025-05-18 06:28:32,620 wheel INFO adding 'Cython/Tempita/_tempita.cpython-312-x86_64-linux-musl.so'
2025-05-18 06:28:32,621 wheel INFO adding 'Cython/Tempita/_tempita.py'
2025-05-18 06:28:32,621 wheel INFO adding 'Cython/Tempita/compat3.py'
2025-05-18 06:28:32,622 wheel INFO adding 'Cython/Tests/TestCodeWriter.py'
2025-05-18 06:28:32,622 wheel INFO adding 'Cython/Tests/TestCythonUtils.py'
2025-05-18 06:28:32,622 wheel INFO adding 'Cython/Tests/TestJediTyper.py'
2025-05-18 06:28:32,622 wheel INFO adding 'Cython/Tests/TestShadow.py'
2025-05-18 06:28:32,622 wheel INFO adding 'Cython/Tests/TestStringIOTree.py'
2025-05-18 06:28:32,623 wheel INFO adding 'Cython/Tests/TestTestUtils.py'
2025-05-18 06:28:32,623 wheel INFO adding 'Cython/Tests/__init__.py'
2025-05-18 06:28:32,623 wheel INFO adding 'Cython/Tests/xmlrunner.py'
2025-05-18 06:28:32,623 wheel INFO adding 'Cython/Utility/AsyncGen.c'
2025-05-18 06:28:32,624 wheel INFO adding 'Cython/Utility/Buffer.c'
2025-05-18 06:28:32,624 wheel INFO adding 'Cython/Utility/Builtins.c'
2025-05-18 06:28:32,624 wheel INFO adding 'Cython/Utility/CConvert.pyx'
2025-05-18 06:28:32,624 wheel INFO adding 'Cython/Utility/CMath.c'
2025-05-18 06:28:32,625 wheel INFO adding 'Cython/Utility/CommonStructures.c'
2025-05-18 06:28:32,625 wheel INFO adding 'Cython/Utility/Complex.c'
2025-05-18 06:28:32,625 wheel INFO adding 'Cython/Utility/Coroutine.c'
2025-05-18 06:28:32,626 wheel INFO adding 'Cython/Utility/CpdefEnums.pyx'
2025-05-18 06:28:32,626 wheel INFO adding 'Cython/Utility/CppConvert.pyx'
2025-05-18 06:28:32,626 wheel INFO adding 'Cython/Utility/CppSupport.cpp'
2025-05-18 06:28:32,626 wheel INFO adding 'Cython/Utility/CythonFunction.c'
2025-05-18 06:28:32,627 wheel INFO adding 'Cython/Utility/Dataclasses.c'
2025-05-18 06:28:32,627 wheel INFO adding 'Cython/Utility/Dataclasses.py'
2025-05-18 06:28:32,627 wheel INFO adding 'Cython/Utility/Embed.c'
2025-05-18 06:28:32,627 wheel INFO adding 'Cython/Utility/Exceptions.c'
2025-05-18 06:28:32,628 wheel INFO adding 'Cython/Utility/ExtensionTypes.c'
2025-05-18 06:28:32,628 wheel INFO adding 'Cython/Utility/FunctionArguments.c'
2025-05-18 06:28:32,628 wheel INFO adding 'Cython/Utility/ImportExport.c'
2025-05-18 06:28:32,629 wheel INFO adding 'Cython/Utility/MemoryView.pyx'
2025-05-18 06:28:32,629 wheel INFO adding 'Cython/Utility/MemoryView_C.c'
2025-05-18 06:28:32,629 wheel INFO adding 'Cython/Utility/ModuleSetupCode.c'
2025-05-18 06:28:32,630 wheel INFO adding 'Cython/Utility/NumpyImportArray.c'
2025-05-18 06:28:32,630 wheel INFO adding 'Cython/Utility/ObjectHandling.c'
2025-05-18 06:28:32,631 wheel INFO adding 'Cython/Utility/Optimize.c'
2025-05-18 06:28:32,631 wheel INFO adding 'Cython/Utility/Overflow.c'
2025-05-18 06:28:32,631 wheel INFO adding 'Cython/Utility/Printing.c'
2025-05-18 06:28:32,632 wheel INFO adding 'Cython/Utility/Profile.c'
2025-05-18 06:28:32,632 wheel INFO adding 'Cython/Utility/StringTools.c'
2025-05-18 06:28:32,632 wheel INFO adding 'Cython/Utility/TestCyUtilityLoader.pyx'
2025-05-18 06:28:32,632 wheel INFO adding 'Cython/Utility/TestCythonScope.pyx'
2025-05-18 06:28:32,632 wheel INFO adding 'Cython/Utility/TestUtilityLoader.c'
2025-05-18 06:28:32,633 wheel INFO adding 'Cython/Utility/TypeConversion.c'
2025-05-18 06:28:32,633 wheel INFO adding 'Cython/Utility/UFuncs.pyx'
2025-05-18 06:28:32,633 wheel INFO adding 'Cython/Utility/UFuncs_C.c'
2025-05-18 06:28:32,633 wheel INFO adding 'Cython/Utility/__init__.py'
2025-05-18 06:28:32,634 wheel INFO adding 'Cython/Utility/arrayarray.h'
2025-05-18 06:28:32,634 wheel INFO adding 'cython-3.0.12.dist-info/licenses/COPYING.txt'
2025-05-18 06:28:32,634 wheel INFO adding 'cython-3.0.12.dist-info/licenses/LICENSE.txt'
2025-05-18 06:28:32,634 wheel INFO adding 'pyximport/__init__.py'
2025-05-18 06:28:32,635 wheel INFO adding 'pyximport/_pyximport2.py'
2025-05-18 06:28:32,635 wheel INFO adding 'pyximport/_pyximport3.py'
2025-05-18 06:28:32,635 wheel INFO adding 'pyximport/pyxbuild.py'
2025-05-18 06:28:32,635 wheel INFO adding 'pyximport/pyximport.py'
2025-05-18 06:28:32,635 wheel INFO adding 'cython-3.0.12.dist-info/METADATA'
2025-05-18 06:28:32,636 wheel INFO adding 'cython-3.0.12.dist-info/WHEEL'
2025-05-18 06:28:32,636 wheel INFO adding 'cython-3.0.12.dist-info/entry_points.txt'
2025-05-18 06:28:32,636 wheel INFO adding 'cython-3.0.12.dist-info/top_level.txt'
2025-05-18 06:28:32,637 wheel INFO adding 'cython-3.0.12.dist-info/RECORD'
2025-05-18 06:28:32,638 root INFO removing build/bdist.linux-x86_64/wheel
2025-05-18 06:28:32,647 gpep517 INFO The backend produced .dist/cython-3.0.12-cp312-cp312-linux_x86_64.whl
cython-3.0.12-cp312-cp312-linux_x86_64.whl
Python 3.12.10 (main, Apr  9 2025, 08:28:36) [GCC 14.2.0]

Running tests against Cython 3.0.12
Using Cython language level 2.
Using Cython language level 2.

Using Cython language level 2.


Using Cython language level 2.
Using Cython language level 2.


Using Cython language level 2.
Using Cython language level 2.

Using Cython language level 2.

Backends: c,cpp

Tests in shard (3/8) starting (Thread ID 0x7f9304a3ab28)
/home/packager/aports/main/cython/src/cython-3.0.12/Cython/Compiler/Main.py:381: FutureWarning: Cython directive 'language_level' not set, using '3str' for now (Py3). This has changed from earlier releases! File: /home/packager/aports/main/cython/src/cython-3.0.12/TEST_TMP/cycache-testqyt3a9e5/srcbv67fk45/a.pyx
  tree = Parsing.p_module(s, pxd, full_module_name)
Tests in shard (4/8) starting (Thread ID 0x7f9304a3ab28)
Test dependency not found: 'numpy'
Test dependency not found: 'pythran'
Test dependency not found: 'setuptools.sandbox'
Test dependency found: 'asyncio' version 3.12.10
Test dependency found: 'pstats' version 3.12.10
Test dependency found: 'posix' version 3.12.10
Test dependency found: 'array' version 3.12.10
Test dependency not found: 'Cython.Coverage'
Test dependency not found: 'Cython.Coverage'
Test dependency not found: 'IPython.testing.globalipapp'
Test dependency not found: 'jedi_BROKEN_AND_DISABLED'
Test dependency not found: 'test.support'
Compiling /home/packager/aports/main/cython/src/cython-3.0.12/TEST_TMP/cycache-testqyt3a9e5/srcbv67fk45/a.pyx because it changed.
[1/1] Cythonizing /home/packager/aports/main/cython/src/cython-3.0.12/TEST_TMP/cycache-testqyt3a9e5/srcbv67fk45/a.pyx
/home/packager/aports/main/cython/src/cython-3.0.12/Cython/Compiler/Main.py:381: FutureWarning: Cython directive 'language_level' not set, using '3str' for now (Py3). This has changed from earlier releases! File: /home/packager/aports/main/cython/src/cython-3.0.12/TEST_TMP/cycache-testqyt3a9e5/srcbv67fk45/a.pyx
  tree = Parsing.p_module(s, pxd, full_module_name)
Tests in shard (5/8) starting (Thread ID 0x7f9304a3ab28)
Tests in shard (1/8) starting (Thread ID 0x7f9304a3ab28)
Compiling /home/packager/aports/main/cython/src/cython-3.0.12/TEST_TMP/cycache-testqyt3a9e5/srcbv67fk45/a.pyx because it changed.
[1/1] Cythonizing /home/packager/aports/main/cython/src/cython-3.0.12/TEST_TMP/cycache-testqyt3a9e5/srcbv67fk45/a.pyx
Compiling /home/packager/aports/main/cython/src/cython-3.0.12/TEST_TMP/cycache-testqyt3a9e5/srcbv67fk45/a.pyx because it changed.
[1/1] Found compiled /home/packager/aports/main/cython/src/cython-3.0.12/TEST_TMP/cycache-testqyt3a9e5/srcbv67fk45/a.pyx in cache
/home/packager/aports/main/cython/src/cython-3.0.12/Cython/Compiler/Main.py:381: FutureWarning: Cython directive 'language_level' not set, using '3str' for now (Py3). This has changed from earlier releases! File: /home/packager/aports/main/cython/src/cython-3.0.12/TEST_TMP/recythonize-testdbe4a0mc/srcbnt5z7ja/a.pxd
  tree = Parsing.p_module(s, pxd, full_module_name)
/home/packager/aports/main/cython/src/cython-3.0.12/Cython/Compiler/Main.py:381: FutureWarning: Cython directive 'language_level' not set, using '3str' for now (Py3). This has changed from earlier releases! File: /home/packager/aports/main/cython/src/cython-3.0.12/TEST_TMP/cycache-testo9xngukt/srci96u36qk/a.pyx
  tree = Parsing.p_module(s, pxd, full_module_name)
/home/packager/aports/main/cython/src/cython-3.0.12/Cython/Compiler/Main.py:381: FutureWarning: Cython directive 'language_level' not set, using '3str' for now (Py3). This has changed from earlier releases! File: /home/packager/aports/main/cython/src/cython-3.0.12/TEST_TMP/recythonize-testdbe4a0mc/srcbnt5z7ja/b.pxd
  tree = Parsing.p_module(s, pxd, full_module_name)
Test dependency not found: 'numpy'
Test dependency not found: 'pythran'
Test dependency not found: 'setuptools.sandbox'
Test dependency found: 'asyncio' version 3.12.10
Test dependency found: 'pstats' version 3.12.10
Test dependency found: 'posix' version 3.12.10
Test dependency found: 'array' version 3.12.10
Test dependency not found: 'Cython.Coverage'
Test dependency not found: 'Cython.Coverage'
Test dependency not found: 'IPython.testing.globalipapp'
Test dependency not found: 'jedi_BROKEN_AND_DISABLED'
Test dependency not found: 'test.support'
Compiling /home/packager/aports/main/cython/src/cython-3.0.12/TEST_TMP/recythonize-testdbe4a0mc/srcbnt5z7ja/a.pyx because it changed.
Compiling /home/packager/aports/main/cython/src/cython-3.0.12/TEST_TMP/recythonize-testdbe4a0mc/srcbnt5z7ja/b.py because it changed.
[1/2] Cythonizing /home/packager/aports/main/cython/src/cython-3.0.12/TEST_TMP/recythonize-testdbe4a0mc/srcbnt5z7ja/a.pyx
[2/2] Cythonizing /home/packager/aports/main/cython/src/cython-3.0.12/TEST_TMP/recythonize-testdbe4a0mc/srcbnt5z7ja/b.py
Compiling /home/packager/aports/main/cython/src/cython-3.0.12/TEST_TMP/cycache-testo9xngukt/srci96u36qk/a.pyx because it changed.
[1/1] Cythonizing /home/packager/aports/main/cython/src/cython-3.0.12/TEST_TMP/cycache-testo9xngukt/srci96u36qk/a.pyx
Compiling /home/packager/aports/main/cython/src/cython-3.0.12/TEST_TMP/cycache-testo9xngukt/srci96u36qk/a.pyx because it changed.
[1/1] Found compiled /home/packager/aports/main/cython/src/cython-3.0.12/TEST_TMP/cycache-testo9xngukt/srci96u36qk/a.pyx in cache
/home/packager/aports/main/cython/src/cython-3.0.12/Cython/Compiler/Main.py:381: FutureWarning: Cython directive 'language_level' not set, using '3str' for now (Py3). This has changed from earlier releases! File: /home/packager/aports/main/cython/src/cython-3.0.12/TEST_TMP/cycache-test4v_u3xdv/src4___httm/a.pyx
  tree = Parsing.p_module(s, pxd, full_module_name)
Compiling /home/packager/aports/main/cython/src/cython-3.0.12/TEST_TMP/cycache-test4v_u3xdv/src4___httm/a.pyx because it changed.
[1/1] Cythonizing /home/packager/aports/main/cython/src/cython-3.0.12/TEST_TMP/cycache-test4v_u3xdv/src4___httm/a.pyx
Tests in shard (0/8) starting (Thread ID 0x7f9304a3ab28)
Compiling /home/packager/aports/main/cython/src/cython-3.0.12/TEST_TMP/cycache-test4v_u3xdv/src4___httm/a.pyx because it changed.
[1/1] Found compiled /home/packager/aports/main/cython/src/cython-3.0.12/TEST_TMP/cycache-test4v_u3xdv/src4___httm/a.pyx in cache
Tests in shard (7/8) starting (Thread ID 0x7f9304a3ab28)
/home/packager/aports/main/cython/src/cython-3.0.12/Cython/Compiler/Main.py:381: FutureWarning: Cython directive 'language_level' not set, using '3str' for now (Py3). This has changed from earlier releases! File: /home/packager/aports/main/cython/src/cython-3.0.12/TEST_TMP/cycache-testzg29au1u/src75ato57f/options.pyx
  tree = Parsing.p_module(s, pxd, full_module_name)
Tests in shard (2/8) starting (Thread ID 0x7f9304a3ab28)
Tests in shard (6/8) starting (Thread ID 0x7f9304a3ab28)
/home/packager/aports/main/cython/src/cython-3.0.12/Cython/Debugger/Tests/TestLibCython.py:65: UserWarning: Skipping gdb tests, need gdb >= 7.2 with Python >= 2.7
  warnings.warn('Skipping gdb tests, need gdb >= 7.2 with Python >= 2.7')
Compiling /home/packager/aports/main/cython/src/cython-3.0.12/TEST_TMP/cycache-testzg29au1u/src75ato57f/options.pyx because it changed.
[1/1] Cythonizing /home/packager/aports/main/cython/src/cython-3.0.12/TEST_TMP/cycache-testzg29au1u/src75ato57f/options.pyx
/home/packager/aports/main/cython/src/cython-3.0.12/Cython/Compiler/Main.py:381: FutureWarning: Cython directive 'language_level' not set, using '3str' for now (Py3). This has changed from earlier releases! File: /home/packager/aports/main/cython/src/cython-3.0.12/TEST_TMP/cycache-testzg29au1u/src75ato57f/options.pyx
  tree = Parsing.p_module(s, pxd, full_module_name)
Compiling /home/packager/aports/main/cython/src/cython-3.0.12/TEST_TMP/cycache-testzg29au1u/src75ato57f/options.pyx because it changed.
[1/1] Cythonizing /home/packager/aports/main/cython/src/cython-3.0.12/TEST_TMP/cycache-testzg29au1u/src75ato57f/options.pyx
Compiling /home/packager/aports/main/cython/src/cython-3.0.12/TEST_TMP/cycache-testzg29au1u/src75ato57f/options.pyx because it changed.
[1/1] Found compiled /home/packager/aports/main/cython/src/cython-3.0.12/TEST_TMP/cycache-testzg29au1u/src75ato57f/options.pyx in cache
Compiling /home/packager/aports/main/cython/src/cython-3.0.12/TEST_TMP/cycache-testzg29au1u/src75ato57f/options.pyx because it changed.
[1/1] Found compiled /home/packager/aports/main/cython/src/cython-3.0.12/TEST_TMP/cycache-testzg29au1u/src75ato57f/options.pyx in cache
Test dependency not found: 'numpy'
Test dependency not found: 'pythran'
Test dependency not found: 'setuptools.sandbox'
Test dependency found: 'asyncio' version 3.12.10
Test dependency found: 'pstats' version 3.12.10
Test dependency found: 'posix' version 3.12.10
Test dependency found: 'array' version 3.12.10
Test dependency not found: 'Cython.Coverage'
Test dependency not found: 'Cython.Coverage'
Test dependency not found: 'IPython.testing.globalipapp'
Test dependency not found: 'jedi_BROKEN_AND_DISABLED'
Test dependency not found: 'test.support'
Compiling /home/packager/.cython/inline/_cython_inline_93918a2d457c7ec919b82e37352f1cdff71a5440.pyx because it changed.
[1/1] Cythonizing /home/packager/.cython/inline/_cython_inline_93918a2d457c7ec919b82e37352f1cdff71a5440.pyx
Compiling /home/packager/aports/main/cython/src/cython-3.0.12/TEST_TMP/recythonize-testdbe4a0mc/srcbnt5z7ja/a.pyx because it depends on /home/packager/aports/main/cython/src/cython-3.0.12/TEST_TMP/recythonize-testdbe4a0mc/srcbnt5z7ja/a.pxd.
Compiling /home/packager/aports/main/cython/src/cython-3.0.12/TEST_TMP/recythonize-testdbe4a0mc/srcbnt5z7ja/b.py because it depends on /home/packager/aports/main/cython/src/cython-3.0.12/TEST_TMP/recythonize-testdbe4a0mc/srcbnt5z7ja/a.pxd.
[1/2] Cythonizing /home/packager/aports/main/cython/src/cython-3.0.12/TEST_TMP/recythonize-testdbe4a0mc/srcbnt5z7ja/a.pyx
[2/2] Cythonizing /home/packager/aports/main/cython/src/cython-3.0.12/TEST_TMP/recythonize-testdbe4a0mc/srcbnt5z7ja/b.py
/home/packager/aports/main/cython/src/cython-3.0.12/Cython/Compiler/Main.py:381: FutureWarning: Cython directive 'language_level' not set, using '3str' for now (Py3). This has changed from earlier releases! File: /home/packager/aports/main/cython/src/cython-3.0.12/TEST_TMP/recythonize-testb7e229a8/src1x8z2udb/a.pxd
  tree = Parsing.p_module(s, pxd, full_module_name)
Compiling /home/packager/aports/main/cython/src/cython-3.0.12/TEST_TMP/recythonize-testb7e229a8/src1x8z2udb/a.py because it changed.
[1/1] Cythonizing /home/packager/aports/main/cython/src/cython-3.0.12/TEST_TMP/recythonize-testb7e229a8/src1x8z2udb/a.py
warning: /home/packager/.cython/inline/_cython_inline_52b2d1fab23b48e20d7eab79cf1783f663424841.pyx:6:4: Unreachable code
Compiling /home/packager/.cython/inline/_cython_inline_52b2d1fab23b48e20d7eab79cf1783f663424841.pyx because it changed.
[1/1] Cythonizing /home/packager/.cython/inline/_cython_inline_52b2d1fab23b48e20d7eab79cf1783f663424841.pyx
Compiling /home/packager/aports/main/cython/src/cython-3.0.12/TEST_TMP/recythonize-testb7e229a8/src1x8z2udb/a.py because it depends on /home/packager/aports/main/cython/src/cython-3.0.12/TEST_TMP/recythonize-testb7e229a8/src1x8z2udb/a.pxd.
[1/1] Cythonizing /home/packager/aports/main/cython/src/cython-3.0.12/TEST_TMP/recythonize-testb7e229a8/src1x8z2udb/a.py
/home/packager/aports/main/cython/src/cython-3.0.12/Cython/Compiler/Main.py:381: FutureWarning: Cython directive 'language_level' not set, using '3str' for now (Py3). This has changed from earlier releases! File: /home/packager/aports/main/cython/src/cython-3.0.12/TEST_TMP/recythonize-testwpa4fwrd/src57njw_wg/a.pxd
  tree = Parsing.p_module(s, pxd, full_module_name)
/home/packager/aports/main/cython/src/cython-3.0.12/Cython/Compiler/Main.py:381: FutureWarning: Cython directive 'language_level' not set, using '3str' for now (Py3). This has changed from earlier releases! File: /home/packager/aports/main/cython/src/cython-3.0.12/TEST_TMP/recythonize-testwpa4fwrd/src57njw_wg/b.pyx
  tree = Parsing.p_module(s, pxd, full_module_name)
Compiling /home/packager/aports/main/cython/src/cython-3.0.12/TEST_TMP/recythonize-testwpa4fwrd/src57njw_wg/a.pyx because it changed.
Compiling /home/packager/aports/main/cython/src/cython-3.0.12/TEST_TMP/recythonize-testwpa4fwrd/src57njw_wg/b.pyx because it changed.
[1/2] Cythonizing /home/packager/aports/main/cython/src/cython-3.0.12/TEST_TMP/recythonize-testwpa4fwrd/src57njw_wg/a.pyx
[2/2] Cythonizing /home/packager/aports/main/cython/src/cython-3.0.12/TEST_TMP/recythonize-testwpa4fwrd/src57njw_wg/b.pyx
Compiling /home/packager/aports/main/cython/src/cython-3.0.12/TEST_TMP/recythonize-testwpa4fwrd/src57njw_wg/a.pyx because it depends on /home/packager/aports/main/cython/src/cython-3.0.12/TEST_TMP/recythonize-testwpa4fwrd/src57njw_wg/a.pxd.
Compiling /home/packager/aports/main/cython/src/cython-3.0.12/TEST_TMP/recythonize-testwpa4fwrd/src57njw_wg/b.pyx because it depends on /home/packager/aports/main/cython/src/cython-3.0.12/TEST_TMP/recythonize-testwpa4fwrd/src57njw_wg/a.pxd.
[1/2] Cythonizing /home/packager/aports/main/cython/src/cython-3.0.12/TEST_TMP/recythonize-testwpa4fwrd/src57njw_wg/a.pyx
[2/2] Cythonizing /home/packager/aports/main/cython/src/cython-3.0.12/TEST_TMP/recythonize-testwpa4fwrd/src57njw_wg/b.pyx
/home/packager/aports/main/cython/src/cython-3.0.12/Cython/Compiler/Main.py:381: FutureWarning: Cython directive 'language_level' not set, using '3str' for now (Py3). This has changed from earlier releases! File: /home/packager/aports/main/cython/src/cython-3.0.12/TEST_TMP/recythonize-testq7__k3ee/srczogrfmi9/a.pxd
  tree = Parsing.p_module(s, pxd, full_module_name)
Compiling /home/packager/aports/main/cython/src/cython-3.0.12/TEST_TMP/recythonize-testq7__k3ee/srczogrfmi9/a.pyx because it changed.
[1/1] Cythonizing /home/packager/aports/main/cython/src/cython-3.0.12/TEST_TMP/recythonize-testq7__k3ee/srczogrfmi9/a.pyx

#### 2025-05-18 06:28:44.083722
Compiling /home/packager/aports/main/cython/src/cython-3.0.12/TEST_TMP/recythonize-testq7__k3ee/srczogrfmi9/a.pyx because it depends on /home/packager/aports/main/cython/src/cython-3.0.12/TEST_TMP/recythonize-testq7__k3ee/srczogrfmi9/a.pxd.
[1/1] Cythonizing /home/packager/aports/main/cython/src/cython-3.0.12/TEST_TMP/recythonize-testq7__k3ee/srczogrfmi9/a.pyx
Test dependency not found: 'numpy'
Test dependency not found: 'pythran'
Test dependency not found: 'setuptools.sandbox'
Test dependency found: 'asyncio' version 3.12.10
Test dependency found: 'pstats' version 3.12.10
Test dependency found: 'posix' version 3.12.10
Test dependency found: 'array' version 3.12.10
Test dependency not found: 'Cython.Coverage'
Test dependency not found: 'Cython.Coverage'
Test dependency not found: 'IPython.testing.globalipapp'
Test dependency not found: 'jedi_BROKEN_AND_DISABLED'
Test dependency not found: 'test.support'
warning: TEST_TMP/inline/_cython_inline_244b0d947ed9bf0183e3f6895977c3388c68ec89.pyx:6:4: Unreachable code
Compiling /home/packager/.cython/inline/_cython_inline_2bada7b8c88b64bf0447fb5fe771e5e3c8172104.pyx because it changed.
[1/1] Cythonizing /home/packager/.cython/inline/_cython_inline_2bada7b8c88b64bf0447fb5fe771e5e3c8172104.pyx
Compiling /home/packager/.cython/inline/_cython_inline_0a08aed4e6f72447cbb7b7d2ddae7dd5194a7b03.pyx because it changed.
[1/1] Cythonizing /home/packager/.cython/inline/_cython_inline_0a08aed4e6f72447cbb7b7d2ddae7dd5194a7b03.pyx
warning: TEST_TMP/inline/_cython_inline_e890a825d3b1ed9aaad6275c8eeb72dfc56f57eb.pyx:6:4: Unreachable code
warning: TEST_TMP/inline/_cython_inline_62fd32c456bb87475446aa3386ea1c3df723bbd0.pyx:11:4: Unreachable code

#### 2025-05-18 06:28:54.090403
Compiling /home/packager/.cython/inline/_cython_inline_c00ea380b40b09444382f936d6e6516092d8ea05.pyx because it changed.
[1/1] Cythonizing /home/packager/.cython/inline/_cython_inline_c00ea380b40b09444382f936d6e6516092d8ea05.pyx
warning: TEST_TMP/inline/_cython_inline_2934db019b679d252bcfb891f2e0b52a8d913179.pyx:6:4: Unreachable code
warning: TEST_TMP/inline/_cython_inline_452a5b5c53be06b64e376c6adc21cca56f220fab.pyx:8:4: Unreachable code

#### 2025-05-18 06:29:04.119818

#### 2025-05-18 06:29:14.123069
Python build environment:
Python  sys.version_info(major=3, minor=12, micro=10, releaselevel='final', serial=0)
PY_VERSION_HEX  0x30C0AF0

CYTHON_COMPILING_IN_CPYTHON  1
CYTHON_COMPILING_IN_LIMITED_API  0
CYTHON_COMPILING_IN_PYPY  0
CYTHON_COMPILING_IN_GRAAL  0
CYTHON_COMPILING_IN_NOGIL  0

CYTHON_USE_PYLONG_INTERNALS  1
CYTHON_USE_PYLIST_INTERNALS  1
CYTHON_USE_UNICODE_INTERNALS  1
CYTHON_USE_UNICODE_WRITER  0
CYTHON_AVOID_BORROWED_REFS  0
CYTHON_ASSUME_SAFE_MACROS  1
CYTHON_USE_TYPE_SLOTS  1
CYTHON_UNPACK_METHODS  1
CYTHON_FAST_THREAD_STATE  1
CYTHON_FAST_PYCALL  1
CYTHON_PEP489_MULTI_PHASE_INIT  1
CYTHON_USE_TP_FINALIZE  1

PyLong_BASE  0x40000000
PyLong_MASK  0x3FFFFFFF
PyLong_SHIFT  30
sizeof(digit)   4
sizeof(sdigit)  4
sys.int_info  sys.int_info(bits_per_digit=30, sizeof_digit=4, default_max_str_digits=4300, str_digits_check_threshold=640)
sys.getsizeof(1, 2**14, 2**15, 2**29, 2**30, 2**59, 2**60, 2**64)  (28, 28, 28, 28, 32, 32, 36, 36)

SIZEOF_INT  4  (4)
SIZEOF_LONG  8  (8)
SIZEOF_SIZE_T  8  (8, 9223372036854775807)
SIZEOF_LONG_LONG  8  (8)
SIZEOF_VOID_P  8  (8)
SIZEOF_UINTPTR_T  8  (8)
SIZEOF_OFF_T  8

Paths:
sys.executable = /home/packager/aports/main/cython/src/cython-3.0.12/.testenv/bin/python3
sys.exec_prefix = /home/packager/aports/main/cython/src/cython-3.0.12/.testenv
sys.base_exec_prefix = /usr
sys.prefix = /home/packager/aports/main/cython/src/cython-3.0.12/.testenv
sys.path = ['/home/packager/aports/main/cython/src/cython-3.0.12/TEST_TMP/2/compile/c/buildenv', '/home/packager/aports/main/cython/src/cython-3.0.12/TEST_TMP/2/support/lib.linux-x86_64-cpython-312', '/home/packager/aports/main/cython/src/cython-3.0.12', '/home/packager/aports/main/cython/src/cython-3.0.12', '/usr/lib/python312.zip', '/usr/lib/python3.12', '/usr/lib/python3.12/lib-dynload', '/home/packager/aports/main/cython/src/cython-3.0.12/.testenv/lib/python3.12/site-packages', '/usr/lib/python3.12/site-packages', '/usr/lib/python3.12/site-packages/setuptools/_vendor']
PYTHONPATH (env) = 
PYTHONHOME (env) = 

Distutils:
INCDIR = /usr/include/python3.12
LIBS = -ldl
LIBDIR = /usr/lib
LIBPL = /usr/lib/python3.12/config-3.12-x86_64-linux-musl
Python LIBRARY = libpython3.12.a
LINKFORSHARED = -Xlinker -export-dynamic

CC (distutils) = gcc
CC (env) = gcc
CFLAGS (distutils) = -fno-strict-overflow -Wsign-compare -DNDEBUG -g -O3 -Wall
CFLAGS (env) = -Os -fstack-clash-protection -Wformat -Werror=format-security -fno-plt
LINKCC (distutils) = gcc
LINKCC (env) = 

Encodings:
sys maxunicode = 1114111
LANG (env) = 
PYTHONIOENCODING (env) = utf-8
sys stdout encoding = utf-8
sys default encoding = utf-8
sys FS encoding = utf-8


#### 2025-05-18 06:29:24.126245
Python build environment:
Python  sys.version_info(major=3, minor=12, micro=10, releaselevel='final', serial=0)
PY_VERSION_HEX  0x30C0AF0

CYTHON_COMPILING_IN_CPYTHON  1
CYTHON_COMPILING_IN_LIMITED_API  0
CYTHON_COMPILING_IN_PYPY  0
CYTHON_COMPILING_IN_GRAAL  0
CYTHON_COMPILING_IN_NOGIL  0

CYTHON_USE_PYLONG_INTERNALS  1
CYTHON_USE_PYLIST_INTERNALS  1
CYTHON_USE_UNICODE_INTERNALS  1
CYTHON_USE_UNICODE_WRITER  0
CYTHON_AVOID_BORROWED_REFS  0
CYTHON_ASSUME_SAFE_MACROS  1
CYTHON_USE_TYPE_SLOTS  1
CYTHON_UNPACK_METHODS  1
CYTHON_FAST_THREAD_STATE  1
CYTHON_FAST_PYCALL  1
CYTHON_PEP489_MULTI_PHASE_INIT  1
CYTHON_USE_TP_FINALIZE  1

PyLong_BASE  0x40000000
PyLong_MASK  0x3FFFFFFF
PyLong_SHIFT  30
sizeof(digit)   4
sizeof(sdigit)  4
sys.int_info  sys.int_info(bits_per_digit=30, sizeof_digit=4, default_max_str_digits=4300, str_digits_check_threshold=640)
sys.getsizeof(1, 2**14, 2**15, 2**29, 2**30, 2**59, 2**60, 2**64)  (28, 28, 28, 28, 32, 32, 36, 36)

SIZEOF_INT  4  (4)
SIZEOF_LONG  8  (8)
SIZEOF_SIZE_T  8  (8, 9223372036854775807)
SIZEOF_LONG_LONG  8  (8)
SIZEOF_VOID_P  8  (8)
SIZEOF_UINTPTR_T  8  (8)
SIZEOF_OFF_T  8

Paths:
sys.executable = /home/packager/aports/main/cython/src/cython-3.0.12/.testenv/bin/python3
sys.exec_prefix = /home/packager/aports/main/cython/src/cython-3.0.12/.testenv
sys.base_exec_prefix = /usr
sys.prefix = /home/packager/aports/main/cython/src/cython-3.0.12/.testenv
sys.path = ['/home/packager/aports/main/cython/src/cython-3.0.12/TEST_TMP/2/compile/cpp/buildenv', '/home/packager/aports/main/cython/src/cython-3.0.12/TEST_TMP/2/support/lib.linux-x86_64-cpython-312', '/home/packager/aports/main/cython/src/cython-3.0.12', '/home/packager/aports/main/cython/src/cython-3.0.12', '/usr/lib/python312.zip', '/usr/lib/python3.12', '/usr/lib/python3.12/lib-dynload', '/home/packager/aports/main/cython/src/cython-3.0.12/.testenv/lib/python3.12/site-packages', '/usr/lib/python3.12/site-packages', '/usr/lib/python3.12/site-packages/setuptools/_vendor']
PYTHONPATH (env) = 
PYTHONHOME (env) = 

Distutils:
INCDIR = /usr/include/python3.12
LIBS = -ldl
LIBDIR = /usr/lib
LIBPL = /usr/lib/python3.12/config-3.12-x86_64-linux-musl
Python LIBRARY = libpython3.12.a
LINKFORSHARED = -Xlinker -export-dynamic

CC (distutils) = gcc
CC (env) = gcc
CFLAGS (distutils) = -fno-strict-overflow -Wsign-compare -DNDEBUG -g -O3 -Wall
CFLAGS (env) = -Os -fstack-clash-protection -Wformat -Werror=format-security -fno-plt
LINKCC (distutils) = gcc
LINKCC (env) = 

Encodings:
sys maxunicode = 1114111
LANG (env) = 
PYTHONIOENCODING (env) = utf-8
sys stdout encoding = utf-8
sys default encoding = utf-8
sys FS encoding = utf-8


#### 2025-05-18 06:29:34.136422

#### 2025-05-18 06:29:44.140448

#### 2025-05-18 06:29:54.143566

#### 2025-05-18 06:30:04.152594

#### 2025-05-18 06:30:14.155720

#### 2025-05-18 06:30:24.160211

#### 2025-05-18 06:30:34.163309

#### 2025-05-18 06:30:44.166366

#### 2025-05-18 06:30:54.175459

#### 2025-05-18 06:31:04.178779

#### 2025-05-18 06:31:14.181926

#### 2025-05-18 06:31:24.185138
Test dependency not found: 'numpy'
Test dependency not found: 'pythran'
Test dependency not found: 'setuptools.sandbox'
Test dependency found: 'asyncio' version 3.12.10
Test dependency found: 'pstats' version 3.12.10
Test dependency found: 'posix' version 3.12.10
Test dependency found: 'array' version 3.12.10
Test dependency not found: 'Cython.Coverage'
Test dependency not found: 'Cython.Coverage'
Test dependency not found: 'IPython.testing.globalipapp'
Test dependency not found: 'jedi_BROKEN_AND_DISABLED'
Test dependency not found: 'test.support'

#### 2025-05-18 06:31:34.188312
Test dependency not found: 'numpy'
Test dependency not found: 'pythran'
Test dependency not found: 'setuptools.sandbox'
Test dependency found: 'asyncio' version 3.12.10
Test dependency found: 'pstats' version 3.12.10
Test dependency found: 'posix' version 3.12.10
Test dependency found: 'array' version 3.12.10
Test dependency not found: 'Cython.Coverage'
Test dependency not found: 'Cython.Coverage'
Test dependency not found: 'IPython.testing.globalipapp'
Test dependency not found: 'jedi_BROKEN_AND_DISABLED'
Test dependency not found: 'test.support'

#### 2025-05-18 06:31:44.191477

#### 2025-05-18 06:31:54.194675

#### 2025-05-18 06:32:04.197802
Compiler output for module e_switch_transform:
e_switch_transform.c: In function '__pyx_pf_18e_switch_transform_is_not_one':
e_switch_transform.c:2283:5: error: duplicate case value
 2283 |     case 1+0:
      |     ^~~~
e_switch_transform.c:2282:5: note: previously used here
 2282 |     case 1:
      |     ^~~~

Compiler output for module memslice:
memslice.c: In function '__pyx_convert__to_py_struct____pyx_t_8memslice_PackedArrayStruct':
memslice.c:101376:38: warning: taking address of packed member of 'struct __pyx_t_8memslice_PackedArrayStruct' may result in an unaligned pointer value [-Waddress-of-packed-member]
101376 |     member = __Pyx_carray_to_py_int(s.ints, 10); if (unlikely(!member)) goto bad;
       |                                     ~^~~~~

Test dependency not found: 'numpy'
Test dependency not found: 'pythran'
Test dependency not found: 'setuptools.sandbox'
Test dependency found: 'asyncio' version 3.12.10
Test dependency found: 'pstats' version 3.12.10
Test dependency found: 'posix' version 3.12.10
Test dependency found: 'array' version 3.12.10
Test dependency not found: 'Cython.Coverage'
Test dependency not found: 'Cython.Coverage'
Test dependency not found: 'IPython.testing.globalipapp'
Test dependency not found: 'jedi_BROKEN_AND_DISABLED'
Test dependency not found: 'test.support'
acquired default
acquired Global_A

#### 2025-05-18 06:32:14.200919
Test dependency not found: 'numpy'
Test dependency not found: 'pythran'
Test dependency not found: 'setuptools.sandbox'
Test dependency found: 'asyncio' version 3.12.10
Test dependency found: 'pstats' version 3.12.10
Test dependency found: 'posix' version 3.12.10
Test dependency found: 'array' version 3.12.10
Test dependency not found: 'Cython.Coverage'
Test dependency not found: 'Cython.Coverage'
Test dependency not found: 'IPython.testing.globalipapp'
Test dependency not found: 'jedi_BROKEN_AND_DISABLED'
Test dependency not found: 'test.support'

#### 2025-05-18 06:32:24.204066

#### 2025-05-18 06:32:34.207864

#### 2025-05-18 06:32:44.212328

#### 2025-05-18 06:32:54.215630

#### 2025-05-18 06:33:04.218802

#### 2025-05-18 06:33:14.221874

#### 2025-05-18 06:33:24.229986

#### 2025-05-18 06:33:34.233254

#### 2025-05-18 06:33:44.236430
Compiler output for module memslice:
memslice.cpp: In function 'PyObject* __pyx_convert__to_py_struct____pyx_t_8memslice_PackedArrayStruct(__pyx_t_8memslice_PackedArrayStruct)':
memslice.cpp:101393:39: warning: taking address of packed member of '__pyx_t_8memslice_PackedArrayStruct' may result in an unaligned pointer value [-Waddress-of-packed-member]
101393 |     member = __Pyx_carray_to_py_int(s.ints, 10); if (unlikely(!member)) goto bad;
       |                                     ~~^~~~

acquired default
acquired Global_A

#### 2025-05-18 06:33:54.239611

#### 2025-05-18 06:34:04.242911

#### 2025-05-18 06:34:14.324639

#### 2025-05-18 06:34:24.327895

#### 2025-05-18 06:34:34.331101

#### 2025-05-18 06:34:44.334568

#### 2025-05-18 06:34:54.337702

#### 2025-05-18 06:35:04.340895

#### 2025-05-18 06:35:14.345700

#### 2025-05-18 06:35:24.352496

#### 2025-05-18 06:35:34.355671

#### 2025-05-18 06:35:44.358824
RuntimeError
Exception ignored in: 'exceptionpropagation.cdef_noexcept_function_that_raises'
Traceback (most recent call last):
  File "<doctest exceptionpropagation.test_noexcept[0]>", line 1, in <module>
RuntimeError: 

#### 2025-05-18 06:35:54.362415
RuntimeError
Exception ignored in: 'exceptionpropagation.cdef_noexcept_function_that_raises'
Traceback (most recent call last):
  File "<doctest exceptionpropagation.test_noexcept[0]>", line 1, in <module>
RuntimeError: 

#### 2025-05-18 06:36:04.365534

#### 2025-05-18 06:36:14.371899

#### 2025-05-18 06:36:24.401557

#### 2025-05-18 06:36:34.404739

#### 2025-05-18 06:36:44.409679

#### 2025-05-18 06:36:54.412861

#### 2025-05-18 06:37:04.416056
RuntimeError
Exception ignored in: 'cpdef_void_return.unraisable'
Traceback (most recent call last):
  File "<doctest cpdef_void_return.unraisable[0]>", line 1, in <module>
RuntimeError: 

#### 2025-05-18 06:37:14.419233
RuntimeError
Exception ignored in: 'cpdef_void_return.unraisable'
Traceback (most recent call last):
  File "<doctest cpdef_void_return.unraisable[0]>", line 1, in <module>
RuntimeError: 

#### 2025-05-18 06:37:24.494397

#### 2025-05-18 06:37:34.499458

#### 2025-05-18 06:37:44.507415

#### 2025-05-18 06:37:54.510548
RuntimeError: HUHU !
Exception ignored in: 'exttype_dealloc.ExtTypeRaise.__dealloc__'
Traceback (most recent call last):
  File "<doctest exttype_dealloc.ExtTypeRaise[2]>", line 1, in <module>
RuntimeError: HUHU !
RuntimeError: Cleaning up !
Exception ignored in: 'exttype_dealloc.ExtTypeRefCycleRaise.__dealloc__'
Traceback (most recent call last):
  File "<doctest exttype_dealloc.ExtTypeRefCycleRaise[4]>", line 1, in <module>
RuntimeError: Cleaning up !
RuntimeError: HUHU !
Exception ignored in: 'exttype_dealloc.ExtTypeRaise.__dealloc__'
Traceback (most recent call last):
  File "<doctest exttype_dealloc.PySubTypeRaise[4]>", line 1, in <module>
RuntimeError: HUHU !
RuntimeError: Cleaning up !
Exception ignored in: 'exttype_dealloc.ExtTypeRefCycleRaise.__dealloc__'
Traceback (most recent call last):
  File "<doctest exttype_dealloc.PySubTypeRefCycleRaise[4]>", line 1, in <module>
RuntimeError: Cleaning up !
RuntimeError: HUHU !
Exception ignored in: 'exttype_dealloc.ExtTypeRaise.__dealloc__'
Traceback (most recent call last):
  File "<doctest exttype_dealloc.ExtTypeRaise[2]>", line 1, in <module>
RuntimeError: HUHU !
RuntimeError: Cleaning up !
Exception ignored in: 'exttype_dealloc.ExtTypeRefCycleRaise.__dealloc__'
Traceback (most recent call last):
  File "<doctest exttype_dealloc.ExtTypeRefCycleRaise[4]>", line 1, in <module>
RuntimeError: Cleaning up !

#### 2025-05-18 06:38:04.513796
RuntimeError: HUHU !
Exception ignored in: 'exttype_dealloc.ExtTypeRaise.__dealloc__'
Traceback (most recent call last):
  File "<doctest exttype_dealloc.PySubTypeRaise[4]>", line 1, in <module>
RuntimeError: HUHU !
RuntimeError: Cleaning up !
Exception ignored in: 'exttype_dealloc.ExtTypeRefCycleRaise.__dealloc__'
Traceback (most recent call last):
  File "<doctest exttype_dealloc.PySubTypeRefCycleRaise[4]>", line 1, in <module>
RuntimeError: Cleaning up !

#### 2025-05-18 06:38:14.517728

#### 2025-05-18 06:38:24.520909

#### 2025-05-18 06:38:34.570455

#### 2025-05-18 06:38:44.573704

#### 2025-05-18 06:38:54.576839

#### 2025-05-18 06:39:04.588421

#### 2025-05-18 06:39:14.591525

#### 2025-05-18 06:39:24.594658

#### 2025-05-18 06:39:34.597775

#### 2025-05-18 06:39:44.600960

#### 2025-05-18 06:39:54.604035

#### 2025-05-18 06:40:04.607097
ValueError
Exception ignored in: 'pure_py.ccall_except_no_check'
Traceback (most recent call last):
  File "<doctest pure_py.ccall_except_no_check[1]>", line 1, in <module>
ValueError: 

#### 2025-05-18 06:40:14.612362

#### 2025-05-18 06:40:24.615483
ValueError
Exception ignored in: 'pure_py.ccall_except_no_check'
Traceback (most recent call last):
  File "<doctest pure_py.ccall_except_no_check[1]>", line 1, in <module>
ValueError: 

#### 2025-05-18 06:40:34.618773
/usr/lib/python3.12/doctest.py:1375: RuntimeWarning: coroutine 'yield_from_cyobject.<locals>.simple_nonit' was never awaited
  exception = sys.exc_info()
<doctest py35_pep492_interop.yield_from_cyobject[20]>:1: RuntimeWarning: coroutine 'py_simple_nonit' was never awaited
  next(yield_from(py_simple_nonit()))
RuntimeWarning: Enable tracemalloc to get the object allocation traceback
/usr/lib/python3.12/doctest.py:1375: RuntimeWarning: coroutine 'py_simple_nonit' was never awaited
  exception = sys.exc_info()
RuntimeWarning: Enable tracemalloc to get the object allocation traceback
<doctest py35_pep492_interop.yield_from_cyobject[20]>:1: RuntimeWarning: coroutine 'py_simple_nonit' was never awaited
  next(yield_from(py_simple_nonit()))
RuntimeWarning: Enable tracemalloc to get the object allocation traceback

#### 2025-05-18 06:40:44.621941

#### 2025-05-18 06:40:54.625082

#### 2025-05-18 06:41:04.628780

#### 2025-05-18 06:41:14.632483

#### 2025-05-18 06:41:24.635993

#### 2025-05-18 06:41:34.639231

#### 2025-05-18 06:41:44.642323

#### 2025-05-18 06:41:54.645425

#### 2025-05-18 06:42:04.648590

#### 2025-05-18 06:42:14.651735

#### 2025-05-18 06:42:24.655498
Compiler output for module cpdef_extern_func:
cpdef_extern_func.c: In function '__pyx_pymod_exec_cpdef_extern_func':
cpdef_extern_func.c:3626:121: warning: passing argument 1 of '__Pyx_CFunc_0818aa__17cpdef_extern_func___const_char__ptr__lParen___etc_to_py_8haystack_6needle' from incompatible pointer type [-Wincompatible-pointer-types]
 3626 |     PyObject* wrapped = __Pyx_CFunc_0818aa__17cpdef_extern_func___const_char__ptr__lParen___etc_to_py_8haystack_6needle(strchr);
      |                                                                                                                         ^~~~~~
      |                                                                                                                         |
      |                                                                                                                         char * (*)(const char *, int)
cpdef_extern_func.c:2752:128: note: expected 'const char * (*)(const char *, int)' but argument is of type 'char * (*)(const char *, int)'
 2752 | static PyObject *__Pyx_CFunc_0818aa__17cpdef_extern_func___const_char__ptr__lParen___etc_to_py_8haystack_6needle(char const *(*__pyx_v_f)(char const *, int)) {
      |                                                                                                                  ~~~~~~~~~~~~~~^~~~~~~~~~~~~~~~~~~~~~~~~~~~~

Compiler output for module cpdef_extern_func:
cpdef_extern_func.cpp: In function 'int __pyx_pymod_exec_cpdef_extern_func(PyObject*)':
cpdef_extern_func.cpp:3638:121: warning: invalid conversion from 'char* (*)(const char*, int)' to 'const char* (*)(const char*, int)' [-fpermissive]
 3638 |     PyObject* wrapped = __Pyx_CFunc_0818aa__17cpdef_extern_func___const_char__ptr__lParen___etc_to_py_8haystack_6needle(strchr);
      |                                                                                                                         ^~~~~~
      |                                                                                                                         |
      |                                                                                                                         char* (*)(const char*, int)
cpdef_extern_func.cpp:2764:128: note:   initializing argument 1 of 'PyObject* __Pyx_CFunc_0818aa__17cpdef_extern_func___const_char__ptr__lParen___etc_to_py_8haystack_6needle(const char* (*)(const char*, int))'
 2764 | static PyObject *__Pyx_CFunc_0818aa__17cpdef_extern_func___const_char__ptr__lParen___etc_to_py_8haystack_6needle(char const *(*__pyx_v_f)(char const *, int)) {
      |                                                                                                                  ~~~~~~~~~~~~~~^~~~~~~~~~~~~~~~~~~~~~~~~~~~~


#### 2025-05-18 06:42:34.660672

#### 2025-05-18 06:42:44.720595

#### 2025-05-18 06:42:54.729207

#### 2025-05-18 06:43:04.732430

#### 2025-05-18 06:43:14.735605

#### 2025-05-18 06:43:24.738763

#### 2025-05-18 06:43:34.741917

Error compiling Cython file:
------------------------------------------------------------
...



def __invoke():
    del f''
        ^
------------------------------------------------------------

/home/packager/.cython/inline/_cython_inline_d19a83cce152fc75e4c50317f726f66bd3382e95.pyx:5:8: Cannot assign to or delete this

Error compiling Cython file:
------------------------------------------------------------
...



def __invoke():
    del '' f''
        ^
------------------------------------------------------------

/home/packager/.cython/inline/_cython_inline_d16309983441c1a4fced02234c29eb69d7febde2.pyx:5:8: Cannot assign to or delete this

#### 2025-05-18 06:43:44.744940

Error compiling Cython file:
------------------------------------------------------------
...



def __invoke():
    f'{a $ b}'
            ^
------------------------------------------------------------

/home/packager/.cython/inline/_cython_inline_bea9ff5e73a2047c697b01b5005f525b8d90da23.pyx:5:12: Unrecognized character
warning: /home/packager/.cython/inline/_cython_inline_f3bfa52ad5b83acb72942f09cb4d464d1a5837dc.pyx:6:4: Unreachable code
Compiling /home/packager/.cython/inline/_cython_inline_f3bfa52ad5b83acb72942f09cb4d464d1a5837dc.pyx because it changed.
[1/1] Cythonizing /home/packager/.cython/inline/_cython_inline_f3bfa52ad5b83acb72942f09cb4d464d1a5837dc.pyx

#### 2025-05-18 06:43:54.748254

#### 2025-05-18 06:44:04.768298

#### 2025-05-18 06:44:14.771434

#### 2025-05-18 06:44:24.774593

#### 2025-05-18 06:44:34.777744

#### 2025-05-18 06:44:44.780926

#### 2025-05-18 06:44:54.784089

#### 2025-05-18 06:45:04.787384

#### 2025-05-18 06:45:14.790670

#### 2025-05-18 06:45:24.793970
warning: /home/packager/.cython/inline/_cython_inline_9050de5f82d469a834a36ccda57f4abc61201117.pyx:6:4: Unreachable code
Compiling /home/packager/.cython/inline/_cython_inline_9050de5f82d469a834a36ccda57f4abc61201117.pyx because it changed.
[1/1] Cythonizing /home/packager/.cython/inline/_cython_inline_9050de5f82d469a834a36ccda57f4abc61201117.pyx

#### 2025-05-18 06:45:34.797327

#### 2025-05-18 06:45:44.800529

#### 2025-05-18 06:45:54.803712
warning: /home/packager/.cython/inline/_cython_inline_31cd40d1833c9c0dced6cc84b4d2e28229acb56d.pyx:6:4: Unreachable code
Compiling /home/packager/.cython/inline/_cython_inline_31cd40d1833c9c0dced6cc84b4d2e28229acb56d.pyx because it changed.
[1/1] Cythonizing /home/packager/.cython/inline/_cython_inline_31cd40d1833c9c0dced6cc84b4d2e28229acb56d.pyx

#### 2025-05-18 06:46:04.826504
warning: /home/packager/.cython/inline/_cython_inline_5362d8e1981b512d0bdb8aa8c873f7011e5b830b.pyx:6:4: Unreachable code
Compiling /home/packager/.cython/inline/_cython_inline_5362d8e1981b512d0bdb8aa8c873f7011e5b830b.pyx because it changed.
[1/1] Cythonizing /home/packager/.cython/inline/_cython_inline_5362d8e1981b512d0bdb8aa8c873f7011e5b830b.pyx

#### 2025-05-18 06:46:14.829595

#### 2025-05-18 06:46:25.127610

#### 2025-05-18 06:46:35.130700

#### 2025-05-18 06:46:45.140521

#### 2025-05-18 06:46:55.143631

Error compiling Cython file:
------------------------------------------------------------
...



def __invoke():
    del f''
        ^
------------------------------------------------------------

/home/packager/.cython/inline/_cython_inline_d19a83cce152fc75e4c50317f726f66bd3382e95.pyx:5:8: Cannot assign to or delete this

Error compiling Cython file:
------------------------------------------------------------
...



def __invoke():
    del '' f''
        ^
------------------------------------------------------------

/home/packager/.cython/inline/_cython_inline_d16309983441c1a4fced02234c29eb69d7febde2.pyx:5:8: Cannot assign to or delete this

Error compiling Cython file:
------------------------------------------------------------
...



def __invoke():
    f'{a $ b}'
            ^
------------------------------------------------------------

/home/packager/.cython/inline/_cython_inline_bea9ff5e73a2047c697b01b5005f525b8d90da23.pyx:5:12: Unrecognized character

#### 2025-05-18 06:47:05.146761

#### 2025-05-18 06:47:15.149937

#### 2025-05-18 06:47:25.155326

#### 2025-05-18 06:47:35.158544

#### 2025-05-18 06:47:45.161793

#### 2025-05-18 06:47:55.164994

#### 2025-05-18 06:48:05.180014

#### 2025-05-18 06:48:15.183182

#### 2025-05-18 06:48:25.190022

#### 2025-05-18 06:48:35.193170

#### 2025-05-18 06:48:45.196455

#### 2025-05-18 06:48:55.199769
Compiling /home/packager/aports/main/cython/src/cython-3.0.12/TEST_TMP/5/run/c/test_coroutines_pep492/_cython_inline_f30fc62911eed08004ea02fa63c9f587491b5f2a.pyx because it changed.
[1/1] Cythonizing /home/packager/aports/main/cython/src/cython-3.0.12/TEST_TMP/5/run/c/test_coroutines_pep492/_cython_inline_f30fc62911eed08004ea02fa63c9f587491b5f2a.pyx
Couldn't find 'something'
Compiling /home/packager/aports/main/cython/src/cython-3.0.12/TEST_TMP/5/run/c/test_coroutines_pep492/_cython_inline_1a5b10c9f0db72c54cb8c84f547f8dff4dfe3696.pyx because it changed.
[1/1] Cythonizing /home/packager/aports/main/cython/src/cython-3.0.12/TEST_TMP/5/run/c/test_coroutines_pep492/_cython_inline_1a5b10c9f0db72c54cb8c84f547f8dff4dfe3696.pyx
Couldn't find 'els'
Compiling /home/packager/aports/main/cython/src/cython-3.0.12/TEST_TMP/5/run/c/test_coroutines_pep492/_cython_inline_8ed206d37f8f4e14ddf6b35e719d1dd769c299a1.pyx because it changed.
[1/1] Cythonizing /home/packager/aports/main/cython/src/cython-3.0.12/TEST_TMP/5/run/c/test_coroutines_pep492/_cython_inline_8ed206d37f8f4e14ddf6b35e719d1dd769c299a1.pyx
Couldn't find 'els'
Compiling /home/packager/aports/main/cython/src/cython-3.0.12/TEST_TMP/5/run/c/test_coroutines_pep492/_cython_inline_d8aa6338d5441e549ceff4388ccbe319ad779a1c.pyx because it changed.
[1/1] Cythonizing /home/packager/aports/main/cython/src/cython-3.0.12/TEST_TMP/5/run/c/test_coroutines_pep492/_cython_inline_d8aa6338d5441e549ceff4388ccbe319ad779a1c.pyx
Couldn't find 'els'
Compiling /home/packager/aports/main/cython/src/cython-3.0.12/TEST_TMP/5/run/c/test_coroutines_pep492/_cython_inline_8718420302d62061678b1030eb3d4cae8952c77e.pyx because it changed.
[1/1] Cythonizing /home/packager/aports/main/cython/src/cython-3.0.12/TEST_TMP/5/run/c/test_coroutines_pep492/_cython_inline_8718420302d62061678b1030eb3d4cae8952c77e.pyx
Couldn't find 'els'
Compiling /home/packager/aports/main/cython/src/cython-3.0.12/TEST_TMP/5/run/c/test_coroutines_pep492/_cython_inline_febcc5a9d4ed33e1dbd07f0b10368c71a5c46725.pyx because it changed.
[1/1] Cythonizing /home/packager/aports/main/cython/src/cython-3.0.12/TEST_TMP/5/run/c/test_coroutines_pep492/_cython_inline_febcc5a9d4ed33e1dbd07f0b10368c71a5c46725.pyx
Couldn't find 'els'
Compiling /home/packager/aports/main/cython/src/cython-3.0.12/TEST_TMP/5/run/c/test_coroutines_pep492/_cython_inline_142dfa677eacfdc139578067140f5cf3e080faa2.pyx because it changed.
[1/1] Cythonizing /home/packager/aports/main/cython/src/cython-3.0.12/TEST_TMP/5/run/c/test_coroutines_pep492/_cython_inline_142dfa677eacfdc139578067140f5cf3e080faa2.pyx
Couldn't find 'els'
Compiling /home/packager/aports/main/cython/src/cython-3.0.12/TEST_TMP/5/run/c/test_coroutines_pep492/_cython_inline_254190c1a3f429b2304bf18fc5e8315ce176efc7.pyx because it changed.
[1/1] Cythonizing /home/packager/aports/main/cython/src/cython-3.0.12/TEST_TMP/5/run/c/test_coroutines_pep492/_cython_inline_254190c1a3f429b2304bf18fc5e8315ce176efc7.pyx
Couldn't find 'els'
Compiling /home/packager/aports/main/cython/src/cython-3.0.12/TEST_TMP/5/run/c/test_coroutines_pep492/_cython_inline_dd5485f8caedc161e35983dd8ff4ebdf1668615a.pyx because it changed.
[1/1] Cythonizing /home/packager/aports/main/cython/src/cython-3.0.12/TEST_TMP/5/run/c/test_coroutines_pep492/_cython_inline_dd5485f8caedc161e35983dd8ff4ebdf1668615a.pyx
Couldn't find 'els'
Compiling /home/packager/aports/main/cython/src/cython-3.0.12/TEST_TMP/5/run/c/test_coroutines_pep492/_cython_inline_2a716a5ffd00e4ec3a77a4b4b8264342c3958c14.pyx because it changed.
[1/1] Cythonizing /home/packager/aports/main/cython/src/cython-3.0.12/TEST_TMP/5/run/c/test_coroutines_pep492/_cython_inline_2a716a5ffd00e4ec3a77a4b4b8264342c3958c14.pyx
Couldn't find 'els'
Compiling /home/packager/aports/main/cython/src/cython-3.0.12/TEST_TMP/5/run/c/test_coroutines_pep492/_cython_inline_9ac60de882564b79178cc9ed0472a006b5b79ab5.pyx because it changed.
[1/1] Cythonizing /home/packager/aports/main/cython/src/cython-3.0.12/TEST_TMP/5/run/c/test_coroutines_pep492/_cython_inline_9ac60de882564b79178cc9ed0472a006b5b79ab5.pyx
Couldn't find 'b'
Compiling /home/packager/aports/main/cython/src/cython-3.0.12/TEST_TMP/5/run/c/test_coroutines_pep492/_cython_inline_d4a0df7e132b5c1d76198d940c02a1c425016321.pyx because it changed.
[1/1] Cythonizing /home/packager/aports/main/cython/src/cython-3.0.12/TEST_TMP/5/run/c/test_coroutines_pep492/_cython_inline_d4a0df7e132b5c1d76198d940c02a1c425016321.pyx
Couldn't find 'b'
Compiling /home/packager/aports/main/cython/src/cython-3.0.12/TEST_TMP/5/run/c/test_coroutines_pep492/_cython_inline_9c87225ab5258a9d77ac0f883c28f0a7bdab4c6b.pyx because it changed.
[1/1] Cythonizing /home/packager/aports/main/cython/src/cython-3.0.12/TEST_TMP/5/run/c/test_coroutines_pep492/_cython_inline_9c87225ab5258a9d77ac0f883c28f0a7bdab4c6b.pyx
Compiling /home/packager/aports/main/cython/src/cython-3.0.12/TEST_TMP/5/run/c/test_coroutines_pep492/_cython_inline_1b80031a013595bfd6f3af6ca39c6f606317392b.pyx because it changed.
[1/1] Cythonizing /home/packager/aports/main/cython/src/cython-3.0.12/TEST_TMP/5/run/c/test_coroutines_pep492/_cython_inline_1b80031a013595bfd6f3af6ca39c6f606317392b.pyx
Compiling /home/packager/aports/main/cython/src/cython-3.0.12/TEST_TMP/5/run/c/test_coroutines_pep492/_cython_inline_48eca25c15316ab6071962a61ef8f64756b8ee41.pyx because it changed.
[1/1] Cythonizing /home/packager/aports/main/cython/src/cython-3.0.12/TEST_TMP/5/run/c/test_coroutines_pep492/_cython_inline_48eca25c15316ab6071962a61ef8f64756b8ee41.pyx
Couldn't find 'b'
Couldn't find 'b'
Compiling /home/packager/aports/main/cython/src/cython-3.0.12/TEST_TMP/5/run/c/test_coroutines_pep492/_cython_inline_d4a0df7e132b5c1d76198d940c02a1c425016321.pyx because it changed.
[1/1] Cythonizing /home/packager/aports/main/cython/src/cython-3.0.12/TEST_TMP/5/run/c/test_coroutines_pep492/_cython_inline_d4a0df7e132b5c1d76198d940c02a1c425016321.pyx
Couldn't find 'b'
Couldn't find 'b'
Compiling /home/packager/aports/main/cython/src/cython-3.0.12/TEST_TMP/5/run/c/test_coroutines_pep492/_cython_inline_9c87225ab5258a9d77ac0f883c28f0a7bdab4c6b.pyx because it changed.
[1/1] Cythonizing /home/packager/aports/main/cython/src/cython-3.0.12/TEST_TMP/5/run/c/test_coroutines_pep492/_cython_inline_9c87225ab5258a9d77ac0f883c28f0a7bdab4c6b.pyx
Compiling /home/packager/aports/main/cython/src/cython-3.0.12/TEST_TMP/5/run/c/test_coroutines_pep492/_cython_inline_1b80031a013595bfd6f3af6ca39c6f606317392b.pyx because it changed.
[1/1] Cythonizing /home/packager/aports/main/cython/src/cython-3.0.12/TEST_TMP/5/run/c/test_coroutines_pep492/_cython_inline_1b80031a013595bfd6f3af6ca39c6f606317392b.pyx
Compiling /home/packager/aports/main/cython/src/cython-3.0.12/TEST_TMP/5/run/c/test_coroutines_pep492/_cython_inline_48eca25c15316ab6071962a61ef8f64756b8ee41.pyx because it changed.
[1/1] Cythonizing /home/packager/aports/main/cython/src/cython-3.0.12/TEST_TMP/5/run/c/test_coroutines_pep492/_cython_inline_48eca25c15316ab6071962a61ef8f64756b8ee41.pyx
Compiling /home/packager/aports/main/cython/src/cython-3.0.12/TEST_TMP/5/run/c/test_coroutines_pep492/_cython_inline_598c4c2f38573d1cc969d19477f273476ecdc9da.pyx because it changed.
[1/1] Cythonizing /home/packager/aports/main/cython/src/cython-3.0.12/TEST_TMP/5/run/c/test_coroutines_pep492/_cython_inline_598c4c2f38573d1cc969d19477f273476ecdc9da.pyx
Compiling /home/packager/aports/main/cython/src/cython-3.0.12/TEST_TMP/5/run/c/test_coroutines_pep492/_cython_inline_6e468a388bbe5f5f1ca8b4e480cb4028dcb89048.pyx because it changed.
[1/1] Cythonizing /home/packager/aports/main/cython/src/cython-3.0.12/TEST_TMP/5/run/c/test_coroutines_pep492/_cython_inline_6e468a388bbe5f5f1ca8b4e480cb4028dcb89048.pyx
Compiling /home/packager/aports/main/cython/src/cython-3.0.12/TEST_TMP/5/run/c/test_coroutines_pep492/_cython_inline_432767083dad1d4b9ddac693a986adeeb6a8b577.pyx because it changed.
[1/1] Cythonizing /home/packager/aports/main/cython/src/cython-3.0.12/TEST_TMP/5/run/c/test_coroutines_pep492/_cython_inline_432767083dad1d4b9ddac693a986adeeb6a8b577.pyx
Compiling /home/packager/aports/main/cython/src/cython-3.0.12/TEST_TMP/5/run/c/test_coroutines_pep492/_cython_inline_190bddc0e1c8e6deaf533773e902c27011136be1.pyx because it changed.
[1/1] Cythonizing /home/packager/aports/main/cython/src/cython-3.0.12/TEST_TMP/5/run/c/test_coroutines_pep492/_cython_inline_190bddc0e1c8e6deaf533773e902c27011136be1.pyx
Compiling /home/packager/aports/main/cython/src/cython-3.0.12/TEST_TMP/5/run/c/test_coroutines_pep492/_cython_inline_36cbbffdcd26c3d07eb66e3be4a53656773c5def.pyx because it changed.
[1/1] Cythonizing /home/packager/aports/main/cython/src/cython-3.0.12/TEST_TMP/5/run/c/test_coroutines_pep492/_cython_inline_36cbbffdcd26c3d07eb66e3be4a53656773c5def.pyx
Compiling /home/packager/aports/main/cython/src/cython-3.0.12/TEST_TMP/5/run/c/test_coroutines_pep492/_cython_inline_01b7b4c523ad8ffceecfb36625a968204f42b030.pyx because it changed.
[1/1] Cythonizing /home/packager/aports/main/cython/src/cython-3.0.12/TEST_TMP/5/run/c/test_coroutines_pep492/_cython_inline_01b7b4c523ad8ffceecfb36625a968204f42b030.pyx

#### 2025-05-18 06:49:05.203030
Compiling /home/packager/aports/main/cython/src/cython-3.0.12/TEST_TMP/5/run/c/test_coroutines_pep492/_cython_inline_eb38fc4cff92df172ee6d422195b097273c63af5.pyx because it changed.
[1/1] Cythonizing /home/packager/aports/main/cython/src/cython-3.0.12/TEST_TMP/5/run/c/test_coroutines_pep492/_cython_inline_eb38fc4cff92df172ee6d422195b097273c63af5.pyx
Compiling /home/packager/aports/main/cython/src/cython-3.0.12/TEST_TMP/5/run/c/test_coroutines_pep492/_cython_inline_d68a6a9fdb1fbe5859754da1f23ee8edfa9616ae.pyx because it changed.
[1/1] Cythonizing /home/packager/aports/main/cython/src/cython-3.0.12/TEST_TMP/5/run/c/test_coroutines_pep492/_cython_inline_d68a6a9fdb1fbe5859754da1f23ee8edfa9616ae.pyx
Compiling /home/packager/aports/main/cython/src/cython-3.0.12/TEST_TMP/5/run/c/test_coroutines_pep492/_cython_inline_8bcc889b65387f16af85453046772c7ce5236a1e.pyx because it changed.
[1/1] Cythonizing /home/packager/aports/main/cython/src/cython-3.0.12/TEST_TMP/5/run/c/test_coroutines_pep492/_cython_inline_8bcc889b65387f16af85453046772c7ce5236a1e.pyx
/usr/lib/python3.12/unittest/case.py:589: RuntimeWarning: coroutine 'CoroutineTest.test_corotype_1.<locals>.f' was never awaited
  if method() is not None:
/usr/lib/python3.12/unittest/case.py:723: RuntimeWarning: coroutine 'CoroutineTest.test_await_9.<locals>.bar' was never awaited
  def assertTrue(self, expr, msg=None):
/usr/lib/python3.12/unittest/case.py:589: RuntimeWarning: coroutine 'CoroutineTest.test_func_attributes.<locals>.foo' was never awaited
  if method() is not None:

#### 2025-05-18 06:49:15.212640
Compiling /home/packager/aports/main/cython/src/cython-3.0.12/TEST_TMP/5/run/c/test_coroutines_pep492/_cython_inline_3bfd37f5cbf03791249b80ba2cef04732b9b8477.pyx because it changed.
[1/1] Cythonizing /home/packager/aports/main/cython/src/cython-3.0.12/TEST_TMP/5/run/c/test_coroutines_pep492/_cython_inline_3bfd37f5cbf03791249b80ba2cef04732b9b8477.pyx

#### 2025-05-18 06:49:25.215844

#### 2025-05-18 06:49:35.219047

#### 2025-05-18 06:49:45.222237

#### 2025-05-18 06:49:55.225400
<doctest r_mang1[2]>:1: SyntaxWarning: invalid escape sequence '\d'
  t == re.search('(\d+)', '-2.80 98\n').groups()
<doctest r_mang1[2]>:1: SyntaxWarning: invalid escape sequence '\d'
  t == re.search('(\d+)', '-2.80 98\n').groups()

#### 2025-05-18 06:50:05.230290

#### 2025-05-18 06:50:15.236046

#### 2025-05-18 06:50:25.239154

#### 2025-05-18 06:50:35.243541

#### 2025-05-18 06:50:45.246671

#### 2025-05-18 06:50:55.249807
----------------------------------------------------------------------
Ran 1570 tests in 1342.168s

OK
Following tests excluded because of missing dependencies on your system:
   Cython.Coverage
   build.depfile_numpy
   build.setuptools_reimport
   errors.nogil_buffer_acquisition
   errors.w_numpy_arr_as_cppvec_ref
   memoryview.contig_check
   memoryview.extension_type_memoryview
   memoryview.memoryview_annotation_typing
   memoryview.memoryviewattrs
   memoryview.numpy_memoryview
   memoryview.numpy_memoryview_readonly
   memoryview.relaxed_strides
   run.complex_extern_GH1433
   run.coverage_api
   run.coverage_cmd
   run.coverage_cmd_src_layout
   run.coverage_cmd_src_pkg_layout
   run.coverage_installed_pkg
   run.coverage_nogil
   run.numpy_ValueError_T172
   run.numpy_attributes
   run.numpy_bufacc_T155
   run.numpy_cimport
   run.numpy_cimport_1
   run.numpy_cimport_2
   run.numpy_cimport_3
   run.numpy_cimport_4
   run.numpy_cimport_5
   run.numpy_cimport_6
   run.numpy_math
   run.numpy_parallel
   run.numpy_pythran
   run.numpy_pythran_unit
   run.numpy_subarray
   run.numpy_test
   run.test_exceptions
   run.test_shadow_error
   run.ufunc
   memoryviews.cython_array
   memoryviews.cython_array
   numpy_ufuncs.ufunc
   numpy_ufuncs.ufunc
   numpy_ufuncs.ufunc_ctuple
   numpy_ufuncs.ufunc_ctuple
   numpy_ufuncs.ufunc_fused
   numpy_ufuncs.ufunc_fused
   numpy.convolve2
ALL DONE (3/8)
Compiling /home/packager/aports/main/cython/src/cython-3.0.12/TEST_TMP/5/run/c/test_coroutines_pep492/_cython_inline_e1fdf262e0542316537a4b4e00ff67fe3a8b1edf.pyx because it changed.
[1/1] Cythonizing /home/packager/aports/main/cython/src/cython-3.0.12/TEST_TMP/5/run/c/test_coroutines_pep492/_cython_inline_e1fdf262e0542316537a4b4e00ff67fe3a8b1edf.pyx

#### 2025-05-18 06:51:05.254135

#### 2025-05-18 06:51:15.299984

#### 2025-05-18 06:51:25.304234

#### 2025-05-18 06:51:35.307321
Compiling /home/packager/.cython/inline/_cython_inline_d2808365e0d6efe85b33f72ab16b67928f4a8fad.pyx because it changed.
[1/1] Cythonizing /home/packager/.cython/inline/_cython_inline_d2808365e0d6efe85b33f72ab16b67928f4a8fad.pyx
Couldn't find 'f'
Compiling /home/packager/.cython/inline/_cython_inline_cdd19401bf534837d39ebc8d003484f95e9677ce.pyx because it changed.
[1/1] Cythonizing /home/packager/.cython/inline/_cython_inline_cdd19401bf534837d39ebc8d003484f95e9677ce.pyx
Compiling /home/packager/.cython/inline/_cython_inline_457a0506ba8da1df35c63bcb1f20b7f6711479fa.pyx because it changed.
[1/1] Cythonizing /home/packager/.cython/inline/_cython_inline_457a0506ba8da1df35c63bcb1f20b7f6711479fa.pyx
Compiling /home/packager/.cython/inline/_cython_inline_5b737351d0861115105cdadb4348f25ce709b6f8.pyx because it changed.
[1/1] Cythonizing /home/packager/.cython/inline/_cython_inline_5b737351d0861115105cdadb4348f25ce709b6f8.pyx
Compiling /home/packager/.cython/inline/_cython_inline_df7e4de47f26b583b2f6c3a74e2ad7926a90e43c.pyx because it changed.
[1/1] Cythonizing /home/packager/.cython/inline/_cython_inline_df7e4de47f26b583b2f6c3a74e2ad7926a90e43c.pyx
Compiling /home/packager/.cython/inline/_cython_inline_3d582fc907513aa2fff9f3dc6d269cc83d653b2c.pyx because it changed.
[1/1] Cythonizing /home/packager/.cython/inline/_cython_inline_3d582fc907513aa2fff9f3dc6d269cc83d653b2c.pyx

#### 2025-05-18 06:51:45.313110

#### 2025-05-18 06:51:55.316256

#### 2025-05-18 06:52:05.319394
<doctest strescapes[0]>:13: SyntaxWarning: invalid escape sequence '\u'
  b'\u1234',
<doctest strescapes[0]>:14: SyntaxWarning: invalid escape sequence '\U'
  b'\U00001234',

#### 2025-05-18 06:52:15.322729
<doctest strescapes[0]>:13: SyntaxWarning: invalid escape sequence '\u'
  b'\u1234',
<doctest strescapes[0]>:14: SyntaxWarning: invalid escape sequence '\U'
  b'\U00001234',
Exception ignored in: <yield_from_pep380.test_broken_getattr_handling.<locals>.Broken object at 0x7f92f94de9c0>
Traceback (most recent call last):
  File "tests/run/yield_from_pep380.pyx", line 574, in yield_from_pep380.test_broken_getattr_handling.Broken.__getattr__ (yield_from_pep380.c:19820)
    1/0
ZeroDivisionError: integer division or modulo by zero
Exception ignored in: <yield_from_pep380.test_broken_getattr_handling.<locals>.Broken object at 0x7f92f94de9c0>
Traceback (most recent call last):
  File "tests/run/yield_from_pep380.pyx", line 574, in yield_from_pep380.test_broken_getattr_handling.Broken.__getattr__ (yield_from_pep380.c:19820)
    1/0
ZeroDivisionError: integer division or modulo by zero

#### 2025-05-18 06:52:25.353705

#### 2025-05-18 06:52:35.364275
/usr/lib/python3.12/unittest/case.py:589: RuntimeWarning: coroutine '__invoke.<locals>.foo' was never awaited
  if method() is not None:
Exception ignored in: <yield_from_pep380.test_broken_getattr_handling.<locals>.Broken object at 0x7f92f996d490>
Traceback (most recent call last):
  File "tests/run/yield_from_pep380.pyx", line 574, in yield_from_pep380.test_broken_getattr_handling.Broken.__getattr__ (yield_from_pep380.cpp:19832)
    1/0
ZeroDivisionError: integer division or modulo by zero
Exception ignored in: <yield_from_pep380.test_broken_getattr_handling.<locals>.Broken object at 0x7f92f996d490>
Traceback (most recent call last):
  File "tests/run/yield_from_pep380.pyx", line 574, in yield_from_pep380.test_broken_getattr_handling.Broken.__getattr__ (yield_from_pep380.cpp:19832)
    1/0
ZeroDivisionError: integer division or modulo by zero

#### 2025-05-18 06:52:45.367359

#### 2025-05-18 06:52:55.370434
Couldn't find 'f'
Couldn't find 'f'
Compiling /home/packager/.cython/inline/_cython_inline_cdd19401bf534837d39ebc8d003484f95e9677ce.pyx because it changed.
[1/1] Cythonizing /home/packager/.cython/inline/_cython_inline_cdd19401bf534837d39ebc8d003484f95e9677ce.pyx

#### 2025-05-18 06:53:05.373556
----------------------------------------------------------------------
Ran 1745 tests in 1465.286s

OK (skipped=1)
Following tests excluded because of missing dependencies on your system:
   Cython.Coverage
   build.depfile_numpy
   build.setuptools_reimport
   errors.nogil_buffer_acquisition
   errors.w_numpy_arr_as_cppvec_ref
   memoryview.contig_check
   memoryview.extension_type_memoryview
   memoryview.memoryview_annotation_typing
   memoryview.memoryviewattrs
   memoryview.numpy_memoryview
   memoryview.numpy_memoryview_readonly
   memoryview.relaxed_strides
   run.complex_extern_GH1433
   run.coverage_api
   run.coverage_cmd
   run.coverage_cmd_src_layout
   run.coverage_cmd_src_pkg_layout
   run.coverage_installed_pkg
   run.coverage_nogil
   run.numpy_ValueError_T172
   run.numpy_attributes
   run.numpy_bufacc_T155
   run.numpy_cimport
   run.numpy_cimport_1
   run.numpy_cimport_2
   run.numpy_cimport_3
   run.numpy_cimport_4
   run.numpy_cimport_5
   run.numpy_cimport_6
   run.numpy_math
   run.numpy_parallel
   run.numpy_pythran
   run.numpy_pythran_unit
   run.numpy_subarray
   run.numpy_test
   run.test_exceptions
   run.test_shadow_error
   run.ufunc
   memoryviews.cython_array
   memoryviews.cython_array
   numpy_ufuncs.ufunc
   numpy_ufuncs.ufunc
   numpy_ufuncs.ufunc_ctuple
   numpy_ufuncs.ufunc_ctuple
   numpy_ufuncs.ufunc_fused
   numpy_ufuncs.ufunc_fused
   numpy.convolve2
ALL DONE (2/8)

#### 2025-05-18 06:53:15.376689

#### 2025-05-18 06:53:25.379774
/usr/lib/python3.12/unittest/case.py:589: RuntimeWarning: coroutine '123' was never awaited
  if method() is not None:

#### 2025-05-18 06:53:35.382797

#### 2025-05-18 06:53:45.385779
----------------------------------------------------------------------
Ran 1744 tests in 1508.045s

OK
Following tests excluded because of missing dependencies on your system:
   Cython.Coverage
   build.depfile_numpy
   build.setuptools_reimport
   errors.nogil_buffer_acquisition
   errors.w_numpy_arr_as_cppvec_ref
   memoryview.contig_check
   memoryview.extension_type_memoryview
   memoryview.memoryview_annotation_typing
   memoryview.memoryviewattrs
   memoryview.numpy_memoryview
   memoryview.numpy_memoryview_readonly
   memoryview.relaxed_strides
   run.complex_extern_GH1433
   run.coverage_api
   run.coverage_cmd
   run.coverage_cmd_src_layout
   run.coverage_cmd_src_pkg_layout
   run.coverage_installed_pkg
   run.coverage_nogil
   run.numpy_ValueError_T172
   run.numpy_attributes
   run.numpy_bufacc_T155
   run.numpy_cimport
   run.numpy_cimport_1
   run.numpy_cimport_2
   run.numpy_cimport_3
   run.numpy_cimport_4
   run.numpy_cimport_5
   run.numpy_cimport_6
   run.numpy_math
   run.numpy_parallel
   run.numpy_pythran
   run.numpy_pythran_unit
   run.numpy_subarray
   run.numpy_test
   run.test_exceptions
   run.test_shadow_error
   run.ufunc
   memoryviews.cython_array
   memoryviews.cython_array
   numpy_ufuncs.ufunc
   numpy_ufuncs.ufunc
   numpy_ufuncs.ufunc_ctuple
   numpy_ufuncs.ufunc_ctuple
   numpy_ufuncs.ufunc_fused
   numpy_ufuncs.ufunc_fused
   numpy.convolve2
ALL DONE (6/8)

#### 2025-05-18 06:53:55.388851

#### 2025-05-18 06:54:05.391902

#### 2025-05-18 06:54:15.394874
/usr/lib/python3.12/unittest/case.py:589: RuntimeWarning: coroutine 'CoroutineTest.test_corotype_1.<locals>.f' was never awaited
  if method() is not None:
/usr/lib/python3.12/contextlib.py:141: RuntimeWarning: coroutine 'CoroutineTest.test_await_9.<locals>.bar' was never awaited
  def __exit__(self, typ, value, traceback):
/usr/lib/python3.12/unittest/case.py:589: RuntimeWarning: coroutine 'CoroutineTest.test_func_attributes.<locals>.foo' was never awaited
  if method() is not None:
/usr/lib/python3.12/unittest/case.py:589: RuntimeWarning: coroutine '__invoke.<locals>.foo' was never awaited
  if method() is not None:
Couldn't find 'abc'
Compiling /home/packager/aports/main/cython/src/cython-3.0.12/TEST_TMP/7/run/c/test_asyncgen/_cython_inline_83574abc55f983d5ca0db2b50186d9643cd50810.pyx because it changed.
[1/1] Cythonizing /home/packager/aports/main/cython/src/cython-3.0.12/TEST_TMP/7/run/c/test_asyncgen/_cython_inline_83574abc55f983d5ca0db2b50186d9643cd50810.pyx
Compiling /home/packager/aports/main/cython/src/cython-3.0.12/TEST_TMP/7/run/c/test_asyncgen/_cython_inline_8026b0b79bbb3c13a5312080c7cdb3ea91b5f66f.pyx because it changed.
[1/1] Cythonizing /home/packager/aports/main/cython/src/cython-3.0.12/TEST_TMP/7/run/c/test_asyncgen/_cython_inline_8026b0b79bbb3c13a5312080c7cdb3ea91b5f66f.pyx
Couldn't find 'abc'
Compiling /home/packager/aports/main/cython/src/cython-3.0.12/TEST_TMP/7/run/c/test_asyncgen/_cython_inline_50e0867f6a17268eac61eee1046e95e8f3a693f1.pyx because it changed.
[1/1] Cythonizing /home/packager/aports/main/cython/src/cython-3.0.12/TEST_TMP/7/run/c/test_asyncgen/_cython_inline_50e0867f6a17268eac61eee1046e95e8f3a693f1.pyx
Compiling /home/packager/aports/main/cython/src/cython-3.0.12/TEST_TMP/7/run/c/test_asyncgen/_cython_inline_dcaad30069f3b87f95d3c52f7e35b7c2059ed3fe.pyx because it changed.
[1/1] Cythonizing /home/packager/aports/main/cython/src/cython-3.0.12/TEST_TMP/7/run/c/test_asyncgen/_cython_inline_dcaad30069f3b87f95d3c52f7e35b7c2059ed3fe.pyx
Compiling /home/packager/aports/main/cython/src/cython-3.0.12/TEST_TMP/7/run/c/test_asyncgen/_cython_inline_8870b4035fd4a810dd341543f6afc4920bc4699d.pyx because it changed.
[1/1] Cythonizing /home/packager/aports/main/cython/src/cython-3.0.12/TEST_TMP/7/run/c/test_asyncgen/_cython_inline_8870b4035fd4a810dd341543f6afc4920bc4699d.pyx
Couldn't find 'abc'
Couldn't find 'abc'
Compiling /home/packager/aports/main/cython/src/cython-3.0.12/TEST_TMP/7/run/cpp/test_asyncgen/_cython_inline_83574abc55f983d5ca0db2b50186d9643cd50810.pyx because it changed.
[1/1] Cythonizing /home/packager/aports/main/cython/src/cython-3.0.12/TEST_TMP/7/run/cpp/test_asyncgen/_cython_inline_83574abc55f983d5ca0db2b50186d9643cd50810.pyx
Compiling /home/packager/aports/main/cython/src/cython-3.0.12/TEST_TMP/7/run/cpp/test_asyncgen/_cython_inline_8026b0b79bbb3c13a5312080c7cdb3ea91b5f66f.pyx because it changed.
[1/1] Cythonizing /home/packager/aports/main/cython/src/cython-3.0.12/TEST_TMP/7/run/cpp/test_asyncgen/_cython_inline_8026b0b79bbb3c13a5312080c7cdb3ea91b5f66f.pyx
Couldn't find 'abc'
Couldn't find 'abc'
Compiling /home/packager/aports/main/cython/src/cython-3.0.12/TEST_TMP/7/run/cpp/test_asyncgen/_cython_inline_50e0867f6a17268eac61eee1046e95e8f3a693f1.pyx because it changed.
[1/1] Cythonizing /home/packager/aports/main/cython/src/cython-3.0.12/TEST_TMP/7/run/cpp/test_asyncgen/_cython_inline_50e0867f6a17268eac61eee1046e95e8f3a693f1.pyx
Compiling /home/packager/aports/main/cython/src/cython-3.0.12/TEST_TMP/7/run/cpp/test_asyncgen/_cython_inline_dcaad30069f3b87f95d3c52f7e35b7c2059ed3fe.pyx because it changed.
[1/1] Cythonizing /home/packager/aports/main/cython/src/cython-3.0.12/TEST_TMP/7/run/cpp/test_asyncgen/_cython_inline_dcaad30069f3b87f95d3c52f7e35b7c2059ed3fe.pyx
Compiling /home/packager/aports/main/cython/src/cython-3.0.12/TEST_TMP/7/run/cpp/test_asyncgen/_cython_inline_8870b4035fd4a810dd341543f6afc4920bc4699d.pyx because it changed.
[1/1] Cythonizing /home/packager/aports/main/cython/src/cython-3.0.12/TEST_TMP/7/run/cpp/test_asyncgen/_cython_inline_8870b4035fd4a810dd341543f6afc4920bc4699d.pyx

#### 2025-05-18 06:54:25.397832

#### 2025-05-18 06:54:35.400881
Compiling /home/packager/aports/main/cython/src/cython-3.0.12/TEST_TMP/5/run/cpp/test_coroutines_pep492/_cython_inline_f30fc62911eed08004ea02fa63c9f587491b5f2a.pyx because it changed.
[1/1] Cythonizing /home/packager/aports/main/cython/src/cython-3.0.12/TEST_TMP/5/run/cpp/test_coroutines_pep492/_cython_inline_f30fc62911eed08004ea02fa63c9f587491b5f2a.pyx
Couldn't find 'something'
Couldn't find 'something'
Compiling /home/packager/aports/main/cython/src/cython-3.0.12/TEST_TMP/5/run/cpp/test_coroutines_pep492/_cython_inline_1a5b10c9f0db72c54cb8c84f547f8dff4dfe3696.pyx because it changed.
[1/1] Cythonizing /home/packager/aports/main/cython/src/cython-3.0.12/TEST_TMP/5/run/cpp/test_coroutines_pep492/_cython_inline_1a5b10c9f0db72c54cb8c84f547f8dff4dfe3696.pyx
Couldn't find 'els'
Couldn't find 'els'
Compiling /home/packager/aports/main/cython/src/cython-3.0.12/TEST_TMP/5/run/cpp/test_coroutines_pep492/_cython_inline_8ed206d37f8f4e14ddf6b35e719d1dd769c299a1.pyx because it changed.
[1/1] Cythonizing /home/packager/aports/main/cython/src/cython-3.0.12/TEST_TMP/5/run/cpp/test_coroutines_pep492/_cython_inline_8ed206d37f8f4e14ddf6b35e719d1dd769c299a1.pyx
Couldn't find 'els'
Couldn't find 'els'
Compiling /home/packager/aports/main/cython/src/cython-3.0.12/TEST_TMP/5/run/cpp/test_coroutines_pep492/_cython_inline_d8aa6338d5441e549ceff4388ccbe319ad779a1c.pyx because it changed.
[1/1] Cythonizing /home/packager/aports/main/cython/src/cython-3.0.12/TEST_TMP/5/run/cpp/test_coroutines_pep492/_cython_inline_d8aa6338d5441e549ceff4388ccbe319ad779a1c.pyx
Couldn't find 'els'
Couldn't find 'els'
Compiling /home/packager/aports/main/cython/src/cython-3.0.12/TEST_TMP/5/run/cpp/test_coroutines_pep492/_cython_inline_8718420302d62061678b1030eb3d4cae8952c77e.pyx because it changed.
[1/1] Cythonizing /home/packager/aports/main/cython/src/cython-3.0.12/TEST_TMP/5/run/cpp/test_coroutines_pep492/_cython_inline_8718420302d62061678b1030eb3d4cae8952c77e.pyx
Couldn't find 'els'
Couldn't find 'els'
Compiling /home/packager/aports/main/cython/src/cython-3.0.12/TEST_TMP/5/run/cpp/test_coroutines_pep492/_cython_inline_febcc5a9d4ed33e1dbd07f0b10368c71a5c46725.pyx because it changed.
[1/1] Cythonizing /home/packager/aports/main/cython/src/cython-3.0.12/TEST_TMP/5/run/cpp/test_coroutines_pep492/_cython_inline_febcc5a9d4ed33e1dbd07f0b10368c71a5c46725.pyx
Couldn't find 'els'
Couldn't find 'els'
Compiling /home/packager/aports/main/cython/src/cython-3.0.12/TEST_TMP/5/run/cpp/test_coroutines_pep492/_cython_inline_142dfa677eacfdc139578067140f5cf3e080faa2.pyx because it changed.
[1/1] Cythonizing /home/packager/aports/main/cython/src/cython-3.0.12/TEST_TMP/5/run/cpp/test_coroutines_pep492/_cython_inline_142dfa677eacfdc139578067140f5cf3e080faa2.pyx
Couldn't find 'els'
Couldn't find 'els'
Compiling /home/packager/aports/main/cython/src/cython-3.0.12/TEST_TMP/5/run/cpp/test_coroutines_pep492/_cython_inline_254190c1a3f429b2304bf18fc5e8315ce176efc7.pyx because it changed.
[1/1] Cythonizing /home/packager/aports/main/cython/src/cython-3.0.12/TEST_TMP/5/run/cpp/test_coroutines_pep492/_cython_inline_254190c1a3f429b2304bf18fc5e8315ce176efc7.pyx
Couldn't find 'els'
Couldn't find 'els'
Compiling /home/packager/aports/main/cython/src/cython-3.0.12/TEST_TMP/5/run/cpp/test_coroutines_pep492/_cython_inline_dd5485f8caedc161e35983dd8ff4ebdf1668615a.pyx because it changed.
[1/1] Cythonizing /home/packager/aports/main/cython/src/cython-3.0.12/TEST_TMP/5/run/cpp/test_coroutines_pep492/_cython_inline_dd5485f8caedc161e35983dd8ff4ebdf1668615a.pyx
Couldn't find 'els'
Couldn't find 'els'
Compiling /home/packager/aports/main/cython/src/cython-3.0.12/TEST_TMP/5/run/cpp/test_coroutines_pep492/_cython_inline_2a716a5ffd00e4ec3a77a4b4b8264342c3958c14.pyx because it changed.
[1/1] Cythonizing /home/packager/aports/main/cython/src/cython-3.0.12/TEST_TMP/5/run/cpp/test_coroutines_pep492/_cython_inline_2a716a5ffd00e4ec3a77a4b4b8264342c3958c14.pyx
Couldn't find 'els'
Couldn't find 'els'
Compiling /home/packager/aports/main/cython/src/cython-3.0.12/TEST_TMP/5/run/cpp/test_coroutines_pep492/_cython_inline_9ac60de882564b79178cc9ed0472a006b5b79ab5.pyx because it changed.
[1/1] Cythonizing /home/packager/aports/main/cython/src/cython-3.0.12/TEST_TMP/5/run/cpp/test_coroutines_pep492/_cython_inline_9ac60de882564b79178cc9ed0472a006b5b79ab5.pyx
Couldn't find 'b'
Couldn't find 'b'
Compiling /home/packager/aports/main/cython/src/cython-3.0.12/TEST_TMP/5/run/cpp/test_coroutines_pep492/_cython_inline_d4a0df7e132b5c1d76198d940c02a1c425016321.pyx because it changed.
[1/1] Cythonizing /home/packager/aports/main/cython/src/cython-3.0.12/TEST_TMP/5/run/cpp/test_coroutines_pep492/_cython_inline_d4a0df7e132b5c1d76198d940c02a1c425016321.pyx
Couldn't find 'b'
Couldn't find 'b'
Compiling /home/packager/aports/main/cython/src/cython-3.0.12/TEST_TMP/5/run/cpp/test_coroutines_pep492/_cython_inline_9c87225ab5258a9d77ac0f883c28f0a7bdab4c6b.pyx because it changed.
[1/1] Cythonizing /home/packager/aports/main/cython/src/cython-3.0.12/TEST_TMP/5/run/cpp/test_coroutines_pep492/_cython_inline_9c87225ab5258a9d77ac0f883c28f0a7bdab4c6b.pyx
Compiling /home/packager/aports/main/cython/src/cython-3.0.12/TEST_TMP/5/run/cpp/test_coroutines_pep492/_cython_inline_1b80031a013595bfd6f3af6ca39c6f606317392b.pyx because it changed.
[1/1] Cythonizing /home/packager/aports/main/cython/src/cython-3.0.12/TEST_TMP/5/run/cpp/test_coroutines_pep492/_cython_inline_1b80031a013595bfd6f3af6ca39c6f606317392b.pyx
Compiling /home/packager/aports/main/cython/src/cython-3.0.12/TEST_TMP/5/run/cpp/test_coroutines_pep492/_cython_inline_48eca25c15316ab6071962a61ef8f64756b8ee41.pyx because it changed.
[1/1] Cythonizing /home/packager/aports/main/cython/src/cython-3.0.12/TEST_TMP/5/run/cpp/test_coroutines_pep492/_cython_inline_48eca25c15316ab6071962a61ef8f64756b8ee41.pyx
Couldn't find 'b'
Couldn't find 'b'
Compiling /home/packager/aports/main/cython/src/cython-3.0.12/TEST_TMP/5/run/cpp/test_coroutines_pep492/_cython_inline_d4a0df7e132b5c1d76198d940c02a1c425016321.pyx because it changed.
[1/1] Cythonizing /home/packager/aports/main/cython/src/cython-3.0.12/TEST_TMP/5/run/cpp/test_coroutines_pep492/_cython_inline_d4a0df7e132b5c1d76198d940c02a1c425016321.pyx
Couldn't find 'b'
Couldn't find 'b'
Compiling /home/packager/aports/main/cython/src/cython-3.0.12/TEST_TMP/5/run/cpp/test_coroutines_pep492/_cython_inline_9c87225ab5258a9d77ac0f883c28f0a7bdab4c6b.pyx because it changed.
[1/1] Cythonizing /home/packager/aports/main/cython/src/cython-3.0.12/TEST_TMP/5/run/cpp/test_coroutines_pep492/_cython_inline_9c87225ab5258a9d77ac0f883c28f0a7bdab4c6b.pyx
Compiling /home/packager/aports/main/cython/src/cython-3.0.12/TEST_TMP/5/run/cpp/test_coroutines_pep492/_cython_inline_1b80031a013595bfd6f3af6ca39c6f606317392b.pyx because it changed.
[1/1] Cythonizing /home/packager/aports/main/cython/src/cython-3.0.12/TEST_TMP/5/run/cpp/test_coroutines_pep492/_cython_inline_1b80031a013595bfd6f3af6ca39c6f606317392b.pyx
Compiling /home/packager/aports/main/cython/src/cython-3.0.12/TEST_TMP/5/run/cpp/test_coroutines_pep492/_cython_inline_48eca25c15316ab6071962a61ef8f64756b8ee41.pyx because it changed.
[1/1] Cythonizing /home/packager/aports/main/cython/src/cython-3.0.12/TEST_TMP/5/run/cpp/test_coroutines_pep492/_cython_inline_48eca25c15316ab6071962a61ef8f64756b8ee41.pyx
Couldn't find 'a'
Couldn't find 'b'
Compiling /home/packager/.cython/inline/_cython_inline_2f9720c8ae31ab3fa432ea9d1572faa4d4a54341.pyx because it changed.
[1/1] Cythonizing /home/packager/.cython/inline/_cython_inline_2f9720c8ae31ab3fa432ea9d1572faa4d4a54341.pyx
Compiling /home/packager/.cython/inline/_cython_inline_2b75dddf451608d428e5cc861dec870d7148aead.pyx because it changed.
[1/1] Cythonizing /home/packager/.cython/inline/_cython_inline_2b75dddf451608d428e5cc861dec870d7148aead.pyx
Compiling /home/packager/.cython/inline/_cython_inline_2b75dddf451608d428e5cc861dec870d7148aead.pyx because it changed.
[1/1] Cythonizing /home/packager/.cython/inline/_cython_inline_2b75dddf451608d428e5cc861dec870d7148aead.pyx
Compiling /home/packager/.cython/inline/_cython_inline_60afd8d02ad7c2331bd9f9bb0445b919b6ed2740.pyx because it changed.
[1/1] Cythonizing /home/packager/.cython/inline/_cython_inline_60afd8d02ad7c2331bd9f9bb0445b919b6ed2740.pyx
Compiling /home/packager/.cython/inline/_cython_inline_b1925e16d9d72ca853cdb94cabef8cac4179fe9f.pyx because it changed.
[1/1] Cythonizing /home/packager/.cython/inline/_cython_inline_b1925e16d9d72ca853cdb94cabef8cac4179fe9f.pyx
Compiling /home/packager/.cython/inline/_cython_inline_b1925e16d9d72ca853cdb94cabef8cac4179fe9f.pyx because it changed.
[1/1] Cythonizing /home/packager/.cython/inline/_cython_inline_b1925e16d9d72ca853cdb94cabef8cac4179fe9f.pyx
Compiling /home/packager/.cython/inline/_cython_inline_4cffc010566ae2f231d5be65af1c5673581b9941.pyx because it changed.
[1/1] Cythonizing /home/packager/.cython/inline/_cython_inline_4cffc010566ae2f231d5be65af1c5673581b9941.pyx
Compiling /home/packager/.cython/inline/_cython_inline_c535da853c8df467bad504d09a6415cbf6212027.pyx because it changed.
[1/1] Cythonizing /home/packager/.cython/inline/_cython_inline_c535da853c8df467bad504d09a6415cbf6212027.pyx
Compiling /home/packager/.cython/inline/_cython_inline_c535da853c8df467bad504d09a6415cbf6212027.pyx because it changed.
[1/1] Cythonizing /home/packager/.cython/inline/_cython_inline_c535da853c8df467bad504d09a6415cbf6212027.pyx
Compiling /home/packager/.cython/inline/_cython_inline_75f13bd06cc6e47e2a4f5f682df7512efe04a2d6.pyx because it changed.
[1/1] Cythonizing /home/packager/.cython/inline/_cython_inline_75f13bd06cc6e47e2a4f5f682df7512efe04a2d6.pyx
Compiling /home/packager/.cython/inline/_cython_inline_3b47461917bc13299fff79c395bdde67d84ba00e.pyx because it changed.
[1/1] Cythonizing /home/packager/.cython/inline/_cython_inline_3b47461917bc13299fff79c395bdde67d84ba00e.pyx
Compiling /home/packager/.cython/inline/_cython_inline_3b47461917bc13299fff79c395bdde67d84ba00e.pyx because it changed.
[1/1] Cythonizing /home/packager/.cython/inline/_cython_inline_3b47461917bc13299fff79c395bdde67d84ba00e.pyx
Compiling /home/packager/.cython/inline/_cython_inline_ebb88e83f492d37c852f1e860921dad8657b6bfd.pyx because it changed.
[1/1] Cythonizing /home/packager/.cython/inline/_cython_inline_ebb88e83f492d37c852f1e860921dad8657b6bfd.pyx
Compiling /home/packager/.cython/inline/_cython_inline_7b7714c78c4d6f5821bfd36905f39760d1a38ef5.pyx because it changed.
[1/1] Cythonizing /home/packager/.cython/inline/_cython_inline_7b7714c78c4d6f5821bfd36905f39760d1a38ef5.pyx
Compiling /home/packager/.cython/inline/_cython_inline_7b7714c78c4d6f5821bfd36905f39760d1a38ef5.pyx because it changed.
[1/1] Cythonizing /home/packager/.cython/inline/_cython_inline_7b7714c78c4d6f5821bfd36905f39760d1a38ef5.pyx
Compiling /home/packager/.cython/inline/_cython_inline_1cad585a782c693f43740bf927da90252718ada0.pyx because it changed.
[1/1] Cythonizing /home/packager/.cython/inline/_cython_inline_1cad585a782c693f43740bf927da90252718ada0.pyx
Compiling /home/packager/.cython/inline/_cython_inline_1438fee76568481413a5dc97feeea7ae4b4b45ea.pyx because it changed.
[1/1] Cythonizing /home/packager/.cython/inline/_cython_inline_1438fee76568481413a5dc97feeea7ae4b4b45ea.pyx
Compiling /home/packager/.cython/inline/_cython_inline_1438fee76568481413a5dc97feeea7ae4b4b45ea.pyx because it changed.
[1/1] Cythonizing /home/packager/.cython/inline/_cython_inline_1438fee76568481413a5dc97feeea7ae4b4b45ea.pyx
Compiling /home/packager/.cython/inline/_cython_inline_a395360c5ca1955cdf95dedfdf83229ff07e90ff.pyx because it changed.
[1/1] Cythonizing /home/packager/.cython/inline/_cython_inline_a395360c5ca1955cdf95dedfdf83229ff07e90ff.pyx
Compiling /home/packager/.cython/inline/_cython_inline_698208365c544c3c205d5a2e0cbe1479b20b819e.pyx because it changed.
[1/1] Cythonizing /home/packager/.cython/inline/_cython_inline_698208365c544c3c205d5a2e0cbe1479b20b819e.pyx
Compiling /home/packager/.cython/inline/_cython_inline_698208365c544c3c205d5a2e0cbe1479b20b819e.pyx because it changed.
[1/1] Cythonizing /home/packager/.cython/inline/_cython_inline_698208365c544c3c205d5a2e0cbe1479b20b819e.pyx
Compiling /home/packager/.cython/inline/_cython_inline_3d5a39191feabf418683fdaeb80eb5298b44db1a.pyx because it changed.
[1/1] Cythonizing /home/packager/.cython/inline/_cython_inline_3d5a39191feabf418683fdaeb80eb5298b44db1a.pyx
Compiling /home/packager/.cython/inline/_cython_inline_f59890da212d3da2ed59e57528b5db39d525c7d0.pyx because it changed.
[1/1] Cythonizing /home/packager/.cython/inline/_cython_inline_f59890da212d3da2ed59e57528b5db39d525c7d0.pyx
Compiling /home/packager/.cython/inline/_cython_inline_f59890da212d3da2ed59e57528b5db39d525c7d0.pyx because it changed.
[1/1] Cythonizing /home/packager/.cython/inline/_cython_inline_f59890da212d3da2ed59e57528b5db39d525c7d0.pyx
Compiling /home/packager/.cython/inline/_cython_inline_04a4afbec5ed9ef96a85b95d8618c186c60f3e04.pyx because it changed.
[1/1] Cythonizing /home/packager/.cython/inline/_cython_inline_04a4afbec5ed9ef96a85b95d8618c186c60f3e04.pyx
Compiling /home/packager/.cython/inline/_cython_inline_871d5162cc73d2becdb6ba771b40ba84c6c4c785.pyx because it changed.
[1/1] Cythonizing /home/packager/.cython/inline/_cython_inline_871d5162cc73d2becdb6ba771b40ba84c6c4c785.pyx
Compiling /home/packager/.cython/inline/_cython_inline_871d5162cc73d2becdb6ba771b40ba84c6c4c785.pyx because it changed.
[1/1] Cythonizing /home/packager/.cython/inline/_cython_inline_871d5162cc73d2becdb6ba771b40ba84c6c4c785.pyx
Compiling /home/packager/.cython/inline/_cython_inline_c7d7b230f06d08beae2706a4558f873ea371eba3.pyx because it changed.
[1/1] Cythonizing /home/packager/.cython/inline/_cython_inline_c7d7b230f06d08beae2706a4558f873ea371eba3.pyx
Compiling /home/packager/.cython/inline/_cython_inline_495f4f3f745b798ca8b6bd4e749f7e0b464a72aa.pyx because it changed.
[1/1] Cythonizing /home/packager/.cython/inline/_cython_inline_495f4f3f745b798ca8b6bd4e749f7e0b464a72aa.pyx
Compiling /home/packager/.cython/inline/_cython_inline_15776407d3a6162eaca2e40b426b00b632a3e75a.pyx because it changed.
[1/1] Cythonizing /home/packager/.cython/inline/_cython_inline_15776407d3a6162eaca2e40b426b00b632a3e75a.pyx
Compiling /home/packager/.cython/inline/_cython_inline_15776407d3a6162eaca2e40b426b00b632a3e75a.pyx because it changed.
[1/1] Cythonizing /home/packager/.cython/inline/_cython_inline_15776407d3a6162eaca2e40b426b00b632a3e75a.pyx
Compiling /home/packager/.cython/inline/_cython_inline_547d2f2546a59ffffd002f73c9cd51b22cd882c0.pyx because it changed.
[1/1] Cythonizing /home/packager/.cython/inline/_cython_inline_547d2f2546a59ffffd002f73c9cd51b22cd882c0.pyx
Compiling /home/packager/.cython/inline/_cython_inline_a8cbc6069ec5d70941c1c362b6e65902c459878b.pyx because it changed.
[1/1] Cythonizing /home/packager/.cython/inline/_cython_inline_a8cbc6069ec5d70941c1c362b6e65902c459878b.pyx
Compiling /home/packager/.cython/inline/_cython_inline_a8cbc6069ec5d70941c1c362b6e65902c459878b.pyx because it changed.
[1/1] Cythonizing /home/packager/.cython/inline/_cython_inline_a8cbc6069ec5d70941c1c362b6e65902c459878b.pyx
Compiling /home/packager/.cython/inline/_cython_inline_58c6076be9781d637cd8288652a59579194684a4.pyx because it changed.
[1/1] Cythonizing /home/packager/.cython/inline/_cython_inline_58c6076be9781d637cd8288652a59579194684a4.pyx
Compiling /home/packager/.cython/inline/_cython_inline_9cc185699e0c14f3d600d6e980911ebcae8adf7f.pyx because it changed.
[1/1] Cythonizing /home/packager/.cython/inline/_cython_inline_9cc185699e0c14f3d600d6e980911ebcae8adf7f.pyx
Compiling /home/packager/.cython/inline/_cython_inline_a6fbf61e47cc4753b84f59302ae1e16c7ac7acbe.pyx because it changed.
[1/1] Cythonizing /home/packager/.cython/inline/_cython_inline_a6fbf61e47cc4753b84f59302ae1e16c7ac7acbe.pyx
Compiling /home/packager/.cython/inline/_cython_inline_b376aa7c3d832043c14c9b78f6c4e1b98f3d905f.pyx because it changed.
[1/1] Cythonizing /home/packager/.cython/inline/_cython_inline_b376aa7c3d832043c14c9b78f6c4e1b98f3d905f.pyx
Compiling /home/packager/.cython/inline/_cython_inline_4c614ceeee2c5b0800dd2a4554ab7964ca6be4f9.pyx because it changed.
[1/1] Cythonizing /home/packager/.cython/inline/_cython_inline_4c614ceeee2c5b0800dd2a4554ab7964ca6be4f9.pyx
Compiling /home/packager/.cython/inline/_cython_inline_1bc10bab61d23b18acf0b6c7a036d1a47a69b89d.pyx because it changed.
[1/1] Cythonizing /home/packager/.cython/inline/_cython_inline_1bc10bab61d23b18acf0b6c7a036d1a47a69b89d.pyx
Compiling /home/packager/.cython/inline/_cython_inline_c65e25363d5dadc30638ea50760ab9e4fb2d5cb3.pyx because it changed.
[1/1] Cythonizing /home/packager/.cython/inline/_cython_inline_c65e25363d5dadc30638ea50760ab9e4fb2d5cb3.pyx
Compiling /home/packager/.cython/inline/_cython_inline_b6be0ec0f7ee775956d4a924056b123f2e8987c2.pyx because it changed.
[1/1] Cythonizing /home/packager/.cython/inline/_cython_inline_b6be0ec0f7ee775956d4a924056b123f2e8987c2.pyx
Couldn't find 'a'
Compiling /home/packager/.cython/inline/_cython_inline_4fea806c0b5d9b6061832d5b5ae406364be6dcfb.pyx because it changed.
[1/1] Cythonizing /home/packager/.cython/inline/_cython_inline_4fea806c0b5d9b6061832d5b5ae406364be6dcfb.pyx
Compiling /home/packager/.cython/inline/_cython_inline_993dbf7a53de43698c3e37ee83b556ded02742f1.pyx because it changed.
[1/1] Cythonizing /home/packager/.cython/inline/_cython_inline_993dbf7a53de43698c3e37ee83b556ded02742f1.pyx
Compiling /home/packager/.cython/inline/_cython_inline_92ec5585a01bacb814808e9b57aa1685e4d88383.pyx because it changed.
[1/1] Cythonizing /home/packager/.cython/inline/_cython_inline_92ec5585a01bacb814808e9b57aa1685e4d88383.pyx
Compiling /home/packager/.cython/inline/_cython_inline_e03f31235b9a68da4f09a234b06f8393c06bee3c.pyx because it changed.
[1/1] Cythonizing /home/packager/.cython/inline/_cython_inline_e03f31235b9a68da4f09a234b06f8393c06bee3c.pyx
Compiling /home/packager/.cython/inline/_cython_inline_10d758e324dbb959b3af8a7ce775c18bd0b95985.pyx because it changed.
[1/1] Cythonizing /home/packager/.cython/inline/_cython_inline_10d758e324dbb959b3af8a7ce775c18bd0b95985.pyx
Compiling /home/packager/.cython/inline/_cython_inline_d03857224a2acb101042fe7c5885435a663a5a0e.pyx because it changed.
[1/1] Cythonizing /home/packager/.cython/inline/_cython_inline_d03857224a2acb101042fe7c5885435a663a5a0e.pyx

#### 2025-05-18 06:54:45.403906
Compiling /home/packager/.cython/inline/_cython_inline_2cdabb0b5c3c60987d1da4a81b33791c4a934415.pyx because it changed.
[1/1] Cythonizing /home/packager/.cython/inline/_cython_inline_2cdabb0b5c3c60987d1da4a81b33791c4a934415.pyx
Compiling /home/packager/.cython/inline/_cython_inline_c10b6bd1e733f9073e5b01ecbeeb7e91f888355c.pyx because it changed.
[1/1] Cythonizing /home/packager/.cython/inline/_cython_inline_c10b6bd1e733f9073e5b01ecbeeb7e91f888355c.pyx
Compiling /home/packager/.cython/inline/_cython_inline_8059161077b3c2fc5ba322542483f4a6d5eccb1f.pyx because it changed.
[1/1] Cythonizing /home/packager/.cython/inline/_cython_inline_8059161077b3c2fc5ba322542483f4a6d5eccb1f.pyx
Compiling /home/packager/.cython/inline/_cython_inline_53f04af84cb5aaf052d3e146fb37434ee6b4d8c6.pyx because it changed.
[1/1] Cythonizing /home/packager/.cython/inline/_cython_inline_53f04af84cb5aaf052d3e146fb37434ee6b4d8c6.pyx

#### 2025-05-18 06:54:55.406998

#### 2025-05-18 06:55:05.410107

#### 2025-05-18 06:55:15.413213

#### 2025-05-18 06:55:25.416409

#### 2025-05-18 06:55:35.419427

#### 2025-05-18 06:55:45.422555

#### 2025-05-18 06:55:55.425621

#### 2025-05-18 06:56:05.428634

#### 2025-05-18 06:56:15.431789

#### 2025-05-18 06:56:25.434964

#### 2025-05-18 06:56:35.437984

#### 2025-05-18 06:56:45.441068

#### 2025-05-18 06:56:55.444203
----------------------------------------------------------------------
Ran 2046 tests in 1701.530s

OK (skipped=22)
Following tests excluded because of missing dependencies on your system:
   Cython.Coverage
   build.depfile_numpy
   build.setuptools_reimport
   errors.nogil_buffer_acquisition
   errors.w_numpy_arr_as_cppvec_ref
   memoryview.contig_check
   memoryview.extension_type_memoryview
   memoryview.memoryview_annotation_typing
   memoryview.memoryviewattrs
   memoryview.numpy_memoryview
   memoryview.numpy_memoryview_readonly
   memoryview.relaxed_strides
   run.complex_extern_GH1433
   run.coverage_api
   run.coverage_cmd
   run.coverage_cmd_src_layout
   run.coverage_cmd_src_pkg_layout
   run.coverage_installed_pkg
   run.coverage_nogil
   run.numpy_ValueError_T172
   run.numpy_attributes
   run.numpy_bufacc_T155
   run.numpy_cimport
   run.numpy_cimport_1
   run.numpy_cimport_2
   run.numpy_cimport_3
   run.numpy_cimport_4
   run.numpy_cimport_5
   run.numpy_cimport_6
   run.numpy_math
   run.numpy_parallel
   run.numpy_pythran
   run.numpy_pythran_unit
   run.numpy_subarray
   run.numpy_test
   run.test_exceptions
   run.test_shadow_error
   run.ufunc
   memoryviews.cython_array
   memoryviews.cython_array
   numpy_ufuncs.ufunc
   numpy_ufuncs.ufunc
   numpy_ufuncs.ufunc_ctuple
   numpy_ufuncs.ufunc_ctuple
   numpy_ufuncs.ufunc_fused
   numpy_ufuncs.ufunc_fused
   numpy.convolve2
ALL DONE (1/8)

#### 2025-05-18 06:57:05.447356
----------------------------------------------------------------------
Ran 1986 tests in 1706.255s

OK
Following tests excluded because of missing dependencies on your system:
   Cython.Coverage
   build.depfile_numpy
   build.setuptools_reimport
   errors.nogil_buffer_acquisition
   errors.w_numpy_arr_as_cppvec_ref
   memoryview.contig_check
   memoryview.extension_type_memoryview
   memoryview.memoryview_annotation_typing
   memoryview.memoryviewattrs
   memoryview.numpy_memoryview
   memoryview.numpy_memoryview_readonly
   memoryview.relaxed_strides
   run.complex_extern_GH1433
   run.coverage_api
   run.coverage_cmd
   run.coverage_cmd_src_layout
   run.coverage_cmd_src_pkg_layout
   run.coverage_installed_pkg
   run.coverage_nogil
   run.numpy_ValueError_T172
   run.numpy_attributes
   run.numpy_bufacc_T155
   run.numpy_cimport
   run.numpy_cimport_1
   run.numpy_cimport_2
   run.numpy_cimport_3
   run.numpy_cimport_4
   run.numpy_cimport_5
   run.numpy_cimport_6
   run.numpy_math
   run.numpy_parallel
   run.numpy_pythran
   run.numpy_pythran_unit
   run.numpy_subarray
   run.numpy_test
   run.test_exceptions
   run.test_shadow_error
   run.ufunc
   memoryviews.cython_array
   memoryviews.cython_array
   numpy_ufuncs.ufunc
   numpy_ufuncs.ufunc
   numpy_ufuncs.ufunc_ctuple
   numpy_ufuncs.ufunc_ctuple
   numpy_ufuncs.ufunc_fused
   numpy_ufuncs.ufunc_fused
   numpy.convolve2
ALL DONE (7/8)

#### 2025-05-18 06:57:15.450291

#### 2025-05-18 06:57:25.453329

#### 2025-05-18 06:57:35.456293
----------------------------------------------------------------------
Ran 2081 tests in 1739.780s

OK
Following tests excluded because of missing dependencies on your system:
   Cython.Coverage
   build.depfile_numpy
   build.setuptools_reimport
   errors.nogil_buffer_acquisition
   errors.w_numpy_arr_as_cppvec_ref
   memoryview.contig_check
   memoryview.extension_type_memoryview
   memoryview.memoryview_annotation_typing
   memoryview.memoryviewattrs
   memoryview.numpy_memoryview
   memoryview.numpy_memoryview_readonly
   memoryview.relaxed_strides
   run.complex_extern_GH1433
   run.coverage_api
   run.coverage_cmd
   run.coverage_cmd_src_layout
   run.coverage_cmd_src_pkg_layout
   run.coverage_installed_pkg
   run.coverage_nogil
   run.numpy_ValueError_T172
   run.numpy_attributes
   run.numpy_bufacc_T155
   run.numpy_cimport
   run.numpy_cimport_1
   run.numpy_cimport_2
   run.numpy_cimport_3
   run.numpy_cimport_4
   run.numpy_cimport_5
   run.numpy_cimport_6
   run.numpy_math
   run.numpy_parallel
   run.numpy_pythran
   run.numpy_pythran_unit
   run.numpy_subarray
   run.numpy_test
   run.test_exceptions
   run.test_shadow_error
   run.ufunc
   memoryviews.cython_array
   memoryviews.cython_array
   numpy_ufuncs.ufunc
   numpy_ufuncs.ufunc
   numpy_ufuncs.ufunc_ctuple
   numpy_ufuncs.ufunc_ctuple
   numpy_ufuncs.ufunc_fused
   numpy_ufuncs.ufunc_fused
   numpy.convolve2
ALL DONE (4/8)
----------------------------------------------------------------------
Ran 1902 tests in 1744.460s

OK (skipped=24)
Following tests excluded because of missing dependencies on your system:
   Cython.Coverage
   build.depfile_numpy
   build.setuptools_reimport
   errors.nogil_buffer_acquisition
   errors.w_numpy_arr_as_cppvec_ref
   memoryview.contig_check
   memoryview.extension_type_memoryview
   memoryview.memoryview_annotation_typing
   memoryview.memoryviewattrs
   memoryview.numpy_memoryview
   memoryview.numpy_memoryview_readonly
   memoryview.relaxed_strides
   run.complex_extern_GH1433
   run.coverage_api
   run.coverage_cmd
   run.coverage_cmd_src_layout
   run.coverage_cmd_src_pkg_layout
   run.coverage_installed_pkg
   run.coverage_nogil
   run.numpy_ValueError_T172
   run.numpy_attributes
   run.numpy_bufacc_T155
   run.numpy_cimport
   run.numpy_cimport_1
   run.numpy_cimport_2
   run.numpy_cimport_3
   run.numpy_cimport_4
   run.numpy_cimport_5
   run.numpy_cimport_6
   run.numpy_math
   run.numpy_parallel
   run.numpy_pythran
   run.numpy_pythran_unit
   run.numpy_subarray
   run.numpy_test
   run.test_exceptions
   run.test_shadow_error
   run.ufunc
   memoryviews.cython_array
   memoryviews.cython_array
   numpy_ufuncs.ufunc
   numpy_ufuncs.ufunc
   numpy_ufuncs.ufunc_ctuple
   numpy_ufuncs.ufunc_ctuple
   numpy_ufuncs.ufunc_fused
   numpy_ufuncs.ufunc_fused
   numpy.convolve2
   TestCodeFormat
ALL DONE (0/8)

#### 2025-05-18 06:57:45.459243

#### 2025-05-18 06:57:55.462192

#### 2025-05-18 06:58:05.465089

#### 2025-05-18 06:58:15.468022

#### 2025-05-18 06:58:25.470919

#### 2025-05-18 06:58:35.473930

#### 2025-05-18 06:58:45.476905

#### 2025-05-18 06:58:55.479824

#### 2025-05-18 06:59:05.482828

#### 2025-05-18 06:59:15.485709

#### 2025-05-18 06:59:25.488693

#### 2025-05-18 06:59:35.491746
----------------------------------------------------------------------
Ran 2056 tests in 1859.946s

OK
Following tests excluded because of missing dependencies on your system:
   Cython.Coverage
   build.depfile_numpy
   build.setuptools_reimport
   errors.nogil_buffer_acquisition
   errors.w_numpy_arr_as_cppvec_ref
   memoryview.contig_check
   memoryview.extension_type_memoryview
   memoryview.memoryview_annotation_typing
   memoryview.memoryviewattrs
   memoryview.numpy_memoryview
   memoryview.numpy_memoryview_readonly
   memoryview.relaxed_strides
   run.complex_extern_GH1433
   run.coverage_api
   run.coverage_cmd
   run.coverage_cmd_src_layout
   run.coverage_cmd_src_pkg_layout
   run.coverage_installed_pkg
   run.coverage_nogil
   run.numpy_ValueError_T172
   run.numpy_attributes
   run.numpy_bufacc_T155
   run.numpy_cimport
   run.numpy_cimport_1
   run.numpy_cimport_2
   run.numpy_cimport_3
   run.numpy_cimport_4
   run.numpy_cimport_5
   run.numpy_cimport_6
   run.numpy_math
   run.numpy_parallel
   run.numpy_pythran
   run.numpy_pythran_unit
   run.numpy_subarray
   run.numpy_test
   run.test_exceptions
   run.test_shadow_error
   run.ufunc
   memoryviews.cython_array
   memoryviews.cython_array
   numpy_ufuncs.ufunc
   numpy_ufuncs.ufunc
   numpy_ufuncs.ufunc_ctuple
   numpy_ufuncs.ufunc_ctuple
   numpy_ufuncs.ufunc_fused
   numpy_ufuncs.ufunc_fused
   numpy.convolve2
ALL DONE (5/8)
Compiler output for module embedded:
embedded_main.c: In function 'main':
embedded_main.c:29:5: warning: 'Py_SetProgramName' is deprecated [-Wdeprecated-declarations]
   29 |     Py_SetProgramName(program);
      |     ^~~~~~~~~~~~~~~~~
In file included from /usr/include/python3.12/Python.h:94,
                 from embedded.h:6,
                 from embedded_main.c:4:
/usr/include/python3.12/pylifecycle.h:37:38: note: declared here
   37 | Py_DEPRECATED(3.11) PyAPI_FUNC(void) Py_SetProgramName(const wchar_t *);
      |                                      ^~~~~~~~~~~~~~~~~

Sharded tests run in 1866 seconds (31.1 minutes)
Most expensive pipeline stages: 'AnalyseDeclarationsTransform': 450.10 / 7817 (0.058 / run, 29.5%), 'generate_pyx_code_stage': 277.49 / 2654 (0.105 / run, 18.2%), 'inject_utility_code_stage': 209.47 / 2995 (0.070 / run, 13.7%), 'parse': 96.40 / 6210 (0.016 / run, 6.3%), 'AnalyseExpressionsTransform': 45.39 / 6859 (0.007 / run, 3.0%), 'RemoveUnreachableCode': 30.37 / 14679 (0.002 / run, 2.0%), 'ControlFlowAnalysis': 25.97 / 6860 (0.004 / run, 1.7%), 'MarkClosureVisitor': 24.33 / 7819 (0.003 / run, 1.6%), 'PostParse': 20.95 / 7819 (0.003 / run, 1.4%), 'InterpretCompilerDirectives': 19.64 / 7819 (0.003 / run, 1.3%)
Times:
compile-cpp :  5810.77 sec  (1350,  4.304 / run) - slowest: 'cpp:test_dataclasses' (194.42s), 'cpp:test_unicode' (145.15s), 'cpp:test_coroutines_pep492' (85.68s), 'cpp:test_grammar' (64.10s), 'cpp:memslice' (53.87s), 'cpp:fused_def' (45.83s), 'cpp:test_fstring' (44.35s), 'cpp:fused_types' (40.72s)
compile-c   :  4629.07 sec  (1174,  3.943 / run) - slowest: 'c:test_dataclasses' (174.12s), 'c:test_unicode' (164.55s), 'c:test_coroutines_pep492' (114.82s), 'c:test_grammar' (67.96s), 'c:memslice' (53.08s), 'c:test_asyncgen' (46.18s), 'c:test_fstring' (45.95s), 'c:fused_def' (43.33s)
cython      :  1062.35 sec  (2758,  0.385 / run) - slowest: 'cpp:test_dataclasses' (21.51s), 'c:test_dataclasses' (20.92s), 'cpp:test_unicode' (12.93s), 'c:test_unicode' (12.36s), 'c:test_coroutines_pep492' (9.70s), 'cpp:test_coroutines_pep492' (9.50s), 'cpp:fused_types' (8.97s), 'c:fused_types' (8.51s)
run         :   625.47 sec  (1603,  0.390 / run) - slowest: 'c:test_coroutines_pep492' (225.76s), 'c:test_fstring' (151.29s), 'c:trashcan' (44.06s), 'cpp:memslice' (39.41s), 'cpp:trashcan' (32.13s), 'c:memslice' (31.37s), 'c:test_named_expressions' (14.04s), 'c:compare_binary_pyversions' (11.30s)
etoe-build  :   583.76 sec  (  96,  6.081 / run) - slowest: 'c:memoryview_compare_type_pointers(1)' (23.19s), 'c:public_fused_types(1)' (22.31s), 'c:memoryview_acq_count(1)' (20.11s), 'c:cdef_multiple_inheritance_errors(1)' (18.17s), 'c:pure_pxd(1)' (15.97s), 'c:check_size(1)' (14.22s), 'c:cpdef_enums_import(1)' (13.78s), 'c:asyncio_generators(1)' (13.02s)
etoe-run    :    89.37 sec  ( 193,  0.463 / run) - slowest: 'c:cpdef_pickle(1)' (5.23s), 'c:importas_from_package(1)' (4.96s), 'c:importas_from_package(4)' (4.87s), 'c:cythonize_with_annotate_via_cli(1)' (4.39s), 'c:cythonize_script_package(1)' (4.32s), 'c:depfile_package_cythonize(1)' (3.79s), 'c:cythonize_script(1)' (3.65s), 'c:cythonize_with_annotate_via_cli(5)' (3.58s)
import      :     0.95 sec  (1603,  0.001 / run) - slowest: 'c:test_dataclasses' (0.04s), 'cpp:test_dataclasses' (0.03s), 'c:memslice' (0.01s), 'cpp:memslice' (0.01s), 'cpp:parallel_refcounting_stress_test' (0.01s), 'c:bufaccess' (0.01s), 'cpp:memoryview' (0.01s), 'c:memoryview' (0.01s)
pyrun       :     0.48 sec  (  72,  0.007 / run) - slowest: 'py:posonly' (0.05s), 'py:seq_mul' (0.03s), 'py:generators_py' (0.03s), 'py:ext_auto_richcmp' (0.03s), 'py:pure_py' (0.03s), 'py:methodmangling_T5' (0.02s), 'py:builtin_float' (0.02s), 'py:extra_walrus' (0.02s)
pyimport    :     0.15 sec  (  72,  0.002 / run) - slowest: 'py:pure_py_cimports' (0.04s), 'py:pure_py' (0.01s), 'py:constant_folding' (0.00s), 'py:pep526_variable_annotations' (0.00s), 'py:pep557_dataclasses' (0.00s), 'py:methodmangling_T5' (0.00s), 'py:withstat_py27' (0.00s), 'py:posonly' (0.00s)
ALL DONE
>>> cython: Entering fakeroot...
>>> cython-pyc*: Running split function pyc...
'usr/lib/python3.12/site-packages/Cython/Debugger/Tests/__pycache__' -> '/home/packager/aports/main/cython/pkg/cython-pyc/usr/lib/python3.12/site-packages/Cython/Debugger/Tests/__pycache__'
'usr/lib/python3.12/site-packages/Cython/Debugger/__pycache__' -> '/home/packager/aports/main/cython/pkg/cython-pyc/usr/lib/python3.12/site-packages/Cython/Debugger/__pycache__'
'usr/lib/python3.12/site-packages/Cython/Runtime/__pycache__' -> '/home/packager/aports/main/cython/pkg/cython-pyc/usr/lib/python3.12/site-packages/Cython/Runtime/__pycache__'
'usr/lib/python3.12/site-packages/Cython/Utility/__pycache__' -> '/home/packager/aports/main/cython/pkg/cython-pyc/usr/lib/python3.12/site-packages/Cython/Utility/__pycache__'
'usr/lib/python3.12/site-packages/Cython/Compiler/Tests/__pycache__' -> '/home/packager/aports/main/cython/pkg/cython-pyc/usr/lib/python3.12/site-packages/Cython/Compiler/Tests/__pycache__'
'usr/lib/python3.12/site-packages/Cython/Compiler/__pycache__' -> '/home/packager/aports/main/cython/pkg/cython-pyc/usr/lib/python3.12/site-packages/Cython/Compiler/__pycache__'
'usr/lib/python3.12/site-packages/Cython/Tempita/__pycache__' -> '/home/packager/aports/main/cython/pkg/cython-pyc/usr/lib/python3.12/site-packages/Cython/Tempita/__pycache__'
'usr/lib/python3.12/site-packages/Cython/Build/Tests/__pycache__' -> '/home/packager/aports/main/cython/pkg/cython-pyc/usr/lib/python3.12/site-packages/Cython/Build/Tests/__pycache__'
'usr/lib/python3.12/site-packages/Cython/Build/__pycache__' -> '/home/packager/aports/main/cython/pkg/cython-pyc/usr/lib/python3.12/site-packages/Cython/Build/__pycache__'
'usr/lib/python3.12/site-packages/Cython/Tests/__pycache__' -> '/home/packager/aports/main/cython/pkg/cython-pyc/usr/lib/python3.12/site-packages/Cython/Tests/__pycache__'
'usr/lib/python3.12/site-packages/Cython/Distutils/__pycache__' -> '/home/packager/aports/main/cython/pkg/cython-pyc/usr/lib/python3.12/site-packages/Cython/Distutils/__pycache__'
'usr/lib/python3.12/site-packages/Cython/Plex/__pycache__' -> '/home/packager/aports/main/cython/pkg/cython-pyc/usr/lib/python3.12/site-packages/Cython/Plex/__pycache__'
'usr/lib/python3.12/site-packages/Cython/__pycache__' -> '/home/packager/aports/main/cython/pkg/cython-pyc/usr/lib/python3.12/site-packages/Cython/__pycache__'
'usr/lib/python3.12/site-packages/pyximport/__pycache__' -> '/home/packager/aports/main/cython/pkg/cython-pyc/usr/lib/python3.12/site-packages/pyximport/__pycache__'
'usr/lib/python3.12/site-packages/__pycache__' -> '/home/packager/aports/main/cython/pkg/cython-pyc/usr/lib/python3.12/site-packages/__pycache__'
>>> cython-pyc*: Preparing subpackage cython-pyc...
>>> cython-pyc*: Running postcheck for cython-pyc
>>> cython-doc*: Running split function doc...
'usr/share/doc' -> '/home/packager/aports/main/cython/pkg/cython-doc/usr/share/doc'
'usr/share/licenses' -> '/home/packager/aports/main/cython/pkg/cython-doc/usr/share/licenses'
>>> cython-doc*: Preparing subpackage cython-doc...
>>> cython-doc*: Running postcheck for cython-doc
>>> cython*: Running postcheck for cython
>>> cython*: Preparing package cython...
>>> cython*: Stripping binaries
>>> cython-doc*: Scanning shared objects
>>> cython-pyc*: Scanning shared objects
>>> cython*: Scanning shared objects
>>> cython-doc*: Tracing dependencies...
>>> cython-doc*: Package size: 16.0 KB
>>> cython-doc*: Compressing data...
>>> cython-doc*: Create checksum...
pigz: not found
>>> cython-doc*: Create cython-doc-3.0.12-r0.apk
>>> cython-pyc*: Tracing dependencies...
	python3
	python3~3.12
>>> cython-pyc*: Package size: 4.1 MB
>>> cython-pyc*: Compressing data...
>>> cython-pyc*: Create checksum...
pigz: not found
>>> cython-pyc*: Create cython-pyc-3.0.12-r0.apk
>>> cython*: Tracing dependencies...
	python3
	python3~3.12
	so:libc.musl-x86_64.so.1
>>> cython*: Package size: 8.5 MB
>>> cython*: Compressing data...
>>> cython*: Create checksum...
pigz: not found
>>> cython*: Create cython-3.0.12-r0.apk
>>> cython: Build complete at Sun, 18 May 2025 06:59:45 +0000 elapsed time 0h 34m 11s
>>> cython: Cleaning up srcdir
>>> cython: Cleaning up pkgdir
>>> cython: Uninstalling dependencies...
(1/24) Purging .makedepends-cython (20250518.062535)
(2/24) Purging py3-gpep517-pyc (19-r0)
(3/24) Purging py3-gpep517 (19-r0)
(4/24) Purging py3-installer-pyc (0.7.0-r2)
(5/24) Purging py3-installer (0.7.0-r2)
(6/24) Purging py3-setuptools-pyc (80.3.1-r0)
(7/24) Purging py3-setuptools (80.3.1-r0)
(8/24) Purging py3-wheel-pyc (0.46.1-r0)
(9/24) Purging py3-wheel (0.46.1-r0)
(10/24) Purging py3-packaging-pyc (25.0-r0)
(11/24) Purging py3-packaging (25.0-r0)
(12/24) Purging py3-parsing-pyc (3.2.3-r0)
(13/24) Purging py3-parsing (3.2.3-r0)
(14/24) Purging python3-dev (3.12.10-r0)
(15/24) Purging python3-pyc (3.12.10-r0)
(16/24) Purging python3-pycache-pyc0 (3.12.10-r0)
(17/24) Purging pyc (3.12.10-r0)
(18/24) Purging python3 (3.12.10-r0)
(19/24) Purging gdbm (1.24-r0)
(20/24) Purging libbz2 (1.0.8-r6)
(21/24) Purging libffi (3.4.7-r0)
(22/24) Purging mpdecimal (4.0.0-r0)
(23/24) Purging sqlite-libs (3.49.2-r0)
(24/24) Purging xz-libs (5.6.3-r1)
Executing busybox-1.37.0-r12.trigger
OK: 260 MiB in 81 packages
>>> cython: Updating the main/x86_64 repository index...
>>> cython: Signing the index...
pigz: not found
