pigz: not found
>>> clang15: Building main/clang15 15.0.7-r26 (using abuild 3.14.1-r4) started Fri, 23 May 2025 19:10:29 +0000
>>> clang15: Validating /home/packager/aports/main/clang15/APKBUILD...
>>> clang15: Analyzing dependencies...
>>> clang15: Installing for build: build-base fortify-headers>=1.1-r2 cmake help2man libxml2-dev llvm15-dev llvm15-static llvm15-test-utils samurai python3
(1/29) Installing lz4-libs (1.10.0-r0)
(2/29) Installing xz-libs (5.6.3-r1)
(3/29) Installing libarchive (3.7.9-r0)
(4/29) Installing rhash-libs (1.4.5-r0)
(5/29) Installing libuv (1.49.2-r0)
(6/29) Installing cmake (3.31.7-r0)
(7/29) Installing xz (5.6.3-r1)
(8/29) Installing xz-dev (5.6.3-r1)
(9/29) Installing libxml2 (2.13.4-r6)
(10/29) Installing libxml2-utils (2.13.4-r6)
(11/29) Installing libxml2-dev (2.13.4-r6)
(12/29) Installing libffi (3.4.7-r0)
(13/29) Installing llvm15-libs (15.0.7-r15)
(14/29) Installing llvm15 (15.0.7-r15)
(15/29) Installing libffi-dev (3.4.7-r0)
(16/29) Installing zstd (1.5.7-r0)
(17/29) Installing zstd-dev (1.5.7-r0)
(18/29) Installing gdbm (1.24-r0)
(19/29) Installing mpdecimal (4.0.0-r0)
(20/29) Installing sqlite-libs (3.49.2-r0)
(21/29) Installing python3 (3.12.10-r1)
(22/29) Installing python3-pycache-pyc0 (3.12.10-r1)
(23/29) Installing pyc (3.12.10-r1)
(24/29) Installing python3-pyc (3.12.10-r1)
(25/29) Installing llvm15-test-utils (15.0.7-r15)
(26/29) Installing llvm15-dev (15.0.7-r15)
(27/29) Installing llvm15-static (15.0.7-r15)
(28/29) Installing samurai (1.2-r6)
(29/29) Installing .makedepends-clang15 (20250523.191031)
Executing busybox-1.37.0-r12.trigger
OK: 1187 MiB in 161 packages
>>> clang15: Cleaning up srcdir
>>> clang15: Cleaning up pkgdir
>>> clang15: Cleaning up tmpdir
>>> clang15: Fetching https://github.com/llvm/llvm-project/releases/download/llvmorg-15.0.7/clang-15.0.7.src.tar.xz
Connecting to github.com (140.82.121.4:443)
Connecting to objects.githubusercontent.com (185.199.108.133:443)
saving to '/var/cache/distfiles/clang-15.0.7.src.tar.xz.part'
clang-15.0.7.src.tar   3% |*                               |  636k  0:00:27 ETA
clang-15.0.7.src.tar 100% |********************************| 17.6M  0:00:00 ETA
'/var/cache/distfiles/clang-15.0.7.src.tar.xz.part' saved
>>> clang15: Fetching https://github.com/llvm/llvm-project/releases/download/llvmorg-15.0.7/clang-tools-extra-15.0.7.src.tar.xz
Connecting to github.com (140.82.121.3:443)
Connecting to objects.githubusercontent.com (185.199.111.133:443)
saving to '/var/cache/distfiles/clang-tools-extra-15.0.7.src.tar.xz.part'
clang-tools-extra-15 100% |********************************| 3003k  0:00:00 ETA
'/var/cache/distfiles/clang-tools-extra-15.0.7.src.tar.xz.part' saved
>>> clang15: Fetching https://github.com/llvm/llvm-project/releases/download/llvmorg-15.0.7/cmake-15.0.7.src.tar.xz
Connecting to github.com (140.82.121.3:443)
Connecting to objects.githubusercontent.com (185.199.109.133:443)
saving to '/var/cache/distfiles/cmake-15.0.7.src.tar.xz.part'
cmake-15.0.7.src.tar 100% |********************************|  6972  0:00:00 ETA
'/var/cache/distfiles/cmake-15.0.7.src.tar.xz.part' saved
>>> clang15: Fetching https://github.com/llvm/llvm-project/releases/download/llvmorg-15.0.7/clang-15.0.7.src.tar.xz
>>> clang15: Fetching https://github.com/llvm/llvm-project/releases/download/llvmorg-15.0.7/clang-tools-extra-15.0.7.src.tar.xz
>>> clang15: Fetching https://github.com/llvm/llvm-project/releases/download/llvmorg-15.0.7/cmake-15.0.7.src.tar.xz
>>> clang15: Checking sha512sums...
clang-15.0.7.src.tar.xz: OK
clang-tools-extra-15.0.7.src.tar.xz: OK
cmake-15.0.7.src.tar.xz: OK
10-add-musl-triples.patch: OK
30-Enable-stack-protector-by-default-for-Alpine-Linux.patch: OK
clang-default-fno-semantic-interposition.patch: OK
clang-001-fortify-include.patch: OK
clang-002-fortify-enable.patch: OK
clang-003-as-needed.patch: OK
>>> clang15: Unpacking /var/cache/distfiles/clang-15.0.7.src.tar.xz...
>>> clang15: Unpacking /var/cache/distfiles/clang-tools-extra-15.0.7.src.tar.xz...
>>> clang15: Unpacking /var/cache/distfiles/cmake-15.0.7.src.tar.xz...
>>> clang15: 10-add-musl-triples.patch
patching file lib/Driver/ToolChains/Gnu.cpp
Hunk #1 succeeded at 2178 (offset 105 lines).
Hunk #2 succeeded at 2188 with fuzz 1 (offset 103 lines).
Hunk #3 succeeded at 2210 (offset 107 lines).
Hunk #4 succeeded at 2219 (offset 107 lines).
>>> clang15: 30-Enable-stack-protector-by-default-for-Alpine-Linux.patch
patching file lib/Driver/ToolChains/Linux.h
Hunk #2 succeeded at 63 (offset 2 lines).
patching file test/Driver/fsanitize.c
Hunk #1 succeeded at 670 (offset 4 lines).
patching file test/Driver/stack-protector.c
patching file lib/Driver/ToolChains/Gnu.cpp
Hunk #1 succeeded at 567 (offset 4 lines).
>>> clang15: clang-default-fno-semantic-interposition.patch
patching file lib/Driver/ToolChains/Clang.cpp
>>> clang15: clang-001-fortify-include.patch
patching file lib/Driver/ToolChains/Linux.cpp
Hunk #1 succeeded at 617 (offset -5 lines).
>>> clang15: clang-002-fortify-enable.patch
patching file lib/Frontend/InitPreprocessor.cpp
>>> clang15: clang-003-as-needed.patch
patching file lib/Driver/ToolChains/Gnu.cpp
-- The C compiler identification is GNU 14.2.0
-- The CXX compiler identification is GNU 14.2.0
-- Detecting C compiler ABI info
-- Detecting C compiler ABI info - failed
-- Check for working C compiler: /usr/bin/gcc
-- Check for working C compiler: /usr/bin/gcc - broken
CMake Error at /usr/share/cmake/Modules/CMakeTestCCompiler.cmake:67 (message):
  The C compiler

    "/usr/bin/gcc"

  is not able to compile a simple test program.

  It fails with the following output:

    Change Dir: '/home/packager/aports/main/clang15/src/clang-15.0.7.src/build/CMakeFiles/CMakeScratch/TryCompile-EmiFeL'
    
    Run Build Command(s): /usr/bin/ninja -v cmTC_26c2c
    [1/2] /usr/bin/gcc   -Os -fstack-clash-protection -Wformat -Werror=format-security -fno-plt -o CMakeFiles/cmTC_26c2c.dir/testCCompiler.c.o -c /home/packager/aports/main/clang15/src/clang-15.0.7.src/build/CMakeFiles/CMakeScratch/TryCompile-EmiFeL/testCCompiler.c
    [2/2] : && /usr/bin/gcc -Os -fstack-clash-protection -Wformat -Werror=format-security -fno-plt -Wl,--as-needed,-O1,--sort-common -Wl,-z,pack-relative-relocs CMakeFiles/cmTC_26c2c.dir/testCCompiler.c.o -o cmTC_26c2c   && :
    ninja: job failed: : && /usr/bin/gcc -Os -fstack-clash-protection -Wformat -Werror=format-security -fno-plt -Wl,--as-needed,-O1,--sort-common -Wl,-z,pack-relative-relocs CMakeFiles/cmTC_26c2c.dir/testCCompiler.c.o -o cmTC_26c2c   && :
    /usr/lib/gcc/x86_64-alpine-linux-musl/14.2.0/../../../../x86_64-alpine-linux-musl/bin/ld: cmTC_26c2c: error: PHDR segment not covered by LOAD segment
    /usr/lib/gcc/x86_64-alpine-linux-musl/14.2.0/../../../../x86_64-alpine-linux-musl/bin/ld: warning: cmTC_26c2c has a LOAD segment with RWX permissions
    collect2: error: ld returned 1 exit status
    ninja: subcommand failed
    
    

  

  CMake will not be able to correctly generate this project.
Call Stack (most recent call first):
  CMakeLists.txt:6 (project)


-- Configuring incomplete, errors occurred!
>>> ERROR: clang15: build failed
>>> clang15: Uninstalling dependencies...
(1/29) Purging .makedepends-clang15 (20250523.191031)
(2/29) Purging cmake (3.31.7-r0)
(3/29) Purging libxml2-dev (2.13.4-r6)
(4/29) Purging libxml2-utils (2.13.4-r6)
(5/29) Purging llvm15-dev (15.0.7-r15)
(6/29) Purging llvm15 (15.0.7-r15)
(7/29) Purging libffi-dev (3.4.7-r0)
(8/29) Purging zstd-dev (1.5.7-r0)
(9/29) Purging zstd (1.5.7-r0)
(10/29) Purging llvm15-libs (15.0.7-r15)
(11/29) Purging llvm15-static (15.0.7-r15)
(12/29) Purging llvm15-test-utils (15.0.7-r15)
(13/29) Purging samurai (1.2-r6)
(14/29) Purging python3-pyc (3.12.10-r1)
(15/29) Purging python3-pycache-pyc0 (3.12.10-r1)
(16/29) Purging pyc (3.12.10-r1)
(17/29) Purging python3 (3.12.10-r1)
(18/29) Purging gdbm (1.24-r0)
(19/29) Purging libarchive (3.7.9-r0)
(20/29) Purging libffi (3.4.7-r0)
(21/29) Purging libuv (1.49.2-r0)
(22/29) Purging libxml2 (2.13.4-r6)
(23/29) Purging lz4-libs (1.10.0-r0)
(24/29) Purging mpdecimal (4.0.0-r0)
(25/29) Purging rhash-libs (1.4.5-r0)
(26/29) Purging sqlite-libs (3.49.2-r0)
(27/29) Purging xz-dev (5.6.3-r1)
(28/29) Purging xz (5.6.3-r1)
(29/29) Purging xz-libs (5.6.3-r1)
Executing busybox-1.37.0-r12.trigger
OK: 564 MiB in 132 packages
