pigz: not found
>>> arpon: Building main/arpon 3.0-r8 (using abuild 3.14.1-r4) started Fri, 23 May 2025 16:45:00 +0000
>>> arpon: Validating /home/packager/aports/main/arpon/APKBUILD...
>>> arpon: Analyzing dependencies...
>>> arpon: Installing for build: build-base libdnet-dev libpcap-dev libnet-dev cmake samurai
(1/14) Installing libdnet (1.17.0-r0)
(2/14) Installing libdnet-dev (1.17.0-r0)
(3/14) Installing libpcap (1.10.5-r0)
(4/14) Installing libpcap-dev (1.10.5-r0)
(5/14) Installing libnet (1.3-r0)
(6/14) Installing libnet-dev (1.3-r0)
(7/14) Installing lz4-libs (1.10.0-r0)
(8/14) Installing xz-libs (5.6.3-r1)
(9/14) Installing libarchive (3.7.9-r0)
(10/14) Installing rhash-libs (1.4.5-r0)
(11/14) Installing libuv (1.49.2-r0)
(12/14) Installing cmake (3.31.7-r0)
(13/14) Installing samurai (1.2-r6)
(14/14) Installing .makedepends-arpon (20250523.164502)
Executing busybox-1.37.0-r12.trigger
OK: 619 MiB in 146 packages
>>> arpon: Cleaning up srcdir
>>> arpon: Cleaning up pkgdir
>>> arpon: Cleaning up tmpdir
>>> arpon: Fetching https://downloads.sourceforge.net/project/arpon/arpon/ArpON-3.0-ng.tar.gz
Connecting to downloads.sourceforge.net (104.18.13.149:443)
Connecting to netcologne.dl.sourceforge.net (78.35.24.122:443)
saving to '/var/cache/distfiles/ArpON-3.0-ng.tar.gz.part'
ArpON-3.0-ng.tar.gz. 100% |********************************| 8589k  0:00:00 ETA
'/var/cache/distfiles/ArpON-3.0-ng.tar.gz.part' saved
>>> arpon: Fetching https://downloads.sourceforge.net/project/arpon/arpon/ArpON-3.0-ng.tar.gz
>>> arpon: Checking sha512sums...
ArpON-3.0-ng.tar.gz: OK
fix-ppc64le-werror.patch: OK
arpon-gcc8.patch: OK
arpon.initd: OK
arpon.confd: OK
>>> arpon: Unpacking /var/cache/distfiles/ArpON-3.0-ng.tar.gz...
>>> arpon: fix-ppc64le-werror.patch
patching file CMakeLists.txt
>>> arpon: arpon-gcc8.patch
patching file src/opt.c
patching file src/sig.c
CMake Deprecation Warning at CMakeLists.txt:43 (cmake_minimum_required):
  Compatibility with CMake < 3.10 will be removed from a future version of
  CMake.

  Update the VERSION argument <min> value.  Or, use the <min>...<max> syntax
  to tell CMake that the project requires at least <min> but has been updated
  to work with policies introduced by <max> or earlier.


-- The C compiler identification is GNU 14.2.0
-- Detecting C compiler ABI info
-- Detecting C compiler ABI info - failed
-- Check for working C compiler: /usr/bin/gcc
-- Check for working C compiler: /usr/bin/gcc - broken
CMake Error at /usr/share/cmake/Modules/CMakeTestCCompiler.cmake:67 (message):
  The C compiler

    "/usr/bin/gcc"

  is not able to compile a simple test program.

  It fails with the following output:

    Change Dir: '/home/packager/aports/main/arpon/src/ArpON-3.0-ng/build/CMakeFiles/CMakeScratch/TryCompile-dDjjAl'
    
    Run Build Command(s): /usr/bin/ninja -v cmTC_b178b
    [1/2] /usr/bin/gcc   -Os -fstack-clash-protection -Wformat -Werror=format-security -fno-plt -o CMakeFiles/cmTC_b178b.dir/testCCompiler.c.o -c /home/packager/aports/main/arpon/src/ArpON-3.0-ng/build/CMakeFiles/CMakeScratch/TryCompile-dDjjAl/testCCompiler.c
    [2/2] : && /usr/bin/gcc -Os -fstack-clash-protection -Wformat -Werror=format-security -fno-plt -Wl,--as-needed,-O1,--sort-common -Wl,-z,pack-relative-relocs   -rdynamic CMakeFiles/cmTC_b178b.dir/testCCompiler.c.o -o cmTC_b178b   && :
    ninja: job failed: : && /usr/bin/gcc -Os -fstack-clash-protection -Wformat -Werror=format-security -fno-plt -Wl,--as-needed,-O1,--sort-common -Wl,-z,pack-relative-relocs   -rdynamic CMakeFiles/cmTC_b178b.dir/testCCompiler.c.o -o cmTC_b178b   && :
    /usr/lib/gcc/x86_64-alpine-linux-musl/14.2.0/../../../../x86_64-alpine-linux-musl/bin/ld: cmTC_b178b: error: PHDR segment not covered by LOAD segment
    /usr/lib/gcc/x86_64-alpine-linux-musl/14.2.0/../../../../x86_64-alpine-linux-musl/bin/ld: warning: cmTC_b178b has a LOAD segment with RWX permissions
    collect2: error: ld returned 1 exit status
    ninja: subcommand failed
    
    

  

  CMake will not be able to correctly generate this project.
Call Stack (most recent call first):
  CMakeLists.txt:45 (project)


-- Configuring incomplete, errors occurred!
>>> ERROR: arpon: build failed
>>> arpon: Uninstalling dependencies...
(1/14) Purging .makedepends-arpon (20250523.164502)
(2/14) Purging libdnet-dev (1.17.0-r0)
(3/14) Purging libdnet (1.17.0-r0)
(4/14) Purging libpcap-dev (1.10.5-r0)
(5/14) Purging libpcap (1.10.5-r0)
(6/14) Purging libnet-dev (1.3-r0)
(7/14) Purging libnet (1.3-r0)
(8/14) Purging cmake (3.31.7-r0)
(9/14) Purging samurai (1.2-r6)
(10/14) Purging libarchive (3.7.9-r0)
(11/14) Purging libuv (1.49.2-r0)
(12/14) Purging lz4-libs (1.10.0-r0)
(13/14) Purging rhash-libs (1.4.5-r0)
(14/14) Purging xz-libs (5.6.3-r1)
Executing busybox-1.37.0-r12.trigger
OK: 564 MiB in 132 packages
