pigz: not found
>>> openobex: Building main/openobex 1.7.2-r6 (using abuild 3.14.1-r4) started Fri, 23 May 2025 18:01:25 +0000
>>> openobex: Validating /home/packager/aports/main/openobex/APKBUILD...
>>> openobex: Analyzing dependencies...
>>> openobex: Installing for build: build-base libusb-dev bluez-dev cmake eudev-dev libxml2-utils docbook-xsl samurai
(1/22) Installing libusb (1.0.27-r0)
(2/22) Installing libusb-dev (1.0.27-r0)
(3/22) Installing bluez-libs (5.79-r0)
(4/22) Installing bluez-dev (5.79-r0)
(5/22) Installing lz4-libs (1.10.0-r0)
(6/22) Installing xz-libs (5.6.3-r1)
(7/22) Installing libarchive (3.7.9-r0)
(8/22) Installing rhash-libs (1.4.5-r0)
(9/22) Installing libuv (1.49.2-r0)
(10/22) Installing cmake (3.31.7-r0)
(11/22) Installing eudev-libs (3.2.14-r5)
(12/22) Installing eudev-dev (3.2.14-r5)
(13/22) Installing libxml2 (2.13.4-r6)
(14/22) Installing libxml2-utils (2.13.4-r6)
(15/22) Installing docbook-xml (4.5-r10)
Executing docbook-xml-4.5-r10.post-install
(16/22) Installing libgcrypt (1.10.3-r1)
(17/22) Installing libxslt (1.1.42-r2)
(18/22) Installing docbook-xsl-ns (1.79.2-r11)
Executing docbook-xsl-ns-1.79.2-r11.post-install
(19/22) Installing docbook-xsl-nons (1.79.2-r11)
Executing docbook-xsl-nons-1.79.2-r11.post-install
(20/22) Installing docbook-xsl (1.79.2-r11)
(21/22) Installing samurai (1.2-r6)
(22/22) Installing .makedepends-openobex (20250523.180128)
Executing busybox-1.37.0-r12.trigger
OK: 650 MiB in 154 packages
>>> openobex: Cleaning up srcdir
>>> openobex: Cleaning up pkgdir
>>> openobex: Cleaning up tmpdir
>>> openobex: Fetching https://downloads.sourceforge.net/project/openobex/openobex/1.7.2/openobex-1.7.2-Source.tar.gz
Connecting to downloads.sourceforge.net (104.18.13.149:443)
Connecting to netcologne.dl.sourceforge.net (78.35.24.122:443)
saving to '/var/cache/distfiles/openobex-1.7.2-Source.tar.gz.part'
openobex-1.7.2-Sourc 100% |********************************|  124k  0:00:00 ETA
'/var/cache/distfiles/openobex-1.7.2-Source.tar.gz.part' saved
>>> openobex: Fetching https://downloads.sourceforge.net/project/openobex/openobex/1.7.2/openobex-1.7.2-Source.tar.gz
>>> openobex: Checking sha512sums...
openobex-1.7.2-Source.tar.gz: OK
>>> openobex: Unpacking /var/cache/distfiles/openobex-1.7.2-Source.tar.gz...
CMake Deprecation Warning at CMakeLists.txt:1 (cmake_minimum_required):
  Compatibility with CMake < 3.10 will be removed from a future version of
  CMake.

  Update the VERSION argument <min> value.  Or, use the <min>...<max> syntax
  to tell CMake that the project requires at least <min> but has been updated
  to work with policies introduced by <max> or earlier.


-- The C compiler identification is GNU 14.2.0
-- Detecting C compiler ABI info
-- Detecting C compiler ABI info - failed
-- Check for working C compiler: /usr/bin/gcc
-- Check for working C compiler: /usr/bin/gcc - broken
CMake Error at /usr/share/cmake/Modules/CMakeTestCCompiler.cmake:67 (message):
  The C compiler

    "/usr/bin/gcc"

  is not able to compile a simple test program.

  It fails with the following output:

    Change Dir: '/home/packager/aports/main/openobex/src/openobex-1.7.2-Source/build/CMakeFiles/CMakeScratch/TryCompile-hbHAlP'
    
    Run Build Command(s): /usr/bin/ninja -v cmTC_c1b39
    [1/2] /usr/bin/gcc   -Os -fstack-clash-protection -Wformat -Werror=format-security -fno-plt -o CMakeFiles/cmTC_c1b39.dir/testCCompiler.c.o -c /home/packager/aports/main/openobex/src/openobex-1.7.2-Source/build/CMakeFiles/CMakeScratch/TryCompile-hbHAlP/testCCompiler.c
    [2/2] : && /usr/bin/gcc -Os -fstack-clash-protection -Wformat -Werror=format-security -fno-plt -Wl,--as-needed,-O1,--sort-common -Wl,-z,pack-relative-relocs   -rdynamic CMakeFiles/cmTC_c1b39.dir/testCCompiler.c.o -o cmTC_c1b39   && :
    ninja: job failed: : && /usr/bin/gcc -Os -fstack-clash-protection -Wformat -Werror=format-security -fno-plt -Wl,--as-needed,-O1,--sort-common -Wl,-z,pack-relative-relocs   -rdynamic CMakeFiles/cmTC_c1b39.dir/testCCompiler.c.o -o cmTC_c1b39   && :
    /usr/lib/gcc/x86_64-alpine-linux-musl/14.2.0/../../../../x86_64-alpine-linux-musl/bin/ld: cmTC_c1b39: error: PHDR segment not covered by LOAD segment
    /usr/lib/gcc/x86_64-alpine-linux-musl/14.2.0/../../../../x86_64-alpine-linux-musl/bin/ld: warning: cmTC_c1b39 has a LOAD segment with RWX permissions
    collect2: error: ld returned 1 exit status
    ninja: subcommand failed
    
    

  

  CMake will not be able to correctly generate this project.
Call Stack (most recent call first):
  CMakeLists.txt:3 (project)


-- Configuring incomplete, errors occurred!
>>> ERROR: openobex: build failed
>>> openobex: Uninstalling dependencies...
(1/22) Purging .makedepends-openobex (20250523.180128)
(2/22) Purging libusb-dev (1.0.27-r0)
(3/22) Purging libusb (1.0.27-r0)
(4/22) Purging bluez-dev (5.79-r0)
(5/22) Purging bluez-libs (5.79-r0)
(6/22) Purging cmake (3.31.7-r0)
(7/22) Purging eudev-dev (3.2.14-r5)
(8/22) Purging eudev-libs (3.2.14-r5)
(9/22) Purging docbook-xsl (1.79.2-r11)
(10/22) Purging docbook-xsl-ns (1.79.2-r11)
Executing docbook-xsl-ns-1.79.2-r11.pre-deinstall
(11/22) Purging docbook-xsl-nons (1.79.2-r11)
Executing docbook-xsl-nons-1.79.2-r11.pre-deinstall
(12/22) Purging docbook-xml (4.5-r10)
Executing docbook-xml-4.5-r10.pre-deinstall
(13/22) Purging libxml2-utils (2.13.4-r6)
(14/22) Purging libxslt (1.1.42-r2)
(15/22) Purging samurai (1.2-r6)
(16/22) Purging libarchive (3.7.9-r0)
(17/22) Purging libgcrypt (1.10.3-r1)
(18/22) Purging libuv (1.49.2-r0)
(19/22) Purging libxml2 (2.13.4-r6)
(20/22) Purging lz4-libs (1.10.0-r0)
(21/22) Purging rhash-libs (1.4.5-r0)
(22/22) Purging xz-libs (5.6.3-r1)
Executing busybox-1.37.0-r12.trigger
OK: 564 MiB in 132 packages
