pigz: not found
>>> clang17: Building main/clang17 17.0.6-r6 (using abuild 3.14.1-r4) started Fri, 23 May 2025 17:21:45 +0000
>>> clang17: Validating /home/packager/aports/main/clang17/APKBUILD...
>>> clang17: Analyzing dependencies...
>>> clang17: Installing for build: build-base cmake help2man libxml2-dev llvm17-dev llvm17-gtest llvm17-static llvm17-test-utils samurai python3
(1/32) Installing lz4-libs (1.10.0-r0)
(2/32) Installing xz-libs (5.6.3-r1)
(3/32) Installing libarchive (3.7.9-r0)
(4/32) Installing rhash-libs (1.4.5-r0)
(5/32) Installing libuv (1.49.2-r0)
(6/32) Installing cmake (3.31.7-r0)
(7/32) Installing xz (5.6.3-r1)
(8/32) Installing xz-dev (5.6.3-r1)
(9/32) Installing libxml2 (2.13.4-r6)
(10/32) Installing libxml2-utils (2.13.4-r6)
(11/32) Installing libxml2-dev (2.13.4-r6)
(12/32) Installing libffi (3.4.7-r0)
(13/32) Installing llvm17-libs (17.0.6-r3)
(14/32) Installing llvm17-linker-tools (17.0.6-r3)
(15/32) Installing llvm17 (17.0.6-r3)
(16/32) Installing libffi-dev (3.4.7-r0)
(17/32) Installing zstd (1.5.7-r0)
(18/32) Installing zstd-dev (1.5.7-r0)
(19/32) Installing gdbm (1.24-r0)
(20/32) Installing mpdecimal (4.0.0-r0)
(21/32) Installing sqlite-libs (3.49.2-r0)
(22/32) Installing python3 (3.12.10-r1)
(23/32) Installing python3-pycache-pyc0 (3.12.10-r1)
(24/32) Installing pyc (3.12.10-r1)
(25/32) Installing llvm17-test-utils-pyc (17.0.6-r3)
(26/32) Installing python3-pyc (3.12.10-r1)
(27/32) Installing llvm17-test-utils (17.0.6-r3)
(28/32) Installing llvm17-dev (17.0.6-r3)
(29/32) Installing llvm17-gtest (17.0.6-r3)
(30/32) Installing llvm17-static (17.0.6-r3)
(31/32) Installing samurai (1.2-r6)
(32/32) Installing .makedepends-clang17 (20250523.172147)
Executing busybox-1.37.0-r12.trigger
OK: 1328 MiB in 164 packages
>>> clang17: Cleaning up srcdir
>>> clang17: Cleaning up pkgdir
>>> clang17: Cleaning up tmpdir
>>> clang17: Fetching https://github.com/llvm/llvm-project/releases/download/llvmorg-17.0.6/clang-17.0.6.src.tar.xz
Connecting to github.com (140.82.121.4:443)
Connecting to objects.githubusercontent.com (185.199.108.133:443)
saving to '/var/cache/distfiles/clang-17.0.6.src.tar.xz.part'
clang-17.0.6.src.tar 100% |********************************| 20.5M  0:00:00 ETA
'/var/cache/distfiles/clang-17.0.6.src.tar.xz.part' saved
>>> clang17: Fetching https://github.com/llvm/llvm-project/releases/download/llvmorg-17.0.6/clang-tools-extra-17.0.6.src.tar.xz
Connecting to github.com (140.82.121.4:443)
Connecting to objects.githubusercontent.com (185.199.110.133:443)
saving to '/var/cache/distfiles/clang-tools-extra-17.0.6.src.tar.xz.part'
clang-tools-extra-17 100% |********************************| 3193k  0:00:00 ETA
'/var/cache/distfiles/clang-tools-extra-17.0.6.src.tar.xz.part' saved
>>> clang17: Fetching https://github.com/llvm/llvm-project/releases/download/llvmorg-17.0.6/cmake-17.0.6.src.tar.xz
Connecting to github.com (140.82.121.3:443)
Connecting to objects.githubusercontent.com (185.199.109.133:443)
saving to '/var/cache/distfiles/cmake-17.0.6.src.tar.xz.part'
cmake-17.0.6.src.tar 100% |********************************|  8712  0:00:00 ETA
'/var/cache/distfiles/cmake-17.0.6.src.tar.xz.part' saved
>>> clang17: Fetching https://github.com/llvm/llvm-project/releases/download/llvmorg-17.0.6/llvm-17.0.6.src.tar.xz
Connecting to github.com (140.82.121.3:443)
Connecting to objects.githubusercontent.com (185.199.109.133:443)
saving to '/var/cache/distfiles/llvm-17.0.6.src.tar.xz.part'
llvm-17.0.6.src.tar.  69% |**********************          | 39.4M  0:00:00 ETA
llvm-17.0.6.src.tar. 100% |********************************| 56.5M  0:00:00 ETA
'/var/cache/distfiles/llvm-17.0.6.src.tar.xz.part' saved
>>> clang17: Fetching https://github.com/llvm/llvm-project/releases/download/llvmorg-17.0.6/third-party-17.0.6.src.tar.xz
Connecting to github.com (140.82.121.3:443)
Connecting to objects.githubusercontent.com (185.199.111.133:443)
saving to '/var/cache/distfiles/third-party-17.0.6.src.tar.xz.part'
third-party-17.0.6.s 100% |********************************|  374k  0:00:00 ETA
'/var/cache/distfiles/third-party-17.0.6.src.tar.xz.part' saved
>>> clang17: Fetching https://github.com/llvm/llvm-project/releases/download/llvmorg-17.0.6/clang-17.0.6.src.tar.xz
>>> clang17: Fetching https://github.com/llvm/llvm-project/releases/download/llvmorg-17.0.6/clang-tools-extra-17.0.6.src.tar.xz
>>> clang17: Fetching https://github.com/llvm/llvm-project/releases/download/llvmorg-17.0.6/cmake-17.0.6.src.tar.xz
>>> clang17: Fetching https://github.com/llvm/llvm-project/releases/download/llvmorg-17.0.6/llvm-17.0.6.src.tar.xz
>>> clang17: Fetching https://github.com/llvm/llvm-project/releases/download/llvmorg-17.0.6/third-party-17.0.6.src.tar.xz
>>> clang17: Checking sha512sums...
clang-17.0.6.src.tar.xz: OK
clang-tools-extra-17.0.6.src.tar.xz: OK
cmake-17.0.6.src.tar.xz: OK
llvm-17.0.6.src.tar.xz: OK
third-party-17.0.6.src.tar.xz: OK
10-add-musl-triples.patch: OK
30-Enable-stack-protector-by-default-for-Alpine-Linux.patch: OK
clang-001-fortify-include.patch: OK
clang-002-fortify-enable.patch: OK
clang-003-as-needed.patch: OK
fix-build-with-gcc-14-on-arm.patch: OK
>>> clang17: Unpacking /var/cache/distfiles/clang-17.0.6.src.tar.xz...
>>> clang17: Unpacking /var/cache/distfiles/clang-tools-extra-17.0.6.src.tar.xz...
>>> clang17: Unpacking /var/cache/distfiles/cmake-17.0.6.src.tar.xz...
>>> clang17: Unpacking /var/cache/distfiles/llvm-17.0.6.src.tar.xz...
>>> clang17: Unpacking /var/cache/distfiles/third-party-17.0.6.src.tar.xz...
>>> clang17: 10-add-musl-triples.patch
patching file lib/Driver/ToolChains/Gnu.cpp
Hunk #1 succeeded at 2298 (offset 225 lines).
Hunk #2 succeeded at 2308 with fuzz 1 (offset 223 lines).
Hunk #3 succeeded at 2330 (offset 227 lines).
Hunk #4 succeeded at 2339 with fuzz 1 (offset 227 lines).
>>> clang17: 30-Enable-stack-protector-by-default-for-Alpine-Linux.patch
patching file lib/Driver/ToolChains/Gnu.cpp
Hunk #1 succeeded at 569 (offset -19 lines).
patching file lib/Driver/ToolChains/Linux.h
Hunk #2 succeeded at 64 with fuzz 1.
patching file test/Driver/fsanitize.c
Hunk #1 succeeded at 699 (offset 4 lines).
patching file test/Driver/stack-protector.c
>>> clang17: clang-001-fortify-include.patch
patching file lib/Driver/ToolChains/Linux.cpp
Hunk #1 succeeded at 659 (offset 37 lines).
>>> clang17: clang-002-fortify-enable.patch
patching file lib/Frontend/InitPreprocessor.cpp
Hunk #1 succeeded at 1329 with fuzz 2 (offset 41 lines).
>>> clang17: clang-003-as-needed.patch
patching file lib/Driver/ToolChains/Gnu.cpp
Hunk #1 succeeded at 547 (offset -13 lines).
>>> clang17: fix-build-with-gcc-14-on-arm.patch
patching file include/clang/Basic/TokenKinds.def
patching file include/clang/Basic/TokenKinds.h
patching file utils/TableGen/ClangAttrEmitter.cpp
-- The C compiler identification is GNU 14.2.0
-- The CXX compiler identification is GNU 14.2.0
-- Detecting C compiler ABI info
-- Detecting C compiler ABI info - failed
-- Check for working C compiler: /usr/bin/gcc
-- Check for working C compiler: /usr/bin/gcc - broken
CMake Error at /usr/share/cmake/Modules/CMakeTestCCompiler.cmake:67 (message):
  The C compiler

    "/usr/bin/gcc"

  is not able to compile a simple test program.

  It fails with the following output:

    Change Dir: '/home/packager/aports/main/clang17/src/clang-17.0.6.src/build/CMakeFiles/CMakeScratch/TryCompile-llIjEJ'
    
    Run Build Command(s): /usr/bin/ninja -v cmTC_a914b
    [1/2] /usr/bin/gcc   -Os -fstack-clash-protection -Wformat -Werror=format-security -fno-plt -o CMakeFiles/cmTC_a914b.dir/testCCompiler.c.o -c /home/packager/aports/main/clang17/src/clang-17.0.6.src/build/CMakeFiles/CMakeScratch/TryCompile-llIjEJ/testCCompiler.c
    [2/2] : && /usr/bin/gcc -Os -fstack-clash-protection -Wformat -Werror=format-security -fno-plt -Wl,--as-needed,-O1,--sort-common -Wl,-z,pack-relative-relocs CMakeFiles/cmTC_a914b.dir/testCCompiler.c.o -o cmTC_a914b   && :
    ninja: job failed: : && /usr/bin/gcc -Os -fstack-clash-protection -Wformat -Werror=format-security -fno-plt -Wl,--as-needed,-O1,--sort-common -Wl,-z,pack-relative-relocs CMakeFiles/cmTC_a914b.dir/testCCompiler.c.o -o cmTC_a914b   && :
    /usr/lib/gcc/x86_64-alpine-linux-musl/14.2.0/../../../../x86_64-alpine-linux-musl/bin/ld: cmTC_a914b: error: PHDR segment not covered by LOAD segment
    /usr/lib/gcc/x86_64-alpine-linux-musl/14.2.0/../../../../x86_64-alpine-linux-musl/bin/ld: warning: cmTC_a914b has a LOAD segment with RWX permissions
    collect2: error: ld returned 1 exit status
    ninja: subcommand failed
    
    

  

  CMake will not be able to correctly generate this project.
Call Stack (most recent call first):
  CMakeLists.txt:12 (project)


-- Configuring incomplete, errors occurred!
>>> ERROR: clang17: build failed
>>> clang17: Uninstalling dependencies...
(1/32) Purging .makedepends-clang17 (20250523.172147)
(2/32) Purging cmake (3.31.7-r0)
(3/32) Purging libxml2-dev (2.13.4-r6)
(4/32) Purging libxml2-utils (2.13.4-r6)
(5/32) Purging llvm17-dev (17.0.6-r3)
(6/32) Purging llvm17 (17.0.6-r3)
(7/32) Purging llvm17-linker-tools (17.0.6-r3)
(8/32) Purging libffi-dev (3.4.7-r0)
(9/32) Purging zstd-dev (1.5.7-r0)
(10/32) Purging zstd (1.5.7-r0)
(11/32) Purging llvm17-libs (17.0.6-r3)
(12/32) Purging llvm17-gtest (17.0.6-r3)
(13/32) Purging llvm17-static (17.0.6-r3)
(14/32) Purging llvm17-test-utils-pyc (17.0.6-r3)
(15/32) Purging llvm17-test-utils (17.0.6-r3)
(16/32) Purging samurai (1.2-r6)
(17/32) Purging python3-pyc (3.12.10-r1)
(18/32) Purging python3-pycache-pyc0 (3.12.10-r1)
(19/32) Purging pyc (3.12.10-r1)
(20/32) Purging python3 (3.12.10-r1)
(21/32) Purging gdbm (1.24-r0)
(22/32) Purging libarchive (3.7.9-r0)
(23/32) Purging libffi (3.4.7-r0)
(24/32) Purging libuv (1.49.2-r0)
(25/32) Purging libxml2 (2.13.4-r6)
(26/32) Purging lz4-libs (1.10.0-r0)
(27/32) Purging mpdecimal (4.0.0-r0)
(28/32) Purging rhash-libs (1.4.5-r0)
(29/32) Purging sqlite-libs (3.49.2-r0)
(30/32) Purging xz-dev (5.6.3-r1)
(31/32) Purging xz (5.6.3-r1)
(32/32) Purging xz-libs (5.6.3-r1)
Executing busybox-1.37.0-r12.trigger
OK: 564 MiB in 132 packages
