pigz: not found
>>> openjpeg: Building main/openjpeg 2.5.3-r0 (using abuild 3.14.1-r4) started Fri, 23 May 2025 16:54:25 +0000
>>> openjpeg: Validating /home/packager/aports/main/openjpeg/APKBUILD...
>>> openjpeg: Analyzing dependencies...
>>> openjpeg: Installing for build: build-base libpng-dev tiff-dev lcms2-dev doxygen cmake samurai
(1/28) Installing libpng (1.6.47-r0)
(2/28) Installing libpng-dev (1.6.47-r0)
(3/28) Installing libjpeg-turbo (3.1.0-r0)
(4/28) Installing libsharpyuv (1.4.0-r0)
(5/28) Installing libwebp (1.4.0-r0)
(6/28) Installing tiff (4.7.0-r0)
(7/28) Installing libtiffxx (4.7.0-r0)
(8/28) Installing libturbojpeg (3.1.0-r0)
(9/28) Installing libjpeg-turbo-dev (3.1.0-r0)
(10/28) Installing libwebpdecoder (1.4.0-r0)
(11/28) Installing libwebpdemux (1.4.0-r0)
(12/28) Installing libwebpmux (1.4.0-r0)
(13/28) Installing libwebp-dev (1.4.0-r0)
(14/28) Installing zstd (1.5.7-r0)
(15/28) Installing zstd-dev (1.5.7-r0)
(16/28) Installing tiff-dev (4.7.0-r0)
(17/28) Installing lcms2 (2.16-r0)
(18/28) Installing lcms2-plugins (2.16-r0)
(19/28) Installing lcms2-dev (2.16-r0)
(20/28) Installing doxygen (1.12.0-r0)
(21/28) Installing lz4-libs (1.10.0-r0)
(22/28) Installing xz-libs (5.6.3-r1)
(23/28) Installing libarchive (3.7.9-r0)
(24/28) Installing rhash-libs (1.4.5-r0)
(25/28) Installing libuv (1.49.2-r0)
(26/28) Installing cmake (3.31.7-r0)
(27/28) Installing samurai (1.2-r6)
(28/28) Installing .makedepends-openjpeg (20250523.165427)
Executing busybox-1.37.0-r12.trigger
OK: 638 MiB in 160 packages
>>> openjpeg: Cleaning up srcdir
>>> openjpeg: Cleaning up pkgdir
>>> openjpeg: Cleaning up tmpdir
>>> openjpeg: Fetching https://github.com/uclouvain/openjpeg/archive/v2.5.3/openjpeg-v2.5.3.tar.gz
Connecting to github.com (140.82.121.3:443)
Connecting to codeload.github.com (140.82.121.9:443)
saving to '/var/cache/distfiles/openjpeg-v2.5.3.tar.gz.part'
openjpeg-v2.5.3.tar. 100% |********************************| 2104k  0:00:00 ETA
'/var/cache/distfiles/openjpeg-v2.5.3.tar.gz.part' saved
>>> openjpeg: Fetching https://github.com/uclouvain/openjpeg/archive/v2.5.3/openjpeg-v2.5.3.tar.gz
>>> openjpeg: Checking sha512sums...
openjpeg-v2.5.3.tar.gz: OK
>>> openjpeg: Unpacking /var/cache/distfiles/openjpeg-v2.5.3.tar.gz...
CMake Deprecation Warning at CMakeLists.txt:10 (cmake_minimum_required):
  Compatibility with CMake < 3.10 will be removed from a future version of
  CMake.

  Update the VERSION argument <min> value.  Or, use the <min>...<max> syntax
  to tell CMake that the project requires at least <min> but has been updated
  to work with policies introduced by <max> or earlier.


-- The C compiler identification is GNU 14.2.0
-- Detecting C compiler ABI info
-- Detecting C compiler ABI info - failed
-- Check for working C compiler: /usr/bin/gcc
-- Check for working C compiler: /usr/bin/gcc - broken
CMake Error at /usr/share/cmake/Modules/CMakeTestCCompiler.cmake:67 (message):
  The C compiler

    "/usr/bin/gcc"

  is not able to compile a simple test program.

  It fails with the following output:

    Change Dir: '/home/packager/aports/main/openjpeg/src/openjpeg-2.5.3/build/CMakeFiles/CMakeScratch/TryCompile-GoHdGh'
    
    Run Build Command(s): /usr/bin/ninja -v cmTC_db355
    [1/2] /usr/bin/gcc   -Os -fstack-clash-protection -Wformat -Werror=format-security -fno-plt -o CMakeFiles/cmTC_db355.dir/testCCompiler.c.o -c /home/packager/aports/main/openjpeg/src/openjpeg-2.5.3/build/CMakeFiles/CMakeScratch/TryCompile-GoHdGh/testCCompiler.c
    [2/2] : && /usr/bin/gcc -Os -fstack-clash-protection -Wformat -Werror=format-security -fno-plt -Wl,--as-needed,-O1,--sort-common -Wl,-z,pack-relative-relocs CMakeFiles/cmTC_db355.dir/testCCompiler.c.o -o cmTC_db355   && :
    ninja: job failed: : && /usr/bin/gcc -Os -fstack-clash-protection -Wformat -Werror=format-security -fno-plt -Wl,--as-needed,-O1,--sort-common -Wl,-z,pack-relative-relocs CMakeFiles/cmTC_db355.dir/testCCompiler.c.o -o cmTC_db355   && :
    /usr/lib/gcc/x86_64-alpine-linux-musl/14.2.0/../../../../x86_64-alpine-linux-musl/bin/ld: cmTC_db355: error: PHDR segment not covered by LOAD segment
    /usr/lib/gcc/x86_64-alpine-linux-musl/14.2.0/../../../../x86_64-alpine-linux-musl/bin/ld: warning: cmTC_db355 has a LOAD segment with RWX permissions
    collect2: error: ld returned 1 exit status
    ninja: subcommand failed
    
    

  

  CMake will not be able to correctly generate this project.
Call Stack (most recent call first):
  CMakeLists.txt:20 (project)


-- Configuring incomplete, errors occurred!
>>> ERROR: openjpeg: build failed
>>> openjpeg: Uninstalling dependencies...
(1/28) Purging .makedepends-openjpeg (20250523.165427)
(2/28) Purging libpng-dev (1.6.47-r0)
(3/28) Purging libpng (1.6.47-r0)
(4/28) Purging lcms2-dev (2.16-r0)
(5/28) Purging lcms2-plugins (2.16-r0)
(6/28) Purging tiff-dev (4.7.0-r0)
(7/28) Purging libtiffxx (4.7.0-r0)
(8/28) Purging tiff (4.7.0-r0)
(9/28) Purging lcms2 (2.16-r0)
(10/28) Purging doxygen (1.12.0-r0)
(11/28) Purging cmake (3.31.7-r0)
(12/28) Purging samurai (1.2-r6)
(13/28) Purging libarchive (3.7.9-r0)
(14/28) Purging libjpeg-turbo-dev (3.1.0-r0)
(15/28) Purging libjpeg-turbo (3.1.0-r0)
(16/28) Purging libturbojpeg (3.1.0-r0)
(17/28) Purging libuv (1.49.2-r0)
(18/28) Purging libwebp-dev (1.4.0-r0)
(19/28) Purging libwebpdecoder (1.4.0-r0)
(20/28) Purging libwebpdemux (1.4.0-r0)
(21/28) Purging libwebpmux (1.4.0-r0)
(22/28) Purging lz4-libs (1.10.0-r0)
(23/28) Purging rhash-libs (1.4.5-r0)
(24/28) Purging xz-libs (5.6.3-r1)
(25/28) Purging zstd-dev (1.5.7-r0)
(26/28) Purging zstd (1.5.7-r0)
(27/28) Purging libwebp (1.4.0-r0)
(28/28) Purging libsharpyuv (1.4.0-r0)
Executing busybox-1.37.0-r12.trigger
OK: 564 MiB in 132 packages
